[00:00:41][INFO] : Continued from logfile 2018-01-31 00-00-41.log
[00:01:05][DEBUG] : Saving 1 scenario modules from etiene32
[00:01:19][DEBUG] : Create subspace
[00:01:19][DEBUG] : Sending etiene32 to subspace 102
[00:01:19][DEBUG] : etiene32 acquired lock update-c05421c1-a123-46f4-8e16-b839d4021879
[00:01:19][DEBUG] : Saving vessel c05421c1-a123-46f4-8e16-b839d4021879 from etiene32
[00:01:26][DEBUG] : Saving 1 scenario modules from Nanshue
[00:01:35][DEBUG] : Saving 1 scenario modules from etiene32
[00:01:50][DEBUG] : Saving vessel c05421c1-a123-46f4-8e16-b839d4021879 from etiene32
[00:02:05][DEBUG] : Saving 1 scenario modules from etiene32
[00:02:20][DEBUG] : Saving vessel c05421c1-a123-46f4-8e16-b839d4021879 from etiene32
[00:02:35][DEBUG] : Saving 1 scenario modules from etiene32
[00:02:52][DEBUG] : Saving vessel c05421c1-a123-46f4-8e16-b839d4021879 from etiene32
[00:03:05][DEBUG] : Saving 1 scenario modules from etiene32
[00:03:21][DEBUG] : Saving vessel c05421c1-a123-46f4-8e16-b839d4021879 from etiene32
[00:03:36][DEBUG] : Saving 1 scenario modules from etiene32
[00:03:53][DEBUG] : Saving vessel c05421c1-a123-46f4-8e16-b839d4021879 from etiene32
[00:04:06][DEBUG] : Saving 1 scenario modules from etiene32
[00:04:27][DEBUG] : etiene32 released lock update-c05421c1-a123-46f4-8e16-b839d4021879
[00:04:27][DEBUG] : Saving vessel c05421c1-a123-46f4-8e16-b839d4021879 from etiene32
[00:04:36][DEBUG] : Saving 1 scenario modules from etiene32
[00:04:49][DEBUG] : Create subspace
[00:04:49][DEBUG] : Sending etiene32 to subspace 103
[00:04:49][DEBUG] : etiene32 acquired lock update-c05421c1-a123-46f4-8e16-b839d4021879
[00:04:51][DEBUG] : Saving vessel c05421c1-a123-46f4-8e16-b839d4021879 from etiene32
[00:05:03][DEBUG] : etiene32 acquired lock update-c2b37d93-69fe-4331-8369-f4bdda963692
[00:05:03][DEBUG] : Saving vessel c2b37d93-69fe-4331-8369-f4bdda963692 from etiene32
[00:05:06][DEBUG] : Saving 2 scenario modules from etiene32
[00:05:20][DEBUG] : Saving vessel c05421c1-a123-46f4-8e16-b839d4021879 from etiene32
[00:05:34][DEBUG] : Saving vessel c2b37d93-69fe-4331-8369-f4bdda963692 from etiene32
[00:05:36][DEBUG] : Saving 1 scenario modules from etiene32
[00:05:51][DEBUG] : Saving vessel c05421c1-a123-46f4-8e16-b839d4021879 from etiene32
[00:05:56][DEBUG] : Saving 1 scenario modules from Nanshue
[00:06:04][DEBUG] : Saving vessel c2b37d93-69fe-4331-8369-f4bdda963692 from etiene32
[00:06:06][DEBUG] : Saving 1 scenario modules from etiene32
[00:06:20][DEBUG] : Saving vessel c05421c1-a123-46f4-8e16-b839d4021879 from etiene32
[00:06:39][DEBUG] : Saving vessel c2b37d93-69fe-4331-8369-f4bdda963692 from etiene32
[00:06:39][DEBUG] : Saving 1 scenario modules from etiene32
[00:06:50][DEBUG] : Saving vessel c05421c1-a123-46f4-8e16-b839d4021879 from etiene32
[00:07:07][DEBUG] : Saving vessel c2b37d93-69fe-4331-8369-f4bdda963692 from etiene32
[00:07:08][DEBUG] : Saving 1 scenario modules from etiene32
[00:07:23][DEBUG] : Saving vessel c05421c1-a123-46f4-8e16-b839d4021879 from etiene32
[00:07:34][DEBUG] : Saving vessel c2b37d93-69fe-4331-8369-f4bdda963692 from etiene32
[00:07:36][DEBUG] : Saving 1 scenario modules from etiene32
[00:07:51][DEBUG] : Saving vessel c05421c1-a123-46f4-8e16-b839d4021879 from etiene32
[00:08:16][DEBUG] : Saving vessel c2b37d93-69fe-4331-8369-f4bdda963692 from etiene32
[00:08:16][DEBUG] : Saving 1 scenario modules from etiene32
[00:08:20][DEBUG] : Saving vessel c05421c1-a123-46f4-8e16-b839d4021879 from etiene32
[00:08:37][DEBUG] : Saving vessel c2b37d93-69fe-4331-8369-f4bdda963692 from etiene32
[00:08:37][DEBUG] : Saving 1 scenario modules from etiene32
[00:08:54][DEBUG] : etiene32 released lock update-c05421c1-a123-46f4-8e16-b839d4021879
[00:08:54][DEBUG] : Saving vessel c05421c1-a123-46f4-8e16-b839d4021879 from etiene32
[00:08:54][DEBUG] : etiene32 released lock update-c2b37d93-69fe-4331-8369-f4bdda963692
[00:08:55][DEBUG] : etiene32 acquired lock update-c05421c1-a123-46f4-8e16-b839d4021879
[00:09:05][DEBUG] : Saving vessel c2b37d93-69fe-4331-8369-f4bdda963692 from etiene32
[00:09:05][DEBUG] : etiene32 acquired lock update-c2b37d93-69fe-4331-8369-f4bdda963692
[00:09:05][DEBUG] : Saving vessel c05421c1-a123-46f4-8e16-b839d4021879 from etiene32
[00:09:06][DEBUG] : etiene32 failed to acquire lock update-c2b37d93-69fe-4331-8369-f4bdda963692
[00:09:06][DEBUG] : etiene32 failed to acquire lock update-c2b37d93-69fe-4331-8369-f4bdda963692
[00:09:06][DEBUG] : Saving vessel c2b37d93-69fe-4331-8369-f4bdda963692 from etiene32
[00:09:06][DEBUG] : Saving 1 scenario modules from etiene32
[00:09:25][DEBUG] : Saving vessel c05421c1-a123-46f4-8e16-b839d4021879 from etiene32
[00:09:26][DEBUG] : Saving 1 scenario modules from Nanshue
[00:09:35][DEBUG] : Saving vessel c2b37d93-69fe-4331-8369-f4bdda963692 from etiene32
[00:09:36][DEBUG] : Saving 1 scenario modules from etiene32
[00:09:55][DEBUG] : Saving vessel c05421c1-a123-46f4-8e16-b839d4021879 from etiene32
[00:09:56][DEBUG] : Saving 1 scenario modules from Nanshue
[00:10:06][DEBUG] : Saving vessel c2b37d93-69fe-4331-8369-f4bdda963692 from etiene32
[00:10:06][DEBUG] : Saving 1 scenario modules from etiene32
[00:10:26][DEBUG] : Saving 1 scenario modules from Nanshue
[00:10:29][DEBUG] : Saving vessel c05421c1-a123-46f4-8e16-b839d4021879 from etiene32
[00:10:37][DEBUG] : Saving vessel c2b37d93-69fe-4331-8369-f4bdda963692 from etiene32
[00:10:37][DEBUG] : Saving 1 scenario modules from etiene32
[00:10:55][DEBUG] : Saving vessel c05421c1-a123-46f4-8e16-b839d4021879 from etiene32
[00:11:08][DEBUG] : Saving vessel c2b37d93-69fe-4331-8369-f4bdda963692 from etiene32
[00:11:08][DEBUG] : Saving 1 scenario modules from etiene32
[00:11:25][DEBUG] : Saving vessel c05421c1-a123-46f4-8e16-b839d4021879 from etiene32
[00:11:40][DEBUG] : Saving vessel c2b37d93-69fe-4331-8369-f4bdda963692 from etiene32
[00:11:40][DEBUG] : Saving 1 scenario modules from etiene32
[00:11:56][DEBUG] : Saving vessel c05421c1-a123-46f4-8e16-b839d4021879 from etiene32
[00:11:57][DEBUG] : Saving 1 scenario modules from Nanshue
[00:12:24][INFO] : Disconnecting client etiene32, endpoint [::ffff:85.171.152.193]:40181, Connection timed out
[00:12:24][DEBUG] : Online players is now: 1, connected: 1
[00:12:24][DEBUG] : Nanshue acquired lock control-c05421c1-a123-46f4-8e16-b839d4021879
[00:12:24][DEBUG] : Nanshue acquired lock update-c2b37d93-69fe-4331-8369-f4bdda963692
[00:12:24][DEBUG] : Saving vessel c2b37d93-69fe-4331-8369-f4bdda963692 from Nanshue
[00:12:24][DEBUG] : Nanshue acquired lock update-c05421c1-a123-46f4-8e16-b839d4021879
[00:12:24][DEBUG] : Saving vessel c05421c1-a123-46f4-8e16-b839d4021879 from Nanshue
[00:12:27][DEBUG] : Saving 1 scenario modules from Nanshue
[00:12:54][DEBUG] : Saving vessel c2b37d93-69fe-4331-8369-f4bdda963692 from Nanshue
[00:12:54][DEBUG] : Saving vessel c05421c1-a123-46f4-8e16-b839d4021879 from Nanshue
[00:12:55][DEBUG] : Online players is now: 1, connected: 2
[00:12:55][INFO] : New client connection from [::ffff:85.171.152.193]:38491
[00:12:55][INFO] : Client etiene32 handshook successfully, version: v0.2.4.5
[00:12:55][DEBUG] : Online players is now: 2, connected: 2
[00:12:56][DEBUG] : Sending etiene32 to subspace 103
[00:12:56][DEBUG] : Sending etiene32 6 craft library entries
[00:12:56][DEBUG] : Sending etiene32 20 kerbals...
[00:12:57][DEBUG] : Sending etiene32 2 vessels, cached: 55...
[00:13:24][DEBUG] : Saving vessel c2b37d93-69fe-4331-8369-f4bdda963692 from Nanshue
[00:13:25][DEBUG] : Saving vessel c05421c1-a123-46f4-8e16-b839d4021879 from Nanshue
[00:13:33][DEBUG] : Saving 9 scenario modules from etiene32
[00:13:55][DEBUG] : Saving vessel c2b37d93-69fe-4331-8369-f4bdda963692 from Nanshue
[00:13:55][DEBUG] : Saving vessel c05421c1-a123-46f4-8e16-b839d4021879 from Nanshue
[00:14:03][DEBUG] : Saving 2 scenario modules from etiene32
[00:14:33][DEBUG] : Saving 1 scenario modules from etiene32
[00:14:36][DEBUG] : Nanshue released lock update-c05421c1-a123-46f4-8e16-b839d4021879
[00:14:36][DEBUG] : Saving vessel c05421c1-a123-46f4-8e16-b839d4021879 from Nanshue
[00:14:36][DEBUG] : Saving vessel c2b37d93-69fe-4331-8369-f4bdda963692 from Nanshue
[00:14:36][DEBUG] : Nanshue released lock update-c2b37d93-69fe-4331-8369-f4bdda963692
[00:14:36][DEBUG] : Nanshue released lock control-c05421c1-a123-46f4-8e16-b839d4021879
[00:14:44][DEBUG] : etiene32 acquired lock control-c05421c1-a123-46f4-8e16-b839d4021879
[00:14:44][DEBUG] : etiene32 acquired lock update-c05421c1-a123-46f4-8e16-b839d4021879
[00:14:48][DEBUG] : Saving vessel c05421c1-a123-46f4-8e16-b839d4021879 from etiene32
[00:15:19][DEBUG] : Create subspace
[00:15:19][DEBUG] : Sending etiene32 to subspace 104
[00:15:24][DEBUG] : etiene32 released lock update-c05421c1-a123-46f4-8e16-b839d4021879
[00:15:24][DEBUG] : Saving vessel c05421c1-a123-46f4-8e16-b839d4021879 from etiene32
[00:15:27][DEBUG] : etiene32 released lock control-c05421c1-a123-46f4-8e16-b839d4021879
[00:15:27][DEBUG] : etiene32 acquired lock control-c05421c1-a123-46f4-8e16-b839d4021879
[00:16:00][DEBUG] : etiene32 acquired lock update-c05421c1-a123-46f4-8e16-b839d4021879
[00:16:00][DEBUG] : Saving vessel c05421c1-a123-46f4-8e16-b839d4021879 from etiene32
[00:16:00][DEBUG] : etiene32 acquired lock update-c2b37d93-69fe-4331-8369-f4bdda963692
[00:16:11][DEBUG] : Removing vessel 58831ef4-ae59-4ba6-8710-e322009a0091 from Nanshue
[00:16:11][DEBUG] : Nanshue acquired lock control-2acdd77c-a27c-4e64-b524-42c4739988ed
[00:16:12][DEBUG] : Nanshue acquired lock update-2acdd77c-a27c-4e64-b524-42c4739988ed
[00:16:12][DEBUG] : Saving vessel 2acdd77c-a27c-4e64-b524-42c4739988ed from Nanshue
[00:16:26][DEBUG] : Saving vessel c2b37d93-69fe-4331-8369-f4bdda963692 from etiene32
[00:16:29][DEBUG] : Saving 1 scenario modules from Nanshue
[00:16:29][DEBUG] : Nanshue released lock update-2acdd77c-a27c-4e64-b524-42c4739988ed
[00:16:29][DEBUG] : Saving vessel 2acdd77c-a27c-4e64-b524-42c4739988ed from Nanshue
[00:16:29][DEBUG] : Nanshue released lock control-2acdd77c-a27c-4e64-b524-42c4739988ed
[00:16:30][DEBUG] : Saving vessel c05421c1-a123-46f4-8e16-b839d4021879 from etiene32
[00:16:52][DEBUG] : Nanshue acquired lock control-c2b37d93-69fe-4331-8369-f4bdda963692
[00:16:55][DEBUG] : Nanshue failed to acquire lock update-c2b37d93-69fe-4331-8369-f4bdda963692
[00:16:57][DEBUG] : Saving vessel c2b37d93-69fe-4331-8369-f4bdda963692 from etiene32
[00:16:57][DEBUG] : etiene32 released lock update-c2b37d93-69fe-4331-8369-f4bdda963692
[00:17:00][DEBUG] : Saving vessel c05421c1-a123-46f4-8e16-b839d4021879 from etiene32
[00:17:00][DEBUG] : Nanshue acquired lock update-c2b37d93-69fe-4331-8369-f4bdda963692
[00:17:28][DEBUG] : Saving vessel c2b37d93-69fe-4331-8369-f4bdda963692 from Nanshue
[00:17:33][DEBUG] : Saving vessel c05421c1-a123-46f4-8e16-b839d4021879 from etiene32
[00:17:58][DEBUG] : Saving vessel c2b37d93-69fe-4331-8369-f4bdda963692 from Nanshue
[00:18:01][DEBUG] : Saving vessel c05421c1-a123-46f4-8e16-b839d4021879 from etiene32
[00:18:17][DEBUG] : Removing DOCKED vessel c2b37d93-69fe-4331-8369-f4bdda963692 from Nanshue
[00:18:17][DEBUG] : Nanshue released lock control-c2b37d93-69fe-4331-8369-f4bdda963692
[00:18:17][DEBUG] : Nanshue acquired lock control-c05421c1-a123-46f4-8e16-b839d4021879
[00:18:17][DEBUG] : Saving DOCKED vessel c05421c1-a123-46f4-8e16-b839d4021879 from Nanshue
[00:18:17][DEBUG] : Nanshue released lock control-c05421c1-a123-46f4-8e16-b839d4021879
[00:18:17][DEBUG] : Removing DOCKED vessel c2b37d93-69fe-4331-8369-f4bdda963692 from etiene32
[00:18:17][DEBUG] : Nanshue acquired lock control-c05421c1-a123-46f4-8e16-b839d4021879
[00:18:18][DEBUG] : etiene32 acquired lock control-c05421c1-a123-46f4-8e16-b839d4021879
[00:18:18][DEBUG] : Saving DOCKED vessel c05421c1-a123-46f4-8e16-b839d4021879 from etiene32
[00:18:22][DEBUG] : Nanshue released lock update-c2b37d93-69fe-4331-8369-f4bdda963692
[00:18:29][DEBUG] : Saving 1 scenario modules from Nanshue
[00:18:33][DEBUG] : Saving 1 scenario modules from etiene32
[00:18:51][DEBUG] : Saving vessel c05421c1-a123-46f4-8e16-b839d4021879 from etiene32
[00:19:22][DEBUG] : Saving vessel c05421c1-a123-46f4-8e16-b839d4021879 from etiene32
[00:19:53][DEBUG] : Saving vessel c05421c1-a123-46f4-8e16-b839d4021879 from etiene32
[00:20:29][DEBUG] : etiene32 released lock update-c05421c1-a123-46f4-8e16-b839d4021879
[00:20:29][DEBUG] : etiene32 released lock control-c05421c1-a123-46f4-8e16-b839d4021879
[00:20:29][DEBUG] : Nanshue acquired lock control-c05421c1-a123-46f4-8e16-b839d4021879
[00:20:29][DEBUG] : Nanshue acquired lock update-c05421c1-a123-46f4-8e16-b839d4021879
[00:20:29][DEBUG] : Saving vessel c05421c1-a123-46f4-8e16-b839d4021879 from Nanshue
[00:20:29][DEBUG] : Saving vessel c05421c1-a123-46f4-8e16-b839d4021879 from etiene32
[00:21:00][DEBUG] : Saving vessel c05421c1-a123-46f4-8e16-b839d4021879 from Nanshue
[00:21:30][DEBUG] : Saving vessel c05421c1-a123-46f4-8e16-b839d4021879 from Nanshue
[00:22:00][DEBUG] : Saving vessel c05421c1-a123-46f4-8e16-b839d4021879 from Nanshue
[00:22:25][DEBUG] : Removing vessel 2acdd77c-a27c-4e64-b524-42c4739988ed from etiene32
[00:22:36][INFO] : Removed 0 debris
[00:22:41][DEBUG] : Nanshue released lock update-c05421c1-a123-46f4-8e16-b839d4021879
[00:22:41][DEBUG] : Saving vessel c05421c1-a123-46f4-8e16-b839d4021879 from Nanshue
[00:22:41][DEBUG] : Nanshue released lock control-c05421c1-a123-46f4-8e16-b839d4021879
[00:22:43][DEBUG] : Saving 1 scenario modules from etiene32
[00:22:53][DEBUG] : etiene32 acquired lock control-c05421c1-a123-46f4-8e16-b839d4021879
[00:22:53][DEBUG] : etiene32 acquired lock update-c05421c1-a123-46f4-8e16-b839d4021879
[00:22:53][DEBUG] : Saving vessel c05421c1-a123-46f4-8e16-b839d4021879 from etiene32
[00:23:00][DEBUG] : Saving 1 scenario modules from Nanshue
[00:23:12][DEBUG] : Saving 1 scenario modules from etiene32
[00:23:26][DEBUG] : Saving vessel c05421c1-a123-46f4-8e16-b839d4021879 from etiene32
[00:23:57][DEBUG] : Nanshue sent connection end message, reason: Quit to main menu
[00:23:57][DEBUG] : Online players is now: 1, connected: 1
[00:23:58][DEBUG] : Saving vessel c05421c1-a123-46f4-8e16-b839d4021879 from etiene32
[00:24:08][DEBUG] : etiene32 acquired lock asteroid-spawning
[00:24:30][DEBUG] : Saving vessel c05421c1-a123-46f4-8e16-b839d4021879 from etiene32
[00:24:58][DEBUG] : Saving vessel c05421c1-a123-46f4-8e16-b839d4021879 from etiene32
[00:25:12][DEBUG] : etiene32 sent connection end message, reason: Quit to main menu
[00:25:12][DEBUG] : Online players is now: 0, connected: 0
[00:35:26][INFO] : Command input: /quit
[00:35:26][INFO] : Shutting down
[00:35:26][INFO] : Goodbye!
