[19:59:59][DEBUG] : Loading settings...
[19:59:59][DEBUG] : System.IO compression works: True, test time: 7 ms.
[19:59:59][DEBUG] : Loading plugins!
[19:59:59][DEBUG] : Done!
[19:59:59][INFO] : Starting DMPServer v0.2.4.5, protocol 45
[19:59:59][INFO] : Loading universe... 
[19:59:59][INFO] : Starting SUBSPACE server on port 6702... 
[19:59:59][INFO] : Removed 0 debris
[19:59:59][INFO] : Ready!
[20:04:48][DEBUG] : Online players is now: 0, connected: 1
[20:04:48][INFO] : New client connection from [::ffff:81.67.222.35]:38011
[20:04:48][DEBUG] : Loading admins
[20:04:48][INFO] : Client etiene32 handshook successfully, version: v0.2.4.5
[20:04:48][DEBUG] : Online players is now: 1, connected: 1
[20:04:49][DEBUG] : Sending etiene32 to subspace 120
[20:04:49][DEBUG] : Sending etiene32 5 craft library entries
[20:04:49][DEBUG] : Sending etiene32 20 kerbals...
[20:04:49][DEBUG] : Optimizing etiene32 (108466 bytes queued)
[20:04:49][DEBUG] : Optimized 0 bytes in 2,003 ms.
[20:04:49][DEBUG] : Sending etiene32 101 vessels, cached: 0...
[20:04:59][DEBUG] : etiene32 acquired lock asteroid-spawning
[20:05:35][DEBUG] : Saving 11 scenario modules from etiene32
[20:05:50][DEBUG] : Removing vessel fb217aaf-326f-4c84-90de-b8a1a3e6132d from etiene32
[20:05:53][DEBUG] : Removing vessel f27f9815-b7ca-4579-9e49-d116451efc47 from etiene32
[20:05:55][DEBUG] : Removing vessel ed0c432c-0c95-476e-ad7e-8ebefa89c74a from etiene32
[20:05:58][DEBUG] : Removing vessel dd438fb9-57a5-451f-904d-83536e30c88e from etiene32
[20:06:01][DEBUG] : Removing vessel d1737acd-c3c2-4f62-8c60-5c77a2ef517f from etiene32
[20:06:04][DEBUG] : Removing vessel 58d719f6-d09c-4f9d-b778-c400060f9953 from etiene32
[20:06:06][DEBUG] : Removing vessel 48d7b9a3-de77-4411-b205-d3dc5d255122 from etiene32
[20:06:09][DEBUG] : Removing vessel cd1b9cd1-0739-47e0-aaea-b6a5f3862b8d from etiene32
[20:06:11][DEBUG] : Removing vessel c5aade8c-8a6e-4343-a620-0d72995c75e3 from etiene32
[20:06:14][DEBUG] : Removing vessel c56df771-22c1-4e87-bc47-26fc374147c3 from etiene32
[20:06:16][DEBUG] : Removing vessel ad24ba38-31c9-46f2-ad67-43ac40d55b1d from etiene32
[20:06:18][DEBUG] : Removing vessel 9cd0a622-5452-4fd6-8967-2137ac67c4a5 from etiene32
[20:06:20][DEBUG] : Removing vessel 78f733dd-9712-4f64-ad52-18b9489e1aff from etiene32
[20:06:22][DEBUG] : Removing vessel 6f82123e-85e1-407a-a94f-6b82f66d9563 from etiene32
[20:06:24][DEBUG] : Removing vessel 5de1ac39-514e-4598-8aa4-608c886cd436 from etiene32
[20:06:26][DEBUG] : Removing vessel 5946134a-ed36-4f0a-b8aa-0da535346829 from etiene32
[20:06:28][DEBUG] : Removing vessel 515eb138-9364-41a5-9f1c-b49455785b43 from etiene32
[20:06:30][DEBUG] : Removing vessel 34ef9148-c9a9-4694-9d5f-ce9a86b707ab from etiene32
[20:06:32][DEBUG] : Removing vessel 2e9b83b1-1388-44bf-9f34-4c241c66c278 from etiene32
[20:06:33][DEBUG] : Removing vessel 25357f8c-36ae-4f52-86da-4bdf2d26f34f from etiene32
[20:06:35][DEBUG] : Removing vessel 221d9d76-ca7d-48c3-80f2-c89b2a5e1c73 from etiene32
[20:09:16][DEBUG] : Saving 1 scenario modules from etiene32
[20:10:54][DEBUG] : Saving 2 scenario modules from etiene32
[20:11:01][DEBUG] : etiene32 acquired lock control-7aaf1256-56e4-4d43-b745-154d41aeb9df
[20:11:01][DEBUG] : etiene32 acquired lock update-7aaf1256-56e4-4d43-b745-154d41aeb9df
[20:11:02][DEBUG] : Saving vessel 7aaf1256-56e4-4d43-b745-154d41aeb9df from etiene32
[20:11:24][DEBUG] : Saving 1 scenario modules from etiene32
[20:11:26][DEBUG] : Removing vessel a5736140-3cf8-4166-8ae3-afab98ffc790 from etiene32
[20:11:30][DEBUG] : Saving vessel 7aaf1256-56e4-4d43-b745-154d41aeb9df from etiene32
[20:11:30][DEBUG] : etiene32 acquired lock update-0219f562-9564-4922-9c0a-ad1cd281d3e7
[20:11:30][DEBUG] : Saving vessel 0219f562-9564-4922-9c0a-ad1cd281d3e7 from etiene32
[20:11:34][DEBUG] : Relaying FLYING vessel 7aaf1256-56e4-4d43-b745-154d41aeb9df from etiene32
[20:11:34][DEBUG] : etiene32 acquired lock update-3d021bb6-d6b1-456d-8925-172b336680cd
[20:11:34][DEBUG] : Saving vessel 3d021bb6-d6b1-456d-8925-172b336680cd from etiene32
[20:11:34][DEBUG] : Saving vessel 7aaf1256-56e4-4d43-b745-154d41aeb9df from etiene32
[20:11:56][DEBUG] : Saving 1 scenario modules from etiene32
[20:11:58][DEBUG] : etiene32 released lock update-7aaf1256-56e4-4d43-b745-154d41aeb9df
[20:11:58][DEBUG] : etiene32 released lock update-0219f562-9564-4922-9c0a-ad1cd281d3e7
[20:11:58][DEBUG] : etiene32 released lock update-3d021bb6-d6b1-456d-8925-172b336680cd
[20:11:58][DEBUG] : etiene32 released lock control-7aaf1256-56e4-4d43-b745-154d41aeb9df
[20:13:45][DEBUG] : Create subspace
[20:13:45][DEBUG] : Sending etiene32 to subspace 121
[20:13:50][DEBUG] : etiene32 acquired lock control-08eb59dc-1924-462d-8d75-85c10b667058
[20:13:50][DEBUG] : etiene32 acquired lock update-08eb59dc-1924-462d-8d75-85c10b667058
[20:13:51][DEBUG] : Saving vessel 08eb59dc-1924-462d-8d75-85c10b667058 from etiene32
[20:13:56][DEBUG] : Saving vessel 08eb59dc-1924-462d-8d75-85c10b667058 from etiene32
[20:13:56][DEBUG] : etiene32 acquired lock update-7e411edb-169c-478d-b019-d74cdb43875b
[20:13:56][DEBUG] : Saving vessel 7e411edb-169c-478d-b019-d74cdb43875b from etiene32
[20:13:57][DEBUG] : Saving 1 scenario modules from etiene32
[20:14:01][DEBUG] : Relaying FLYING vessel 08eb59dc-1924-462d-8d75-85c10b667058 from etiene32
[20:14:01][DEBUG] : etiene32 acquired lock update-a463b6bc-41f2-4ddc-81de-af045a343126
[20:14:01][DEBUG] : Saving vessel a463b6bc-41f2-4ddc-81de-af045a343126 from etiene32
[20:14:01][DEBUG] : etiene32 acquired lock update-92203c48-b6b8-46da-a048-3591f5d36174
[20:14:01][DEBUG] : Saving vessel 92203c48-b6b8-46da-a048-3591f5d36174 from etiene32
[20:14:01][DEBUG] : etiene32 acquired lock update-7cf31a06-f60f-460b-b1e8-d41a63b9e88a
[20:14:01][DEBUG] : Saving vessel 7cf31a06-f60f-460b-b1e8-d41a63b9e88a from etiene32
[20:14:01][DEBUG] : etiene32 acquired lock update-df769909-c407-4072-aea9-19a38be78aaa
[20:14:01][DEBUG] : Saving vessel df769909-c407-4072-aea9-19a38be78aaa from etiene32
[20:14:01][DEBUG] : etiene32 acquired lock update-90ad9803-b4f2-4735-be9a-251118d4470b
[20:14:01][DEBUG] : Saving vessel 90ad9803-b4f2-4735-be9a-251118d4470b from etiene32
[20:14:02][DEBUG] : Saving vessel 08eb59dc-1924-462d-8d75-85c10b667058 from etiene32
[20:14:12][DEBUG] : Relaying FLYING vessel 08eb59dc-1924-462d-8d75-85c10b667058 from etiene32
[20:14:19][DEBUG] : etiene32 released lock update-a463b6bc-41f2-4ddc-81de-af045a343126
[20:14:19][DEBUG] : Saving vessel a463b6bc-41f2-4ddc-81de-af045a343126 from etiene32
[20:14:19][DEBUG] : etiene32 released lock update-92203c48-b6b8-46da-a048-3591f5d36174
[20:14:19][DEBUG] : Saving vessel 92203c48-b6b8-46da-a048-3591f5d36174 from etiene32
[20:14:19][DEBUG] : Saving vessel 7cf31a06-f60f-460b-b1e8-d41a63b9e88a from etiene32
[20:14:19][DEBUG] : etiene32 released lock update-7cf31a06-f60f-460b-b1e8-d41a63b9e88a
[20:14:19][DEBUG] : etiene32 released lock update-df769909-c407-4072-aea9-19a38be78aaa
[20:14:19][DEBUG] : Saving vessel df769909-c407-4072-aea9-19a38be78aaa from etiene32
[20:14:19][DEBUG] : Saving vessel 90ad9803-b4f2-4735-be9a-251118d4470b from etiene32
[20:14:19][DEBUG] : etiene32 released lock update-90ad9803-b4f2-4735-be9a-251118d4470b
[20:14:19][DEBUG] : etiene32 released lock update-7e411edb-169c-478d-b019-d74cdb43875b
[20:14:19][DEBUG] : Saving vessel 7e411edb-169c-478d-b019-d74cdb43875b from etiene32
[20:14:27][DEBUG] : Saving 2 scenario modules from etiene32
[20:14:43][DEBUG] : Relaying FLYING vessel 08eb59dc-1924-462d-8d75-85c10b667058 from etiene32
[20:14:57][DEBUG] : Saving 1 scenario modules from etiene32
[20:15:15][DEBUG] : etiene32 released lock update-08eb59dc-1924-462d-8d75-85c10b667058
[20:15:16][DEBUG] : etiene32 released lock control-08eb59dc-1924-462d-8d75-85c10b667058
[20:15:28][DEBUG] : Saving 1 scenario modules from etiene32
[20:16:19][DEBUG] : Create subspace
[20:16:19][DEBUG] : Sending etiene32 to subspace 122
[20:16:25][DEBUG] : etiene32 acquired lock control-87d0f9f0-457c-4796-8dbc-5b1d93331cb7
[20:16:25][DEBUG] : etiene32 acquired lock update-87d0f9f0-457c-4796-8dbc-5b1d93331cb7
[20:16:26][DEBUG] : Saving vessel 87d0f9f0-457c-4796-8dbc-5b1d93331cb7 from etiene32
[20:16:28][DEBUG] : Saving 2 scenario modules from etiene32
[20:16:56][DEBUG] : Saving vessel 87d0f9f0-457c-4796-8dbc-5b1d93331cb7 from etiene32
[20:16:58][DEBUG] : Saving 1 scenario modules from etiene32
[20:17:18][DEBUG] : Relaying FLYING vessel 87d0f9f0-457c-4796-8dbc-5b1d93331cb7 from etiene32
[20:17:18][DEBUG] : etiene32 acquired lock update-b96e5d42-8e48-4412-9ee1-b26aa9ebb714
[20:17:18][DEBUG] : Saving vessel b96e5d42-8e48-4412-9ee1-b26aa9ebb714 from etiene32
[20:17:18][DEBUG] : etiene32 acquired lock update-503e72a9-78c9-4e6e-8c61-1f655c87a3a2
[20:17:18][DEBUG] : Saving vessel 503e72a9-78c9-4e6e-8c61-1f655c87a3a2 from etiene32
[20:17:18][DEBUG] : etiene32 acquired lock update-8a7e3ece-1ead-49dc-ae94-a4d422eb8d89
[20:17:18][DEBUG] : Saving vessel 8a7e3ece-1ead-49dc-ae94-a4d422eb8d89 from etiene32
[20:17:18][DEBUG] : etiene32 acquired lock update-76119216-327c-496c-a7bf-3cbd77e3d33f
[20:17:18][DEBUG] : Saving vessel 76119216-327c-496c-a7bf-3cbd77e3d33f from etiene32
[20:17:18][DEBUG] : etiene32 acquired lock update-8b082a45-d9ee-4a27-8422-c46683b93697
[20:17:18][DEBUG] : Saving vessel 8b082a45-d9ee-4a27-8422-c46683b93697 from etiene32
[20:17:18][DEBUG] : etiene32 acquired lock update-9cf5fc17-0304-4bfb-aa50-fcbcf56496cd
[20:17:18][DEBUG] : Saving vessel 9cf5fc17-0304-4bfb-aa50-fcbcf56496cd from etiene32
[20:17:18][DEBUG] : etiene32 acquired lock update-4adb6082-706c-4c84-914e-3e3f609e0b67
[20:17:18][DEBUG] : Saving vessel 4adb6082-706c-4c84-914e-3e3f609e0b67 from etiene32
[20:17:18][DEBUG] : etiene32 acquired lock update-46af3a6e-748b-4c44-8392-3be4dbb01ecc
[20:17:18][DEBUG] : Saving vessel 46af3a6e-748b-4c44-8392-3be4dbb01ecc from etiene32
[20:17:29][DEBUG] : Saving 1 scenario modules from etiene32
[20:17:48][DEBUG] : Relaying FLYING vessel 87d0f9f0-457c-4796-8dbc-5b1d93331cb7 from etiene32
[20:17:48][DEBUG] : Saving vessel 76119216-327c-496c-a7bf-3cbd77e3d33f from etiene32
[20:17:48][DEBUG] : Saving vessel 503e72a9-78c9-4e6e-8c61-1f655c87a3a2 from etiene32
[20:17:49][DEBUG] : Saving vessel 8a7e3ece-1ead-49dc-ae94-a4d422eb8d89 from etiene32
[20:17:49][DEBUG] : Saving vessel b96e5d42-8e48-4412-9ee1-b26aa9ebb714 from etiene32
[20:17:49][DEBUG] : Saving vessel 4adb6082-706c-4c84-914e-3e3f609e0b67 from etiene32
[20:17:49][DEBUG] : Saving vessel 46af3a6e-748b-4c44-8392-3be4dbb01ecc from etiene32
[20:17:49][DEBUG] : Saving vessel 8b082a45-d9ee-4a27-8422-c46683b93697 from etiene32
[20:17:49][DEBUG] : Saving vessel 9cf5fc17-0304-4bfb-aa50-fcbcf56496cd from etiene32
[20:17:54][DEBUG] : Saving vessel 76119216-327c-496c-a7bf-3cbd77e3d33f from etiene32
[20:17:54][DEBUG] : etiene32 released lock update-76119216-327c-496c-a7bf-3cbd77e3d33f
[20:17:54][DEBUG] : Saving vessel 503e72a9-78c9-4e6e-8c61-1f655c87a3a2 from etiene32
[20:17:54][DEBUG] : etiene32 released lock update-503e72a9-78c9-4e6e-8c61-1f655c87a3a2
[20:17:54][DEBUG] : Saving vessel 9cf5fc17-0304-4bfb-aa50-fcbcf56496cd from etiene32
[20:17:54][DEBUG] : etiene32 released lock update-9cf5fc17-0304-4bfb-aa50-fcbcf56496cd
[20:17:54][DEBUG] : etiene32 released lock update-b96e5d42-8e48-4412-9ee1-b26aa9ebb714
[20:17:54][DEBUG] : Saving vessel b96e5d42-8e48-4412-9ee1-b26aa9ebb714 from etiene32
[20:17:54][DEBUG] : Saving vessel 8b082a45-d9ee-4a27-8422-c46683b93697 from etiene32
[20:17:54][DEBUG] : etiene32 released lock update-8b082a45-d9ee-4a27-8422-c46683b93697
[20:17:54][DEBUG] : Saving vessel 8a7e3ece-1ead-49dc-ae94-a4d422eb8d89 from etiene32
[20:17:54][DEBUG] : etiene32 released lock update-8a7e3ece-1ead-49dc-ae94-a4d422eb8d89
[20:17:54][DEBUG] : Saving vessel 4adb6082-706c-4c84-914e-3e3f609e0b67 from etiene32
[20:17:54][DEBUG] : etiene32 released lock update-4adb6082-706c-4c84-914e-3e3f609e0b67
[20:17:54][DEBUG] : etiene32 released lock update-46af3a6e-748b-4c44-8392-3be4dbb01ecc
[20:17:54][DEBUG] : Saving vessel 46af3a6e-748b-4c44-8392-3be4dbb01ecc from etiene32
[20:17:59][DEBUG] : Saving 1 scenario modules from etiene32
[20:18:19][DEBUG] : Relaying FLYING vessel 87d0f9f0-457c-4796-8dbc-5b1d93331cb7 from etiene32
[20:18:29][DEBUG] : Saving 1 scenario modules from etiene32
[20:18:49][DEBUG] : Relaying FLYING vessel 87d0f9f0-457c-4796-8dbc-5b1d93331cb7 from etiene32
[20:18:59][DEBUG] : Saving 1 scenario modules from etiene32
[20:19:18][DEBUG] : etiene32 released lock update-87d0f9f0-457c-4796-8dbc-5b1d93331cb7
[20:19:18][DEBUG] : etiene32 released lock control-87d0f9f0-457c-4796-8dbc-5b1d93331cb7
[20:19:29][DEBUG] : Saving 1 scenario modules from etiene32
[20:21:58][DEBUG] : Create subspace
[20:21:58][DEBUG] : Sending etiene32 to subspace 123
[20:22:00][DEBUG] : Saving 1 scenario modules from etiene32
[20:22:05][DEBUG] : etiene32 acquired lock control-2ed16a0d-6702-4474-929f-865f458b9ef6
[20:22:05][DEBUG] : etiene32 acquired lock update-2ed16a0d-6702-4474-929f-865f458b9ef6
[20:22:06][DEBUG] : Saving vessel 2ed16a0d-6702-4474-929f-865f458b9ef6 from etiene32
[20:22:09][DEBUG] : Saving vessel 2ed16a0d-6702-4474-929f-865f458b9ef6 from etiene32
[20:22:09][DEBUG] : etiene32 acquired lock update-3382f22e-f8d4-421e-a25c-08a625e7080b
[20:22:09][DEBUG] : Saving vessel 3382f22e-f8d4-421e-a25c-08a625e7080b from etiene32
[20:22:15][DEBUG] : etiene32 released lock update-3382f22e-f8d4-421e-a25c-08a625e7080b
[20:22:15][DEBUG] : Saving vessel 3382f22e-f8d4-421e-a25c-08a625e7080b from etiene32
[20:22:15][DEBUG] : Relaying FLYING vessel 2ed16a0d-6702-4474-929f-865f458b9ef6 from etiene32
[20:22:15][DEBUG] : etiene32 acquired lock update-f4af4cc3-f6af-4015-a241-d9222f72dbbf
[20:22:15][DEBUG] : Saving vessel f4af4cc3-f6af-4015-a241-d9222f72dbbf from etiene32
[20:22:15][DEBUG] : etiene32 acquired lock update-d10be281-b873-4fef-8002-aea1cf4d18de
[20:22:15][DEBUG] : Saving vessel d10be281-b873-4fef-8002-aea1cf4d18de from etiene32
[20:22:15][DEBUG] : etiene32 acquired lock update-f098ab1e-5934-4f88-9ae7-0f7b481ed929
[20:22:15][DEBUG] : Saving vessel f098ab1e-5934-4f88-9ae7-0f7b481ed929 from etiene32
[20:22:15][DEBUG] : etiene32 acquired lock update-f4c9a9bf-db6b-4508-8eaf-1649749273d8
[20:22:15][DEBUG] : Saving vessel f4c9a9bf-db6b-4508-8eaf-1649749273d8 from etiene32
[20:22:15][DEBUG] : etiene32 acquired lock update-1b97976e-cb7a-4552-aa0f-844268277b5b
[20:22:15][DEBUG] : Saving vessel 1b97976e-cb7a-4552-aa0f-844268277b5b from etiene32
[20:22:16][DEBUG] : Saving vessel 2ed16a0d-6702-4474-929f-865f458b9ef6 from etiene32
[20:22:17][DEBUG] : etiene32 acquired lock update-3382f22e-f8d4-421e-a25c-08a625e7080b
[20:22:26][DEBUG] : Relaying FLYING vessel 2ed16a0d-6702-4474-929f-865f458b9ef6 from etiene32
[20:22:30][DEBUG] : Saving 2 scenario modules from etiene32
[20:22:35][DEBUG] : Saving vessel 3382f22e-f8d4-421e-a25c-08a625e7080b from etiene32
[20:22:35][DEBUG] : etiene32 released lock update-3382f22e-f8d4-421e-a25c-08a625e7080b
[20:22:35][DEBUG] : Saving vessel 1b97976e-cb7a-4552-aa0f-844268277b5b from etiene32
[20:22:35][DEBUG] : etiene32 released lock update-1b97976e-cb7a-4552-aa0f-844268277b5b
[20:22:35][DEBUG] : etiene32 released lock update-f4c9a9bf-db6b-4508-8eaf-1649749273d8
[20:22:35][DEBUG] : Saving vessel f4c9a9bf-db6b-4508-8eaf-1649749273d8 from etiene32
[20:22:35][DEBUG] : etiene32 released lock update-f098ab1e-5934-4f88-9ae7-0f7b481ed929
[20:22:35][DEBUG] : Saving vessel f098ab1e-5934-4f88-9ae7-0f7b481ed929 from etiene32
[20:22:35][DEBUG] : Saving vessel d10be281-b873-4fef-8002-aea1cf4d18de from etiene32
[20:22:35][DEBUG] : etiene32 released lock update-d10be281-b873-4fef-8002-aea1cf4d18de
[20:22:35][DEBUG] : etiene32 released lock update-f4af4cc3-f6af-4015-a241-d9222f72dbbf
[20:22:35][DEBUG] : Saving vessel f4af4cc3-f6af-4015-a241-d9222f72dbbf from etiene32
[20:22:56][DEBUG] : Relaying FLYING vessel 2ed16a0d-6702-4474-929f-865f458b9ef6 from etiene32
[20:23:00][DEBUG] : Saving 1 scenario modules from etiene32
[20:23:16][DEBUG] : etiene32 released lock update-2ed16a0d-6702-4474-929f-865f458b9ef6
[20:23:17][DEBUG] : etiene32 released lock control-2ed16a0d-6702-4474-929f-865f458b9ef6
[20:23:30][DEBUG] : Saving 1 scenario modules from etiene32
[20:27:31][DEBUG] : Create subspace
[20:27:31][DEBUG] : Sending etiene32 to subspace 124
[20:27:31][DEBUG] : Saving 2 scenario modules from etiene32
[20:27:39][DEBUG] : etiene32 acquired lock control-1363959c-df6d-4681-b449-ede4f02a0530
[20:27:39][DEBUG] : etiene32 acquired lock update-1363959c-df6d-4681-b449-ede4f02a0530
[20:27:40][DEBUG] : Saving vessel 1363959c-df6d-4681-b449-ede4f02a0530 from etiene32
[20:27:47][DEBUG] : Saving vessel 1363959c-df6d-4681-b449-ede4f02a0530 from etiene32
[20:27:47][DEBUG] : etiene32 acquired lock update-763ec526-5394-4ba6-a22f-671f2d0c5a0e
[20:27:47][DEBUG] : Saving vessel 763ec526-5394-4ba6-a22f-671f2d0c5a0e from etiene32
[20:28:01][DEBUG] : Saving 1 scenario modules from etiene32
[20:28:03][DEBUG] : Relaying FLYING vessel 1363959c-df6d-4681-b449-ede4f02a0530 from etiene32
[20:28:03][DEBUG] : etiene32 acquired lock update-00f1b4a4-56ca-4e3d-aed8-2e0c6eeeaa4a
[20:28:03][DEBUG] : Saving vessel 00f1b4a4-56ca-4e3d-aed8-2e0c6eeeaa4a from etiene32
[20:28:17][DEBUG] : Saving vessel 763ec526-5394-4ba6-a22f-671f2d0c5a0e from etiene32
[20:28:31][DEBUG] : Saving 1 scenario modules from etiene32
[20:28:33][DEBUG] : Relaying FLYING vessel 1363959c-df6d-4681-b449-ede4f02a0530 from etiene32
[20:28:33][DEBUG] : Saving vessel 00f1b4a4-56ca-4e3d-aed8-2e0c6eeeaa4a from etiene32
[20:28:43][DEBUG] : etiene32 released lock update-00f1b4a4-56ca-4e3d-aed8-2e0c6eeeaa4a
[20:28:43][DEBUG] : Saving vessel 00f1b4a4-56ca-4e3d-aed8-2e0c6eeeaa4a from etiene32
[20:28:43][DEBUG] : etiene32 released lock update-763ec526-5394-4ba6-a22f-671f2d0c5a0e
[20:28:43][DEBUG] : Saving vessel 763ec526-5394-4ba6-a22f-671f2d0c5a0e from etiene32
[20:29:01][DEBUG] : Saving 1 scenario modules from etiene32
[20:29:04][DEBUG] : Relaying FLYING vessel 1363959c-df6d-4681-b449-ede4f02a0530 from etiene32
[20:29:31][DEBUG] : Saving 1 scenario modules from etiene32
[20:29:49][DEBUG] : etiene32 released lock update-1363959c-df6d-4681-b449-ede4f02a0530
[20:29:49][DEBUG] : etiene32 released lock control-1363959c-df6d-4681-b449-ede4f02a0530
[20:29:59][INFO] : Removing vessel: 00f1b4a4-56ca-4e3d-aed8-2e0c6eeeaa4a
[20:29:59][DEBUG] : Removed debris vessel 00f1b4a4-56ca-4e3d-aed8-2e0c6eeeaa4a
[20:29:59][INFO] : Removing vessel: 0219f562-9564-4922-9c0a-ad1cd281d3e7
[20:29:59][DEBUG] : Removed debris vessel 0219f562-9564-4922-9c0a-ad1cd281d3e7
[20:29:59][INFO] : Removing vessel: 1b97976e-cb7a-4552-aa0f-844268277b5b
[20:29:59][DEBUG] : Removed debris vessel 1b97976e-cb7a-4552-aa0f-844268277b5b
[20:29:59][INFO] : Removing vessel: 3382f22e-f8d4-421e-a25c-08a625e7080b
[20:29:59][DEBUG] : Removed debris vessel 3382f22e-f8d4-421e-a25c-08a625e7080b
[20:29:59][INFO] : Removing vessel: 3d021bb6-d6b1-456d-8925-172b336680cd
[20:29:59][DEBUG] : Removed debris vessel 3d021bb6-d6b1-456d-8925-172b336680cd
[20:29:59][INFO] : Removing vessel: 46af3a6e-748b-4c44-8392-3be4dbb01ecc
[20:29:59][DEBUG] : Removed debris vessel 46af3a6e-748b-4c44-8392-3be4dbb01ecc
[20:29:59][INFO] : Removing vessel: 4adb6082-706c-4c84-914e-3e3f609e0b67
[20:29:59][DEBUG] : Removed debris vessel 4adb6082-706c-4c84-914e-3e3f609e0b67
[20:29:59][INFO] : Removing vessel: 503e72a9-78c9-4e6e-8c61-1f655c87a3a2
[20:29:59][DEBUG] : Removed debris vessel 503e72a9-78c9-4e6e-8c61-1f655c87a3a2
[20:29:59][INFO] : Removing vessel: 76119216-327c-496c-a7bf-3cbd77e3d33f
[20:29:59][DEBUG] : Removed debris vessel 76119216-327c-496c-a7bf-3cbd77e3d33f
[20:29:59][INFO] : Removing vessel: 763ec526-5394-4ba6-a22f-671f2d0c5a0e
[20:29:59][DEBUG] : Removed debris vessel 763ec526-5394-4ba6-a22f-671f2d0c5a0e
[20:29:59][INFO] : Removing vessel: 7cf31a06-f60f-460b-b1e8-d41a63b9e88a
[20:29:59][DEBUG] : Removed debris vessel 7cf31a06-f60f-460b-b1e8-d41a63b9e88a
[20:29:59][INFO] : Removing vessel: 7e411edb-169c-478d-b019-d74cdb43875b
[20:29:59][DEBUG] : Removed debris vessel 7e411edb-169c-478d-b019-d74cdb43875b
[20:29:59][INFO] : Removing vessel: 8a7e3ece-1ead-49dc-ae94-a4d422eb8d89
[20:29:59][DEBUG] : Removed debris vessel 8a7e3ece-1ead-49dc-ae94-a4d422eb8d89
[20:29:59][INFO] : Removing vessel: 8b082a45-d9ee-4a27-8422-c46683b93697
[20:29:59][DEBUG] : Removed debris vessel 8b082a45-d9ee-4a27-8422-c46683b93697
[20:29:59][INFO] : Removing vessel: 90ad9803-b4f2-4735-be9a-251118d4470b
[20:29:59][DEBUG] : Removed debris vessel 90ad9803-b4f2-4735-be9a-251118d4470b
[20:29:59][INFO] : Removing vessel: 92203c48-b6b8-46da-a048-3591f5d36174
[20:29:59][DEBUG] : Removed debris vessel 92203c48-b6b8-46da-a048-3591f5d36174
[20:29:59][INFO] : Removing vessel: 9cf5fc17-0304-4bfb-aa50-fcbcf56496cd
[20:29:59][DEBUG] : Removed debris vessel 9cf5fc17-0304-4bfb-aa50-fcbcf56496cd
[20:29:59][INFO] : Removing vessel: a463b6bc-41f2-4ddc-81de-af045a343126
[20:29:59][DEBUG] : Removed debris vessel a463b6bc-41f2-4ddc-81de-af045a343126
[20:29:59][INFO] : Removing vessel: b96e5d42-8e48-4412-9ee1-b26aa9ebb714
[20:29:59][DEBUG] : Removed debris vessel b96e5d42-8e48-4412-9ee1-b26aa9ebb714
[20:29:59][INFO] : Removing vessel: d10be281-b873-4fef-8002-aea1cf4d18de
[20:29:59][DEBUG] : Removed debris vessel d10be281-b873-4fef-8002-aea1cf4d18de
[20:29:59][INFO] : Removing vessel: df769909-c407-4072-aea9-19a38be78aaa
[20:29:59][DEBUG] : Removed debris vessel df769909-c407-4072-aea9-19a38be78aaa
[20:29:59][INFO] : Removing vessel: f098ab1e-5934-4f88-9ae7-0f7b481ed929
[20:29:59][DEBUG] : Removed debris vessel f098ab1e-5934-4f88-9ae7-0f7b481ed929
[20:29:59][INFO] : Removing vessel: f4af4cc3-f6af-4015-a241-d9222f72dbbf
[20:29:59][DEBUG] : Removed debris vessel f4af4cc3-f6af-4015-a241-d9222f72dbbf
[20:29:59][INFO] : Removing vessel: f4c9a9bf-db6b-4508-8eaf-1649749273d8
[20:29:59][DEBUG] : Removed debris vessel f4c9a9bf-db6b-4508-8eaf-1649749273d8
[20:29:59][INFO] : Removed 24 debris
[20:30:01][DEBUG] : Saving 1 scenario modules from etiene32
[20:41:58][DEBUG] : Create subspace
[20:41:58][DEBUG] : Sending etiene32 to subspace 125
[20:42:02][DEBUG] : Saving 1 scenario modules from etiene32
[20:42:02][DEBUG] : etiene32 acquired lock control-62c886c6-9e3c-4527-a7c9-2ec43bde41a1
[20:42:03][DEBUG] : etiene32 acquired lock update-62c886c6-9e3c-4527-a7c9-2ec43bde41a1
[20:42:03][DEBUG] : Saving vessel 62c886c6-9e3c-4527-a7c9-2ec43bde41a1 from etiene32
[20:42:28][DEBUG] : Saving vessel 62c886c6-9e3c-4527-a7c9-2ec43bde41a1 from etiene32
[20:42:28][DEBUG] : etiene32 acquired lock update-b56ecff1-6a70-4e24-b966-00673591405e
[20:42:28][DEBUG] : Saving vessel b56ecff1-6a70-4e24-b966-00673591405e from etiene32
[20:42:32][DEBUG] : Saving 1 scenario modules from etiene32
[20:42:37][DEBUG] : Relaying FLYING vessel 62c886c6-9e3c-4527-a7c9-2ec43bde41a1 from etiene32
[20:42:37][DEBUG] : etiene32 acquired lock update-415d1a8a-1b37-40e8-b9f9-9d5c9852d602
[20:42:37][DEBUG] : Saving vessel 415d1a8a-1b37-40e8-b9f9-9d5c9852d602 from etiene32
[20:42:37][DEBUG] : etiene32 acquired lock update-74bcb15e-91ec-49f6-a6db-d35439677856
[20:42:37][DEBUG] : Saving vessel 74bcb15e-91ec-49f6-a6db-d35439677856 from etiene32
[20:42:37][DEBUG] : etiene32 acquired lock update-7ea95817-d807-48c6-ab1c-b49967a4b445
[20:42:37][DEBUG] : Saving vessel 7ea95817-d807-48c6-ab1c-b49967a4b445 from etiene32
[20:42:37][DEBUG] : etiene32 acquired lock update-f02ba60c-bed1-4f04-ab47-65a562aaf79b
[20:42:37][DEBUG] : Saving vessel f02ba60c-bed1-4f04-ab47-65a562aaf79b from etiene32
[20:42:37][DEBUG] : etiene32 acquired lock update-6d3d6432-43dc-4371-924a-5b96d52adc46
[20:42:37][DEBUG] : Saving vessel 6d3d6432-43dc-4371-924a-5b96d52adc46 from etiene32
[20:42:54][DEBUG] : Saving vessel 6d3d6432-43dc-4371-924a-5b96d52adc46 from etiene32
[20:42:54][DEBUG] : etiene32 released lock update-6d3d6432-43dc-4371-924a-5b96d52adc46
[20:42:54][DEBUG] : Saving vessel f02ba60c-bed1-4f04-ab47-65a562aaf79b from etiene32
[20:42:54][DEBUG] : etiene32 released lock update-f02ba60c-bed1-4f04-ab47-65a562aaf79b
[20:42:54][DEBUG] : etiene32 released lock update-7ea95817-d807-48c6-ab1c-b49967a4b445
[20:42:54][DEBUG] : Saving vessel 7ea95817-d807-48c6-ab1c-b49967a4b445 from etiene32
[20:42:54][DEBUG] : Saving vessel 74bcb15e-91ec-49f6-a6db-d35439677856 from etiene32
[20:42:54][DEBUG] : etiene32 released lock update-74bcb15e-91ec-49f6-a6db-d35439677856
[20:42:54][DEBUG] : Saving vessel 415d1a8a-1b37-40e8-b9f9-9d5c9852d602 from etiene32
[20:42:54][DEBUG] : etiene32 released lock update-415d1a8a-1b37-40e8-b9f9-9d5c9852d602
[20:42:54][DEBUG] : Saving vessel b56ecff1-6a70-4e24-b966-00673591405e from etiene32
[20:42:54][DEBUG] : etiene32 released lock update-b56ecff1-6a70-4e24-b966-00673591405e
[20:43:02][DEBUG] : Saving 1 scenario modules from etiene32
[20:43:07][DEBUG] : Relaying FLYING vessel 62c886c6-9e3c-4527-a7c9-2ec43bde41a1 from etiene32
[20:43:32][DEBUG] : Saving 1 scenario modules from etiene32
[20:43:51][DEBUG] : etiene32 released lock update-62c886c6-9e3c-4527-a7c9-2ec43bde41a1
[20:43:51][DEBUG] : etiene32 released lock control-62c886c6-9e3c-4527-a7c9-2ec43bde41a1
[20:44:02][DEBUG] : Saving 1 scenario modules from etiene32
[20:45:32][DEBUG] : Create subspace
[20:45:32][DEBUG] : Sending etiene32 to subspace 126
[20:45:33][DEBUG] : Saving 1 scenario modules from etiene32
[20:45:37][DEBUG] : etiene32 acquired lock control-94dcfb84-5508-4bec-8c79-0e9a53cc6ebd
[20:45:37][DEBUG] : etiene32 acquired lock update-94dcfb84-5508-4bec-8c79-0e9a53cc6ebd
[20:45:38][DEBUG] : Saving vessel 94dcfb84-5508-4bec-8c79-0e9a53cc6ebd from etiene32
[20:46:03][DEBUG] : Saving 1 scenario modules from etiene32
[20:46:09][DEBUG] : Saving vessel 94dcfb84-5508-4bec-8c79-0e9a53cc6ebd from etiene32
[20:46:33][DEBUG] : Saving vessel 94dcfb84-5508-4bec-8c79-0e9a53cc6ebd from etiene32
[20:46:33][DEBUG] : etiene32 acquired lock update-0c66c010-1197-42ab-a56f-e6b19d941cab
[20:46:33][DEBUG] : Saving vessel 0c66c010-1197-42ab-a56f-e6b19d941cab from etiene32
[20:46:33][DEBUG] : Saving 1 scenario modules from etiene32
[20:46:38][DEBUG] : etiene32 acquired lock update-caf8b436-9a9b-4de6-8375-73c62f6c713a
[20:46:38][DEBUG] : Relaying FLYING vessel 94dcfb84-5508-4bec-8c79-0e9a53cc6ebd from etiene32
[20:46:38][DEBUG] : Saving vessel caf8b436-9a9b-4de6-8375-73c62f6c713a from etiene32
[20:46:38][DEBUG] : etiene32 acquired lock update-5a74238b-1a0d-4905-b7e7-f55435e0b1a0
[20:46:38][DEBUG] : Saving vessel 5a74238b-1a0d-4905-b7e7-f55435e0b1a0 from etiene32
[20:46:38][DEBUG] : etiene32 acquired lock update-c5127945-051f-4676-9a2e-a09c3078517a
[20:46:38][DEBUG] : Saving vessel c5127945-051f-4676-9a2e-a09c3078517a from etiene32
[20:46:38][DEBUG] : etiene32 acquired lock update-41aef24b-97c9-44e8-aa7a-91302f507531
[20:46:38][DEBUG] : Saving vessel 41aef24b-97c9-44e8-aa7a-91302f507531 from etiene32
[20:46:38][DEBUG] : etiene32 acquired lock update-d61c81a0-9243-4b95-bfd3-e5c835d37fe4
[20:46:38][DEBUG] : Saving vessel d61c81a0-9243-4b95-bfd3-e5c835d37fe4 from etiene32
[20:46:59][DEBUG] : etiene32 released lock update-d61c81a0-9243-4b95-bfd3-e5c835d37fe4
[20:46:59][DEBUG] : Saving vessel d61c81a0-9243-4b95-bfd3-e5c835d37fe4 from etiene32
[20:46:59][DEBUG] : Saving vessel 41aef24b-97c9-44e8-aa7a-91302f507531 from etiene32
[20:46:59][DEBUG] : etiene32 released lock update-41aef24b-97c9-44e8-aa7a-91302f507531
[20:46:59][DEBUG] : Saving vessel c5127945-051f-4676-9a2e-a09c3078517a from etiene32
[20:46:59][DEBUG] : etiene32 released lock update-c5127945-051f-4676-9a2e-a09c3078517a
[20:46:59][DEBUG] : etiene32 released lock update-5a74238b-1a0d-4905-b7e7-f55435e0b1a0
[20:46:59][DEBUG] : Saving vessel 5a74238b-1a0d-4905-b7e7-f55435e0b1a0 from etiene32
[20:46:59][DEBUG] : Saving vessel caf8b436-9a9b-4de6-8375-73c62f6c713a from etiene32
[20:46:59][DEBUG] : etiene32 released lock update-caf8b436-9a9b-4de6-8375-73c62f6c713a
[20:46:59][DEBUG] : etiene32 released lock update-0c66c010-1197-42ab-a56f-e6b19d941cab
[20:46:59][DEBUG] : Saving vessel 0c66c010-1197-42ab-a56f-e6b19d941cab from etiene32
[20:47:03][DEBUG] : Saving 1 scenario modules from etiene32
[20:47:09][DEBUG] : Relaying FLYING vessel 94dcfb84-5508-4bec-8c79-0e9a53cc6ebd from etiene32
[20:47:34][DEBUG] : Saving 1 scenario modules from etiene32
[20:47:38][DEBUG] : etiene32 released lock update-94dcfb84-5508-4bec-8c79-0e9a53cc6ebd
[20:47:38][DEBUG] : etiene32 released lock control-94dcfb84-5508-4bec-8c79-0e9a53cc6ebd
[20:49:53][DEBUG] : Create subspace
[20:49:53][DEBUG] : Sending etiene32 to subspace 127
[20:50:01][DEBUG] : etiene32 acquired lock control-a88b017b-c174-4255-994f-94bf0d1b388b
[20:50:02][DEBUG] : etiene32 acquired lock update-a88b017b-c174-4255-994f-94bf0d1b388b
[20:50:02][DEBUG] : Saving vessel a88b017b-c174-4255-994f-94bf0d1b388b from etiene32
[20:50:08][DEBUG] : Saving 1 scenario modules from etiene32
[20:50:10][DEBUG] : Saving vessel a88b017b-c174-4255-994f-94bf0d1b388b from etiene32
[20:50:10][DEBUG] : etiene32 acquired lock update-5dd53cba-ee38-4c27-89a4-f86f5a24643b
[20:50:10][DEBUG] : Saving vessel 5dd53cba-ee38-4c27-89a4-f86f5a24643b from etiene32
[20:50:20][DEBUG] : Relaying FLYING vessel a88b017b-c174-4255-994f-94bf0d1b388b from etiene32
[20:50:20][DEBUG] : etiene32 acquired lock update-6207b1bc-22d8-40b9-9541-9f37342cd767
[20:50:20][DEBUG] : Saving vessel 6207b1bc-22d8-40b9-9541-9f37342cd767 from etiene32
[20:50:20][DEBUG] : etiene32 acquired lock update-22348505-6995-4910-a352-c7723e3ea76a
[20:50:20][DEBUG] : Saving vessel 22348505-6995-4910-a352-c7723e3ea76a from etiene32
[20:50:20][DEBUG] : etiene32 acquired lock update-cd64ac59-0340-4fef-b84a-a18d2f3d4480
[20:50:20][DEBUG] : Saving vessel cd64ac59-0340-4fef-b84a-a18d2f3d4480 from etiene32
[20:50:20][DEBUG] : etiene32 acquired lock update-6d1d9fc6-a420-4b79-86bc-ee1979442122
[20:50:20][DEBUG] : Saving vessel 6d1d9fc6-a420-4b79-86bc-ee1979442122 from etiene32
[20:50:20][DEBUG] : etiene32 acquired lock update-d0664563-80c6-4dee-b105-a7bdcd613634
[20:50:20][DEBUG] : Saving vessel d0664563-80c6-4dee-b105-a7bdcd613634 from etiene32
[20:50:38][DEBUG] : Saving 1 scenario modules from etiene32
[20:50:40][DEBUG] : Saving vessel 5dd53cba-ee38-4c27-89a4-f86f5a24643b from etiene32
[20:50:49][DEBUG] : etiene32 released lock update-d0664563-80c6-4dee-b105-a7bdcd613634
[20:50:49][DEBUG] : Saving vessel d0664563-80c6-4dee-b105-a7bdcd613634 from etiene32
[20:50:49][DEBUG] : Saving vessel 6d1d9fc6-a420-4b79-86bc-ee1979442122 from etiene32
[20:50:49][DEBUG] : etiene32 released lock update-6d1d9fc6-a420-4b79-86bc-ee1979442122
[20:50:49][DEBUG] : etiene32 released lock update-cd64ac59-0340-4fef-b84a-a18d2f3d4480
[20:50:49][DEBUG] : Saving vessel cd64ac59-0340-4fef-b84a-a18d2f3d4480 from etiene32
[20:50:49][DEBUG] : Saving vessel 22348505-6995-4910-a352-c7723e3ea76a from etiene32
[20:50:49][DEBUG] : etiene32 released lock update-22348505-6995-4910-a352-c7723e3ea76a
[20:50:49][DEBUG] : etiene32 released lock update-6207b1bc-22d8-40b9-9541-9f37342cd767
[20:50:49][DEBUG] : Saving vessel 6207b1bc-22d8-40b9-9541-9f37342cd767 from etiene32
[20:50:49][DEBUG] : etiene32 released lock update-5dd53cba-ee38-4c27-89a4-f86f5a24643b
[20:50:49][DEBUG] : Saving vessel 5dd53cba-ee38-4c27-89a4-f86f5a24643b from etiene32
[20:50:51][DEBUG] : Relaying FLYING vessel a88b017b-c174-4255-994f-94bf0d1b388b from etiene32
[20:51:08][DEBUG] : Saving 1 scenario modules from etiene32
[20:51:21][DEBUG] : Relaying FLYING vessel a88b017b-c174-4255-994f-94bf0d1b388b from etiene32
[20:51:38][DEBUG] : Saving 1 scenario modules from etiene32
[20:51:51][DEBUG] : Relaying FLYING vessel a88b017b-c174-4255-994f-94bf0d1b388b from etiene32
[20:52:14][DEBUG] : Saving 1 scenario modules from etiene32
[20:52:20][DEBUG] : etiene32 released lock update-a88b017b-c174-4255-994f-94bf0d1b388b
[20:52:20][DEBUG] : etiene32 released lock control-a88b017b-c174-4255-994f-94bf0d1b388b
[20:55:08][INFO] : Client etiene32 disconnected in ReceiveCallback, endpoint [::ffff:81.67.222.35]:38011, error: Impossible de lire les données de la connexion de transport : Une connexion établie a été abandonnée par un logiciel de votre ordinateur hôte. (Une connexion établie a été abandonnée par un logiciel de votre ordinateur hôte)
[20:55:08][DEBUG] : Online players is now: 0, connected: 0
[20:55:08][DEBUG] : Error closing client connection: Cette opération n'est pas autorisée sur des sockets non connectés.
[20:59:59][INFO] : Removing vessel: 0c66c010-1197-42ab-a56f-e6b19d941cab
[20:59:59][DEBUG] : Removed debris vessel 0c66c010-1197-42ab-a56f-e6b19d941cab
[20:59:59][INFO] : Removing vessel: 22348505-6995-4910-a352-c7723e3ea76a
[20:59:59][DEBUG] : Removed debris vessel 22348505-6995-4910-a352-c7723e3ea76a
[20:59:59][INFO] : Removing vessel: 415d1a8a-1b37-40e8-b9f9-9d5c9852d602
[20:59:59][DEBUG] : Removed debris vessel 415d1a8a-1b37-40e8-b9f9-9d5c9852d602
[20:59:59][INFO] : Removing vessel: 41aef24b-97c9-44e8-aa7a-91302f507531
[20:59:59][DEBUG] : Removed debris vessel 41aef24b-97c9-44e8-aa7a-91302f507531
[20:59:59][INFO] : Removing vessel: 5a74238b-1a0d-4905-b7e7-f55435e0b1a0
[20:59:59][DEBUG] : Removed debris vessel 5a74238b-1a0d-4905-b7e7-f55435e0b1a0
[20:59:59][INFO] : Removing vessel: 5dd53cba-ee38-4c27-89a4-f86f5a24643b
[20:59:59][DEBUG] : Removed debris vessel 5dd53cba-ee38-4c27-89a4-f86f5a24643b
[20:59:59][INFO] : Removing vessel: 6207b1bc-22d8-40b9-9541-9f37342cd767
[20:59:59][DEBUG] : Removed debris vessel 6207b1bc-22d8-40b9-9541-9f37342cd767
[20:59:59][INFO] : Removing vessel: 6d1d9fc6-a420-4b79-86bc-ee1979442122
[20:59:59][DEBUG] : Removed debris vessel 6d1d9fc6-a420-4b79-86bc-ee1979442122
[20:59:59][INFO] : Removing vessel: 6d3d6432-43dc-4371-924a-5b96d52adc46
[20:59:59][DEBUG] : Removed debris vessel 6d3d6432-43dc-4371-924a-5b96d52adc46
[20:59:59][INFO] : Removing vessel: 74bcb15e-91ec-49f6-a6db-d35439677856
[20:59:59][DEBUG] : Removed debris vessel 74bcb15e-91ec-49f6-a6db-d35439677856
[20:59:59][INFO] : Removing vessel: 7ea95817-d807-48c6-ab1c-b49967a4b445
[20:59:59][DEBUG] : Removed debris vessel 7ea95817-d807-48c6-ab1c-b49967a4b445
[20:59:59][INFO] : Removing vessel: b56ecff1-6a70-4e24-b966-00673591405e
[20:59:59][DEBUG] : Removed debris vessel b56ecff1-6a70-4e24-b966-00673591405e
[20:59:59][INFO] : Removing vessel: c5127945-051f-4676-9a2e-a09c3078517a
[20:59:59][DEBUG] : Removed debris vessel c5127945-051f-4676-9a2e-a09c3078517a
[20:59:59][INFO] : Removing vessel: caf8b436-9a9b-4de6-8375-73c62f6c713a
[20:59:59][DEBUG] : Removed debris vessel caf8b436-9a9b-4de6-8375-73c62f6c713a
[20:59:59][INFO] : Removing vessel: cd64ac59-0340-4fef-b84a-a18d2f3d4480
[20:59:59][DEBUG] : Removed debris vessel cd64ac59-0340-4fef-b84a-a18d2f3d4480
[20:59:59][INFO] : Removing vessel: d0664563-80c6-4dee-b105-a7bdcd613634
[20:59:59][DEBUG] : Removed debris vessel d0664563-80c6-4dee-b105-a7bdcd613634
[20:59:59][INFO] : Removing vessel: d61c81a0-9243-4b95-bfd3-e5c835d37fe4
[20:59:59][DEBUG] : Removed debris vessel d61c81a0-9243-4b95-bfd3-e5c835d37fe4
[20:59:59][INFO] : Removing vessel: f02ba60c-bed1-4f04-ab47-65a562aaf79b
[20:59:59][DEBUG] : Removed debris vessel f02ba60c-bed1-4f04-ab47-65a562aaf79b
[20:59:59][INFO] : Removed 18 debris
[21:29:59][INFO] : Removed 0 debris
[21:37:27][DEBUG] : Online players is now: 0, connected: 1
[21:37:27][INFO] : New client connection from [::ffff:81.67.222.35]:46495
[21:37:27][INFO] : Client etiene32 handshook successfully, version: v0.2.4.5
[21:37:27][DEBUG] : Online players is now: 1, connected: 1
[21:37:28][DEBUG] : Sending etiene32 to subspace 120
[21:37:28][DEBUG] : Sending etiene32 5 craft library entries
[21:37:28][DEBUG] : Sending etiene32 20 kerbals...
[21:37:28][DEBUG] : Optimizing etiene32 (105261 bytes queued)
[21:37:28][DEBUG] : Optimized 0 bytes in 1,025 ms.
[21:37:28][DEBUG] : Sending etiene32 87 vessels, cached: 0...
[21:37:36][DEBUG] : etiene32 acquired lock asteroid-spawning
[21:38:07][DEBUG] : Saving 11 scenario modules from etiene32
[21:38:08][DEBUG] : Removing vessel c5e6e06a-8cd9-469b-ad35-2861d41a0c22 from etiene32
[21:38:37][DEBUG] : Saving 1 scenario modules from etiene32
[21:38:58][DEBUG] : Removing vessel a88b017b-c174-4255-994f-94bf0d1b388b from etiene32
[21:39:17][DEBUG] : Removing vessel 94dcfb84-5508-4bec-8c79-0e9a53cc6ebd from etiene32
[21:39:22][DEBUG] : Removing vessel 87d0f9f0-457c-4796-8dbc-5b1d93331cb7 from etiene32
[21:39:27][DEBUG] : Removing vessel 7aaf1256-56e4-4d43-b745-154d41aeb9df from etiene32
[21:39:31][DEBUG] : Removing vessel 62c886c6-9e3c-4527-a7c9-2ec43bde41a1 from etiene32
[21:39:35][DEBUG] : Removing vessel 2ed16a0d-6702-4474-929f-865f458b9ef6 from etiene32
[21:39:40][DEBUG] : Removing vessel 1363959c-df6d-4681-b449-ede4f02a0530 from etiene32
[21:39:44][DEBUG] : Removing vessel 08eb59dc-1924-462d-8d75-85c10b667058 from etiene32
[21:40:30][DEBUG] : etiene32 acquired lock control-ad4d4554-bd4d-431a-9b50-c57e62a2127d
[21:40:30][DEBUG] : etiene32 acquired lock update-ad4d4554-bd4d-431a-9b50-c57e62a2127d
[21:40:30][DEBUG] : Saving vessel ad4d4554-bd4d-431a-9b50-c57e62a2127d from etiene32
[21:40:37][DEBUG] : Saving 1 scenario modules from etiene32
[21:40:44][DEBUG] : Create subspace
[21:40:44][DEBUG] : Sending etiene32 to subspace 128
[21:41:07][DEBUG] : Saving 1 scenario modules from etiene32
[21:41:17][DEBUG] : Saving vessel ad4d4554-bd4d-431a-9b50-c57e62a2127d from etiene32
[21:41:17][DEBUG] : etiene32 released lock update-ad4d4554-bd4d-431a-9b50-c57e62a2127d
[21:41:17][DEBUG] : etiene32 released lock control-ad4d4554-bd4d-431a-9b50-c57e62a2127d
[21:41:24][DEBUG] : Removing vessel ad4d4554-bd4d-431a-9b50-c57e62a2127d from etiene32
[21:41:37][DEBUG] : Saving 1 scenario modules from etiene32
[21:42:07][DEBUG] : Saving 1 scenario modules from etiene32
[21:46:07][DEBUG] : Saving 1 scenario modules from etiene32
[21:46:11][DEBUG] : etiene32 acquired lock control-afb17294-ee65-4722-8e67-8afbb021ed02
[21:46:11][DEBUG] : etiene32 acquired lock update-afb17294-ee65-4722-8e67-8afbb021ed02
[21:46:12][DEBUG] : Saving vessel afb17294-ee65-4722-8e67-8afbb021ed02 from etiene32
[21:46:37][DEBUG] : Saving 1 scenario modules from etiene32
[21:47:52][DEBUG] : etiene32 released lock update-afb17294-ee65-4722-8e67-8afbb021ed02
[21:47:52][DEBUG] : Saving vessel afb17294-ee65-4722-8e67-8afbb021ed02 from etiene32
[21:47:52][DEBUG] : etiene32 acquired lock update-afb17294-ee65-4722-8e67-8afbb021ed02
[21:47:53][DEBUG] : Saving vessel afb17294-ee65-4722-8e67-8afbb021ed02 from etiene32
[21:47:59][DEBUG] : Saving 1 scenario modules from etiene32
[21:48:23][DEBUG] : Saving vessel afb17294-ee65-4722-8e67-8afbb021ed02 from etiene32
[21:48:29][DEBUG] : Saving 1 scenario modules from etiene32
[21:48:53][DEBUG] : Saving vessel afb17294-ee65-4722-8e67-8afbb021ed02 from etiene32
[21:48:57][DEBUG] : Saving vessel afb17294-ee65-4722-8e67-8afbb021ed02 from etiene32
[21:48:57][DEBUG] : etiene32 acquired lock update-c9949c9e-d431-4bc8-9a00-9b8e39532c6e
[21:48:57][DEBUG] : Saving vessel c9949c9e-d431-4bc8-9a00-9b8e39532c6e from etiene32
[21:48:59][DEBUG] : Saving 1 scenario modules from etiene32
[21:49:01][DEBUG] : Relaying FLYING vessel afb17294-ee65-4722-8e67-8afbb021ed02 from etiene32
[21:49:01][DEBUG] : etiene32 acquired lock update-d0b4aa14-37e8-4e32-9416-868fb4ebf273
[21:49:01][DEBUG] : Saving vessel d0b4aa14-37e8-4e32-9416-868fb4ebf273 from etiene32
[21:49:02][DEBUG] : Saving vessel afb17294-ee65-4722-8e67-8afbb021ed02 from etiene32
[21:49:12][DEBUG] : Relaying FLYING vessel afb17294-ee65-4722-8e67-8afbb021ed02 from etiene32
[21:49:29][DEBUG] : Saving 2 scenario modules from etiene32
[21:49:30][DEBUG] : Saving vessel d0b4aa14-37e8-4e32-9416-868fb4ebf273 from etiene32
[21:49:30][DEBUG] : etiene32 released lock update-d0b4aa14-37e8-4e32-9416-868fb4ebf273
[21:49:31][DEBUG] : etiene32 released lock update-c9949c9e-d431-4bc8-9a00-9b8e39532c6e
[21:49:31][DEBUG] : Saving vessel c9949c9e-d431-4bc8-9a00-9b8e39532c6e from etiene32
[21:49:42][DEBUG] : Relaying FLYING vessel afb17294-ee65-4722-8e67-8afbb021ed02 from etiene32
[21:49:59][DEBUG] : Saving 1 scenario modules from etiene32
[21:50:12][DEBUG] : Relaying FLYING vessel afb17294-ee65-4722-8e67-8afbb021ed02 from etiene32
[21:50:29][DEBUG] : Saving 1 scenario modules from etiene32
[21:50:43][DEBUG] : Relaying FLYING vessel afb17294-ee65-4722-8e67-8afbb021ed02 from etiene32
[21:51:00][DEBUG] : Saving 1 scenario modules from etiene32
[21:51:07][DEBUG] : etiene32 released lock update-afb17294-ee65-4722-8e67-8afbb021ed02
[21:51:07][DEBUG] : etiene32 released lock control-afb17294-ee65-4722-8e67-8afbb021ed02
[21:59:59][INFO] : Removing vessel: c9949c9e-d431-4bc8-9a00-9b8e39532c6e
[21:59:59][DEBUG] : Removed debris vessel c9949c9e-d431-4bc8-9a00-9b8e39532c6e
[21:59:59][INFO] : Removing vessel: d0b4aa14-37e8-4e32-9416-868fb4ebf273
[21:59:59][DEBUG] : Removed debris vessel d0b4aa14-37e8-4e32-9416-868fb4ebf273
[21:59:59][INFO] : Removed 2 debris
[22:02:23][DEBUG] : Create subspace
[22:02:23][DEBUG] : Sending etiene32 to subspace 129
[22:02:27][DEBUG] : etiene32 acquired lock control-6605e8c4-1393-46e1-827c-2b5de7f56bc5
[22:02:27][DEBUG] : etiene32 acquired lock update-6605e8c4-1393-46e1-827c-2b5de7f56bc5
[22:02:28][DEBUG] : Saving vessel 6605e8c4-1393-46e1-827c-2b5de7f56bc5 from etiene32
[22:02:30][DEBUG] : Saving 2 scenario modules from etiene32
[22:02:37][DEBUG] : Saving vessel 6605e8c4-1393-46e1-827c-2b5de7f56bc5 from etiene32
[22:02:37][DEBUG] : etiene32 acquired lock update-070c48a3-2946-4eed-8b28-27ac4c3ff256
[22:02:37][DEBUG] : Saving vessel 070c48a3-2946-4eed-8b28-27ac4c3ff256 from etiene32
[22:02:42][DEBUG] : Relaying FLYING vessel 6605e8c4-1393-46e1-827c-2b5de7f56bc5 from etiene32
[22:02:42][DEBUG] : etiene32 acquired lock update-be3fb869-6d48-4d88-b524-28b9d638226a
[22:02:42][DEBUG] : Saving vessel be3fb869-6d48-4d88-b524-28b9d638226a from etiene32
[22:02:42][DEBUG] : etiene32 acquired lock update-91b5c8ca-acb0-4e99-82e6-0aff2e64422f
[22:02:42][DEBUG] : Saving vessel 91b5c8ca-acb0-4e99-82e6-0aff2e64422f from etiene32
[22:02:42][DEBUG] : etiene32 acquired lock update-351f76c4-3dff-4a74-81bb-6c3632ed124a
[22:02:42][DEBUG] : Saving vessel 351f76c4-3dff-4a74-81bb-6c3632ed124a from etiene32
[22:02:42][DEBUG] : etiene32 acquired lock update-a11a29ba-2d14-4d72-8999-194a89df4693
[22:02:42][DEBUG] : Saving vessel a11a29ba-2d14-4d72-8999-194a89df4693 from etiene32
[22:02:42][DEBUG] : etiene32 acquired lock update-29200c65-67b9-4940-9855-1f23d9d28c36
[22:02:42][DEBUG] : Saving vessel 29200c65-67b9-4940-9855-1f23d9d28c36 from etiene32
[22:02:56][DEBUG] : etiene32 released lock update-be3fb869-6d48-4d88-b524-28b9d638226a
[22:02:56][DEBUG] : Saving vessel be3fb869-6d48-4d88-b524-28b9d638226a from etiene32
[22:02:56][DEBUG] : etiene32 released lock update-91b5c8ca-acb0-4e99-82e6-0aff2e64422f
[22:02:56][DEBUG] : Saving vessel 91b5c8ca-acb0-4e99-82e6-0aff2e64422f from etiene32
[22:02:56][DEBUG] : etiene32 released lock update-351f76c4-3dff-4a74-81bb-6c3632ed124a
[22:02:56][DEBUG] : Saving vessel 351f76c4-3dff-4a74-81bb-6c3632ed124a from etiene32
[22:02:56][DEBUG] : etiene32 released lock update-a11a29ba-2d14-4d72-8999-194a89df4693
[22:02:56][DEBUG] : Saving vessel a11a29ba-2d14-4d72-8999-194a89df4693 from etiene32
[22:02:56][DEBUG] : Saving vessel 29200c65-67b9-4940-9855-1f23d9d28c36 from etiene32
[22:02:56][DEBUG] : etiene32 released lock update-29200c65-67b9-4940-9855-1f23d9d28c36
[22:02:56][DEBUG] : etiene32 released lock update-070c48a3-2946-4eed-8b28-27ac4c3ff256
[22:02:56][DEBUG] : Saving vessel 070c48a3-2946-4eed-8b28-27ac4c3ff256 from etiene32
[22:03:00][DEBUG] : Saving 1 scenario modules from etiene32
[22:03:13][DEBUG] : Relaying FLYING vessel 6605e8c4-1393-46e1-827c-2b5de7f56bc5 from etiene32
[22:03:30][DEBUG] : Saving 1 scenario modules from etiene32
[22:03:42][DEBUG] : Relaying FLYING vessel 6605e8c4-1393-46e1-827c-2b5de7f56bc5 from etiene32
[22:03:42][DEBUG] : etiene32 acquired lock update-5cbf3d2f-9c68-43ae-932a-5e3b9d27b379
[22:03:42][DEBUG] : Relaying FLYING vessel 5cbf3d2f-9c68-43ae-932a-5e3b9d27b379 from etiene32
[22:03:42][DEBUG] : etiene32 acquired lock update-2543298b-671f-4e7d-b9c2-cb5e4f250606
[22:03:42][DEBUG] : Relaying FLYING vessel 2543298b-671f-4e7d-b9c2-cb5e4f250606 from etiene32
[22:03:42][DEBUG] : etiene32 acquired lock update-3944f3fb-8864-4793-a06a-633dfd8f221d
[22:03:42][DEBUG] : Relaying FLYING vessel 3944f3fb-8864-4793-a06a-633dfd8f221d from etiene32
[22:03:42][DEBUG] : etiene32 acquired lock update-fdb206c2-6bc8-4215-9b49-2e4a7a046e51
[22:03:42][DEBUG] : Relaying FLYING vessel fdb206c2-6bc8-4215-9b49-2e4a7a046e51 from etiene32
[22:03:42][DEBUG] : Relaying FLYING vessel 3944f3fb-8864-4793-a06a-633dfd8f221d from etiene32
[22:03:42][DEBUG] : etiene32 acquired lock update-46e0d37e-e22a-4ce3-b77e-03d2579990c6
[22:03:42][DEBUG] : Relaying FLYING vessel 46e0d37e-e22a-4ce3-b77e-03d2579990c6 from etiene32
[22:03:42][DEBUG] : Removing vessel 3944f3fb-8864-4793-a06a-633dfd8f221d from etiene32
[22:03:43][DEBUG] : Removing vessel 46e0d37e-e22a-4ce3-b77e-03d2579990c6 from etiene32
[22:03:43][DEBUG] : etiene32 acquired lock update-6a020cab-9600-45a7-aa2a-f6e4ebf0f51f
[22:03:43][DEBUG] : Relaying FLYING vessel 6a020cab-9600-45a7-aa2a-f6e4ebf0f51f from etiene32
[22:03:43][DEBUG] : etiene32 acquired lock update-a2c4dc32-7dba-4fe2-b8f9-78fcf317ec55
[22:03:43][DEBUG] : Relaying FLYING vessel a2c4dc32-7dba-4fe2-b8f9-78fcf317ec55 from etiene32
[22:03:43][DEBUG] : etiene32 acquired lock update-551f62ff-c407-48e9-9c9d-dc5db9d75a4c
[22:03:43][DEBUG] : Relaying FLYING vessel 551f62ff-c407-48e9-9c9d-dc5db9d75a4c from etiene32
[22:03:43][DEBUG] : etiene32 acquired lock update-5e724f33-f625-4280-b528-81dc0db5e0d0
[22:03:43][DEBUG] : Relaying FLYING vessel 5e724f33-f625-4280-b528-81dc0db5e0d0 from etiene32
[22:03:47][DEBUG] : etiene32 released lock update-3944f3fb-8864-4793-a06a-633dfd8f221d
[22:03:48][DEBUG] : etiene32 released lock update-46e0d37e-e22a-4ce3-b77e-03d2579990c6
[22:04:00][DEBUG] : Saving 1 scenario modules from etiene32
[22:04:20][DEBUG] : etiene32 released lock update-6605e8c4-1393-46e1-827c-2b5de7f56bc5
[22:04:21][DEBUG] : etiene32 released lock update-5cbf3d2f-9c68-43ae-932a-5e3b9d27b379
[22:04:21][DEBUG] : etiene32 released lock update-6a020cab-9600-45a7-aa2a-f6e4ebf0f51f
[22:04:21][DEBUG] : etiene32 released lock update-fdb206c2-6bc8-4215-9b49-2e4a7a046e51
[22:04:21][DEBUG] : etiene32 released lock update-2543298b-671f-4e7d-b9c2-cb5e4f250606
[22:04:21][DEBUG] : etiene32 released lock update-a2c4dc32-7dba-4fe2-b8f9-78fcf317ec55
[22:04:21][DEBUG] : etiene32 released lock update-551f62ff-c407-48e9-9c9d-dc5db9d75a4c
[22:04:21][DEBUG] : etiene32 released lock update-5e724f33-f625-4280-b528-81dc0db5e0d0
[22:04:21][DEBUG] : etiene32 released lock control-6605e8c4-1393-46e1-827c-2b5de7f56bc5
[22:04:30][DEBUG] : Saving 1 scenario modules from etiene32
[22:05:07][DEBUG] : Saving 1 scenario modules from etiene32
[22:05:07][DEBUG] : Create subspace
[22:05:07][DEBUG] : Sending etiene32 to subspace 130
[22:05:15][DEBUG] : etiene32 acquired lock control-0e1499e4-a290-414a-ad53-32977867ab0f
[22:05:15][DEBUG] : etiene32 acquired lock update-0e1499e4-a290-414a-ad53-32977867ab0f
[22:05:15][DEBUG] : Saving vessel 0e1499e4-a290-414a-ad53-32977867ab0f from etiene32
[22:05:18][DEBUG] : etiene32 acquired lock update-8dfa0bc7-a902-41c4-9aed-fc4ac6a07286
[22:05:18][DEBUG] : Saving vessel 0e1499e4-a290-414a-ad53-32977867ab0f from etiene32
[22:05:18][DEBUG] : Saving vessel 8dfa0bc7-a902-41c4-9aed-fc4ac6a07286 from etiene32
[22:05:22][DEBUG] : Relaying FLYING vessel 0e1499e4-a290-414a-ad53-32977867ab0f from etiene32
[22:05:22][DEBUG] : etiene32 acquired lock update-051b6b36-2110-4fd9-89d9-7980e2d0fded
[22:05:22][DEBUG] : Saving vessel 051b6b36-2110-4fd9-89d9-7980e2d0fded from etiene32
[22:05:22][DEBUG] : etiene32 acquired lock update-3511f11d-46fd-4c34-a309-8b4f15f5d1d3
[22:05:22][DEBUG] : Saving vessel 3511f11d-46fd-4c34-a309-8b4f15f5d1d3 from etiene32
[22:05:22][DEBUG] : etiene32 acquired lock update-dfa35fb7-cbe2-42e6-ad6f-003be7d26244
[22:05:22][DEBUG] : Saving vessel dfa35fb7-cbe2-42e6-ad6f-003be7d26244 from etiene32
[22:05:22][DEBUG] : etiene32 acquired lock update-4cf92f0e-0a6f-42aa-afec-e1b7f018963b
[22:05:22][DEBUG] : Saving vessel 4cf92f0e-0a6f-42aa-afec-e1b7f018963b from etiene32
[22:05:22][DEBUG] : etiene32 acquired lock update-b091fff2-222d-4a65-941c-8849f93327f5
[22:05:22][DEBUG] : Saving vessel b091fff2-222d-4a65-941c-8849f93327f5 from etiene32
[22:05:35][DEBUG] : etiene32 released lock update-b091fff2-222d-4a65-941c-8849f93327f5
[22:05:35][DEBUG] : Saving vessel b091fff2-222d-4a65-941c-8849f93327f5 from etiene32
[22:05:35][DEBUG] : etiene32 released lock update-4cf92f0e-0a6f-42aa-afec-e1b7f018963b
[22:05:35][DEBUG] : Saving vessel 4cf92f0e-0a6f-42aa-afec-e1b7f018963b from etiene32
[22:05:35][DEBUG] : etiene32 released lock update-dfa35fb7-cbe2-42e6-ad6f-003be7d26244
[22:05:35][DEBUG] : Saving vessel dfa35fb7-cbe2-42e6-ad6f-003be7d26244 from etiene32
[22:05:35][DEBUG] : Saving vessel 3511f11d-46fd-4c34-a309-8b4f15f5d1d3 from etiene32
[22:05:35][DEBUG] : etiene32 released lock update-3511f11d-46fd-4c34-a309-8b4f15f5d1d3
[22:05:35][DEBUG] : Saving vessel 051b6b36-2110-4fd9-89d9-7980e2d0fded from etiene32
[22:05:35][DEBUG] : etiene32 released lock update-051b6b36-2110-4fd9-89d9-7980e2d0fded
[22:05:36][DEBUG] : Saving vessel 8dfa0bc7-a902-41c4-9aed-fc4ac6a07286 from etiene32
[22:05:36][DEBUG] : etiene32 released lock update-8dfa0bc7-a902-41c4-9aed-fc4ac6a07286
[22:05:37][DEBUG] : Saving 1 scenario modules from etiene32
[22:05:52][DEBUG] : Relaying FLYING vessel 0e1499e4-a290-414a-ad53-32977867ab0f from etiene32
[22:06:07][DEBUG] : Saving 1 scenario modules from etiene32
[22:06:20][DEBUG] : Relaying FLYING vessel 0e1499e4-a290-414a-ad53-32977867ab0f from etiene32
[22:06:20][DEBUG] : etiene32 acquired lock update-8ef5f95f-cfee-4357-a403-352825517d8a
[22:06:20][DEBUG] : Relaying FLYING vessel 8ef5f95f-cfee-4357-a403-352825517d8a from etiene32
[22:06:20][DEBUG] : etiene32 acquired lock update-5c386780-af04-46c9-ac4f-15a30aeab49b
[22:06:20][DEBUG] : Relaying FLYING vessel 5c386780-af04-46c9-ac4f-15a30aeab49b from etiene32
[22:06:20][DEBUG] : etiene32 acquired lock update-d92305f5-6878-44cd-af13-b0318e52a879
[22:06:20][DEBUG] : Relaying FLYING vessel d92305f5-6878-44cd-af13-b0318e52a879 from etiene32
[22:06:20][DEBUG] : etiene32 acquired lock update-e5545266-1fa2-4184-98ca-0197a70d6c81
[22:06:20][DEBUG] : Relaying FLYING vessel e5545266-1fa2-4184-98ca-0197a70d6c81 from etiene32
[22:06:20][DEBUG] : Removing vessel d92305f5-6878-44cd-af13-b0318e52a879 from etiene32
[22:06:20][DEBUG] : etiene32 acquired lock update-8d492c80-b4a4-49c8-b6e7-b5bc83d5afac
[22:06:20][DEBUG] : Relaying FLYING vessel 8d492c80-b4a4-49c8-b6e7-b5bc83d5afac from etiene32
[22:06:20][DEBUG] : Removing vessel 8d492c80-b4a4-49c8-b6e7-b5bc83d5afac from etiene32
[22:06:20][DEBUG] : etiene32 acquired lock update-f4bc983c-a10f-4b7b-b2a5-d5f697951344
[22:06:20][DEBUG] : Relaying FLYING vessel f4bc983c-a10f-4b7b-b2a5-d5f697951344 from etiene32
[22:06:20][DEBUG] : etiene32 acquired lock update-51dbc49a-a82f-4504-a13a-e5607aefb236
[22:06:20][DEBUG] : Relaying FLYING vessel 51dbc49a-a82f-4504-a13a-e5607aefb236 from etiene32
[22:06:20][DEBUG] : etiene32 acquired lock update-4186daf1-3f17-4d34-a616-ac7b40a269d6
[22:06:20][DEBUG] : Relaying FLYING vessel 4186daf1-3f17-4d34-a616-ac7b40a269d6 from etiene32
[22:06:20][DEBUG] : etiene32 acquired lock update-9f8385fa-3e6b-4f41-8c18-52e80143188e
[22:06:21][DEBUG] : Relaying FLYING vessel 9f8385fa-3e6b-4f41-8c18-52e80143188e from etiene32
[22:06:25][DEBUG] : etiene32 released lock update-d92305f5-6878-44cd-af13-b0318e52a879
[22:06:25][DEBUG] : etiene32 released lock update-8d492c80-b4a4-49c8-b6e7-b5bc83d5afac
[22:06:39][DEBUG] : Saving 1 scenario modules from etiene32
[22:06:43][DEBUG] : etiene32 released lock update-51dbc49a-a82f-4504-a13a-e5607aefb236
[22:06:43][DEBUG] : etiene32 released lock update-f4bc983c-a10f-4b7b-b2a5-d5f697951344
[22:06:43][DEBUG] : etiene32 released lock update-4186daf1-3f17-4d34-a616-ac7b40a269d6
[22:06:43][DEBUG] : etiene32 released lock update-e5545266-1fa2-4184-98ca-0197a70d6c81
[22:06:43][DEBUG] : etiene32 released lock update-9f8385fa-3e6b-4f41-8c18-52e80143188e
[22:06:43][DEBUG] : etiene32 released lock update-5c386780-af04-46c9-ac4f-15a30aeab49b
[22:06:43][DEBUG] : etiene32 released lock update-8ef5f95f-cfee-4357-a403-352825517d8a
[22:06:43][DEBUG] : etiene32 released lock update-0e1499e4-a290-414a-ad53-32977867ab0f
[22:06:43][DEBUG] : etiene32 released lock control-0e1499e4-a290-414a-ad53-32977867ab0f
[22:08:55][DEBUG] : Create subspace
[22:08:55][DEBUG] : Sending etiene32 to subspace 131
[22:09:00][DEBUG] : etiene32 acquired lock control-999fa0eb-9af2-4c87-9558-2240b05d7b25
[22:09:00][DEBUG] : etiene32 acquired lock update-999fa0eb-9af2-4c87-9558-2240b05d7b25
[22:09:00][DEBUG] : Saving vessel 999fa0eb-9af2-4c87-9558-2240b05d7b25 from etiene32
[22:09:11][DEBUG] : Saving 1 scenario modules from etiene32
[22:09:30][DEBUG] : Saving vessel 999fa0eb-9af2-4c87-9558-2240b05d7b25 from etiene32
[22:09:41][DEBUG] : Saving 1 scenario modules from etiene32
[22:10:00][DEBUG] : Saving vessel 999fa0eb-9af2-4c87-9558-2240b05d7b25 from etiene32
[22:10:11][DEBUG] : Saving 1 scenario modules from etiene32
[22:10:31][DEBUG] : Saving vessel 999fa0eb-9af2-4c87-9558-2240b05d7b25 from etiene32
[22:10:41][DEBUG] : Saving 1 scenario modules from etiene32
[22:10:43][DEBUG] : Saving vessel 999fa0eb-9af2-4c87-9558-2240b05d7b25 from etiene32
[22:10:43][DEBUG] : etiene32 acquired lock update-39e1723d-b2b2-4026-9a20-c33addb77f45
[22:10:43][DEBUG] : Saving vessel 39e1723d-b2b2-4026-9a20-c33addb77f45 from etiene32
[22:10:47][DEBUG] : Relaying FLYING vessel 999fa0eb-9af2-4c87-9558-2240b05d7b25 from etiene32
[22:10:47][DEBUG] : etiene32 acquired lock update-fd66a2fa-846e-45d2-92f1-6377547aeb29
[22:10:47][DEBUG] : Saving vessel fd66a2fa-846e-45d2-92f1-6377547aeb29 from etiene32
[22:10:47][DEBUG] : etiene32 acquired lock update-28917d6b-4edb-4532-8e03-3faa5425ded6
[22:10:47][DEBUG] : Saving vessel 28917d6b-4edb-4532-8e03-3faa5425ded6 from etiene32
[22:10:47][DEBUG] : etiene32 acquired lock update-865dfdb8-d31d-490d-beb8-32bf22ae6dd1
[22:10:47][DEBUG] : Saving vessel 865dfdb8-d31d-490d-beb8-32bf22ae6dd1 from etiene32
[22:10:47][DEBUG] : etiene32 acquired lock update-5378867d-d816-45f7-ac56-a8a2e4746d7c
[22:10:47][DEBUG] : Saving vessel 5378867d-d816-45f7-ac56-a8a2e4746d7c from etiene32
[22:10:47][DEBUG] : etiene32 acquired lock update-5e837c0d-713c-4e6f-bdc2-2e3910d2f876
[22:10:47][DEBUG] : Saving vessel 5e837c0d-713c-4e6f-bdc2-2e3910d2f876 from etiene32
[22:11:02][DEBUG] : etiene32 released lock update-5e837c0d-713c-4e6f-bdc2-2e3910d2f876
[22:11:02][DEBUG] : Saving vessel 5e837c0d-713c-4e6f-bdc2-2e3910d2f876 from etiene32
[22:11:02][DEBUG] : etiene32 released lock update-5378867d-d816-45f7-ac56-a8a2e4746d7c
[22:11:02][DEBUG] : Saving vessel 5378867d-d816-45f7-ac56-a8a2e4746d7c from etiene32
[22:11:02][DEBUG] : etiene32 released lock update-865dfdb8-d31d-490d-beb8-32bf22ae6dd1
[22:11:02][DEBUG] : Saving vessel 865dfdb8-d31d-490d-beb8-32bf22ae6dd1 from etiene32
[22:11:02][DEBUG] : etiene32 released lock update-fd66a2fa-846e-45d2-92f1-6377547aeb29
[22:11:02][DEBUG] : Saving vessel fd66a2fa-846e-45d2-92f1-6377547aeb29 from etiene32
[22:11:02][DEBUG] : Saving vessel 28917d6b-4edb-4532-8e03-3faa5425ded6 from etiene32
[22:11:02][DEBUG] : etiene32 released lock update-28917d6b-4edb-4532-8e03-3faa5425ded6
[22:11:03][DEBUG] : Saving vessel 39e1723d-b2b2-4026-9a20-c33addb77f45 from etiene32
[22:11:03][DEBUG] : etiene32 released lock update-39e1723d-b2b2-4026-9a20-c33addb77f45
[22:11:11][DEBUG] : Saving 1 scenario modules from etiene32
[22:11:17][DEBUG] : Relaying FLYING vessel 999fa0eb-9af2-4c87-9558-2240b05d7b25 from etiene32
[22:11:41][DEBUG] : Saving 1 scenario modules from etiene32
[22:11:48][DEBUG] : Relaying FLYING vessel 999fa0eb-9af2-4c87-9558-2240b05d7b25 from etiene32
[22:11:48][DEBUG] : etiene32 acquired lock update-8390c813-1217-44dd-bccd-3d789fb18c22
[22:11:48][DEBUG] : Relaying FLYING vessel 8390c813-1217-44dd-bccd-3d789fb18c22 from etiene32
[22:11:48][DEBUG] : etiene32 acquired lock update-f9e5b7c4-c2cc-48be-ab03-7bfafe7217d5
[22:11:48][DEBUG] : Relaying FLYING vessel f9e5b7c4-c2cc-48be-ab03-7bfafe7217d5 from etiene32
[22:11:48][DEBUG] : etiene32 acquired lock update-ca2b7611-0123-4e05-adb1-877a18b535e3
[22:11:48][DEBUG] : Relaying FLYING vessel ca2b7611-0123-4e05-adb1-877a18b535e3 from etiene32
[22:11:48][DEBUG] : etiene32 acquired lock update-37d15973-f7dc-4d6b-bb1e-9538fd1193e0
[22:11:48][DEBUG] : Relaying FLYING vessel 37d15973-f7dc-4d6b-bb1e-9538fd1193e0 from etiene32
[22:11:49][DEBUG] : etiene32 acquired lock update-269f469b-9a4b-4c72-9005-076ff44d0c75
[22:11:49][DEBUG] : Relaying FLYING vessel 269f469b-9a4b-4c72-9005-076ff44d0c75 from etiene32
[22:11:49][DEBUG] : Relaying FLYING vessel f9e5b7c4-c2cc-48be-ab03-7bfafe7217d5 from etiene32
[22:11:49][DEBUG] : Removing vessel f9e5b7c4-c2cc-48be-ab03-7bfafe7217d5 from etiene32
[22:11:49][DEBUG] : Removing vessel 269f469b-9a4b-4c72-9005-076ff44d0c75 from etiene32
[22:11:49][DEBUG] : etiene32 acquired lock update-9bbd19e4-4918-4a2e-8143-cf621d55fda3
[22:11:49][DEBUG] : Relaying FLYING vessel 9bbd19e4-4918-4a2e-8143-cf621d55fda3 from etiene32
[22:11:49][DEBUG] : etiene32 acquired lock update-54dae5e7-bccf-4035-8b9d-76243dc3872f
[22:11:49][DEBUG] : Relaying FLYING vessel 54dae5e7-bccf-4035-8b9d-76243dc3872f from etiene32
[22:11:49][DEBUG] : etiene32 acquired lock update-009d2073-b427-4bc7-bb5b-9e7418a82b73
[22:11:49][DEBUG] : Relaying FLYING vessel 009d2073-b427-4bc7-bb5b-9e7418a82b73 from etiene32
[22:11:49][DEBUG] : etiene32 acquired lock update-85d4fb1f-593e-446a-8cff-9bcbefa93f39
[22:11:49][DEBUG] : Relaying FLYING vessel 85d4fb1f-593e-446a-8cff-9bcbefa93f39 from etiene32
[22:11:54][DEBUG] : etiene32 released lock update-269f469b-9a4b-4c72-9005-076ff44d0c75
[22:11:54][DEBUG] : etiene32 released lock update-f9e5b7c4-c2cc-48be-ab03-7bfafe7217d5
[22:12:14][DEBUG] : Saving 1 scenario modules from etiene32
[22:12:18][DEBUG] : etiene32 released lock update-54dae5e7-bccf-4035-8b9d-76243dc3872f
[22:12:18][DEBUG] : etiene32 released lock update-9bbd19e4-4918-4a2e-8143-cf621d55fda3
[22:12:18][DEBUG] : etiene32 released lock update-009d2073-b427-4bc7-bb5b-9e7418a82b73
[22:12:18][DEBUG] : etiene32 released lock update-37d15973-f7dc-4d6b-bb1e-9538fd1193e0
[22:12:18][DEBUG] : etiene32 released lock update-85d4fb1f-593e-446a-8cff-9bcbefa93f39
[22:12:18][DEBUG] : etiene32 released lock update-ca2b7611-0123-4e05-adb1-877a18b535e3
[22:12:18][DEBUG] : etiene32 released lock update-8390c813-1217-44dd-bccd-3d789fb18c22
[22:12:18][DEBUG] : etiene32 released lock update-999fa0eb-9af2-4c87-9558-2240b05d7b25
[22:12:18][DEBUG] : etiene32 released lock control-999fa0eb-9af2-4c87-9558-2240b05d7b25
[22:15:01][DEBUG] : Create subspace
[22:15:01][DEBUG] : Sending etiene32 to subspace 132
[22:15:05][DEBUG] : etiene32 acquired lock control-e9741df2-e975-4da0-baf5-843dbc17e267
[22:15:05][DEBUG] : etiene32 acquired lock update-e9741df2-e975-4da0-baf5-843dbc17e267
[22:15:06][DEBUG] : Saving vessel e9741df2-e975-4da0-baf5-843dbc17e267 from etiene32
[22:15:11][DEBUG] : Saving vessel e9741df2-e975-4da0-baf5-843dbc17e267 from etiene32
[22:15:11][DEBUG] : etiene32 acquired lock update-9387ca3d-c345-4a3e-8442-23aa0ea78b27
[22:15:11][DEBUG] : Saving vessel 9387ca3d-c345-4a3e-8442-23aa0ea78b27 from etiene32
[22:15:14][DEBUG] : Relaying FLYING vessel e9741df2-e975-4da0-baf5-843dbc17e267 from etiene32
[22:15:14][DEBUG] : etiene32 acquired lock update-b1be2aa5-0243-404f-895c-cd7fd419558a
[22:15:14][DEBUG] : Saving vessel b1be2aa5-0243-404f-895c-cd7fd419558a from etiene32
[22:15:14][DEBUG] : etiene32 acquired lock update-ea704464-783e-4dba-8c8b-b5f5d450924f
[22:15:14][DEBUG] : Saving vessel ea704464-783e-4dba-8c8b-b5f5d450924f from etiene32
[22:15:14][DEBUG] : etiene32 acquired lock update-bf4d7bbb-625e-4e29-b2a3-c9474d3a7241
[22:15:14][DEBUG] : Saving vessel bf4d7bbb-625e-4e29-b2a3-c9474d3a7241 from etiene32
[22:15:14][DEBUG] : etiene32 acquired lock update-dc0f1e44-f3f9-4617-81c3-209bc62ce3d4
[22:15:14][DEBUG] : Saving vessel dc0f1e44-f3f9-4617-81c3-209bc62ce3d4 from etiene32
[22:15:14][DEBUG] : etiene32 acquired lock update-e598f552-7791-44a5-a6c2-288a2dcabfb6
[22:15:14][DEBUG] : Saving vessel e598f552-7791-44a5-a6c2-288a2dcabfb6 from etiene32
[22:15:16][DEBUG] : Saving 1 scenario modules from etiene32
[22:15:27][DEBUG] : Saving vessel e598f552-7791-44a5-a6c2-288a2dcabfb6 from etiene32
[22:15:27][DEBUG] : etiene32 released lock update-e598f552-7791-44a5-a6c2-288a2dcabfb6
[22:15:27][DEBUG] : etiene32 released lock update-dc0f1e44-f3f9-4617-81c3-209bc62ce3d4
[22:15:27][DEBUG] : Saving vessel dc0f1e44-f3f9-4617-81c3-209bc62ce3d4 from etiene32
[22:15:27][DEBUG] : etiene32 released lock update-bf4d7bbb-625e-4e29-b2a3-c9474d3a7241
[22:15:27][DEBUG] : Saving vessel bf4d7bbb-625e-4e29-b2a3-c9474d3a7241 from etiene32
[22:15:27][DEBUG] : etiene32 released lock update-ea704464-783e-4dba-8c8b-b5f5d450924f
[22:15:27][DEBUG] : Saving vessel ea704464-783e-4dba-8c8b-b5f5d450924f from etiene32
[22:15:27][DEBUG] : etiene32 released lock update-b1be2aa5-0243-404f-895c-cd7fd419558a
[22:15:28][DEBUG] : Saving vessel b1be2aa5-0243-404f-895c-cd7fd419558a from etiene32
[22:15:28][DEBUG] : etiene32 released lock update-9387ca3d-c345-4a3e-8442-23aa0ea78b27
[22:15:28][DEBUG] : Saving vessel 9387ca3d-c345-4a3e-8442-23aa0ea78b27 from etiene32
[22:15:44][DEBUG] : Relaying FLYING vessel e9741df2-e975-4da0-baf5-843dbc17e267 from etiene32
[22:15:46][DEBUG] : Saving 1 scenario modules from etiene32
[22:16:12][DEBUG] : Relaying FLYING vessel e9741df2-e975-4da0-baf5-843dbc17e267 from etiene32
[22:16:12][DEBUG] : etiene32 acquired lock update-c477fae9-b080-4bd0-9e19-f181422d97e6
[22:16:12][DEBUG] : Relaying FLYING vessel c477fae9-b080-4bd0-9e19-f181422d97e6 from etiene32
[22:16:12][DEBUG] : etiene32 acquired lock update-3b31d3d0-4c92-441d-a254-6fae417f7bbe
[22:16:12][DEBUG] : Relaying FLYING vessel 3b31d3d0-4c92-441d-a254-6fae417f7bbe from etiene32
[22:16:12][DEBUG] : etiene32 acquired lock update-df5e22c7-fee2-4357-9292-c38cbb019034
[22:16:12][DEBUG] : Relaying FLYING vessel df5e22c7-fee2-4357-9292-c38cbb019034 from etiene32
[22:16:12][DEBUG] : etiene32 acquired lock update-0f69c4b5-1686-43ac-8b03-27ff6f885f9c
[22:16:12][DEBUG] : Relaying FLYING vessel 0f69c4b5-1686-43ac-8b03-27ff6f885f9c from etiene32
[22:16:12][DEBUG] : etiene32 acquired lock update-32e3cd37-d1a3-4732-8284-75aff64af8bc
[22:16:12][DEBUG] : Relaying FLYING vessel 32e3cd37-d1a3-4732-8284-75aff64af8bc from etiene32
[22:16:12][DEBUG] : Relaying FLYING vessel 0f69c4b5-1686-43ac-8b03-27ff6f885f9c from etiene32
[22:16:13][DEBUG] : Removing vessel 32e3cd37-d1a3-4732-8284-75aff64af8bc from etiene32
[22:16:13][DEBUG] : etiene32 acquired lock update-618c8f59-51b0-4a59-8878-624d4bbff92d
[22:16:13][DEBUG] : Relaying FLYING vessel 618c8f59-51b0-4a59-8878-624d4bbff92d from etiene32
[22:16:13][DEBUG] : etiene32 acquired lock update-a554ffa8-a588-4c5c-8f7c-5674daed5052
[22:16:13][DEBUG] : Relaying FLYING vessel a554ffa8-a588-4c5c-8f7c-5674daed5052 from etiene32
[22:16:13][DEBUG] : etiene32 acquired lock update-0c546780-eb5c-4e3c-a8c1-e674019dc7e9
[22:16:13][DEBUG] : Relaying FLYING vessel 0c546780-eb5c-4e3c-a8c1-e674019dc7e9 from etiene32
[22:16:13][DEBUG] : etiene32 acquired lock update-9ad176cf-6b17-4631-b601-37964a17c2fb
[22:16:13][DEBUG] : Relaying FLYING vessel 9ad176cf-6b17-4631-b601-37964a17c2fb from etiene32
[22:16:16][DEBUG] : Saving 1 scenario modules from etiene32
[22:16:17][DEBUG] : etiene32 released lock update-32e3cd37-d1a3-4732-8284-75aff64af8bc
[22:16:21][DEBUG] : Online players is now: 1, connected: 2
[22:16:21][INFO] : New client connection from [::ffff:127.0.0.1]:55120
[22:16:21][INFO] : Client Nanshue handshook successfully, version: v0.2.4.5
[22:16:21][DEBUG] : Online players is now: 2, connected: 2
[22:16:21][DEBUG] : Sending Nanshue to subspace 128
[22:16:21][DEBUG] : Sending Nanshue 5 craft library entries
[22:16:21][DEBUG] : Sending Nanshue 20 kerbals...
[22:16:22][DEBUG] : Sending Nanshue 29 vessels, cached: 77...
[22:16:42][DEBUG] : etiene32 released lock update-a554ffa8-a588-4c5c-8f7c-5674daed5052
[22:16:42][DEBUG] : etiene32 released lock update-618c8f59-51b0-4a59-8878-624d4bbff92d
[22:16:42][DEBUG] : etiene32 released lock update-9ad176cf-6b17-4631-b601-37964a17c2fb
[22:16:42][DEBUG] : etiene32 released lock update-0f69c4b5-1686-43ac-8b03-27ff6f885f9c
[22:16:42][DEBUG] : etiene32 released lock update-0c546780-eb5c-4e3c-a8c1-e674019dc7e9
[22:16:42][DEBUG] : etiene32 released lock update-df5e22c7-fee2-4357-9292-c38cbb019034
[22:16:42][DEBUG] : etiene32 released lock update-3b31d3d0-4c92-441d-a254-6fae417f7bbe
[22:16:42][DEBUG] : etiene32 released lock update-c477fae9-b080-4bd0-9e19-f181422d97e6
[22:16:42][DEBUG] : etiene32 released lock update-e9741df2-e975-4da0-baf5-843dbc17e267
[22:16:42][DEBUG] : etiene32 released lock control-e9741df2-e975-4da0-baf5-843dbc17e267
[22:16:46][DEBUG] : Saving 1 scenario modules from etiene32
[22:16:53][DEBUG] : Saving 7 scenario modules from Nanshue
[22:17:39][DEBUG] : Nanshue sent connection end message, reason: Quit to main menu
[22:17:39][DEBUG] : Online players is now: 1, connected: 1
[22:17:41][DEBUG] : Create subspace
[22:17:41][DEBUG] : Sending etiene32 to subspace 133
[22:17:45][DEBUG] : etiene32 acquired lock control-f9b777f2-4144-46c3-9934-51c76f372230
[22:17:45][DEBUG] : etiene32 acquired lock update-f9b777f2-4144-46c3-9934-51c76f372230
[22:17:45][DEBUG] : Saving vessel f9b777f2-4144-46c3-9934-51c76f372230 from etiene32
[22:17:46][DEBUG] : Saving 1 scenario modules from etiene32
[22:17:50][DEBUG] : Saving vessel f9b777f2-4144-46c3-9934-51c76f372230 from etiene32
[22:17:50][DEBUG] : etiene32 acquired lock update-417bdb5e-1309-4b89-b653-ec9a1b344f12
[22:17:51][DEBUG] : Saving vessel 417bdb5e-1309-4b89-b653-ec9a1b344f12 from etiene32
[22:17:54][DEBUG] : Relaying FLYING vessel f9b777f2-4144-46c3-9934-51c76f372230 from etiene32
[22:17:54][DEBUG] : etiene32 acquired lock update-a5fb8460-1e74-42df-b4ff-5c2d2b229959
[22:17:54][DEBUG] : Saving vessel a5fb8460-1e74-42df-b4ff-5c2d2b229959 from etiene32
[22:17:54][DEBUG] : etiene32 acquired lock update-788a549a-0b02-4b50-a5ff-2e0abeec65d6
[22:17:54][DEBUG] : Saving vessel 788a549a-0b02-4b50-a5ff-2e0abeec65d6 from etiene32
[22:17:54][DEBUG] : etiene32 acquired lock update-1630ee16-6ac7-46fd-bfa7-ccb4a7491141
[22:17:54][DEBUG] : Saving vessel 1630ee16-6ac7-46fd-bfa7-ccb4a7491141 from etiene32
[22:17:54][DEBUG] : etiene32 acquired lock update-54a374e2-5b5c-4c83-b1f0-5ff45a3d206e
[22:17:54][DEBUG] : Saving vessel 54a374e2-5b5c-4c83-b1f0-5ff45a3d206e from etiene32
[22:17:54][DEBUG] : etiene32 acquired lock update-4722e8d9-3e75-48ac-9f0f-f967913a1261
[22:17:54][DEBUG] : Saving vessel 4722e8d9-3e75-48ac-9f0f-f967913a1261 from etiene32
[22:18:07][DEBUG] : Saving vessel 4722e8d9-3e75-48ac-9f0f-f967913a1261 from etiene32
[22:18:07][DEBUG] : etiene32 released lock update-4722e8d9-3e75-48ac-9f0f-f967913a1261
[22:18:07][DEBUG] : etiene32 released lock update-54a374e2-5b5c-4c83-b1f0-5ff45a3d206e
[22:18:08][DEBUG] : Saving vessel 54a374e2-5b5c-4c83-b1f0-5ff45a3d206e from etiene32
[22:18:08][DEBUG] : etiene32 released lock update-1630ee16-6ac7-46fd-bfa7-ccb4a7491141
[22:18:08][DEBUG] : Saving vessel 1630ee16-6ac7-46fd-bfa7-ccb4a7491141 from etiene32
[22:18:08][DEBUG] : Saving vessel 788a549a-0b02-4b50-a5ff-2e0abeec65d6 from etiene32
[22:18:08][DEBUG] : etiene32 released lock update-788a549a-0b02-4b50-a5ff-2e0abeec65d6
[22:18:08][DEBUG] : Saving vessel a5fb8460-1e74-42df-b4ff-5c2d2b229959 from etiene32
[22:18:08][DEBUG] : etiene32 released lock update-a5fb8460-1e74-42df-b4ff-5c2d2b229959
[22:18:08][DEBUG] : Saving vessel 417bdb5e-1309-4b89-b653-ec9a1b344f12 from etiene32
[22:18:08][DEBUG] : etiene32 released lock update-417bdb5e-1309-4b89-b653-ec9a1b344f12
[22:18:16][DEBUG] : Saving 1 scenario modules from etiene32
[22:18:24][DEBUG] : Relaying FLYING vessel f9b777f2-4144-46c3-9934-51c76f372230 from etiene32
[22:18:46][DEBUG] : Saving 1 scenario modules from etiene32
[22:18:50][DEBUG] : Relaying FLYING vessel f9b777f2-4144-46c3-9934-51c76f372230 from etiene32
[22:18:50][DEBUG] : etiene32 acquired lock update-8c953805-4d8b-4b15-b555-49ca523dcf02
[22:18:50][DEBUG] : Relaying FLYING vessel 8c953805-4d8b-4b15-b555-49ca523dcf02 from etiene32
[22:18:50][DEBUG] : etiene32 acquired lock update-a8d28c16-8f7d-4b93-b470-bc866c84ebce
[22:18:50][DEBUG] : Relaying FLYING vessel a8d28c16-8f7d-4b93-b470-bc866c84ebce from etiene32
[22:18:50][DEBUG] : etiene32 acquired lock update-74aee276-3719-4c75-b08f-171f04a2c842
[22:18:50][DEBUG] : Relaying FLYING vessel 74aee276-3719-4c75-b08f-171f04a2c842 from etiene32
[22:18:50][DEBUG] : etiene32 acquired lock update-73648be2-4b83-401e-9049-558e9c40e9bf
[22:18:50][DEBUG] : Relaying FLYING vessel 73648be2-4b83-401e-9049-558e9c40e9bf from etiene32
[22:18:50][DEBUG] : Removing vessel 73648be2-4b83-401e-9049-558e9c40e9bf from etiene32
[22:18:50][DEBUG] : etiene32 acquired lock update-eae18ca3-668e-4d15-9a58-738f191aa41a
[22:18:50][DEBUG] : Relaying FLYING vessel eae18ca3-668e-4d15-9a58-738f191aa41a from etiene32
[22:18:51][DEBUG] : Removing vessel eae18ca3-668e-4d15-9a58-738f191aa41a from etiene32
[22:18:51][DEBUG] : etiene32 acquired lock update-8ba57354-50b8-4e29-be34-2123ec746cca
[22:18:51][DEBUG] : Relaying FLYING vessel 8ba57354-50b8-4e29-be34-2123ec746cca from etiene32
[22:18:51][DEBUG] : etiene32 acquired lock update-6674b144-6e65-414c-86f9-7eb52cce9204
[22:18:51][DEBUG] : Relaying FLYING vessel 6674b144-6e65-414c-86f9-7eb52cce9204 from etiene32
[22:18:51][DEBUG] : etiene32 acquired lock update-7cbbbb8c-591a-48c4-804b-4d063fc3b382
[22:18:51][DEBUG] : Relaying FLYING vessel 7cbbbb8c-591a-48c4-804b-4d063fc3b382 from etiene32
[22:18:51][DEBUG] : etiene32 acquired lock update-6a7311e9-4686-4056-9b5e-d2e9f0d34af0
[22:18:51][DEBUG] : Relaying FLYING vessel 6a7311e9-4686-4056-9b5e-d2e9f0d34af0 from etiene32
[22:18:55][DEBUG] : etiene32 released lock update-73648be2-4b83-401e-9049-558e9c40e9bf
[22:18:55][DEBUG] : etiene32 released lock update-eae18ca3-668e-4d15-9a58-738f191aa41a
[22:19:16][DEBUG] : etiene32 released lock update-7cbbbb8c-591a-48c4-804b-4d063fc3b382
[22:19:16][DEBUG] : etiene32 released lock update-6674b144-6e65-414c-86f9-7eb52cce9204
[22:19:16][DEBUG] : etiene32 released lock update-6a7311e9-4686-4056-9b5e-d2e9f0d34af0
[22:19:16][DEBUG] : etiene32 released lock update-8ba57354-50b8-4e29-be34-2123ec746cca
[22:19:16][DEBUG] : etiene32 released lock update-74aee276-3719-4c75-b08f-171f04a2c842
[22:19:16][DEBUG] : etiene32 released lock update-a8d28c16-8f7d-4b93-b470-bc866c84ebce
[22:19:16][DEBUG] : etiene32 released lock update-8c953805-4d8b-4b15-b555-49ca523dcf02
[22:19:16][DEBUG] : etiene32 released lock update-f9b777f2-4144-46c3-9934-51c76f372230
[22:19:16][DEBUG] : etiene32 released lock control-f9b777f2-4144-46c3-9934-51c76f372230
[22:19:16][DEBUG] : Saving 1 scenario modules from etiene32
[22:20:12][DEBUG] : Online players is now: 1, connected: 2
[22:20:12][INFO] : New client connection from [::ffff:127.0.0.1]:55132
[22:20:12][INFO] : Client Nanshue handshook successfully, version: v0.2.4.5
[22:20:12][DEBUG] : Online players is now: 2, connected: 2
[22:20:13][DEBUG] : Sending Nanshue to subspace 128
[22:20:13][DEBUG] : Sending Nanshue 5 craft library entries
[22:20:13][DEBUG] : Sending Nanshue 20 kerbals...
[22:20:13][DEBUG] : Sending Nanshue 7 vessels, cached: 106...
[22:20:44][DEBUG] : Saving 7 scenario modules from Nanshue
[22:24:14][DEBUG] : Saving 3 scenario modules from Nanshue
[22:24:26][DEBUG] : Nanshue sent connection end message, reason: Quit to main menu
[22:24:26][DEBUG] : Online players is now: 1, connected: 1
[22:24:39][INFO] : Command input: /quit
[22:24:39][INFO] : Shutting down
[22:24:39][INFO] : Disconnecting client etiene32, sent CONNECTION_END (Server is shutting down) to endpoint [::ffff:81.67.222.35]:46495
[22:24:39][DEBUG] : Online players is now: 0, connected: 0
[22:24:39][INFO] : Goodbye!
