[23:19:35][DEBUG] : Loading settings...
[23:19:35][DEBUG] : System.IO compression works: True, test time: 3 ms.
[23:19:35][DEBUG] : Loading plugins!
[23:19:35][DEBUG] : Done!
[23:19:35][INFO] : Starting DMPServer v0.2.4.5, protocol 45
[23:19:35][INFO] : Loading universe... 
[23:19:35][INFO] : Starting SUBSPACE server on port 6702... 
[23:19:35][INFO] : Removed 0 debris
[23:19:35][INFO] : Ready!
[23:20:01][DEBUG] : Online players is now: 0, connected: 1
[23:20:01][INFO] : New client connection from [::ffff:127.0.0.1]:63302
[23:20:01][DEBUG] : Loading admins
[23:20:01][INFO] : Client Nanshue handshook successfully, version: v0.2.4.5
[23:20:01][DEBUG] : Online players is now: 1, connected: 1
[23:20:01][DEBUG] : Nanshue sent connection end message, reason: Failed mod validation
[23:20:01][DEBUG] : Online players is now: 0, connected: 0
[23:20:41][DEBUG] : Online players is now: 0, connected: 1
[23:20:41][INFO] : New client connection from [::ffff:90.119.157.93]:41579
[23:20:41][INFO] : Client etiene32 handshook successfully, version: v0.2.4.5
[23:20:41][DEBUG] : Online players is now: 1, connected: 1
[23:20:42][DEBUG] : Sending etiene32 to subspace 120
[23:20:42][DEBUG] : Sending etiene32 3 craft library entries
[23:20:42][DEBUG] : Sending etiene32 20 kerbals...
[23:20:42][DEBUG] : Sending etiene32 56 vessels, cached: 0...
[23:20:47][DEBUG] : etiene32 acquired lock asteroid-spawning
[23:21:17][DEBUG] : Saving 11 scenario modules from etiene32
[23:22:02][DEBUG] : Online players is now: 1, connected: 2
[23:22:02][INFO] : New client connection from [::ffff:127.0.0.1]:63309
[23:22:02][INFO] : Client Nanshue handshook successfully, version: v0.2.4.5
[23:22:02][DEBUG] : Online players is now: 2, connected: 2
[23:22:02][DEBUG] : Sending Nanshue to subspace 120
[23:22:02][DEBUG] : Sending Nanshue 3 craft library entries
[23:22:02][DEBUG] : Sending Nanshue 20 kerbals...
[23:22:03][DEBUG] : Sending Nanshue 0 vessels, cached: 56...
[23:22:34][DEBUG] : Saving 11 scenario modules from Nanshue
[23:38:56][DEBUG] : Saving screenshot from Nanshue
[23:39:20][DEBUG] : etiene32 is watching screenshots from Nanshue
[23:39:20][DEBUG] : Sending saved screenshot from Nanshue to etiene32
[23:39:20][DEBUG] : Optimizing etiene32 (1168806 bytes queued)
[23:39:20][DEBUG] : Optimized 0 bytes in 1,001 ms.
[23:39:55][DEBUG] : etiene32 is no longer watching screenshots from Nanshue
[23:41:21][DEBUG] : Nanshue acquired lock control-78f733dd-9712-4f64-ad52-18b9489e1aff
[23:41:21][DEBUG] : Nanshue acquired lock update-78f733dd-9712-4f64-ad52-18b9489e1aff
[23:41:21][DEBUG] : Saving vessel 78f733dd-9712-4f64-ad52-18b9489e1aff from Nanshue
[23:41:34][DEBUG] : Saving 2 scenario modules from Nanshue
[23:41:51][DEBUG] : Saving vessel 78f733dd-9712-4f64-ad52-18b9489e1aff from Nanshue
[23:42:04][DEBUG] : Saving 1 scenario modules from Nanshue
[23:42:08][DEBUG] : Saving vessel 78f733dd-9712-4f64-ad52-18b9489e1aff from Nanshue
[23:42:08][DEBUG] : Nanshue acquired lock update-a542ad3f-d694-4048-8100-f13cae6d0308
[23:42:08][DEBUG] : Saving vessel a542ad3f-d694-4048-8100-f13cae6d0308 from Nanshue
[23:42:09][DEBUG] : Saving vessel 78f733dd-9712-4f64-ad52-18b9489e1aff from Nanshue
[23:42:09][DEBUG] : Nanshue acquired lock update-ec83ac5c-65ad-42fb-8eb3-10facdd1f903
[23:42:09][DEBUG] : Saving vessel ec83ac5c-65ad-42fb-8eb3-10facdd1f903 from Nanshue
[23:42:34][DEBUG] : Saving 1 scenario modules from Nanshue
[23:42:41][DEBUG] : Nanshue released lock update-78f733dd-9712-4f64-ad52-18b9489e1aff
[23:42:41][DEBUG] : Nanshue released lock update-a542ad3f-d694-4048-8100-f13cae6d0308
[23:42:41][DEBUG] : Nanshue released lock update-ec83ac5c-65ad-42fb-8eb3-10facdd1f903
[23:42:41][DEBUG] : Nanshue released lock control-78f733dd-9712-4f64-ad52-18b9489e1aff
[23:43:04][DEBUG] : Saving 1 scenario modules from Nanshue
[23:43:13][DEBUG] : Create subspace
[23:43:13][DEBUG] : Sending Nanshue to subspace 121
[23:43:15][DEBUG] : Nanshue acquired lock control-5df02355-83bd-4465-b456-c1107eb250f9
[23:43:15][DEBUG] : Nanshue acquired lock update-5df02355-83bd-4465-b456-c1107eb250f9
[23:43:15][DEBUG] : Saving vessel 5df02355-83bd-4465-b456-c1107eb250f9 from Nanshue
[23:43:19][DEBUG] : Saving vessel 5df02355-83bd-4465-b456-c1107eb250f9 from Nanshue
[23:43:19][DEBUG] : Nanshue acquired lock update-3b6ed71b-e5b1-4c68-ac88-2122440e056d
[23:43:19][DEBUG] : Saving vessel 3b6ed71b-e5b1-4c68-ac88-2122440e056d from Nanshue
[23:43:21][DEBUG] : Relaying FLYING vessel 5df02355-83bd-4465-b456-c1107eb250f9 from Nanshue
[23:43:21][DEBUG] : Nanshue acquired lock update-d5c1c742-f54b-4021-93be-71b1749df9da
[23:43:21][DEBUG] : Saving vessel d5c1c742-f54b-4021-93be-71b1749df9da from Nanshue
[23:43:21][DEBUG] : Saving vessel 5df02355-83bd-4465-b456-c1107eb250f9 from Nanshue
[23:43:26][DEBUG] : Relaying FLYING vessel 5df02355-83bd-4465-b456-c1107eb250f9 from Nanshue
[23:43:26][DEBUG] : Relaying FLYING vessel 5df02355-83bd-4465-b456-c1107eb250f9 from Nanshue
[23:43:26][DEBUG] : Nanshue acquired lock update-8cbb2715-e8a0-4cf3-86f0-4ddd9e4594cf
[23:43:26][DEBUG] : Relaying FLYING vessel 8cbb2715-e8a0-4cf3-86f0-4ddd9e4594cf from Nanshue
[23:43:26][DEBUG] : Nanshue acquired lock update-5ca9294d-4248-4947-9578-2288677ea80d
[23:43:26][DEBUG] : Relaying FLYING vessel 5ca9294d-4248-4947-9578-2288677ea80d from Nanshue
[23:43:26][DEBUG] : Relaying FLYING vessel 5df02355-83bd-4465-b456-c1107eb250f9 from Nanshue
[23:43:26][DEBUG] : Relaying FLYING vessel 5df02355-83bd-4465-b456-c1107eb250f9 from Nanshue
[23:43:26][DEBUG] : Nanshue acquired lock update-6e96bc3e-4db7-44e3-91b1-0c7daaa5ccb1
[23:43:26][DEBUG] : Relaying FLYING vessel 6e96bc3e-4db7-44e3-91b1-0c7daaa5ccb1 from Nanshue
[23:43:26][DEBUG] : Nanshue acquired lock update-b5f5fa53-13d2-46fc-aabc-58fbf060a9cb
[23:43:26][DEBUG] : Relaying FLYING vessel b5f5fa53-13d2-46fc-aabc-58fbf060a9cb from Nanshue
[23:43:26][DEBUG] : Relaying FLYING vessel b5f5fa53-13d2-46fc-aabc-58fbf060a9cb from Nanshue
[23:43:26][DEBUG] : Removing vessel b5f5fa53-13d2-46fc-aabc-58fbf060a9cb from Nanshue
[23:43:26][DEBUG] : Saving vessel 6e96bc3e-4db7-44e3-91b1-0c7daaa5ccb1 from Nanshue
[23:43:26][DEBUG] : Removing vessel 5ca9294d-4248-4947-9578-2288677ea80d from Nanshue
[23:43:26][DEBUG] : Removing vessel 8cbb2715-e8a0-4cf3-86f0-4ddd9e4594cf from Nanshue
[23:43:33][DEBUG] : Removing vessel 5df02355-83bd-4465-b456-c1107eb250f9 from Nanshue
[23:43:36][DEBUG] : Nanshue released lock update-d5c1c742-f54b-4021-93be-71b1749df9da
[23:43:36][DEBUG] : Nanshue released lock update-3b6ed71b-e5b1-4c68-ac88-2122440e056d
[23:43:36][DEBUG] : Nanshue released lock update-5df02355-83bd-4465-b456-c1107eb250f9
[23:43:36][DEBUG] : Nanshue released lock update-8cbb2715-e8a0-4cf3-86f0-4ddd9e4594cf
[23:43:36][DEBUG] : Nanshue released lock update-5ca9294d-4248-4947-9578-2288677ea80d
[23:43:36][DEBUG] : Nanshue released lock update-6e96bc3e-4db7-44e3-91b1-0c7daaa5ccb1
[23:43:36][DEBUG] : Nanshue released lock update-b5f5fa53-13d2-46fc-aabc-58fbf060a9cb
[23:43:36][DEBUG] : Nanshue released lock control-5df02355-83bd-4465-b456-c1107eb250f9
[23:43:44][DEBUG] : Create subspace
[23:43:44][DEBUG] : Sending Nanshue to subspace 122
[23:43:46][DEBUG] : Nanshue acquired lock control-221d9d76-ca7d-48c3-80f2-c89b2a5e1c73
[23:43:46][DEBUG] : Nanshue acquired lock update-221d9d76-ca7d-48c3-80f2-c89b2a5e1c73
[23:43:47][DEBUG] : Saving vessel 221d9d76-ca7d-48c3-80f2-c89b2a5e1c73 from Nanshue
[23:43:51][DEBUG] : Saving vessel 221d9d76-ca7d-48c3-80f2-c89b2a5e1c73 from Nanshue
[23:43:51][DEBUG] : Nanshue acquired lock update-a6af9aa2-3e5b-4cae-9fc7-4ab4ce5c5220
[23:43:51][DEBUG] : Saving vessel a6af9aa2-3e5b-4cae-9fc7-4ab4ce5c5220 from Nanshue
[23:43:55][DEBUG] : Relaying FLYING vessel 221d9d76-ca7d-48c3-80f2-c89b2a5e1c73 from Nanshue
[23:43:55][DEBUG] : Nanshue acquired lock update-8f85131e-01de-42d5-a5f8-bbf5d2e774a4
[23:43:55][DEBUG] : Saving vessel 8f85131e-01de-42d5-a5f8-bbf5d2e774a4 from Nanshue
[23:43:57][DEBUG] : Saving 1 scenario modules from etiene32
[23:44:05][DEBUG] : Saving 1 scenario modules from Nanshue
[23:44:05][DEBUG] : Removing DOCKED vessel 00000000-0000-0000-0000-000000000000 from etiene32
[23:44:08][DEBUG] : etiene32 acquired lock control-34ef9148-c9a9-4694-9d5f-ce9a86b707ab
[23:44:08][DEBUG] : etiene32 acquired lock update-34ef9148-c9a9-4694-9d5f-ce9a86b707ab
[23:44:08][DEBUG] : Saving vessel 34ef9148-c9a9-4694-9d5f-ce9a86b707ab from etiene32
[23:44:09][DEBUG] : Saving vessel 34ef9148-c9a9-4694-9d5f-ce9a86b707ab from etiene32
[23:44:09][DEBUG] : etiene32 acquired lock update-21cf91b0-7cf6-4bf1-bd86-b73331b0f8a5
[23:44:09][DEBUG] : Relaying FLYING vessel 21cf91b0-7cf6-4bf1-bd86-b73331b0f8a5 from etiene32
[23:44:09][DEBUG] : etiene32 acquired lock update-41c8f375-d97d-47d0-a4ac-86ec352349f7
[23:44:09][DEBUG] : Relaying FLYING vessel 41c8f375-d97d-47d0-a4ac-86ec352349f7 from etiene32
[23:44:10][DEBUG] : Removing vessel 41c8f375-d97d-47d0-a4ac-86ec352349f7 from etiene32
[23:44:10][DEBUG] : Saving vessel 34ef9148-c9a9-4694-9d5f-ce9a86b707ab from etiene32
[23:44:10][DEBUG] : etiene32 acquired lock update-655d93a0-6e0f-4287-93a3-9a76c37344f9
[23:44:10][DEBUG] : Relaying FLYING vessel 655d93a0-6e0f-4287-93a3-9a76c37344f9 from etiene32
[23:44:10][DEBUG] : etiene32 acquired lock update-8a54648a-2812-496d-b2e8-5ee538b48225
[23:44:10][DEBUG] : Relaying FLYING vessel 8a54648a-2812-496d-b2e8-5ee538b48225 from etiene32
[23:44:10][DEBUG] : etiene32 acquired lock update-22e9c0b9-83c3-4cdd-b510-0b0bc4193ddb
[23:44:10][DEBUG] : Relaying FLYING vessel 22e9c0b9-83c3-4cdd-b510-0b0bc4193ddb from etiene32
[23:44:10][DEBUG] : Saving vessel 21cf91b0-7cf6-4bf1-bd86-b73331b0f8a5 from etiene32
[23:44:10][DEBUG] : Saving vessel 655d93a0-6e0f-4287-93a3-9a76c37344f9 from etiene32
[23:44:10][DEBUG] : Saving vessel 8a54648a-2812-496d-b2e8-5ee538b48225 from etiene32
[23:44:12][DEBUG] : Removing vessel 8a54648a-2812-496d-b2e8-5ee538b48225 from etiene32
[23:44:12][DEBUG] : etiene32 acquired lock update-ed5e7ca4-ec57-4b4c-b772-46287104921e
[23:44:12][DEBUG] : Relaying FLYING vessel ed5e7ca4-ec57-4b4c-b772-46287104921e from etiene32
[23:44:12][DEBUG] : etiene32 acquired lock update-87c933e6-1486-4661-b694-eb9e0b4657a8
[23:44:12][DEBUG] : Relaying FLYING vessel 87c933e6-1486-4661-b694-eb9e0b4657a8 from etiene32
[23:44:12][DEBUG] : Removing vessel 655d93a0-6e0f-4287-93a3-9a76c37344f9 from etiene32
[23:44:12][DEBUG] : etiene32 acquired lock update-cacd18b0-dd45-4422-b393-b2e54ef293ec
[23:44:12][DEBUG] : Relaying FLYING vessel cacd18b0-dd45-4422-b393-b2e54ef293ec from etiene32
[23:44:12][DEBUG] : etiene32 acquired lock update-c856a380-0f22-4e9f-acaa-8b5b55bcce7b
[23:44:12][DEBUG] : Relaying FLYING vessel c856a380-0f22-4e9f-acaa-8b5b55bcce7b from etiene32
[23:44:13][DEBUG] : Removing vessel 21cf91b0-7cf6-4bf1-bd86-b73331b0f8a5 from etiene32
[23:44:13][DEBUG] : etiene32 acquired lock update-78f733dd-9712-4f64-ad52-18b9489e1aff
[23:44:13][DEBUG] : etiene32 acquired lock update-a542ad3f-d694-4048-8100-f13cae6d0308
[23:44:13][DEBUG] : etiene32 acquired lock update-ec83ac5c-65ad-42fb-8eb3-10facdd1f903
[23:44:14][DEBUG] : Saving vessel 34ef9148-c9a9-4694-9d5f-ce9a86b707ab from etiene32
[23:44:14][DEBUG] : etiene32 acquired lock update-84f94e38-586c-4227-b816-2480a384ae0f
[23:44:14][DEBUG] : Saving vessel 84f94e38-586c-4227-b816-2480a384ae0f from etiene32
[23:44:15][DEBUG] : etiene32 released lock update-41c8f375-d97d-47d0-a4ac-86ec352349f7
[23:44:15][DEBUG] : Saving vessel 34ef9148-c9a9-4694-9d5f-ce9a86b707ab from etiene32
[23:44:15][DEBUG] : etiene32 acquired lock update-3b6ed71b-e5b1-4c68-ac88-2122440e056d
[23:44:15][DEBUG] : etiene32 acquired lock update-d5c1c742-f54b-4021-93be-71b1749df9da
[23:44:15][DEBUG] : etiene32 acquired lock update-6e96bc3e-4db7-44e3-91b1-0c7daaa5ccb1
[23:44:17][DEBUG] : etiene32 released lock update-655d93a0-6e0f-4287-93a3-9a76c37344f9
[23:44:17][DEBUG] : etiene32 released lock update-8a54648a-2812-496d-b2e8-5ee538b48225
[23:44:17][DEBUG] : Saving vessel 34ef9148-c9a9-4694-9d5f-ce9a86b707ab from etiene32
[23:44:17][DEBUG] : etiene32 acquired lock update-2eecd32e-291c-4815-a6ab-f426abd0074b
[23:44:17][DEBUG] : Relaying FLYING vessel 2eecd32e-291c-4815-a6ab-f426abd0074b from etiene32
[23:44:17][DEBUG] : etiene32 acquired lock update-763b455c-eff4-4d3a-950e-2c589816410b
[23:44:17][DEBUG] : Relaying FLYING vessel 763b455c-eff4-4d3a-950e-2c589816410b from etiene32
[23:44:17][DEBUG] : etiene32 acquired lock update-873d4f8f-7dd8-4710-90f1-28ee5fb26dfb
[23:44:17][DEBUG] : Relaying FLYING vessel 873d4f8f-7dd8-4710-90f1-28ee5fb26dfb from etiene32
[23:44:17][DEBUG] : etiene32 acquired lock update-c8a8f975-0ce7-4063-a2ba-597d8756dfe5
[23:44:17][DEBUG] : Relaying FLYING vessel c8a8f975-0ce7-4063-a2ba-597d8756dfe5 from etiene32
[23:44:17][DEBUG] : etiene32 acquired lock update-cfd5f634-e621-47db-8a2a-2c41f34fdbd6
[23:44:17][DEBUG] : Relaying FLYING vessel cfd5f634-e621-47db-8a2a-2c41f34fdbd6 from etiene32
[23:44:17][DEBUG] : etiene32 acquired lock update-e48312fe-882b-4899-8a2a-8c9fb596e296
[23:44:17][DEBUG] : Relaying FLYING vessel e48312fe-882b-4899-8a2a-8c9fb596e296 from etiene32
[23:44:18][DEBUG] : Removing vessel 22e9c0b9-83c3-4cdd-b510-0b0bc4193ddb from etiene32
[23:44:18][DEBUG] : etiene32 released lock update-21cf91b0-7cf6-4bf1-bd86-b73331b0f8a5
[23:44:18][DEBUG] : Saving vessel 8f85131e-01de-42d5-a5f8-bbf5d2e774a4 from Nanshue
[23:44:18][DEBUG] : Nanshue released lock update-8f85131e-01de-42d5-a5f8-bbf5d2e774a4
[23:44:18][DEBUG] : Removing vessel 87c933e6-1486-4661-b694-eb9e0b4657a8 from etiene32
[23:44:18][DEBUG] : Removing vessel ed5e7ca4-ec57-4b4c-b772-46287104921e from etiene32
[23:44:18][DEBUG] : Removing vessel cacd18b0-dd45-4422-b393-b2e54ef293ec from etiene32
[23:44:18][DEBUG] : Removing vessel c856a380-0f22-4e9f-acaa-8b5b55bcce7b from etiene32
[23:44:19][DEBUG] : Nanshue released lock update-a6af9aa2-3e5b-4cae-9fc7-4ab4ce5c5220
[23:44:19][DEBUG] : Saving vessel a6af9aa2-3e5b-4cae-9fc7-4ab4ce5c5220 from Nanshue
[23:44:19][DEBUG] : etiene32 acquired lock update-a6af9aa2-3e5b-4cae-9fc7-4ab4ce5c5220
[23:44:19][DEBUG] : etiene32 acquired lock update-75e84852-41e4-4af3-842e-335d90bd949a
[23:44:19][DEBUG] : Relaying FLYING vessel 75e84852-41e4-4af3-842e-335d90bd949a from etiene32
[23:44:19][DEBUG] : Removing vessel c8a8f975-0ce7-4063-a2ba-597d8756dfe5 from etiene32
[23:44:19][DEBUG] : Removing vessel e48312fe-882b-4899-8a2a-8c9fb596e296 from etiene32
[23:44:19][DEBUG] : Removing vessel cfd5f634-e621-47db-8a2a-2c41f34fdbd6 from etiene32
[23:44:19][DEBUG] : Removing vessel 873d4f8f-7dd8-4710-90f1-28ee5fb26dfb from etiene32
[23:44:19][DEBUG] : Removing vessel 2eecd32e-291c-4815-a6ab-f426abd0074b from etiene32
[23:44:19][DEBUG] : Removing vessel 763b455c-eff4-4d3a-950e-2c589816410b from etiene32
[23:44:20][DEBUG] : etiene32 released lock update-22e9c0b9-83c3-4cdd-b510-0b0bc4193ddb
[23:44:21][DEBUG] : etiene32 acquired lock update-8e227116-e2b2-4e03-92a7-1f8b9285122f
[23:44:21][DEBUG] : Relaying FLYING vessel 8e227116-e2b2-4e03-92a7-1f8b9285122f from etiene32
[23:44:21][DEBUG] : etiene32 acquired lock update-550e7fdd-e17a-4a7a-a4e1-ea8b7c2ae8a7
[23:44:22][DEBUG] : Relaying FLYING vessel 550e7fdd-e17a-4a7a-a4e1-ea8b7c2ae8a7 from etiene32
[23:44:22][DEBUG] : Removing vessel 75e84852-41e4-4af3-842e-335d90bd949a from etiene32
[23:44:22][DEBUG] : etiene32 released lock update-763b455c-eff4-4d3a-950e-2c589816410b
[23:44:22][DEBUG] : etiene32 released lock update-2eecd32e-291c-4815-a6ab-f426abd0074b
[23:44:22][DEBUG] : etiene32 released lock update-ed5e7ca4-ec57-4b4c-b772-46287104921e
[23:44:22][DEBUG] : etiene32 released lock update-87c933e6-1486-4661-b694-eb9e0b4657a8
[23:44:22][DEBUG] : etiene32 released lock update-cacd18b0-dd45-4422-b393-b2e54ef293ec
[23:44:22][DEBUG] : etiene32 released lock update-c856a380-0f22-4e9f-acaa-8b5b55bcce7b
[23:44:22][DEBUG] : etiene32 released lock update-84f94e38-586c-4227-b816-2480a384ae0f
[23:44:22][DEBUG] : etiene32 released lock update-873d4f8f-7dd8-4710-90f1-28ee5fb26dfb
[23:44:22][DEBUG] : etiene32 released lock update-c8a8f975-0ce7-4063-a2ba-597d8756dfe5
[23:44:22][DEBUG] : etiene32 released lock update-cfd5f634-e621-47db-8a2a-2c41f34fdbd6
[23:44:22][DEBUG] : Saving vessel 84f94e38-586c-4227-b816-2480a384ae0f from etiene32
[23:44:22][DEBUG] : etiene32 released lock update-e48312fe-882b-4899-8a2a-8c9fb596e296
[23:44:23][DEBUG] : etiene32 acquired lock update-84f94e38-586c-4227-b816-2480a384ae0f
[23:44:23][DEBUG] : Removing vessel 8e227116-e2b2-4e03-92a7-1f8b9285122f from etiene32
[23:44:23][DEBUG] : Removing vessel 550e7fdd-e17a-4a7a-a4e1-ea8b7c2ae8a7 from etiene32
[23:44:24][DEBUG] : etiene32 acquired lock update-8f85131e-01de-42d5-a5f8-bbf5d2e774a4
[23:44:24][DEBUG] : Saving vessel a6af9aa2-3e5b-4cae-9fc7-4ab4ce5c5220 from etiene32
[23:44:24][DEBUG] : etiene32 released lock update-a6af9aa2-3e5b-4cae-9fc7-4ab4ce5c5220
[23:44:24][DEBUG] : etiene32 acquired lock update-a6af9aa2-3e5b-4cae-9fc7-4ab4ce5c5220
[23:44:25][DEBUG] : Relaying FLYING vessel 221d9d76-ca7d-48c3-80f2-c89b2a5e1c73 from Nanshue
[23:44:26][DEBUG] : etiene32 released lock update-75e84852-41e4-4af3-842e-335d90bd949a
[23:44:27][DEBUG] : Saving 2 scenario modules from etiene32
[23:44:28][DEBUG] : etiene32 released lock update-8e227116-e2b2-4e03-92a7-1f8b9285122f
[23:44:28][DEBUG] : etiene32 released lock update-550e7fdd-e17a-4a7a-a4e1-ea8b7c2ae8a7
[23:44:33][DEBUG] : Saving vessel 78f733dd-9712-4f64-ad52-18b9489e1aff from etiene32
[23:44:33][DEBUG] : Saving vessel a542ad3f-d694-4048-8100-f13cae6d0308 from etiene32
[23:44:33][DEBUG] : Saving vessel ec83ac5c-65ad-42fb-8eb3-10facdd1f903 from etiene32
[23:44:34][DEBUG] : Saving vessel 3b6ed71b-e5b1-4c68-ac88-2122440e056d from etiene32
[23:44:34][DEBUG] : Saving vessel d5c1c742-f54b-4021-93be-71b1749df9da from etiene32
[23:44:34][DEBUG] : Saving vessel 6e96bc3e-4db7-44e3-91b1-0c7daaa5ccb1 from etiene32
[23:44:35][DEBUG] : Saving 1 scenario modules from Nanshue
[23:44:40][DEBUG] : Nanshue released lock update-221d9d76-ca7d-48c3-80f2-c89b2a5e1c73
[23:44:40][DEBUG] : Nanshue released lock control-221d9d76-ca7d-48c3-80f2-c89b2a5e1c73
[23:44:57][DEBUG] : Saving 2 scenario modules from etiene32
[23:44:57][DEBUG] : Create subspace
[23:44:57][DEBUG] : Sending etiene32 to subspace 123
[23:45:00][DEBUG] : etiene32 released lock update-34ef9148-c9a9-4694-9d5f-ce9a86b707ab
[23:45:00][DEBUG] : etiene32 released lock update-a6af9aa2-3e5b-4cae-9fc7-4ab4ce5c5220
[23:45:00][DEBUG] : etiene32 released lock update-3b6ed71b-e5b1-4c68-ac88-2122440e056d
[23:45:00][DEBUG] : etiene32 released lock update-78f733dd-9712-4f64-ad52-18b9489e1aff
[23:45:00][DEBUG] : etiene32 released lock update-a542ad3f-d694-4048-8100-f13cae6d0308
[23:45:00][DEBUG] : etiene32 released lock update-ec83ac5c-65ad-42fb-8eb3-10facdd1f903
[23:45:00][DEBUG] : etiene32 released lock update-d5c1c742-f54b-4021-93be-71b1749df9da
[23:45:00][DEBUG] : etiene32 released lock update-6e96bc3e-4db7-44e3-91b1-0c7daaa5ccb1
[23:45:00][DEBUG] : etiene32 released lock update-8f85131e-01de-42d5-a5f8-bbf5d2e774a4
[23:45:00][DEBUG] : etiene32 released lock update-84f94e38-586c-4227-b816-2480a384ae0f
[23:45:00][DEBUG] : Saving vessel 34ef9148-c9a9-4694-9d5f-ce9a86b707ab from etiene32
[23:45:02][DEBUG] : etiene32 acquired lock update-34ef9148-c9a9-4694-9d5f-ce9a86b707ab
[23:45:02][DEBUG] : Saving vessel 34ef9148-c9a9-4694-9d5f-ce9a86b707ab from etiene32
[23:45:05][DEBUG] : Saving 1 scenario modules from Nanshue
[23:45:27][DEBUG] : Saving 1 scenario modules from etiene32
[23:45:33][DEBUG] : Saving vessel 34ef9148-c9a9-4694-9d5f-ce9a86b707ab from etiene32
[23:45:40][DEBUG] : Saving vessel 34ef9148-c9a9-4694-9d5f-ce9a86b707ab from etiene32
[23:45:40][DEBUG] : etiene32 acquired lock update-0e068304-0ef1-42e4-bac2-62fc0beac2eb
[23:45:40][DEBUG] : Saving vessel 0e068304-0ef1-42e4-bac2-62fc0beac2eb from etiene32
[23:45:46][DEBUG] : Relaying FLYING vessel 34ef9148-c9a9-4694-9d5f-ce9a86b707ab from etiene32
[23:45:46][DEBUG] : etiene32 acquired lock update-e7854cef-c5b0-4773-969c-e966f0e33340
[23:45:46][DEBUG] : Saving vessel e7854cef-c5b0-4773-969c-e966f0e33340 from etiene32
[23:45:58][DEBUG] : Saving 1 scenario modules from etiene32
[23:46:14][DEBUG] : etiene32 released lock update-e7854cef-c5b0-4773-969c-e966f0e33340
[23:46:14][DEBUG] : etiene32 released lock update-0e068304-0ef1-42e4-bac2-62fc0beac2eb
[23:46:14][DEBUG] : etiene32 released lock update-34ef9148-c9a9-4694-9d5f-ce9a86b707ab
[23:46:14][DEBUG] : etiene32 released lock control-34ef9148-c9a9-4694-9d5f-ce9a86b707ab
[23:46:28][DEBUG] : Saving 1 scenario modules from etiene32
[23:48:28][DEBUG] : Create subspace
[23:48:28][DEBUG] : Sending Nanshue to subspace 124
[23:48:30][DEBUG] : Nanshue acquired lock control-fb217aaf-326f-4c84-90de-b8a1a3e6132d
[23:48:30][DEBUG] : Nanshue acquired lock update-fb217aaf-326f-4c84-90de-b8a1a3e6132d
[23:48:30][DEBUG] : Saving vessel fb217aaf-326f-4c84-90de-b8a1a3e6132d from Nanshue
[23:48:35][DEBUG] : Saving 1 scenario modules from Nanshue
[23:48:50][DEBUG] : Saving vessel fb217aaf-326f-4c84-90de-b8a1a3e6132d from Nanshue
[23:48:50][DEBUG] : Nanshue acquired lock update-d977457a-980c-4417-a97e-c2fc1455607e
[23:48:50][DEBUG] : Saving vessel d977457a-980c-4417-a97e-c2fc1455607e from Nanshue
[23:48:51][DEBUG] : Relaying FLYING vessel fb217aaf-326f-4c84-90de-b8a1a3e6132d from Nanshue
[23:48:51][DEBUG] : Nanshue acquired lock update-d9367b42-bad2-498b-985b-2c47cf114be1
[23:48:51][DEBUG] : Saving vessel d9367b42-bad2-498b-985b-2c47cf114be1 from Nanshue
[23:49:05][DEBUG] : Saving 1 scenario modules from Nanshue
[23:49:14][DEBUG] : Nanshue released lock update-d9367b42-bad2-498b-985b-2c47cf114be1
[23:49:14][DEBUG] : Saving vessel d9367b42-bad2-498b-985b-2c47cf114be1 from Nanshue
[23:49:14][DEBUG] : Nanshue released lock update-d977457a-980c-4417-a97e-c2fc1455607e
[23:49:14][DEBUG] : Saving vessel d977457a-980c-4417-a97e-c2fc1455607e from Nanshue
[23:49:21][DEBUG] : Relaying FLYING vessel fb217aaf-326f-4c84-90de-b8a1a3e6132d from Nanshue
[23:49:35][DEBUG] : Saving 1 scenario modules from Nanshue
[23:49:35][INFO] : Removing vessel: 0e068304-0ef1-42e4-bac2-62fc0beac2eb
[23:49:35][DEBUG] : Removed debris vessel 0e068304-0ef1-42e4-bac2-62fc0beac2eb
[23:49:35][INFO] : Removing vessel: 3b6ed71b-e5b1-4c68-ac88-2122440e056d
[23:49:35][DEBUG] : Removed debris vessel 3b6ed71b-e5b1-4c68-ac88-2122440e056d
[23:49:35][INFO] : Removing vessel: 6e96bc3e-4db7-44e3-91b1-0c7daaa5ccb1
[23:49:35][DEBUG] : Removed debris vessel 6e96bc3e-4db7-44e3-91b1-0c7daaa5ccb1
[23:49:35][INFO] : Removing vessel: 84f94e38-586c-4227-b816-2480a384ae0f
[23:49:35][DEBUG] : Removed debris vessel 84f94e38-586c-4227-b816-2480a384ae0f
[23:49:35][INFO] : Removing vessel: 8f85131e-01de-42d5-a5f8-bbf5d2e774a4
[23:49:35][DEBUG] : Removed debris vessel 8f85131e-01de-42d5-a5f8-bbf5d2e774a4
[23:49:35][INFO] : Removing vessel: a542ad3f-d694-4048-8100-f13cae6d0308
[23:49:35][DEBUG] : Removed debris vessel a542ad3f-d694-4048-8100-f13cae6d0308
[23:49:35][INFO] : Removing vessel: a6af9aa2-3e5b-4cae-9fc7-4ab4ce5c5220
[23:49:35][DEBUG] : Removed debris vessel a6af9aa2-3e5b-4cae-9fc7-4ab4ce5c5220
[23:49:35][INFO] : Removing vessel: d5c1c742-f54b-4021-93be-71b1749df9da
[23:49:35][DEBUG] : Removed debris vessel d5c1c742-f54b-4021-93be-71b1749df9da
[23:49:35][INFO] : Removing vessel: d9367b42-bad2-498b-985b-2c47cf114be1
[23:49:35][DEBUG] : Removed debris vessel d9367b42-bad2-498b-985b-2c47cf114be1
[23:49:35][INFO] : Removing vessel: d977457a-980c-4417-a97e-c2fc1455607e
[23:49:35][DEBUG] : Removed debris vessel d977457a-980c-4417-a97e-c2fc1455607e
[23:49:35][INFO] : Removing vessel: e7854cef-c5b0-4773-969c-e966f0e33340
[23:49:35][DEBUG] : Removed debris vessel e7854cef-c5b0-4773-969c-e966f0e33340
[23:49:35][INFO] : Removing vessel: ec83ac5c-65ad-42fb-8eb3-10facdd1f903
[23:49:35][DEBUG] : Removed debris vessel ec83ac5c-65ad-42fb-8eb3-10facdd1f903
[23:49:35][INFO] : Removed 12 debris
[23:49:55][DEBUG] : Nanshue released lock update-fb217aaf-326f-4c84-90de-b8a1a3e6132d
[23:49:55][DEBUG] : Nanshue released lock control-fb217aaf-326f-4c84-90de-b8a1a3e6132d
[23:50:03][DEBUG] : Create subspace
[23:50:03][DEBUG] : Sending Nanshue to subspace 125
[23:50:05][DEBUG] : Saving 1 scenario modules from Nanshue
[23:50:06][DEBUG] : Nanshue acquired lock control-2e9b83b1-1388-44bf-9f34-4c241c66c278
[23:50:06][DEBUG] : Nanshue acquired lock update-2e9b83b1-1388-44bf-9f34-4c241c66c278
[23:50:06][DEBUG] : Saving vessel 2e9b83b1-1388-44bf-9f34-4c241c66c278 from Nanshue
[23:50:28][DEBUG] : Saving vessel 2e9b83b1-1388-44bf-9f34-4c241c66c278 from Nanshue
[23:50:28][DEBUG] : Nanshue acquired lock update-dcf3aaca-0b97-436c-a311-ef69c9291439
[23:50:28][DEBUG] : Saving vessel dcf3aaca-0b97-436c-a311-ef69c9291439 from Nanshue
[23:50:30][DEBUG] : Relaying FLYING vessel 2e9b83b1-1388-44bf-9f34-4c241c66c278 from Nanshue
[23:50:30][DEBUG] : Nanshue acquired lock update-5ba87cf3-9a00-4499-ace1-1aa8dd13cd4a
[23:50:30][DEBUG] : Saving vessel 5ba87cf3-9a00-4499-ace1-1aa8dd13cd4a from Nanshue
[23:50:35][DEBUG] : Saving 1 scenario modules from Nanshue
[23:50:50][DEBUG] : Nanshue released lock update-5ba87cf3-9a00-4499-ace1-1aa8dd13cd4a
[23:50:50][DEBUG] : Saving vessel 5ba87cf3-9a00-4499-ace1-1aa8dd13cd4a from Nanshue
[23:50:50][DEBUG] : Nanshue released lock update-dcf3aaca-0b97-436c-a311-ef69c9291439
[23:50:50][DEBUG] : Saving vessel dcf3aaca-0b97-436c-a311-ef69c9291439 from Nanshue
[23:51:00][DEBUG] : Relaying FLYING vessel 2e9b83b1-1388-44bf-9f34-4c241c66c278 from Nanshue
[23:51:05][DEBUG] : Saving 1 scenario modules from Nanshue
[23:51:19][DEBUG] : Create subspace
[23:51:19][DEBUG] : Sending etiene32 to subspace 126
[23:51:23][DEBUG] : etiene32 acquired lock control-c56df771-22c1-4e87-bc47-26fc374147c3
[23:51:23][DEBUG] : etiene32 acquired lock update-c56df771-22c1-4e87-bc47-26fc374147c3
[23:51:24][DEBUG] : Saving vessel c56df771-22c1-4e87-bc47-26fc374147c3 from etiene32
[23:51:28][DEBUG] : Saving 1 scenario modules from etiene32
[23:51:30][DEBUG] : Relaying FLYING vessel 2e9b83b1-1388-44bf-9f34-4c241c66c278 from Nanshue
[23:51:35][DEBUG] : Saving 1 scenario modules from Nanshue
[23:51:44][DEBUG] : Nanshue released lock update-2e9b83b1-1388-44bf-9f34-4c241c66c278
[23:51:44][DEBUG] : Nanshue released lock control-2e9b83b1-1388-44bf-9f34-4c241c66c278
[23:51:51][DEBUG] : etiene32 released lock update-c56df771-22c1-4e87-bc47-26fc374147c3
[23:51:51][DEBUG] : etiene32 acquired lock update-c56df771-22c1-4e87-bc47-26fc374147c3
[23:51:51][DEBUG] : Saving vessel c56df771-22c1-4e87-bc47-26fc374147c3 from etiene32
[23:51:54][DEBUG] : Saving vessel c56df771-22c1-4e87-bc47-26fc374147c3 from etiene32
[23:51:58][DEBUG] : Saving 1 scenario modules from etiene32
[23:52:02][DEBUG] : Saving vessel c56df771-22c1-4e87-bc47-26fc374147c3 from etiene32
[23:52:02][DEBUG] : etiene32 acquired lock update-831c333a-153d-4c93-96c2-903a11ce633b
[23:52:02][DEBUG] : Saving vessel 831c333a-153d-4c93-96c2-903a11ce633b from etiene32
[23:52:05][DEBUG] : Saving 1 scenario modules from Nanshue
[23:52:07][DEBUG] : Relaying FLYING vessel c56df771-22c1-4e87-bc47-26fc374147c3 from etiene32
[23:52:07][DEBUG] : etiene32 acquired lock update-6f622348-2f12-4657-a30a-bc64c8816886
[23:52:07][DEBUG] : Saving vessel 6f622348-2f12-4657-a30a-bc64c8816886 from etiene32
[23:52:25][DEBUG] : etiene32 released lock update-6f622348-2f12-4657-a30a-bc64c8816886
[23:52:25][DEBUG] : Saving vessel 6f622348-2f12-4657-a30a-bc64c8816886 from etiene32
[23:52:26][DEBUG] : Saving vessel 831c333a-153d-4c93-96c2-903a11ce633b from etiene32
[23:52:26][DEBUG] : etiene32 released lock update-831c333a-153d-4c93-96c2-903a11ce633b
[23:52:28][DEBUG] : Saving 1 scenario modules from etiene32
[23:52:38][DEBUG] : Relaying FLYING vessel c56df771-22c1-4e87-bc47-26fc374147c3 from etiene32
[23:52:43][DEBUG] : Removing DOCKED vessel 00000000-0000-0000-0000-000000000000 from etiene32
[23:52:58][DEBUG] : Saving 1 scenario modules from etiene32
[23:53:00][DEBUG] : Create subspace
[23:53:00][DEBUG] : Sending Nanshue to subspace 127
[23:53:04][DEBUG] : Nanshue acquired lock control-855dac9d-b3e2-4d38-8222-cae86aa25a18
[23:53:04][DEBUG] : Nanshue acquired lock update-855dac9d-b3e2-4d38-8222-cae86aa25a18
[23:53:04][DEBUG] : Saving vessel 855dac9d-b3e2-4d38-8222-cae86aa25a18 from Nanshue
[23:53:05][DEBUG] : Saving 1 scenario modules from Nanshue
[23:53:06][DEBUG] : Nanshue acquired lock update-6f622348-2f12-4657-a30a-bc64c8816886
[23:53:06][DEBUG] : Nanshue acquired lock update-831c333a-153d-4c93-96c2-903a11ce633b
[23:53:07][DEBUG] : Relaying FLYING vessel c56df771-22c1-4e87-bc47-26fc374147c3 from etiene32
[23:53:09][DEBUG] : Saving vessel 855dac9d-b3e2-4d38-8222-cae86aa25a18 from Nanshue
[23:53:09][DEBUG] : Nanshue acquired lock update-11ac244a-09f8-4613-a5ca-3f1d4bbd1964
[23:53:09][DEBUG] : Saving vessel 11ac244a-09f8-4613-a5ca-3f1d4bbd1964 from Nanshue
[23:53:11][DEBUG] : Relaying FLYING vessel 855dac9d-b3e2-4d38-8222-cae86aa25a18 from Nanshue
[23:53:11][DEBUG] : Nanshue acquired lock update-9872536d-0087-4505-9200-f3aac9836ed7
[23:53:11][DEBUG] : Saving vessel 9872536d-0087-4505-9200-f3aac9836ed7 from Nanshue
[23:53:11][DEBUG] : Saving vessel 855dac9d-b3e2-4d38-8222-cae86aa25a18 from Nanshue
[23:53:22][DEBUG] : Nanshue released lock update-9872536d-0087-4505-9200-f3aac9836ed7
[23:53:22][DEBUG] : Nanshue released lock update-11ac244a-09f8-4613-a5ca-3f1d4bbd1964
[23:53:22][DEBUG] : Nanshue released lock update-831c333a-153d-4c93-96c2-903a11ce633b
[23:53:22][DEBUG] : Nanshue released lock update-6f622348-2f12-4657-a30a-bc64c8816886
[23:53:22][DEBUG] : Nanshue released lock update-855dac9d-b3e2-4d38-8222-cae86aa25a18
[23:53:22][DEBUG] : Nanshue released lock control-855dac9d-b3e2-4d38-8222-cae86aa25a18
[23:53:26][DEBUG] : etiene32 released lock update-c56df771-22c1-4e87-bc47-26fc374147c3
[23:53:26][DEBUG] : etiene32 released lock control-c56df771-22c1-4e87-bc47-26fc374147c3
[23:53:28][DEBUG] : Saving 1 scenario modules from etiene32
[23:53:30][DEBUG] : Create subspace
[23:53:30][DEBUG] : Sending Nanshue to subspace 128
[23:53:33][DEBUG] : Nanshue acquired lock control-5de1ac39-514e-4598-8aa4-608c886cd436
[23:53:33][DEBUG] : Nanshue acquired lock update-5de1ac39-514e-4598-8aa4-608c886cd436
[23:53:33][DEBUG] : Saving vessel 5de1ac39-514e-4598-8aa4-608c886cd436 from Nanshue
[23:53:34][DEBUG] : Nanshue acquired lock update-6f622348-2f12-4657-a30a-bc64c8816886
[23:53:34][DEBUG] : Nanshue acquired lock update-831c333a-153d-4c93-96c2-903a11ce633b
[23:53:35][DEBUG] : Saving 1 scenario modules from Nanshue
[23:53:47][DEBUG] : Saving vessel 5de1ac39-514e-4598-8aa4-608c886cd436 from Nanshue
[23:53:47][DEBUG] : Nanshue acquired lock update-47dfaa39-c232-4a36-ade6-2d02a5e83ee6
[23:53:47][DEBUG] : Saving vessel 47dfaa39-c232-4a36-ade6-2d02a5e83ee6 from Nanshue
[23:53:49][DEBUG] : Relaying FLYING vessel 5de1ac39-514e-4598-8aa4-608c886cd436 from Nanshue
[23:53:49][DEBUG] : Nanshue acquired lock update-2a142056-04f8-43f5-90cf-99a13d21ed31
[23:53:49][DEBUG] : Saving vessel 2a142056-04f8-43f5-90cf-99a13d21ed31 from Nanshue
[23:53:55][DEBUG] : Saving vessel 43345bbf-e28d-4007-bac7-47cdd67f62fa from etiene32
[23:54:04][DEBUG] : Saving vessel 6f622348-2f12-4657-a30a-bc64c8816886 from Nanshue
[23:54:05][DEBUG] : Saving 1 scenario modules from Nanshue
[23:54:09][DEBUG] : Nanshue released lock update-2a142056-04f8-43f5-90cf-99a13d21ed31
[23:54:09][DEBUG] : Saving vessel 2a142056-04f8-43f5-90cf-99a13d21ed31 from Nanshue
[23:54:09][DEBUG] : Nanshue released lock update-831c333a-153d-4c93-96c2-903a11ce633b
[23:54:09][DEBUG] : Saving vessel 831c333a-153d-4c93-96c2-903a11ce633b from Nanshue
[23:54:09][DEBUG] : Nanshue released lock update-6f622348-2f12-4657-a30a-bc64c8816886
[23:54:09][DEBUG] : Saving vessel 6f622348-2f12-4657-a30a-bc64c8816886 from Nanshue
[23:54:10][DEBUG] : Saving vessel 47dfaa39-c232-4a36-ade6-2d02a5e83ee6 from Nanshue
[23:54:10][DEBUG] : Nanshue released lock update-47dfaa39-c232-4a36-ade6-2d02a5e83ee6
[23:54:19][DEBUG] : Relaying FLYING vessel 5de1ac39-514e-4598-8aa4-608c886cd436 from Nanshue
[23:54:35][DEBUG] : Saving 1 scenario modules from Nanshue
[23:54:50][DEBUG] : Relaying FLYING vessel 5de1ac39-514e-4598-8aa4-608c886cd436 from Nanshue
[23:54:55][DEBUG] : Saving vessel ad4324f4-6ae0-4ea8-b9e7-d15577059ced from etiene32
[23:55:05][DEBUG] : Saving 1 scenario modules from Nanshue
[23:55:20][DEBUG] : Relaying FLYING vessel 5de1ac39-514e-4598-8aa4-608c886cd436 from Nanshue
[23:55:35][DEBUG] : Saving 1 scenario modules from Nanshue
[23:55:50][DEBUG] : Relaying FLYING vessel 5de1ac39-514e-4598-8aa4-608c886cd436 from Nanshue
[23:55:55][DEBUG] : Saving vessel 8a3c590f-2ff5-45e0-91dc-dd4ec6ff3eb2 from etiene32
[23:56:05][DEBUG] : Saving 1 scenario modules from Nanshue
[23:56:14][DEBUG] : Relaying FLYING vessel 5de1ac39-514e-4598-8aa4-608c886cd436 from Nanshue
[23:56:14][DEBUG] : Nanshue acquired lock update-54ba4cf7-9308-4637-9919-6b035770252d
[23:56:14][DEBUG] : Relaying FLYING vessel 54ba4cf7-9308-4637-9919-6b035770252d from Nanshue
[23:56:35][DEBUG] : Saving 1 scenario modules from Nanshue
[23:56:47][DEBUG] : Nanshue released lock update-54ba4cf7-9308-4637-9919-6b035770252d
[23:56:47][DEBUG] : Nanshue released lock update-5de1ac39-514e-4598-8aa4-608c886cd436
[23:56:47][DEBUG] : Nanshue released lock control-5de1ac39-514e-4598-8aa4-608c886cd436
[23:56:55][DEBUG] : Saving vessel 416b7d29-0dc5-4449-9305-850f53a955dd from etiene32
[23:57:05][DEBUG] : Saving 1 scenario modules from Nanshue
[23:57:55][DEBUG] : Saving vessel abe11fd5-4b25-492d-b98e-9dfa45055d91 from etiene32
[23:58:20][DEBUG] : Create subspace
[23:58:20][DEBUG] : Sending etiene32 to subspace 129
[23:58:24][DEBUG] : etiene32 acquired lock control-d1737acd-c3c2-4f62-8c60-5c77a2ef517f
[23:58:25][DEBUG] : etiene32 acquired lock update-d1737acd-c3c2-4f62-8c60-5c77a2ef517f
[23:58:25][DEBUG] : Saving vessel d1737acd-c3c2-4f62-8c60-5c77a2ef517f from etiene32
[23:58:28][DEBUG] : Saving 1 scenario modules from etiene32
[23:58:31][DEBUG] : Saving vessel d1737acd-c3c2-4f62-8c60-5c77a2ef517f from etiene32
[23:58:31][DEBUG] : etiene32 acquired lock update-98aed593-17e2-461a-acb0-68cdc244d387
[23:58:31][DEBUG] : Saving vessel 98aed593-17e2-461a-acb0-68cdc244d387 from etiene32
[23:58:40][DEBUG] : etiene32 acquired lock update-f6defe6b-c51d-4188-b34d-a70dc4427d82
[23:58:40][DEBUG] : Relaying FLYING vessel d1737acd-c3c2-4f62-8c60-5c77a2ef517f from etiene32
[23:58:40][DEBUG] : Saving vessel f6defe6b-c51d-4188-b34d-a70dc4427d82 from etiene32
[23:58:40][DEBUG] : etiene32 acquired lock update-eefb69d7-140e-4ed1-951b-26926a3ad94b
[23:58:40][DEBUG] : Saving vessel eefb69d7-140e-4ed1-951b-26926a3ad94b from etiene32
[23:58:40][DEBUG] : etiene32 acquired lock update-8689b703-567e-45eb-8f51-28523a55652d
[23:58:40][DEBUG] : Saving vessel 8689b703-567e-45eb-8f51-28523a55652d from etiene32
[23:58:40][DEBUG] : etiene32 acquired lock update-0f3dde9a-5074-4cdc-a30e-ead9df1758a4
[23:58:40][DEBUG] : Saving vessel 0f3dde9a-5074-4cdc-a30e-ead9df1758a4 from etiene32
[23:58:40][DEBUG] : etiene32 acquired lock update-6a6d078e-309f-4c85-9c08-8ada9d694693
[23:58:40][DEBUG] : Saving vessel 6a6d078e-309f-4c85-9c08-8ada9d694693 from etiene32
[23:58:40][DEBUG] : Saving vessel d1737acd-c3c2-4f62-8c60-5c77a2ef517f from etiene32
[23:58:51][DEBUG] : Relaying FLYING vessel d1737acd-c3c2-4f62-8c60-5c77a2ef517f from etiene32
[23:58:57][DEBUG] : etiene32 released lock update-6a6d078e-309f-4c85-9c08-8ada9d694693
[23:58:57][DEBUG] : Saving vessel 6a6d078e-309f-4c85-9c08-8ada9d694693 from etiene32
[23:58:57][DEBUG] : etiene32 released lock update-0f3dde9a-5074-4cdc-a30e-ead9df1758a4
[23:58:57][DEBUG] : Saving vessel 0f3dde9a-5074-4cdc-a30e-ead9df1758a4 from etiene32
[23:58:57][DEBUG] : etiene32 released lock update-8689b703-567e-45eb-8f51-28523a55652d
[23:58:57][DEBUG] : Saving vessel 8689b703-567e-45eb-8f51-28523a55652d from etiene32
[23:58:57][DEBUG] : etiene32 released lock update-eefb69d7-140e-4ed1-951b-26926a3ad94b
[23:58:57][DEBUG] : Saving vessel eefb69d7-140e-4ed1-951b-26926a3ad94b from etiene32
[23:58:57][DEBUG] : Saving vessel f6defe6b-c51d-4188-b34d-a70dc4427d82 from etiene32
[23:58:57][DEBUG] : etiene32 released lock update-f6defe6b-c51d-4188-b34d-a70dc4427d82
[23:58:58][DEBUG] : etiene32 released lock update-98aed593-17e2-461a-acb0-68cdc244d387
[23:58:58][DEBUG] : Saving vessel 98aed593-17e2-461a-acb0-68cdc244d387 from etiene32
[23:58:58][DEBUG] : Saving 2 scenario modules from etiene32
[23:59:21][DEBUG] : Relaying FLYING vessel d1737acd-c3c2-4f62-8c60-5c77a2ef517f from etiene32
[23:59:28][DEBUG] : Saving 1 scenario modules from etiene32
[23:59:51][DEBUG] : Relaying FLYING vessel d1737acd-c3c2-4f62-8c60-5c77a2ef517f from etiene32
[00:00:04][DEBUG] : Saving 1 scenario modules from etiene32
[00:00:08][DEBUG] : etiene32 released lock update-d1737acd-c3c2-4f62-8c60-5c77a2ef517f
[00:00:08][DEBUG] : etiene32 released lock control-d1737acd-c3c2-4f62-8c60-5c77a2ef517f
