[12:57:04][DEBUG] : Loading settings...
[12:57:04][DEBUG] : System.IO compression works: True, test time: 4 ms.
[12:57:04][DEBUG] : Loading plugins!
[12:57:04][DEBUG] : Done!
[12:57:04][INFO] : Starting DMPServer v0.2.4.5, protocol 45
[12:57:04][INFO] : Loading universe... 
[12:57:04][INFO] : Starting SUBSPACE server on port 6702... 
[12:57:04][INFO] : Removed 0 debris
[12:57:05][INFO] : Ready!
[13:03:47][DEBUG] : Online players is now: 0, connected: 1
[13:03:47][INFO] : New client connection from [::ffff:192.168.43.68]:41419
[13:03:47][DEBUG] : Client etiene32 registered!
[13:03:47][DEBUG] : Loading admins
[13:03:47][DEBUG] : Saving admins
[13:03:47][INFO] : Client etiene32 handshook successfully, version: v0.2.4.5
[13:03:47][DEBUG] : Online players is now: 1, connected: 1
[13:03:48][DEBUG] : Sending etiene32 to subspace 0
[13:03:48][DEBUG] : Sending etiene32 0 craft library entries
[13:03:48][DEBUG] : Sending etiene32 0 kerbals...
[13:03:48][DEBUG] : Sending etiene32 0 vessels, cached: 0...
[13:03:48][DEBUG] : Saving kerbal Jebediah Kerman from etiene32
[13:03:48][DEBUG] : Saving kerbal Bill Kerman from etiene32
[13:03:48][DEBUG] : Saving kerbal Bob Kerman from etiene32
[13:03:48][DEBUG] : Saving kerbal Valentina Kerman from etiene32
[13:03:48][DEBUG] : Saving kerbal Kathvin Kerman from etiene32
[13:03:48][DEBUG] : Saving kerbal Obner Kerman from etiene32
[13:03:48][DEBUG] : Saving kerbal Anlong Kerman from etiene32
[13:03:48][DEBUG] : Saving kerbal Jorbert Kerman from etiene32
[13:03:48][DEBUG] : Saving kerbal Lisfrid Kerman from etiene32
[13:03:48][DEBUG] : Saving kerbal Lizfrid Kerman from etiene32
[13:03:48][DEBUG] : Saving kerbal Megan Kerman from etiene32
[13:03:48][DEBUG] : Saving kerbal Tirick Kerman from etiene32
[13:03:48][DEBUG] : Saving kerbal Samul Kerman from etiene32
[13:03:48][DEBUG] : Saving kerbal Jonbro Kerman from etiene32
[13:03:48][DEBUG] : Saving kerbal Tamzer Kerman from etiene32
[13:03:48][DEBUG] : Saving kerbal Claugel Kerman from etiene32
[13:03:48][DEBUG] : Saving kerbal Ralin Kerman from etiene32
[13:03:48][DEBUG] : Saving kerbal Hademy Kerman from etiene32
[13:03:48][DEBUG] : Saving kerbal Mavin Kerman from etiene32
[13:03:48][DEBUG] : Saving kerbal Sansey Kerman from etiene32
[13:03:49][DEBUG] : etiene32 acquired lock asteroid-spawning
[13:04:05][DEBUG] : Saving vessel e6ea6bdc-510c-47bd-bec8-b448a662c6fe from etiene32
[13:04:25][INFO] : Disconnecting client etiene32, endpoint [::ffff:192.168.43.68]:41419, Connection timed out
[13:04:43][DEBUG] : Online players is now: 1, connected: 2
[13:04:43][DEBUG] : Client Player registered!
[13:07:06][DEBUG] : Online players is now: 0, connected: 1
[13:07:06][DEBUG] : Saving 10 scenario modules from etiene32
[13:07:06][INFO] : Client Player handshook successfully, version: v0.2.4.5
[13:07:06][INFO] : New client connection from [::ffff:127.0.0.1]:62768
[13:07:06][DEBUG] : Online players is now: 1, connected: 1
[13:07:06][DEBUG] : Unknown sent connection end message, reason: Quit during initial sync
[13:07:06][DEBUG] : Online players is now: 1, connected: 2
[13:07:06][DEBUG] : Online players is now: 1, connected: 1
[13:07:06][INFO] : New client connection from [::ffff:192.168.43.68]:36537
[13:07:06][INFO] : Error accepting client!
[13:07:06][DEBUG] : Online players is now: 1, connected: 2
[13:07:06][INFO] : New client connection from [::ffff:192.168.43.68]:43393
[13:07:06][INFO] : Client Player disconnected in ReceiveCallback, endpoint [::ffff:127.0.0.1]:62768, error: Cette opération n'est pas autorisée sur des sockets non connectés.
[13:07:06][DEBUG] : Online players is now: 0, connected: 1
[13:07:06][DEBUG] : Online players is now: 0, connected: 2
[13:07:06][DEBUG] : Error closing client connection: Cette opération n'est pas autorisée sur des sockets non connectés.
[13:07:06][INFO] : Client Unknown disconnected in ReceiveCallback, endpoint [::ffff:192.168.43.68]:43393, error: Impossible de lire les données de la connexion de transport : Une connexion établie a été abandonnée par un logiciel de votre ordinateur hôte. (Une connexion établie a été abandonnée par un logiciel de votre ordinateur hôte)
[13:07:06][INFO] : New client connection from [::ffff:192.168.43.68]:34443
[13:07:06][DEBUG] : Online players is now: 0, connected: 1
[13:07:06][DEBUG] : Error closing client connection: Cette opération n'est pas autorisée sur des sockets non connectés.
[13:07:06][INFO] : Client Unknown disconnected in ReceiveCallback, endpoint [::ffff:192.168.43.68]:34443, error: Impossible de lire les données de la connexion de transport : Une connexion établie a été abandonnée par un logiciel de votre ordinateur hôte. (Une connexion établie a été abandonnée par un logiciel de votre ordinateur hôte)
[13:07:06][DEBUG] : Error closing client connection: Cette opération n'est pas autorisée sur des sockets non connectés.
[13:07:06][DEBUG] : Online players is now: 0, connected: 0
[13:07:06][DEBUG] : Error closing client connection: Cette opération n'est pas autorisée sur des sockets non connectés.
[13:07:11][DEBUG] : Terminal may be not attached or broken, Exiting out of command handler
[13:07:11][INFO] : Shutting down - Caught Ctrl+C
[13:07:11][INFO] : Goodbye!
