[19:10:52][DEBUG] : Loading settings...
[19:10:52][DEBUG] : System.IO compression works: True, test time: 3 ms.
[19:10:52][DEBUG] : Loading plugins!
[19:10:52][DEBUG] : Done!
[19:10:52][INFO] : Starting DMPServer v0.2.4.5, protocol 45
[19:10:52][INFO] : Loading universe... 
[19:10:52][INFO] : Starting SUBSPACE server on port 6702... 
[19:10:52][INFO] : Removed 0 debris
[19:10:52][INFO] : Ready!
[19:11:00][DEBUG] : Online players is now: 0, connected: 1
[19:11:00][INFO] : New client connection from [::ffff:85.171.152.193]:43165
[19:11:00][DEBUG] : Loading admins
[19:11:00][INFO] : Client etiene32 handshook successfully, version: v0.2.4.5
[19:11:00][DEBUG] : Online players is now: 1, connected: 1
[19:11:01][DEBUG] : Sending etiene32 to subspace 47
[19:11:01][DEBUG] : Sending etiene32 5 craft library entries
[19:11:01][DEBUG] : Sending etiene32 20 kerbals...
[19:11:02][DEBUG] : Sending etiene32 0 vessels, cached: 35...
[19:11:05][DEBUG] : etiene32 acquired lock asteroid-spawning
[19:11:35][DEBUG] : Saving 11 scenario modules from etiene32
[19:12:00][DEBUG] : Online players is now: 1, connected: 2
[19:12:00][INFO] : New client connection from [::ffff:127.0.0.1]:50201
[19:12:00][INFO] : Client Nanshue handshook successfully, version: v0.2.4.5
[19:12:00][DEBUG] : Online players is now: 2, connected: 2
[19:12:01][DEBUG] : Sending Nanshue to subspace 47
[19:12:01][DEBUG] : Sending Nanshue 5 craft library entries
[19:12:01][DEBUG] : Sending Nanshue 20 kerbals...
[19:12:01][DEBUG] : Sending Nanshue 0 vessels, cached: 35...
[19:12:05][DEBUG] : Saving 1 scenario modules from etiene32
[19:12:32][DEBUG] : Saving 7 scenario modules from Nanshue
[19:24:29][DEBUG] : Nanshue is watching screenshots from Nanshue
[19:24:29][DEBUG] : Sending saved screenshot from Nanshue to Nanshue
[19:24:29][DEBUG] : Optimizing Nanshue (644383 bytes queued)
[19:24:29][DEBUG] : Optimized 0 bytes in 1 ms.
[19:24:32][DEBUG] : Nanshue is no longer watching screenshots from Nanshue
[19:24:36][DEBUG] : Saving screenshot from Nanshue
[19:24:38][DEBUG] : Nanshue is watching screenshots from Nanshue
[19:24:43][DEBUG] : Nanshue is no longer watching screenshots from Nanshue
[19:24:49][DEBUG] : etiene32 is watching screenshots from Nanshue
[19:24:49][DEBUG] : Sending saved screenshot from Nanshue to etiene32
[19:24:49][DEBUG] : Optimizing etiene32 (1006453 bytes queued)
[19:24:49][DEBUG] : Optimized 0 bytes in 1,002 ms.
[19:24:53][DEBUG] : etiene32 is no longer watching screenshots from Nanshue
[19:25:20][DEBUG] : etiene32 is watching screenshots from Nanshue
[19:25:23][DEBUG] : Nanshue is watching screenshots from Nanshue
[19:25:24][DEBUG] : etiene32 is no longer watching screenshots from Nanshue
[19:25:26][DEBUG] : Nanshue is no longer watching screenshots from Nanshue
[19:25:30][DEBUG] : Saving screenshot from etiene32
[19:25:32][DEBUG] : Nanshue is watching screenshots from etiene32
[19:25:32][DEBUG] : Sending saved screenshot from etiene32 to Nanshue
[19:25:32][DEBUG] : Optimizing Nanshue (839132 bytes queued)
[19:25:32][DEBUG] : Optimized 0 bytes in 0,99 ms.
[19:25:37][DEBUG] : Nanshue is no longer watching screenshots from etiene32
[19:30:10][DEBUG] : Saving screenshot from etiene32
[19:30:14][DEBUG] : Nanshue is watching screenshots from etiene32
[19:30:14][DEBUG] : Sending saved screenshot from etiene32 to Nanshue
[19:30:14][DEBUG] : Optimizing Nanshue (856529 bytes queued)
[19:30:14][DEBUG] : Optimized 0 bytes in 1,001 ms.
[19:30:20][DEBUG] : Nanshue is no longer watching screenshots from etiene32
[19:32:17][DEBUG] : Saving kerbal Jebediah Kerman from etiene32
[19:32:17][DEBUG] : Removing vessel 0a5f0d2f-f6bf-4ba1-82d7-15286825ebe2 from etiene32
[19:32:17][DEBUG] : Saving kerbal Jonbro Kerman from etiene32
[19:32:17][DEBUG] : Removing vessel a787c689-9c36-4146-9200-827f8e2377c7 from etiene32
[19:32:17][DEBUG] : Saving kerbal Anlong Kerman from etiene32
[19:32:17][DEBUG] : Removing vessel b33f7fa1-b9d5-4384-9169-052f06743adb from etiene32
[19:32:39][DEBUG] : etiene32 acquired lock control-a829dd37-294d-4124-be5b-eeb46c6b116b
[19:32:39][DEBUG] : etiene32 acquired lock update-a829dd37-294d-4124-be5b-eeb46c6b116b
[19:32:40][DEBUG] : Saving vessel a829dd37-294d-4124-be5b-eeb46c6b116b from etiene32
[19:32:40][DEBUG] : etiene32 acquired lock update-c5f99541-7bf5-4b00-938d-7c79fe90b55f
[19:32:40][DEBUG] : Saving vessel c5f99541-7bf5-4b00-938d-7c79fe90b55f from etiene32
[19:32:50][DEBUG] : Saving 2 scenario modules from etiene32
[19:33:00][DEBUG] : Removing DOCKED vessel 00000000-0000-0000-0000-000000000000 from Nanshue
[19:33:00][DEBUG] : Removing DOCKED vessel 00000000-0000-0000-0000-000000000000 from Nanshue
[19:33:00][DEBUG] : Removing DOCKED vessel 00000000-0000-0000-0000-000000000000 from Nanshue
[19:33:01][DEBUG] : Nanshue acquired lock control-c6fcff64-b689-4e5b-9027-28155f3fb952
[19:33:01][DEBUG] : Nanshue acquired lock update-c6fcff64-b689-4e5b-9027-28155f3fb952
[19:33:01][DEBUG] : Saving vessel c6fcff64-b689-4e5b-9027-28155f3fb952 from Nanshue
[19:33:02][DEBUG] : Saving 4 scenario modules from Nanshue
[19:33:10][DEBUG] : Saving vessel a829dd37-294d-4124-be5b-eeb46c6b116b from etiene32
[19:33:10][DEBUG] : Saving vessel c5f99541-7bf5-4b00-938d-7c79fe90b55f from etiene32
[19:33:13][DEBUG] : Nanshue released lock control-c6fcff64-b689-4e5b-9027-28155f3fb952
[19:33:14][DEBUG] : Saving vessel c6fcff64-b689-4e5b-9027-28155f3fb952 from Nanshue
[19:33:14][DEBUG] : Nanshue released lock update-c6fcff64-b689-4e5b-9027-28155f3fb952
[19:33:20][DEBUG] : Saving 1 scenario modules from etiene32
[19:33:32][DEBUG] : Saving 1 scenario modules from Nanshue
[19:33:40][DEBUG] : Saving vessel a829dd37-294d-4124-be5b-eeb46c6b116b from etiene32
[19:33:40][DEBUG] : Saving vessel c5f99541-7bf5-4b00-938d-7c79fe90b55f from etiene32
[19:33:50][DEBUG] : Saving 1 scenario modules from etiene32
[19:34:02][DEBUG] : Saving 1 scenario modules from Nanshue
[19:34:06][DEBUG] : Saving vessel c6fcff64-b689-4e5b-9027-28155f3fb952 from Nanshue
[19:34:10][DEBUG] : Saving vessel a829dd37-294d-4124-be5b-eeb46c6b116b from etiene32
[19:34:10][DEBUG] : Saving vessel c5f99541-7bf5-4b00-938d-7c79fe90b55f from etiene32
[19:34:20][DEBUG] : Saving 2 scenario modules from etiene32
[19:34:21][DEBUG] : Relaying FLYING vessel a829dd37-294d-4124-be5b-eeb46c6b116b from etiene32
[19:34:34][DEBUG] : Saving vessel c5f99541-7bf5-4b00-938d-7c79fe90b55f from etiene32
[19:34:34][DEBUG] : etiene32 released lock update-c5f99541-7bf5-4b00-938d-7c79fe90b55f
[19:34:50][DEBUG] : Saving 2 scenario modules from etiene32
[19:34:51][DEBUG] : Relaying FLYING vessel a829dd37-294d-4124-be5b-eeb46c6b116b from etiene32
[19:35:24][DEBUG] : Saving 2 scenario modules from etiene32
[19:35:24][DEBUG] : Saving vessel c6fcff64-b689-4e5b-9027-28155f3fb952 from etiene32
[19:35:25][DEBUG] : Create subspace
[19:35:25][DEBUG] : Sending etiene32 to subspace 48
[19:35:27][DEBUG] : Saving vessel a829dd37-294d-4124-be5b-eeb46c6b116b from etiene32
[19:35:27][DEBUG] : etiene32 released lock update-a829dd37-294d-4124-be5b-eeb46c6b116b
[19:35:29][DEBUG] : etiene32 acquired lock update-a829dd37-294d-4124-be5b-eeb46c6b116b
[19:35:30][DEBUG] : Saving vessel a829dd37-294d-4124-be5b-eeb46c6b116b from etiene32
[19:35:30][DEBUG] : etiene32 acquired lock update-c5f99541-7bf5-4b00-938d-7c79fe90b55f
[19:35:30][DEBUG] : Saving vessel c5f99541-7bf5-4b00-938d-7c79fe90b55f from etiene32
[19:35:31][DEBUG] : Saving vessel a829dd37-294d-4124-be5b-eeb46c6b116b from etiene32
[19:35:37][DEBUG] : Create subspace
[19:35:37][DEBUG] : Sending Nanshue to subspace 49
[19:35:56][DEBUG] : Create subspace
[19:35:56][DEBUG] : Sending etiene32 to subspace 50
[19:35:58][DEBUG] : etiene32 released lock update-a829dd37-294d-4124-be5b-eeb46c6b116b
[19:35:58][DEBUG] : Saving vessel a829dd37-294d-4124-be5b-eeb46c6b116b from etiene32
[19:35:58][DEBUG] : Saving vessel c5f99541-7bf5-4b00-938d-7c79fe90b55f from etiene32
[19:35:58][DEBUG] : etiene32 released lock update-c5f99541-7bf5-4b00-938d-7c79fe90b55f
[19:36:00][DEBUG] : etiene32 acquired lock update-a829dd37-294d-4124-be5b-eeb46c6b116b
[19:36:00][DEBUG] : etiene32 acquired lock update-c5f99541-7bf5-4b00-938d-7c79fe90b55f
[19:36:00][DEBUG] : Saving vessel a829dd37-294d-4124-be5b-eeb46c6b116b from etiene32
[19:36:01][DEBUG] : Saving vessel c5f99541-7bf5-4b00-938d-7c79fe90b55f from etiene32
[19:36:02][DEBUG] : Saving vessel a829dd37-294d-4124-be5b-eeb46c6b116b from etiene32
[19:36:02][DEBUG] : Saving 1 scenario modules from Nanshue
[19:36:12][DEBUG] : Relaying FLYING vessel a829dd37-294d-4124-be5b-eeb46c6b116b from etiene32
[19:36:24][DEBUG] : Relaying FLYING vessel a829dd37-294d-4124-be5b-eeb46c6b116b from etiene32
[19:36:24][DEBUG] : etiene32 acquired lock update-c40810e3-ee92-40d8-bf48-cb1950c25a1a
[19:36:24][DEBUG] : Relaying FLYING vessel c40810e3-ee92-40d8-bf48-cb1950c25a1a from etiene32
[19:36:24][DEBUG] : etiene32 acquired lock update-9490ad5c-ce05-4de6-b358-2c7c9115f28a
[19:36:24][DEBUG] : Relaying FLYING vessel 9490ad5c-ce05-4de6-b358-2c7c9115f28a from etiene32
[19:36:24][DEBUG] : etiene32 acquired lock update-5755a76c-702d-40d8-bbaa-f42a8f98c752
[19:36:24][DEBUG] : Relaying FLYING vessel 5755a76c-702d-40d8-bbaa-f42a8f98c752 from etiene32
[19:36:24][DEBUG] : etiene32 acquired lock update-0ba0ed9b-d883-426f-a8a0-c77ec6ff7436
[19:36:24][DEBUG] : Relaying FLYING vessel 0ba0ed9b-d883-426f-a8a0-c77ec6ff7436 from etiene32
[19:36:25][DEBUG] : Saving 2 scenario modules from etiene32
[19:36:45][DEBUG] : Create subspace
[19:36:45][DEBUG] : Sending etiene32 to subspace 51
[19:36:46][DEBUG] : Saving vessel c5f99541-7bf5-4b00-938d-7c79fe90b55f from etiene32
[19:36:46][DEBUG] : etiene32 released lock update-c5f99541-7bf5-4b00-938d-7c79fe90b55f
[19:36:47][DEBUG] : etiene32 released lock update-a829dd37-294d-4124-be5b-eeb46c6b116b
[19:36:47][DEBUG] : etiene32 released lock update-c40810e3-ee92-40d8-bf48-cb1950c25a1a
[19:36:47][DEBUG] : etiene32 released lock update-9490ad5c-ce05-4de6-b358-2c7c9115f28a
[19:36:47][DEBUG] : etiene32 released lock update-5755a76c-702d-40d8-bbaa-f42a8f98c752
[19:36:47][DEBUG] : etiene32 released lock update-0ba0ed9b-d883-426f-a8a0-c77ec6ff7436
[19:36:47][DEBUG] : Saving vessel a829dd37-294d-4124-be5b-eeb46c6b116b from etiene32
[19:36:50][DEBUG] : etiene32 acquired lock update-a829dd37-294d-4124-be5b-eeb46c6b116b
[19:36:50][DEBUG] : Saving vessel a829dd37-294d-4124-be5b-eeb46c6b116b from etiene32
[19:36:50][DEBUG] : etiene32 acquired lock update-c5f99541-7bf5-4b00-938d-7c79fe90b55f
[19:36:50][DEBUG] : Saving vessel c5f99541-7bf5-4b00-938d-7c79fe90b55f from etiene32
[19:36:55][DEBUG] : Saving 1 scenario modules from etiene32
[19:37:01][DEBUG] : Relaying FLYING vessel a829dd37-294d-4124-be5b-eeb46c6b116b from etiene32
[19:37:14][DEBUG] : etiene32 released lock update-c5f99541-7bf5-4b00-938d-7c79fe90b55f
[19:37:14][DEBUG] : Saving vessel c5f99541-7bf5-4b00-938d-7c79fe90b55f from etiene32
[19:37:25][DEBUG] : Saving 2 scenario modules from etiene32
[19:37:31][DEBUG] : Relaying FLYING vessel a829dd37-294d-4124-be5b-eeb46c6b116b from etiene32
[19:37:51][DEBUG] : Create subspace
[19:37:51][DEBUG] : Sending Nanshue to subspace 52
[19:37:55][DEBUG] : Saving 1 scenario modules from etiene32
[19:37:59][DEBUG] : etiene32 released lock update-a829dd37-294d-4124-be5b-eeb46c6b116b
[19:37:59][DEBUG] : etiene32 released lock control-a829dd37-294d-4124-be5b-eeb46c6b116b
[19:37:59][DEBUG] : Nanshue acquired lock control-a829dd37-294d-4124-be5b-eeb46c6b116b
[19:38:02][DEBUG] : Saving 2 scenario modules from Nanshue
[19:38:32][DEBUG] : Saving 1 scenario modules from Nanshue
[19:40:52][INFO] : Removed 0 debris
[19:46:33][DEBUG] : Saving screenshot from etiene32
[19:46:40][DEBUG] : Nanshue is watching screenshots from etiene32
[19:46:40][DEBUG] : Sending saved screenshot from etiene32 to Nanshue
[19:46:40][DEBUG] : Optimizing Nanshue (977370 bytes queued)
[19:46:40][DEBUG] : Optimized 0 bytes in 1,001 ms.
[19:46:45][DEBUG] : Create subspace
[19:46:45][DEBUG] : Sending etiene32 to subspace 53
[19:46:50][DEBUG] : Nanshue is no longer watching screenshots from etiene32
[19:46:50][DEBUG] : etiene32 acquired lock control-094a8f2b-c3e7-44ac-bcc9-226177dc01a6
[19:46:50][DEBUG] : etiene32 acquired lock update-094a8f2b-c3e7-44ac-bcc9-226177dc01a6
[19:46:51][DEBUG] : Saving vessel 094a8f2b-c3e7-44ac-bcc9-226177dc01a6 from etiene32
[19:46:51][DEBUG] : etiene32 acquired lock update-c5f99541-7bf5-4b00-938d-7c79fe90b55f
[19:46:51][DEBUG] : Saving vessel c5f99541-7bf5-4b00-938d-7c79fe90b55f from etiene32
[19:46:56][DEBUG] : Saving 2 scenario modules from etiene32
[19:47:21][DEBUG] : Saving vessel 094a8f2b-c3e7-44ac-bcc9-226177dc01a6 from etiene32
[19:47:21][DEBUG] : Saving vessel c5f99541-7bf5-4b00-938d-7c79fe90b55f from etiene32
[19:47:26][DEBUG] : Saving 1 scenario modules from etiene32
[19:47:31][DEBUG] : Relaying FLYING vessel 094a8f2b-c3e7-44ac-bcc9-226177dc01a6 from etiene32
[19:47:45][DEBUG] : Saving vessel c5f99541-7bf5-4b00-938d-7c79fe90b55f from etiene32
[19:47:45][DEBUG] : etiene32 released lock update-c5f99541-7bf5-4b00-938d-7c79fe90b55f
[19:47:56][DEBUG] : Saving 2 scenario modules from etiene32
[19:48:02][DEBUG] : Relaying FLYING vessel 094a8f2b-c3e7-44ac-bcc9-226177dc01a6 from etiene32
[19:48:20][DEBUG] : Create subspace
[19:48:20][DEBUG] : Sending etiene32 to subspace 54
[19:48:22][DEBUG] : etiene32 released lock update-094a8f2b-c3e7-44ac-bcc9-226177dc01a6
[19:48:22][DEBUG] : Saving vessel 094a8f2b-c3e7-44ac-bcc9-226177dc01a6 from etiene32
[19:48:25][DEBUG] : etiene32 acquired lock update-094a8f2b-c3e7-44ac-bcc9-226177dc01a6
[19:48:25][DEBUG] : etiene32 acquired lock update-c5f99541-7bf5-4b00-938d-7c79fe90b55f
[19:48:25][DEBUG] : Saving vessel 094a8f2b-c3e7-44ac-bcc9-226177dc01a6 from etiene32
[19:48:25][DEBUG] : Saving vessel c5f99541-7bf5-4b00-938d-7c79fe90b55f from etiene32
[19:48:26][DEBUG] : Saving 2 scenario modules from etiene32
[19:48:35][DEBUG] : Relaying FLYING vessel 094a8f2b-c3e7-44ac-bcc9-226177dc01a6 from etiene32
[19:48:50][DEBUG] : etiene32 released lock update-c5f99541-7bf5-4b00-938d-7c79fe90b55f
[19:48:50][DEBUG] : Saving vessel c5f99541-7bf5-4b00-938d-7c79fe90b55f from etiene32
[19:48:56][DEBUG] : Saving 2 scenario modules from etiene32
[19:49:06][DEBUG] : Relaying FLYING vessel 094a8f2b-c3e7-44ac-bcc9-226177dc01a6 from etiene32
[19:49:26][DEBUG] : Saving 2 scenario modules from etiene32
[19:49:38][DEBUG] : etiene32 released lock update-094a8f2b-c3e7-44ac-bcc9-226177dc01a6
[19:49:38][DEBUG] : etiene32 released lock control-094a8f2b-c3e7-44ac-bcc9-226177dc01a6
[19:49:56][DEBUG] : Saving 1 scenario modules from etiene32
[19:50:23][DEBUG] : Create subspace
[19:50:23][DEBUG] : Sending etiene32 to subspace 55
[19:50:25][DEBUG] : Saving vessel c6fcff64-b689-4e5b-9027-28155f3fb952 from etiene32
[19:50:26][DEBUG] : Saving 2 scenario modules from etiene32
[19:50:28][DEBUG] : etiene32 acquired lock control-6f514618-d81f-4077-b0d4-e2ba42ca704e
[19:50:28][DEBUG] : etiene32 acquired lock update-6f514618-d81f-4077-b0d4-e2ba42ca704e
[19:50:28][DEBUG] : Saving vessel 6f514618-d81f-4077-b0d4-e2ba42ca704e from etiene32
[19:50:28][DEBUG] : etiene32 acquired lock update-c5f99541-7bf5-4b00-938d-7c79fe90b55f
[19:50:28][DEBUG] : Saving vessel c5f99541-7bf5-4b00-938d-7c79fe90b55f from etiene32
[19:50:47][DEBUG] : Relaying FLYING vessel 6f514618-d81f-4077-b0d4-e2ba42ca704e from etiene32
[19:50:56][DEBUG] : Saving 2 scenario modules from etiene32
[19:51:03][DEBUG] : etiene32 released lock update-c5f99541-7bf5-4b00-938d-7c79fe90b55f
[19:51:03][DEBUG] : Saving vessel c5f99541-7bf5-4b00-938d-7c79fe90b55f from etiene32
[19:51:18][DEBUG] : Relaying FLYING vessel 6f514618-d81f-4077-b0d4-e2ba42ca704e from etiene32
[19:51:26][DEBUG] : Saving 2 scenario modules from etiene32
[19:51:48][DEBUG] : Relaying FLYING vessel 6f514618-d81f-4077-b0d4-e2ba42ca704e from etiene32
[19:51:56][DEBUG] : Saving 2 scenario modules from etiene32
[19:52:15][DEBUG] : Relaying FLYING vessel 6f514618-d81f-4077-b0d4-e2ba42ca704e from etiene32
[19:52:15][DEBUG] : etiene32 acquired lock update-e41bae96-26b4-4fdb-be45-d27a89c3a985
[19:52:15][DEBUG] : Relaying FLYING vessel e41bae96-26b4-4fdb-be45-d27a89c3a985 from etiene32
[19:52:15][DEBUG] : etiene32 acquired lock update-00cbac30-6914-4c54-aad9-bb18fc2f81a1
[19:52:15][DEBUG] : Relaying FLYING vessel 00cbac30-6914-4c54-aad9-bb18fc2f81a1 from etiene32
[19:52:26][DEBUG] : Saving 2 scenario modules from etiene32
[19:52:44][DEBUG] : Relaying FLYING vessel 6f514618-d81f-4077-b0d4-e2ba42ca704e from etiene32
[19:52:45][DEBUG] : etiene32 acquired lock update-5ac00b90-6d5d-4cbc-841a-f44a8ad1b4a7
[19:52:45][DEBUG] : Relaying FLYING vessel 5ac00b90-6d5d-4cbc-841a-f44a8ad1b4a7 from etiene32
[19:52:45][DEBUG] : Relaying FLYING vessel 00cbac30-6914-4c54-aad9-bb18fc2f81a1 from etiene32
[19:52:45][DEBUG] : Relaying FLYING vessel e41bae96-26b4-4fdb-be45-d27a89c3a985 from etiene32
[19:52:56][DEBUG] : Saving 2 scenario modules from etiene32
[19:53:15][DEBUG] : Relaying FLYING vessel 6f514618-d81f-4077-b0d4-e2ba42ca704e from etiene32
[19:53:15][DEBUG] : Relaying FLYING vessel 5ac00b90-6d5d-4cbc-841a-f44a8ad1b4a7 from etiene32
[19:53:15][DEBUG] : Relaying FLYING vessel 00cbac30-6914-4c54-aad9-bb18fc2f81a1 from etiene32
[19:53:15][DEBUG] : Relaying FLYING vessel e41bae96-26b4-4fdb-be45-d27a89c3a985 from etiene32
[19:53:26][DEBUG] : Saving 2 scenario modules from etiene32
[19:53:34][DEBUG] : Removing vessel 00cbac30-6914-4c54-aad9-bb18fc2f81a1 from etiene32
[19:53:34][DEBUG] : Removing vessel e41bae96-26b4-4fdb-be45-d27a89c3a985 from etiene32
[19:53:37][DEBUG] : etiene32 released lock update-00cbac30-6914-4c54-aad9-bb18fc2f81a1
[19:53:37][DEBUG] : etiene32 released lock update-e41bae96-26b4-4fdb-be45-d27a89c3a985
[19:53:42][DEBUG] : Removing vessel 5ac00b90-6d5d-4cbc-841a-f44a8ad1b4a7 from etiene32
[19:53:45][DEBUG] : Relaying FLYING vessel 6f514618-d81f-4077-b0d4-e2ba42ca704e from etiene32
[19:53:45][DEBUG] : etiene32 released lock update-5ac00b90-6d5d-4cbc-841a-f44a8ad1b4a7
[19:53:55][DEBUG] : Saving vessel 6f514618-d81f-4077-b0d4-e2ba42ca704e from etiene32
[19:53:56][DEBUG] : Saving 2 scenario modules from etiene32
[19:53:56][DEBUG] : Create subspace
[19:53:56][DEBUG] : Sending etiene32 to subspace 56
[19:54:17][DEBUG] : Saving vessel 6f514618-d81f-4077-b0d4-e2ba42ca704e from etiene32
[19:54:17][DEBUG] : etiene32 released lock update-6f514618-d81f-4077-b0d4-e2ba42ca704e
[19:54:23][DEBUG] : Create subspace
[19:54:23][DEBUG] : Sending etiene32 to subspace 57
[19:54:23][DEBUG] : etiene32 acquired lock update-6f514618-d81f-4077-b0d4-e2ba42ca704e
[19:54:26][DEBUG] : Saving vessel 6f514618-d81f-4077-b0d4-e2ba42ca704e from etiene32
[19:54:26][DEBUG] : Saving 2 scenario modules from etiene32
[19:54:57][DEBUG] : Saving 1 scenario modules from etiene32
[19:55:00][DEBUG] : etiene32 released lock update-6f514618-d81f-4077-b0d4-e2ba42ca704e
[19:55:00][DEBUG] : etiene32 released lock control-6f514618-d81f-4077-b0d4-e2ba42ca704e
[19:59:43][DEBUG] : Create subspace
[19:59:43][DEBUG] : Sending etiene32 to subspace 58
[19:59:50][DEBUG] : etiene32 acquired lock control-6de8908f-49cb-4e63-86da-8f09d3443ac3
[19:59:50][DEBUG] : etiene32 acquired lock update-6de8908f-49cb-4e63-86da-8f09d3443ac3
[19:59:51][DEBUG] : Saving kerbal Jebediah Kerman from etiene32
[19:59:51][DEBUG] : Saving kerbal Anlong Kerman from etiene32
[19:59:51][DEBUG] : Saving kerbal Bob Kerman from etiene32
[19:59:51][DEBUG] : etiene32 acquired lock update-c5f99541-7bf5-4b00-938d-7c79fe90b55f
[19:59:51][DEBUG] : Saving vessel 6de8908f-49cb-4e63-86da-8f09d3443ac3 from etiene32
[19:59:51][DEBUG] : Saving vessel c5f99541-7bf5-4b00-938d-7c79fe90b55f from etiene32
[19:59:58][DEBUG] : Saving 2 scenario modules from etiene32
[20:00:08][DEBUG] : Relaying FLYING vessel 6de8908f-49cb-4e63-86da-8f09d3443ac3 from etiene32
[20:00:08][DEBUG] : etiene32 acquired lock update-2598b083-a4c5-455c-9ef9-1ec20dd5b9a0
[20:00:08][DEBUG] : Saving vessel 2598b083-a4c5-455c-9ef9-1ec20dd5b9a0 from etiene32
[20:00:08][DEBUG] : etiene32 acquired lock update-f936dbfe-dbf4-453b-9659-8617c0a80314
[20:00:08][DEBUG] : Saving vessel f936dbfe-dbf4-453b-9659-8617c0a80314 from etiene32
[20:00:08][DEBUG] : etiene32 acquired lock update-01141a01-29b9-49ad-8461-eab8ac84996a
[20:00:08][DEBUG] : Saving vessel 01141a01-29b9-49ad-8461-eab8ac84996a from etiene32
[20:00:21][DEBUG] : Saving vessel c5f99541-7bf5-4b00-938d-7c79fe90b55f from etiene32
[20:00:27][DEBUG] : Saving 2 scenario modules from etiene32
[20:00:35][DEBUG] : etiene32 released lock update-01141a01-29b9-49ad-8461-eab8ac84996a
[20:00:35][DEBUG] : Saving vessel 01141a01-29b9-49ad-8461-eab8ac84996a from etiene32
[20:00:35][DEBUG] : etiene32 released lock update-c5f99541-7bf5-4b00-938d-7c79fe90b55f
[20:00:35][DEBUG] : Saving vessel c5f99541-7bf5-4b00-938d-7c79fe90b55f from etiene32
[20:00:35][DEBUG] : Saving vessel f936dbfe-dbf4-453b-9659-8617c0a80314 from etiene32
[20:00:35][DEBUG] : etiene32 released lock update-f936dbfe-dbf4-453b-9659-8617c0a80314
[20:00:35][DEBUG] : Saving vessel 2598b083-a4c5-455c-9ef9-1ec20dd5b9a0 from etiene32
[20:00:35][DEBUG] : etiene32 released lock update-2598b083-a4c5-455c-9ef9-1ec20dd5b9a0
[20:00:36][DEBUG] : Saving kerbal Jebediah Kerman from etiene32
[20:00:37][DEBUG] : Saving kerbal Anlong Kerman from etiene32
[20:00:37][DEBUG] : Saving kerbal Bob Kerman from etiene32
[20:00:37][DEBUG] : Relaying FLYING vessel 6de8908f-49cb-4e63-86da-8f09d3443ac3 from etiene32
[20:00:37][DEBUG] : etiene32 acquired lock update-f2aabc29-ad9e-4b2f-9011-e74ef22e57f8
[20:00:37][DEBUG] : Relaying FLYING vessel f2aabc29-ad9e-4b2f-9011-e74ef22e57f8 from etiene32
[20:00:37][DEBUG] : etiene32 acquired lock update-d3e887b3-068b-4358-a1c0-cf56cdb39596
[20:00:37][DEBUG] : Relaying FLYING vessel d3e887b3-068b-4358-a1c0-cf56cdb39596 from etiene32
[20:00:57][DEBUG] : Saving 2 scenario modules from etiene32
[20:01:07][DEBUG] : Relaying FLYING vessel 6de8908f-49cb-4e63-86da-8f09d3443ac3 from etiene32
[20:01:07][DEBUG] : Relaying FLYING vessel f2aabc29-ad9e-4b2f-9011-e74ef22e57f8 from etiene32
[20:01:07][DEBUG] : Relaying FLYING vessel d3e887b3-068b-4358-a1c0-cf56cdb39596 from etiene32
[20:01:16][DEBUG] : Relaying FLYING vessel 6de8908f-49cb-4e63-86da-8f09d3443ac3 from etiene32
[20:01:16][DEBUG] : etiene32 acquired lock update-37ca1555-364b-40a2-8a9d-53b0f77e9702
[20:01:16][DEBUG] : Relaying FLYING vessel 37ca1555-364b-40a2-8a9d-53b0f77e9702 from etiene32
[20:01:16][DEBUG] : etiene32 acquired lock update-791b4b9a-02af-45d1-aede-a3c02644af23
[20:01:16][DEBUG] : Relaying FLYING vessel 791b4b9a-02af-45d1-aede-a3c02644af23 from etiene32
[20:01:28][DEBUG] : Saving 2 scenario modules from etiene32
[20:01:37][DEBUG] : Relaying FLYING vessel f2aabc29-ad9e-4b2f-9011-e74ef22e57f8 from etiene32
[20:01:37][DEBUG] : Relaying FLYING vessel d3e887b3-068b-4358-a1c0-cf56cdb39596 from etiene32
[20:01:39][DEBUG] : Relaying FLYING vessel d3e887b3-068b-4358-a1c0-cf56cdb39596 from etiene32
[20:01:39][DEBUG] : Removing vessel d3e887b3-068b-4358-a1c0-cf56cdb39596 from etiene32
[20:01:39][DEBUG] : etiene32 acquired lock update-095decfe-59c5-409d-984c-b9a414ad41af
[20:01:39][DEBUG] : Relaying FLYING vessel 095decfe-59c5-409d-984c-b9a414ad41af from etiene32
[20:01:39][DEBUG] : Relaying FLYING vessel f2aabc29-ad9e-4b2f-9011-e74ef22e57f8 from etiene32
[20:01:39][DEBUG] : etiene32 acquired lock update-3fd3e80a-8a35-4da7-813e-69a33b6a53fe
[20:01:39][DEBUG] : Relaying FLYING vessel 3fd3e80a-8a35-4da7-813e-69a33b6a53fe from etiene32
[20:01:39][DEBUG] : Removing vessel f2aabc29-ad9e-4b2f-9011-e74ef22e57f8 from etiene32
[20:01:39][DEBUG] : Removing vessel 3fd3e80a-8a35-4da7-813e-69a33b6a53fe from etiene32
[20:01:39][DEBUG] : etiene32 acquired lock update-5c02e69c-b701-4451-acfb-4107fde05110
[20:01:39][DEBUG] : Relaying FLYING vessel 5c02e69c-b701-4451-acfb-4107fde05110 from etiene32
[20:01:44][DEBUG] : etiene32 released lock update-d3e887b3-068b-4358-a1c0-cf56cdb39596
[20:01:44][DEBUG] : etiene32 released lock update-f2aabc29-ad9e-4b2f-9011-e74ef22e57f8
[20:01:44][DEBUG] : etiene32 released lock update-3fd3e80a-8a35-4da7-813e-69a33b6a53fe
[20:01:47][DEBUG] : Relaying FLYING vessel 6de8908f-49cb-4e63-86da-8f09d3443ac3 from etiene32
[20:01:47][DEBUG] : Relaying FLYING vessel 37ca1555-364b-40a2-8a9d-53b0f77e9702 from etiene32
[20:01:47][DEBUG] : Relaying FLYING vessel 791b4b9a-02af-45d1-aede-a3c02644af23 from etiene32
[20:01:47][DEBUG] : Removing vessel 5c02e69c-b701-4451-acfb-4107fde05110 from etiene32
[20:01:48][DEBUG] : Removing vessel 095decfe-59c5-409d-984c-b9a414ad41af from etiene32
[20:01:48][DEBUG] : etiene32 acquired lock update-4e855ccc-e38a-4bfe-9ff8-6dc9f78a6ceb
[20:01:48][DEBUG] : Relaying FLYING vessel 4e855ccc-e38a-4bfe-9ff8-6dc9f78a6ceb from etiene32
[20:01:48][DEBUG] : Relaying FLYING vessel 4e855ccc-e38a-4bfe-9ff8-6dc9f78a6ceb from etiene32
[20:01:50][DEBUG] : Removing vessel 4e855ccc-e38a-4bfe-9ff8-6dc9f78a6ceb from etiene32
[20:01:52][DEBUG] : etiene32 released lock update-5c02e69c-b701-4451-acfb-4107fde05110
[20:01:52][DEBUG] : etiene32 released lock update-095decfe-59c5-409d-984c-b9a414ad41af
[20:01:55][DEBUG] : etiene32 released lock update-4e855ccc-e38a-4bfe-9ff8-6dc9f78a6ceb
[20:01:58][DEBUG] : Saving 2 scenario modules from etiene32
[20:02:02][DEBUG] : Relaying FLYING vessel 6de8908f-49cb-4e63-86da-8f09d3443ac3 from etiene32
[20:02:02][DEBUG] : etiene32 acquired lock update-9997a4a4-b595-4c42-8a14-48f4e844e52e
[20:02:02][DEBUG] : Relaying FLYING vessel 9997a4a4-b595-4c42-8a14-48f4e844e52e from etiene32
[20:02:02][DEBUG] : etiene32 acquired lock update-75e69737-ee0c-415c-a34d-7c131443097d
[20:02:02][DEBUG] : Relaying FLYING vessel 75e69737-ee0c-415c-a34d-7c131443097d from etiene32
[20:02:03][DEBUG] : Relaying FLYING vessel 9997a4a4-b595-4c42-8a14-48f4e844e52e from etiene32
[20:02:03][DEBUG] : Relaying FLYING vessel 9997a4a4-b595-4c42-8a14-48f4e844e52e from etiene32
[20:02:17][DEBUG] : Relaying FLYING vessel 791b4b9a-02af-45d1-aede-a3c02644af23 from etiene32
[20:02:17][DEBUG] : Relaying FLYING vessel 37ca1555-364b-40a2-8a9d-53b0f77e9702 from etiene32
[20:02:28][DEBUG] : Saving 2 scenario modules from etiene32
[20:02:32][DEBUG] : Relaying FLYING vessel 6de8908f-49cb-4e63-86da-8f09d3443ac3 from etiene32
[20:02:32][DEBUG] : Relaying FLYING vessel 75e69737-ee0c-415c-a34d-7c131443097d from etiene32
[20:02:33][DEBUG] : Relaying FLYING vessel 9997a4a4-b595-4c42-8a14-48f4e844e52e from etiene32
[20:02:47][DEBUG] : Relaying FLYING vessel 791b4b9a-02af-45d1-aede-a3c02644af23 from etiene32
[20:02:47][DEBUG] : Relaying FLYING vessel 37ca1555-364b-40a2-8a9d-53b0f77e9702 from etiene32
[20:02:58][DEBUG] : Saving 2 scenario modules from etiene32
[20:03:00][DEBUG] : Relaying FLYING vessel 37ca1555-364b-40a2-8a9d-53b0f77e9702 from etiene32
[20:03:00][DEBUG] : etiene32 released lock update-37ca1555-364b-40a2-8a9d-53b0f77e9702
[20:03:00][DEBUG] : Relaying FLYING vessel 791b4b9a-02af-45d1-aede-a3c02644af23 from etiene32
[20:03:00][DEBUG] : etiene32 released lock update-791b4b9a-02af-45d1-aede-a3c02644af23
[20:03:01][DEBUG] : Removing vessel 37ca1555-364b-40a2-8a9d-53b0f77e9702 from etiene32
[20:03:01][DEBUG] : Removing vessel 791b4b9a-02af-45d1-aede-a3c02644af23 from etiene32
[20:03:03][DEBUG] : Relaying FLYING vessel 6de8908f-49cb-4e63-86da-8f09d3443ac3 from etiene32
[20:03:03][DEBUG] : Relaying FLYING vessel 75e69737-ee0c-415c-a34d-7c131443097d from etiene32
[20:03:03][DEBUG] : Relaying FLYING vessel 9997a4a4-b595-4c42-8a14-48f4e844e52e from etiene32
[20:03:22][DEBUG] : Removing vessel 9997a4a4-b595-4c42-8a14-48f4e844e52e from etiene32
[20:03:23][DEBUG] : Removing vessel 75e69737-ee0c-415c-a34d-7c131443097d from etiene32
[20:03:24][DEBUG] : etiene32 released lock update-9997a4a4-b595-4c42-8a14-48f4e844e52e
[20:03:25][DEBUG] : etiene32 released lock update-75e69737-ee0c-415c-a34d-7c131443097d
[20:03:28][DEBUG] : Saving 2 scenario modules from etiene32
[20:03:32][DEBUG] : Create subspace
[20:03:32][DEBUG] : Sending etiene32 to subspace 59
[20:03:33][DEBUG] : Relaying FLYING vessel 6de8908f-49cb-4e63-86da-8f09d3443ac3 from etiene32
[20:03:58][DEBUG] : Saving 2 scenario modules from etiene32
[20:04:03][DEBUG] : Relaying FLYING vessel 6de8908f-49cb-4e63-86da-8f09d3443ac3 from etiene32
[20:04:28][DEBUG] : Saving 2 scenario modules from etiene32
[20:04:33][DEBUG] : Relaying FLYING vessel 6de8908f-49cb-4e63-86da-8f09d3443ac3 from etiene32
[20:04:49][DEBUG] : Saving vessel 6de8908f-49cb-4e63-86da-8f09d3443ac3 from etiene32
[20:04:50][DEBUG] : Create subspace
[20:04:50][DEBUG] : Sending etiene32 to subspace 60
[20:04:58][DEBUG] : Saving 2 scenario modules from etiene32
[20:05:13][DEBUG] : etiene32 released lock update-6de8908f-49cb-4e63-86da-8f09d3443ac3
[20:05:13][DEBUG] : Saving vessel 6de8908f-49cb-4e63-86da-8f09d3443ac3 from etiene32
[20:05:16][DEBUG] : Create subspace
[20:05:16][DEBUG] : Sending etiene32 to subspace 61
[20:05:16][DEBUG] : etiene32 acquired lock update-6de8908f-49cb-4e63-86da-8f09d3443ac3
[20:05:19][DEBUG] : Saving kerbal Jebediah Kerman from etiene32
[20:05:19][DEBUG] : Saving kerbal Anlong Kerman from etiene32
[20:05:19][DEBUG] : Saving kerbal Bob Kerman from etiene32
[20:05:19][DEBUG] : Saving vessel 6de8908f-49cb-4e63-86da-8f09d3443ac3 from etiene32
[20:05:28][DEBUG] : Saving 1 scenario modules from etiene32
[20:05:50][DEBUG] : Saving vessel 6de8908f-49cb-4e63-86da-8f09d3443ac3 from etiene32
[20:05:58][DEBUG] : Saving 2 scenario modules from etiene32
[20:06:03][DEBUG] : Saving vessel 6de8908f-49cb-4e63-86da-8f09d3443ac3 from etiene32
[20:06:28][DEBUG] : Saving 2 scenario modules from etiene32
[20:06:34][DEBUG] : Saving kerbal Jebediah Kerman from etiene32
[20:06:34][DEBUG] : Saving kerbal Anlong Kerman from etiene32
[20:06:34][DEBUG] : Saving kerbal Bob Kerman from etiene32
[20:06:34][DEBUG] : Saving vessel 6de8908f-49cb-4e63-86da-8f09d3443ac3 from etiene32
[20:06:58][DEBUG] : Saving 2 scenario modules from etiene32
[20:07:08][DEBUG] : Saving vessel 6de8908f-49cb-4e63-86da-8f09d3443ac3 from etiene32
[20:07:08][DEBUG] : etiene32 released lock update-6de8908f-49cb-4e63-86da-8f09d3443ac3
[20:07:23][DEBUG] : Saving screenshot from etiene32
[20:07:25][DEBUG] : Saving screenshot from etiene32
[20:07:28][DEBUG] : Saving 2 scenario modules from etiene32
[20:07:30][DEBUG] : Removing vessel 01141a01-29b9-49ad-8461-eab8ac84996a from etiene32
[20:07:30][DEBUG] : Removing vessel f936dbfe-dbf4-453b-9659-8617c0a80314 from etiene32
[20:07:30][DEBUG] : Removing vessel 2598b083-a4c5-455c-9ef9-1ec20dd5b9a0 from etiene32
[20:07:36][DEBUG] : Nanshue is watching screenshots from etiene32
[20:07:36][DEBUG] : Sending saved screenshot from etiene32 to Nanshue
[20:07:36][DEBUG] : Optimizing Nanshue (705427 bytes queued)
[20:07:36][DEBUG] : Optimized 0 bytes in 0,499 ms.
[20:07:50][DEBUG] : Nanshue is watching screenshots from Nanshue
[20:07:52][DEBUG] : Nanshue is watching screenshots from etiene32
[20:07:53][DEBUG] : Nanshue is no longer watching screenshots from etiene32
[20:07:54][DEBUG] : Create subspace
[20:07:54][DEBUG] : Sending etiene32 to subspace 62
[20:07:54][DEBUG] : etiene32 acquired lock update-6de8908f-49cb-4e63-86da-8f09d3443ac3
[20:07:54][DEBUG] : Saving vessel 6de8908f-49cb-4e63-86da-8f09d3443ac3 from etiene32
[20:07:58][DEBUG] : Saving 1 scenario modules from etiene32
[20:08:25][DEBUG] : Saving vessel 6de8908f-49cb-4e63-86da-8f09d3443ac3 from etiene32
[20:08:28][DEBUG] : Saving 1 scenario modules from etiene32
[20:08:35][DEBUG] : Saving vessel 6de8908f-49cb-4e63-86da-8f09d3443ac3 from etiene32
[20:08:58][DEBUG] : Saving 1 scenario modules from etiene32
[20:09:06][DEBUG] : Saving vessel 6de8908f-49cb-4e63-86da-8f09d3443ac3 from etiene32
[20:09:28][DEBUG] : Saving 1 scenario modules from etiene32
[20:09:36][DEBUG] : Saving vessel 6de8908f-49cb-4e63-86da-8f09d3443ac3 from etiene32
[20:09:58][DEBUG] : Saving 1 scenario modules from etiene32
[20:10:06][DEBUG] : Saving vessel 6de8908f-49cb-4e63-86da-8f09d3443ac3 from etiene32
[20:10:28][DEBUG] : Saving 1 scenario modules from etiene32
[20:10:37][DEBUG] : Saving vessel 6de8908f-49cb-4e63-86da-8f09d3443ac3 from etiene32
[20:10:52][INFO] : Removed 0 debris
[20:10:58][DEBUG] : Saving 1 scenario modules from etiene32
[20:11:07][DEBUG] : Saving vessel 6de8908f-49cb-4e63-86da-8f09d3443ac3 from etiene32
[20:11:33][DEBUG] : Saving 1 scenario modules from etiene32
[20:11:37][DEBUG] : Saving vessel 6de8908f-49cb-4e63-86da-8f09d3443ac3 from etiene32
[20:11:58][DEBUG] : Saving 1 scenario modules from etiene32
[20:12:07][DEBUG] : Saving vessel 6de8908f-49cb-4e63-86da-8f09d3443ac3 from etiene32
[20:12:28][DEBUG] : Saving 1 scenario modules from etiene32
[20:12:37][DEBUG] : Saving vessel 6de8908f-49cb-4e63-86da-8f09d3443ac3 from etiene32
[20:12:51][DEBUG] : Relaying FLYING vessel 6de8908f-49cb-4e63-86da-8f09d3443ac3 from etiene32
[20:12:54][DEBUG] : Nanshue acquired lock control-8bc33fec-6623-48aa-85e6-3c4a030a561d
[20:12:54][DEBUG] : Nanshue acquired lock update-8bc33fec-6623-48aa-85e6-3c4a030a561d
[20:12:54][DEBUG] : Saving vessel 8bc33fec-6623-48aa-85e6-3c4a030a561d from Nanshue
[20:12:54][DEBUG] : Saving vessel 8bc33fec-6623-48aa-85e6-3c4a030a561d from Nanshue
[20:12:54][DEBUG] : Nanshue acquired lock update-70cc88da-7acd-4960-88e1-1154f2c29457
[20:12:54][DEBUG] : Relaying FLYING vessel 70cc88da-7acd-4960-88e1-1154f2c29457 from Nanshue
[20:12:54][DEBUG] : Removing vessel 70cc88da-7acd-4960-88e1-1154f2c29457 from Nanshue
[20:12:54][DEBUG] : Nanshue acquired lock update-371d202e-b4de-4b3a-8b93-ee9b0054d7e5
[20:12:54][DEBUG] : Relaying FLYING vessel 371d202e-b4de-4b3a-8b93-ee9b0054d7e5 from Nanshue
[20:12:54][DEBUG] : Nanshue acquired lock update-da37fb50-b73a-4103-ac96-d075d7f860d6
[20:12:54][DEBUG] : Relaying FLYING vessel da37fb50-b73a-4103-ac96-d075d7f860d6 from Nanshue
[20:12:54][DEBUG] : Nanshue acquired lock update-3679bd69-82f0-4242-91ed-14a722846660
[20:12:54][DEBUG] : Relaying FLYING vessel 3679bd69-82f0-4242-91ed-14a722846660 from Nanshue
[20:12:56][DEBUG] : Nanshue acquired lock update-c5f99541-7bf5-4b00-938d-7c79fe90b55f
[20:12:56][DEBUG] : Nanshue acquired lock update-f936dbfe-dbf4-453b-9659-8617c0a80314
[20:12:56][DEBUG] : Nanshue acquired lock update-01141a01-29b9-49ad-8461-eab8ac84996a
[20:12:56][DEBUG] : Nanshue acquired lock update-2598b083-a4c5-455c-9ef9-1ec20dd5b9a0
[20:12:56][DEBUG] : Saving vessel 3679bd69-82f0-4242-91ed-14a722846660 from Nanshue
[20:12:58][DEBUG] : Removing vessel da37fb50-b73a-4103-ac96-d075d7f860d6 from Nanshue
[20:12:58][DEBUG] : Removing vessel 371d202e-b4de-4b3a-8b93-ee9b0054d7e5 from Nanshue
[20:12:59][DEBUG] : Saving 1 scenario modules from etiene32
[20:12:59][DEBUG] : Nanshue released lock update-70cc88da-7acd-4960-88e1-1154f2c29457
[20:13:03][DEBUG] : Saving 1 scenario modules from Nanshue
[20:13:03][DEBUG] : Nanshue released lock update-371d202e-b4de-4b3a-8b93-ee9b0054d7e5
[20:13:03][DEBUG] : Nanshue released lock update-da37fb50-b73a-4103-ac96-d075d7f860d6
[20:13:06][DEBUG] : Saving vessel c6fcff64-b689-4e5b-9027-28155f3fb952 from Nanshue
[20:13:17][DEBUG] : Removing vessel 2598b083-a4c5-455c-9ef9-1ec20dd5b9a0 from Nanshue
[20:13:17][DEBUG] : Removing vessel f936dbfe-dbf4-453b-9659-8617c0a80314 from Nanshue
[20:13:17][DEBUG] : Removing vessel 01141a01-29b9-49ad-8461-eab8ac84996a from Nanshue
[20:13:17][DEBUG] : Removing vessel 3679bd69-82f0-4242-91ed-14a722846660 from Nanshue
[20:13:18][DEBUG] : Removing vessel 8bc33fec-6623-48aa-85e6-3c4a030a561d from Nanshue
[20:13:19][DEBUG] : Nanshue released lock update-8bc33fec-6623-48aa-85e6-3c4a030a561d
[20:13:19][DEBUG] : Nanshue released lock update-3679bd69-82f0-4242-91ed-14a722846660
[20:13:19][DEBUG] : Saving vessel c5f99541-7bf5-4b00-938d-7c79fe90b55f from Nanshue
[20:13:19][DEBUG] : Nanshue released lock update-c5f99541-7bf5-4b00-938d-7c79fe90b55f
[20:13:19][DEBUG] : Nanshue released lock update-f936dbfe-dbf4-453b-9659-8617c0a80314
[20:13:19][DEBUG] : Nanshue released lock update-01141a01-29b9-49ad-8461-eab8ac84996a
[20:13:19][DEBUG] : Nanshue released lock update-2598b083-a4c5-455c-9ef9-1ec20dd5b9a0
[20:13:19][DEBUG] : Nanshue released lock control-a829dd37-294d-4124-be5b-eeb46c6b116b
[20:13:19][DEBUG] : Nanshue released lock control-8bc33fec-6623-48aa-85e6-3c4a030a561d
[20:13:22][DEBUG] : Relaying FLYING vessel 6de8908f-49cb-4e63-86da-8f09d3443ac3 from etiene32
[20:13:29][DEBUG] : Saving 1 scenario modules from etiene32
[20:13:33][DEBUG] : Saving 1 scenario modules from Nanshue
[20:13:52][DEBUG] : Relaying FLYING vessel 6de8908f-49cb-4e63-86da-8f09d3443ac3 from etiene32
[20:13:59][DEBUG] : Saving 1 scenario modules from etiene32
[20:14:22][DEBUG] : Relaying FLYING vessel 6de8908f-49cb-4e63-86da-8f09d3443ac3 from etiene32
[20:14:29][DEBUG] : Saving 1 scenario modules from etiene32
[20:14:52][DEBUG] : Relaying FLYING vessel 6de8908f-49cb-4e63-86da-8f09d3443ac3 from etiene32
[20:14:59][DEBUG] : Saving 1 scenario modules from etiene32
[20:15:23][DEBUG] : Relaying FLYING vessel 6de8908f-49cb-4e63-86da-8f09d3443ac3 from etiene32
[20:15:29][DEBUG] : Saving 1 scenario modules from etiene32
[20:15:42][DEBUG] : Nanshue acquired lock control-ecc081b7-7dca-43b0-bdeb-5bbf1bf57cb6
[20:15:43][DEBUG] : Nanshue acquired lock update-ecc081b7-7dca-43b0-bdeb-5bbf1bf57cb6
[20:15:43][DEBUG] : Nanshue acquired lock update-c5f99541-7bf5-4b00-938d-7c79fe90b55f
[20:15:43][DEBUG] : Saving vessel ecc081b7-7dca-43b0-bdeb-5bbf1bf57cb6 from Nanshue
[20:15:43][DEBUG] : Saving vessel c5f99541-7bf5-4b00-938d-7c79fe90b55f from Nanshue
[20:15:53][DEBUG] : Relaying FLYING vessel 6de8908f-49cb-4e63-86da-8f09d3443ac3 from etiene32
[20:15:59][DEBUG] : Saving 1 scenario modules from etiene32
[20:16:03][DEBUG] : Saving 1 scenario modules from Nanshue
[20:16:13][DEBUG] : Saving vessel ecc081b7-7dca-43b0-bdeb-5bbf1bf57cb6 from Nanshue
[20:16:13][DEBUG] : Saving vessel c5f99541-7bf5-4b00-938d-7c79fe90b55f from Nanshue
[20:16:23][DEBUG] : Relaying FLYING vessel 6de8908f-49cb-4e63-86da-8f09d3443ac3 from etiene32
[20:16:29][DEBUG] : Saving 1 scenario modules from etiene32
[20:16:33][DEBUG] : Saving 1 scenario modules from Nanshue
[20:16:43][DEBUG] : Saving vessel ecc081b7-7dca-43b0-bdeb-5bbf1bf57cb6 from Nanshue
[20:16:43][DEBUG] : Saving vessel c5f99541-7bf5-4b00-938d-7c79fe90b55f from Nanshue
[20:16:53][DEBUG] : Relaying FLYING vessel 6de8908f-49cb-4e63-86da-8f09d3443ac3 from etiene32
[20:16:54][DEBUG] : Relaying FLYING vessel 6de8908f-49cb-4e63-86da-8f09d3443ac3 from etiene32
[20:16:54][DEBUG] : etiene32 acquired lock update-6a207835-c1d6-4b73-9e92-9ced4dd8eb11
[20:16:54][DEBUG] : Relaying FLYING vessel 6a207835-c1d6-4b73-9e92-9ced4dd8eb11 from etiene32
[20:16:59][DEBUG] : Saving 1 scenario modules from etiene32
[20:17:03][DEBUG] : Saving 1 scenario modules from Nanshue
[20:17:13][DEBUG] : Saving vessel ecc081b7-7dca-43b0-bdeb-5bbf1bf57cb6 from Nanshue
[20:17:13][DEBUG] : Saving vessel c5f99541-7bf5-4b00-938d-7c79fe90b55f from Nanshue
[20:17:24][DEBUG] : Relaying FLYING vessel 6de8908f-49cb-4e63-86da-8f09d3443ac3 from etiene32
[20:17:25][DEBUG] : Relaying FLYING vessel 6a207835-c1d6-4b73-9e92-9ced4dd8eb11 from etiene32
[20:17:29][DEBUG] : Saving 1 scenario modules from etiene32
[20:17:33][DEBUG] : Saving 1 scenario modules from Nanshue
[20:17:43][DEBUG] : Saving vessel ecc081b7-7dca-43b0-bdeb-5bbf1bf57cb6 from Nanshue
[20:17:43][DEBUG] : Saving vessel c5f99541-7bf5-4b00-938d-7c79fe90b55f from Nanshue
[20:17:55][DEBUG] : Relaying FLYING vessel 6de8908f-49cb-4e63-86da-8f09d3443ac3 from etiene32
[20:17:55][DEBUG] : Relaying FLYING vessel 6a207835-c1d6-4b73-9e92-9ced4dd8eb11 from etiene32
[20:17:59][DEBUG] : Saving 1 scenario modules from etiene32
[20:18:03][DEBUG] : Saving 1 scenario modules from Nanshue
[20:18:13][DEBUG] : Saving vessel ecc081b7-7dca-43b0-bdeb-5bbf1bf57cb6 from Nanshue
[20:18:13][DEBUG] : Saving vessel c5f99541-7bf5-4b00-938d-7c79fe90b55f from Nanshue
[20:18:17][DEBUG] : Relaying FLYING vessel 6de8908f-49cb-4e63-86da-8f09d3443ac3 from etiene32
[20:18:17][DEBUG] : etiene32 acquired lock update-7da6fd3f-1c99-4b15-bca1-68d2149ca3bf
[20:18:17][DEBUG] : Relaying FLYING vessel 7da6fd3f-1c99-4b15-bca1-68d2149ca3bf from etiene32
[20:18:25][DEBUG] : Relaying FLYING vessel 6a207835-c1d6-4b73-9e92-9ced4dd8eb11 from etiene32
[20:18:26][DEBUG] : Saving screenshot from Nanshue
[20:18:29][DEBUG] : Saving 1 scenario modules from etiene32
[20:18:33][DEBUG] : Saving 1 scenario modules from Nanshue
[20:18:41][DEBUG] : Relaying FLYING vessel ecc081b7-7dca-43b0-bdeb-5bbf1bf57cb6 from Nanshue
[20:18:41][DEBUG] : Nanshue acquired lock update-6577771c-9296-48b5-a81f-0e8e78de1b1d
[20:18:41][DEBUG] : Saving vessel 6577771c-9296-48b5-a81f-0e8e78de1b1d from Nanshue
[20:18:41][DEBUG] : Nanshue acquired lock update-7a13c6f9-2b75-4e42-bf1e-9bec4e8305aa
[20:18:41][DEBUG] : Saving vessel 7a13c6f9-2b75-4e42-bf1e-9bec4e8305aa from Nanshue
[20:18:41][DEBUG] : Nanshue acquired lock update-302928f2-8c18-4f01-98d0-85150b465fef
[20:18:41][DEBUG] : Saving vessel 302928f2-8c18-4f01-98d0-85150b465fef from Nanshue
[20:18:41][DEBUG] : Nanshue acquired lock update-13025101-bbea-46ed-95b1-d1eeaeb7b5bb
[20:18:41][DEBUG] : Saving vessel 13025101-bbea-46ed-95b1-d1eeaeb7b5bb from Nanshue
[20:18:41][DEBUG] : Nanshue acquired lock update-4357396c-3eec-4e3f-9541-51ce969b4e39
[20:18:41][DEBUG] : Saving vessel 4357396c-3eec-4e3f-9541-51ce969b4e39 from Nanshue
[20:18:41][DEBUG] : Nanshue acquired lock update-120660b7-55f6-4737-996c-0624142b4d6f
[20:18:41][DEBUG] : Saving vessel 120660b7-55f6-4737-996c-0624142b4d6f from Nanshue
[20:18:41][DEBUG] : Nanshue acquired lock update-c2fea17b-145c-476e-876d-4ce17d04cb77
[20:18:41][DEBUG] : Saving vessel c2fea17b-145c-476e-876d-4ce17d04cb77 from Nanshue
[20:18:41][DEBUG] : Nanshue acquired lock update-7a0a5ec7-1b39-42b4-a065-b899f89f5d8d
[20:18:41][DEBUG] : Saving vessel 7a0a5ec7-1b39-42b4-a065-b899f89f5d8d from Nanshue
[20:18:43][DEBUG] : Saving vessel c5f99541-7bf5-4b00-938d-7c79fe90b55f from Nanshue
[20:18:47][DEBUG] : Relaying FLYING vessel 6de8908f-49cb-4e63-86da-8f09d3443ac3 from etiene32
[20:18:47][DEBUG] : Relaying FLYING vessel 7da6fd3f-1c99-4b15-bca1-68d2149ca3bf from etiene32
[20:18:55][DEBUG] : Relaying FLYING vessel 6a207835-c1d6-4b73-9e92-9ced4dd8eb11 from etiene32
[20:18:59][DEBUG] : Saving 1 scenario modules from etiene32
[20:19:00][DEBUG] : Saving vessel c2fea17b-145c-476e-876d-4ce17d04cb77 from Nanshue
[20:19:00][DEBUG] : Nanshue released lock update-c2fea17b-145c-476e-876d-4ce17d04cb77
[20:19:00][DEBUG] : Nanshue released lock update-120660b7-55f6-4737-996c-0624142b4d6f
[20:19:00][DEBUG] : Saving vessel 120660b7-55f6-4737-996c-0624142b4d6f from Nanshue
[20:19:00][DEBUG] : Saving vessel 4357396c-3eec-4e3f-9541-51ce969b4e39 from Nanshue
[20:19:00][DEBUG] : Nanshue released lock update-4357396c-3eec-4e3f-9541-51ce969b4e39
[20:19:00][DEBUG] : Nanshue released lock update-c5f99541-7bf5-4b00-938d-7c79fe90b55f
[20:19:00][DEBUG] : Saving vessel c5f99541-7bf5-4b00-938d-7c79fe90b55f from Nanshue
[20:19:00][DEBUG] : Nanshue released lock update-7a0a5ec7-1b39-42b4-a065-b899f89f5d8d
[20:19:00][DEBUG] : Saving vessel 7a0a5ec7-1b39-42b4-a065-b899f89f5d8d from Nanshue
[20:19:00][DEBUG] : Nanshue released lock update-13025101-bbea-46ed-95b1-d1eeaeb7b5bb
[20:19:00][DEBUG] : Saving vessel 13025101-bbea-46ed-95b1-d1eeaeb7b5bb from Nanshue
[20:19:00][DEBUG] : Saving vessel 302928f2-8c18-4f01-98d0-85150b465fef from Nanshue
[20:19:00][DEBUG] : Nanshue released lock update-302928f2-8c18-4f01-98d0-85150b465fef
[20:19:00][DEBUG] : Nanshue released lock update-7a13c6f9-2b75-4e42-bf1e-9bec4e8305aa
[20:19:00][DEBUG] : Saving vessel 7a13c6f9-2b75-4e42-bf1e-9bec4e8305aa from Nanshue
[20:19:00][DEBUG] : Nanshue released lock update-6577771c-9296-48b5-a81f-0e8e78de1b1d
[20:19:00][DEBUG] : Saving vessel 6577771c-9296-48b5-a81f-0e8e78de1b1d from Nanshue
[20:19:03][DEBUG] : Saving 1 scenario modules from Nanshue
[20:19:11][DEBUG] : Relaying FLYING vessel ecc081b7-7dca-43b0-bdeb-5bbf1bf57cb6 from Nanshue
[20:19:17][DEBUG] : Relaying FLYING vessel 6de8908f-49cb-4e63-86da-8f09d3443ac3 from etiene32
[20:19:18][DEBUG] : Relaying FLYING vessel 7da6fd3f-1c99-4b15-bca1-68d2149ca3bf from etiene32
[20:19:25][DEBUG] : Relaying FLYING vessel 6a207835-c1d6-4b73-9e92-9ced4dd8eb11 from etiene32
[20:19:29][DEBUG] : Saving 1 scenario modules from etiene32
[20:19:33][DEBUG] : Saving 1 scenario modules from Nanshue
[20:19:41][DEBUG] : Relaying FLYING vessel ecc081b7-7dca-43b0-bdeb-5bbf1bf57cb6 from Nanshue
[20:19:47][DEBUG] : Relaying FLYING vessel 6de8908f-49cb-4e63-86da-8f09d3443ac3 from etiene32
[20:19:48][DEBUG] : Relaying FLYING vessel 7da6fd3f-1c99-4b15-bca1-68d2149ca3bf from etiene32
[20:19:55][DEBUG] : Relaying FLYING vessel 6a207835-c1d6-4b73-9e92-9ced4dd8eb11 from etiene32
[20:19:59][DEBUG] : Saving 1 scenario modules from etiene32
[20:20:03][DEBUG] : Saving 1 scenario modules from Nanshue
[20:20:04][DEBUG] : etiene32 is watching screenshots from Nanshue
[20:20:04][DEBUG] : Sending saved screenshot from Nanshue to etiene32
[20:20:04][DEBUG] : Optimizing etiene32 (689488 bytes queued)
[20:20:04][DEBUG] : Optimized 0 bytes in 1 ms.
[20:20:09][DEBUG] : Optimizing etiene32 (260404 bytes queued)
[20:20:09][DEBUG] : Optimized 4640 bytes in 0,992 ms.
[20:20:11][DEBUG] : Relaying FLYING vessel ecc081b7-7dca-43b0-bdeb-5bbf1bf57cb6 from Nanshue
[20:20:11][DEBUG] : etiene32 is no longer watching screenshots from Nanshue
[20:20:17][DEBUG] : Relaying FLYING vessel 6de8908f-49cb-4e63-86da-8f09d3443ac3 from etiene32
[20:20:18][DEBUG] : Relaying FLYING vessel 7da6fd3f-1c99-4b15-bca1-68d2149ca3bf from etiene32
[20:20:25][DEBUG] : Relaying FLYING vessel 6a207835-c1d6-4b73-9e92-9ced4dd8eb11 from etiene32
[20:20:29][DEBUG] : Saving 1 scenario modules from etiene32
[20:20:33][DEBUG] : Saving 1 scenario modules from Nanshue
[20:20:36][DEBUG] : etiene32 released lock update-7da6fd3f-1c99-4b15-bca1-68d2149ca3bf
[20:20:36][DEBUG] : Relaying FLYING vessel 7da6fd3f-1c99-4b15-bca1-68d2149ca3bf from etiene32
[20:20:38][DEBUG] : Removing vessel 7da6fd3f-1c99-4b15-bca1-68d2149ca3bf from etiene32
[20:20:41][DEBUG] : Relaying FLYING vessel ecc081b7-7dca-43b0-bdeb-5bbf1bf57cb6 from Nanshue
[20:20:45][DEBUG] : Relaying FLYING vessel ecc081b7-7dca-43b0-bdeb-5bbf1bf57cb6 from Nanshue
[20:20:45][DEBUG] : Nanshue acquired lock update-12d46099-d83e-4079-8a67-65418f77802b
[20:20:45][DEBUG] : Relaying FLYING vessel 12d46099-d83e-4079-8a67-65418f77802b from Nanshue
[20:20:45][DEBUG] : Nanshue acquired lock update-a483c573-d00b-4a3b-b860-e1a0f31b9a3c
[20:20:45][DEBUG] : Relaying FLYING vessel a483c573-d00b-4a3b-b860-e1a0f31b9a3c from Nanshue
[20:20:45][DEBUG] : Nanshue acquired lock update-4682af78-a09d-41a4-93ef-b3930310c109
[20:20:45][DEBUG] : Relaying FLYING vessel 4682af78-a09d-41a4-93ef-b3930310c109 from Nanshue
[20:20:45][DEBUG] : Nanshue acquired lock update-b8535606-0e14-4607-af32-631c6cf33a8f
[20:20:45][DEBUG] : Relaying FLYING vessel b8535606-0e14-4607-af32-631c6cf33a8f from Nanshue
[20:20:46][DEBUG] : Relaying FLYING vessel ecc081b7-7dca-43b0-bdeb-5bbf1bf57cb6 from Nanshue
[20:20:46][DEBUG] : Nanshue acquired lock update-adf6e520-9190-49cc-87fb-ea08c40fcf10
[20:20:46][DEBUG] : Relaying FLYING vessel adf6e520-9190-49cc-87fb-ea08c40fcf10 from Nanshue
[20:20:46][DEBUG] : Nanshue acquired lock update-67fd3e9c-7e68-4e7b-9e25-5377bfd2a0b6
[20:20:46][DEBUG] : Relaying FLYING vessel 67fd3e9c-7e68-4e7b-9e25-5377bfd2a0b6 from Nanshue
[20:20:46][DEBUG] : Removing vessel 67fd3e9c-7e68-4e7b-9e25-5377bfd2a0b6 from Nanshue
[20:20:46][DEBUG] : Nanshue acquired lock update-5d4ffb70-4c30-4bfc-ab2b-4739f0093790
[20:20:46][DEBUG] : Relaying FLYING vessel 5d4ffb70-4c30-4bfc-ab2b-4739f0093790 from Nanshue
[20:20:46][DEBUG] : Nanshue acquired lock update-dc4e5703-e1f2-4898-b412-fe8b72956295
[20:20:46][DEBUG] : Relaying FLYING vessel dc4e5703-e1f2-4898-b412-fe8b72956295 from Nanshue
[20:20:46][DEBUG] : Relaying FLYING vessel b8535606-0e14-4607-af32-631c6cf33a8f from Nanshue
[20:20:46][DEBUG] : Nanshue acquired lock update-d356c2da-ad5f-450c-a19b-ec1fe4d1870c
[20:20:46][DEBUG] : Relaying FLYING vessel d356c2da-ad5f-450c-a19b-ec1fe4d1870c from Nanshue
[20:20:46][DEBUG] : Nanshue acquired lock update-5ded716b-72e0-400f-838b-9ae585813ca5
[20:20:46][DEBUG] : Relaying FLYING vessel 5ded716b-72e0-400f-838b-9ae585813ca5 from Nanshue
[20:20:46][DEBUG] : Removing vessel 5ded716b-72e0-400f-838b-9ae585813ca5 from Nanshue
[20:20:46][DEBUG] : Relaying FLYING vessel a483c573-d00b-4a3b-b860-e1a0f31b9a3c from Nanshue
[20:20:47][DEBUG] : Removing vessel 5d4ffb70-4c30-4bfc-ab2b-4739f0093790 from Nanshue
[20:20:47][DEBUG] : Nanshue acquired lock update-b3b7265c-777f-4099-9f3f-0cbae751ce60
[20:20:47][DEBUG] : Relaying FLYING vessel b3b7265c-777f-4099-9f3f-0cbae751ce60 from Nanshue
[20:20:47][DEBUG] : Removing vessel b3b7265c-777f-4099-9f3f-0cbae751ce60 from Nanshue
[20:20:47][DEBUG] : Removing vessel ecc081b7-7dca-43b0-bdeb-5bbf1bf57cb6 from Nanshue
[20:20:47][DEBUG] : Nanshue released lock control-ecc081b7-7dca-43b0-bdeb-5bbf1bf57cb6
[20:20:47][DEBUG] : Nanshue acquired lock control-adf6e520-9190-49cc-87fb-ea08c40fcf10
[20:20:47][DEBUG] : Relaying FLYING vessel 6de8908f-49cb-4e63-86da-8f09d3443ac3 from etiene32
[20:20:47][DEBUG] : Relaying FLYING vessel adf6e520-9190-49cc-87fb-ea08c40fcf10 from Nanshue
[20:20:51][DEBUG] : Nanshue released lock update-ecc081b7-7dca-43b0-bdeb-5bbf1bf57cb6
[20:20:51][DEBUG] : Nanshue released lock update-67fd3e9c-7e68-4e7b-9e25-5377bfd2a0b6
[20:20:51][DEBUG] : Nanshue released lock update-5d4ffb70-4c30-4bfc-ab2b-4739f0093790
[20:20:51][DEBUG] : Nanshue released lock update-5ded716b-72e0-400f-838b-9ae585813ca5
[20:20:52][DEBUG] : Nanshue released lock update-b3b7265c-777f-4099-9f3f-0cbae751ce60
[20:20:55][DEBUG] : Relaying FLYING vessel 6a207835-c1d6-4b73-9e92-9ced4dd8eb11 from etiene32
[20:20:59][DEBUG] : Saving 1 scenario modules from etiene32
[20:21:03][DEBUG] : Saving 1 scenario modules from Nanshue
[20:21:17][DEBUG] : Relaying FLYING vessel 6de8908f-49cb-4e63-86da-8f09d3443ac3 from etiene32
[20:21:25][DEBUG] : Relaying FLYING vessel 6a207835-c1d6-4b73-9e92-9ced4dd8eb11 from etiene32
[20:21:29][DEBUG] : Saving 1 scenario modules from etiene32
[20:21:34][DEBUG] : Saving 1 scenario modules from Nanshue
[20:21:36][DEBUG] : Nanshue released lock update-b8535606-0e14-4607-af32-631c6cf33a8f
[20:21:36][DEBUG] : Nanshue released lock update-d356c2da-ad5f-450c-a19b-ec1fe4d1870c
[20:21:36][DEBUG] : Nanshue released lock update-dc4e5703-e1f2-4898-b412-fe8b72956295
[20:21:36][DEBUG] : Nanshue released lock update-4682af78-a09d-41a4-93ef-b3930310c109
[20:21:36][DEBUG] : Nanshue released lock update-a483c573-d00b-4a3b-b860-e1a0f31b9a3c
[20:21:36][DEBUG] : Nanshue released lock update-12d46099-d83e-4079-8a67-65418f77802b
[20:21:36][DEBUG] : Nanshue released lock update-adf6e520-9190-49cc-87fb-ea08c40fcf10
[20:21:36][DEBUG] : Nanshue released lock control-adf6e520-9190-49cc-87fb-ea08c40fcf10
[20:21:47][DEBUG] : Relaying FLYING vessel 6de8908f-49cb-4e63-86da-8f09d3443ac3 from etiene32
[20:21:55][DEBUG] : Relaying FLYING vessel 6a207835-c1d6-4b73-9e92-9ced4dd8eb11 from etiene32
[20:21:56][DEBUG] : Create subspace
[20:21:56][DEBUG] : Sending etiene32 to subspace 63
[20:21:59][DEBUG] : Saving 1 scenario modules from etiene32
[20:22:17][DEBUG] : Relaying FLYING vessel 6de8908f-49cb-4e63-86da-8f09d3443ac3 from etiene32
[20:22:19][DEBUG] : etiene32 acquired lock update-69c8d8bc-9e09-4862-942f-53c21257da8e
[20:22:19][DEBUG] : Relaying FLYING vessel 69c8d8bc-9e09-4862-942f-53c21257da8e from etiene32
[20:22:19][DEBUG] : etiene32 acquired lock update-88d76c12-0c8f-49bc-8578-4daaf9a448cc
[20:22:19][DEBUG] : Relaying FLYING vessel 88d76c12-0c8f-49bc-8578-4daaf9a448cc from etiene32
[20:22:19][DEBUG] : Relaying FLYING vessel 6a207835-c1d6-4b73-9e92-9ced4dd8eb11 from etiene32
[20:22:19][DEBUG] : etiene32 acquired lock update-45ed0c50-bddc-4da0-be72-faa5f6f232c2
[20:22:19][DEBUG] : Relaying FLYING vessel 45ed0c50-bddc-4da0-be72-faa5f6f232c2 from etiene32
[20:22:19][DEBUG] : etiene32 acquired lock update-bbc708c7-6448-4b42-b16e-c5d9756035ea
[20:22:19][DEBUG] : Relaying FLYING vessel bbc708c7-6448-4b42-b16e-c5d9756035ea from etiene32
[20:22:19][DEBUG] : Removing vessel 6a207835-c1d6-4b73-9e92-9ced4dd8eb11 from etiene32
[20:22:19][DEBUG] : Removing vessel bbc708c7-6448-4b42-b16e-c5d9756035ea from etiene32
[20:22:19][DEBUG] : Removing vessel 69c8d8bc-9e09-4862-942f-53c21257da8e from etiene32
[20:22:19][DEBUG] : Removing vessel 88d76c12-0c8f-49bc-8578-4daaf9a448cc from etiene32
[20:22:19][DEBUG] : Removing vessel 45ed0c50-bddc-4da0-be72-faa5f6f232c2 from etiene32
[20:22:20][DEBUG] : Saving vessel 6de8908f-49cb-4e63-86da-8f09d3443ac3 from etiene32
[20:22:21][DEBUG] : Create subspace
[20:22:21][DEBUG] : Sending etiene32 to subspace 64
[20:22:24][DEBUG] : etiene32 released lock update-6a207835-c1d6-4b73-9e92-9ced4dd8eb11
[20:22:24][DEBUG] : etiene32 released lock update-88d76c12-0c8f-49bc-8578-4daaf9a448cc
[20:22:24][DEBUG] : etiene32 released lock update-45ed0c50-bddc-4da0-be72-faa5f6f232c2
[20:22:24][DEBUG] : etiene32 released lock update-69c8d8bc-9e09-4862-942f-53c21257da8e
[20:22:24][DEBUG] : etiene32 released lock update-bbc708c7-6448-4b42-b16e-c5d9756035ea
[20:22:25][DEBUG] : Removing vessel 4357396c-3eec-4e3f-9541-51ce969b4e39 from etiene32
[20:22:25][DEBUG] : Removing vessel 120660b7-55f6-4737-996c-0624142b4d6f from etiene32
[20:22:25][DEBUG] : Removing vessel c2fea17b-145c-476e-876d-4ce17d04cb77 from etiene32
[20:22:25][DEBUG] : Removing vessel 7a0a5ec7-1b39-42b4-a065-b899f89f5d8d from etiene32
[20:22:25][DEBUG] : Removing vessel 6577771c-9296-48b5-a81f-0e8e78de1b1d from etiene32
[20:22:25][DEBUG] : Removing vessel 7a13c6f9-2b75-4e42-bf1e-9bec4e8305aa from etiene32
[20:22:25][DEBUG] : Removing vessel 302928f2-8c18-4f01-98d0-85150b465fef from etiene32
[20:22:25][DEBUG] : Removing vessel 13025101-bbea-46ed-95b1-d1eeaeb7b5bb from etiene32
[20:22:32][DEBUG] : Saving Lanceur, type: VAB from Nanshue
[20:22:39][DEBUG] : Saving kerbal Jebediah Kerman from etiene32
[20:22:39][DEBUG] : Saving kerbal Anlong Kerman from etiene32
[20:22:39][DEBUG] : Saving kerbal Bob Kerman from etiene32
[20:22:39][DEBUG] : Removing vessel 6de8908f-49cb-4e63-86da-8f09d3443ac3 from etiene32
[20:22:40][DEBUG] : etiene32 released lock update-6de8908f-49cb-4e63-86da-8f09d3443ac3
[20:22:41][DEBUG] : etiene32 released lock control-6de8908f-49cb-4e63-86da-8f09d3443ac3
[20:22:59][DEBUG] : Saving 1 scenario modules from etiene32
[20:23:01][DEBUG] : Sending etiene32 Lanceur from Nanshue
[20:23:01][DEBUG] : Optimizing etiene32 (121307 bytes queued)
[20:23:01][DEBUG] : Optimized 0 bytes in 0,5 ms.
[20:23:03][DEBUG] : Sending etiene32 Lanceur from Nanshue
[20:25:30][DEBUG] : Saving 2 scenario modules from etiene32
[20:25:34][DEBUG] : etiene32 acquired lock control-a1231ccc-4248-4799-93f6-0fa77a9e3798
[20:25:35][DEBUG] : etiene32 acquired lock update-a1231ccc-4248-4799-93f6-0fa77a9e3798
[20:25:35][DEBUG] : etiene32 acquired lock update-c5f99541-7bf5-4b00-938d-7c79fe90b55f
[20:25:35][DEBUG] : Saving vessel a1231ccc-4248-4799-93f6-0fa77a9e3798 from etiene32
[20:25:35][DEBUG] : Saving vessel c5f99541-7bf5-4b00-938d-7c79fe90b55f from etiene32
[20:25:41][DEBUG] : Relaying FLYING vessel a1231ccc-4248-4799-93f6-0fa77a9e3798 from etiene32
[20:25:41][DEBUG] : etiene32 acquired lock update-c66e963e-4827-43eb-bab4-068125b510b6
[20:25:41][DEBUG] : Saving vessel c66e963e-4827-43eb-bab4-068125b510b6 from etiene32
[20:25:41][DEBUG] : etiene32 acquired lock update-a955489a-db40-4779-9056-ae6e5c07da2b
[20:25:41][DEBUG] : Saving vessel a955489a-db40-4779-9056-ae6e5c07da2b from etiene32
[20:25:41][DEBUG] : etiene32 acquired lock update-a9f85afa-ccd5-412e-841c-b440e1db987e
[20:25:41][DEBUG] : Saving vessel a9f85afa-ccd5-412e-841c-b440e1db987e from etiene32
[20:25:41][DEBUG] : etiene32 acquired lock update-93e834e1-7ba8-44f9-8fcb-3ee0b939fb2a
[20:25:41][DEBUG] : Saving vessel 93e834e1-7ba8-44f9-8fcb-3ee0b939fb2a from etiene32
[20:25:41][DEBUG] : etiene32 acquired lock update-07aa9a1b-e38e-4687-9de4-09d919f0074c
[20:25:41][DEBUG] : Saving vessel 07aa9a1b-e38e-4687-9de4-09d919f0074c from etiene32
[20:25:41][DEBUG] : etiene32 acquired lock update-ab431328-24f2-45d1-ae5f-3c945450a839
[20:25:41][DEBUG] : Saving vessel ab431328-24f2-45d1-ae5f-3c945450a839 from etiene32
[20:25:41][DEBUG] : etiene32 acquired lock update-abae0531-db52-4d34-9f2e-e40dbcf9fbb1
[20:25:41][DEBUG] : Saving vessel abae0531-db52-4d34-9f2e-e40dbcf9fbb1 from etiene32
[20:25:41][DEBUG] : etiene32 acquired lock update-76bfb6ae-db49-45e7-866d-3a8e14e21268
[20:25:41][DEBUG] : Saving vessel 76bfb6ae-db49-45e7-866d-3a8e14e21268 from etiene32
[20:25:53][DEBUG] : etiene32 released lock update-c5f99541-7bf5-4b00-938d-7c79fe90b55f
[20:25:53][DEBUG] : Saving vessel c5f99541-7bf5-4b00-938d-7c79fe90b55f from etiene32
[20:25:54][DEBUG] : Saving vessel 93e834e1-7ba8-44f9-8fcb-3ee0b939fb2a from etiene32
[20:25:54][DEBUG] : etiene32 released lock update-93e834e1-7ba8-44f9-8fcb-3ee0b939fb2a
[20:25:54][DEBUG] : Saving vessel a9f85afa-ccd5-412e-841c-b440e1db987e from etiene32
[20:25:54][DEBUG] : etiene32 released lock update-a9f85afa-ccd5-412e-841c-b440e1db987e
[20:25:54][DEBUG] : Saving vessel a955489a-db40-4779-9056-ae6e5c07da2b from etiene32
[20:25:54][DEBUG] : etiene32 released lock update-a955489a-db40-4779-9056-ae6e5c07da2b
[20:25:54][DEBUG] : Saving vessel ab431328-24f2-45d1-ae5f-3c945450a839 from etiene32
[20:25:54][DEBUG] : etiene32 released lock update-ab431328-24f2-45d1-ae5f-3c945450a839
[20:25:54][DEBUG] : etiene32 released lock update-07aa9a1b-e38e-4687-9de4-09d919f0074c
[20:25:54][DEBUG] : Saving vessel 07aa9a1b-e38e-4687-9de4-09d919f0074c from etiene32
[20:25:54][DEBUG] : Saving vessel c66e963e-4827-43eb-bab4-068125b510b6 from etiene32
[20:25:54][DEBUG] : etiene32 released lock update-c66e963e-4827-43eb-bab4-068125b510b6
[20:25:54][DEBUG] : etiene32 released lock update-abae0531-db52-4d34-9f2e-e40dbcf9fbb1
[20:25:54][DEBUG] : Saving vessel abae0531-db52-4d34-9f2e-e40dbcf9fbb1 from etiene32
[20:25:54][DEBUG] : etiene32 released lock update-76bfb6ae-db49-45e7-866d-3a8e14e21268
[20:25:54][DEBUG] : Saving vessel 76bfb6ae-db49-45e7-866d-3a8e14e21268 from etiene32
[20:26:00][DEBUG] : Saving 2 scenario modules from etiene32
[20:26:11][DEBUG] : Relaying FLYING vessel a1231ccc-4248-4799-93f6-0fa77a9e3798 from etiene32
[20:26:30][DEBUG] : Saving 1 scenario modules from etiene32
[20:26:41][DEBUG] : Relaying FLYING vessel a1231ccc-4248-4799-93f6-0fa77a9e3798 from etiene32
[20:26:59][DEBUG] : Relaying FLYING vessel a1231ccc-4248-4799-93f6-0fa77a9e3798 from etiene32
[20:26:59][DEBUG] : etiene32 acquired lock update-2f48549b-55e8-49ec-9e4f-c52a055968b0
[20:26:59][DEBUG] : Relaying FLYING vessel 2f48549b-55e8-49ec-9e4f-c52a055968b0 from etiene32
[20:26:59][DEBUG] : etiene32 acquired lock update-04d8b435-1003-444b-b498-02a1970a48e4
[20:26:59][DEBUG] : Relaying FLYING vessel 04d8b435-1003-444b-b498-02a1970a48e4 from etiene32
[20:26:59][DEBUG] : etiene32 acquired lock update-f98f01fd-48a7-4e08-afb4-0c64679edaa0
[20:26:59][DEBUG] : Relaying FLYING vessel f98f01fd-48a7-4e08-afb4-0c64679edaa0 from etiene32
[20:26:59][DEBUG] : etiene32 acquired lock update-018de2fb-d9d9-47f9-b5ee-cde5a020392f
[20:26:59][DEBUG] : Relaying FLYING vessel 018de2fb-d9d9-47f9-b5ee-cde5a020392f from etiene32
[20:26:59][DEBUG] : etiene32 acquired lock update-67748876-f793-469d-a179-407eea21a78b
[20:26:59][DEBUG] : Relaying FLYING vessel 67748876-f793-469d-a179-407eea21a78b from etiene32
[20:27:00][DEBUG] : Relaying FLYING vessel f98f01fd-48a7-4e08-afb4-0c64679edaa0 from etiene32
[20:27:00][DEBUG] : Saving 1 scenario modules from etiene32
[20:27:01][DEBUG] : etiene32 acquired lock update-f5c68c6e-780d-420f-9808-8c2f91ea8638
[20:27:01][DEBUG] : Relaying FLYING vessel f5c68c6e-780d-420f-9808-8c2f91ea8638 from etiene32
[20:27:01][DEBUG] : Relaying FLYING vessel f98f01fd-48a7-4e08-afb4-0c64679edaa0 from etiene32
[20:27:01][DEBUG] : etiene32 acquired lock update-b49d1f1c-20ed-4aef-b650-79c7288fc507
[20:27:01][DEBUG] : Relaying FLYING vessel b49d1f1c-20ed-4aef-b650-79c7288fc507 from etiene32
[20:27:11][DEBUG] : Saving vessel a1231ccc-4248-4799-93f6-0fa77a9e3798 from etiene32
[20:27:12][DEBUG] : Saving vessel 67748876-f793-469d-a179-407eea21a78b from etiene32
[20:27:13][DEBUG] : Create subspace
[20:27:13][DEBUG] : Sending etiene32 to subspace 65
[20:27:20][DEBUG] : Saving vessel 04d8b435-1003-444b-b498-02a1970a48e4 from etiene32
[20:27:20][DEBUG] : Saving vessel 2f48549b-55e8-49ec-9e4f-c52a055968b0 from etiene32
[20:27:20][DEBUG] : Saving vessel 018de2fb-d9d9-47f9-b5ee-cde5a020392f from etiene32
[20:27:20][DEBUG] : Saving vessel f98f01fd-48a7-4e08-afb4-0c64679edaa0 from etiene32
[20:27:21][DEBUG] : Saving vessel b49d1f1c-20ed-4aef-b650-79c7288fc507 from etiene32
[20:27:21][DEBUG] : Saving vessel f5c68c6e-780d-420f-9808-8c2f91ea8638 from etiene32
[20:27:30][DEBUG] : Saving 2 scenario modules from etiene32
[20:27:31][DEBUG] : Saving vessel f5c68c6e-780d-420f-9808-8c2f91ea8638 from etiene32
[20:27:31][DEBUG] : etiene32 released lock update-f5c68c6e-780d-420f-9808-8c2f91ea8638
[20:27:33][DEBUG] : etiene32 released lock update-67748876-f793-469d-a179-407eea21a78b
[20:27:33][DEBUG] : Saving vessel 67748876-f793-469d-a179-407eea21a78b from etiene32
[20:27:34][DEBUG] : etiene32 released lock update-b49d1f1c-20ed-4aef-b650-79c7288fc507
[20:27:34][DEBUG] : Saving vessel b49d1f1c-20ed-4aef-b650-79c7288fc507 from etiene32
[20:27:35][DEBUG] : etiene32 released lock update-018de2fb-d9d9-47f9-b5ee-cde5a020392f
[20:27:35][DEBUG] : Saving vessel 018de2fb-d9d9-47f9-b5ee-cde5a020392f from etiene32
[20:27:35][DEBUG] : Saving vessel f98f01fd-48a7-4e08-afb4-0c64679edaa0 from etiene32
[20:27:35][DEBUG] : etiene32 released lock update-f98f01fd-48a7-4e08-afb4-0c64679edaa0
[20:27:35][DEBUG] : Saving vessel 04d8b435-1003-444b-b498-02a1970a48e4 from etiene32
[20:27:35][DEBUG] : etiene32 released lock update-04d8b435-1003-444b-b498-02a1970a48e4
[20:27:35][DEBUG] : Saving vessel 2f48549b-55e8-49ec-9e4f-c52a055968b0 from etiene32
[20:27:35][DEBUG] : etiene32 released lock update-2f48549b-55e8-49ec-9e4f-c52a055968b0
[20:27:41][DEBUG] : Saving vessel a1231ccc-4248-4799-93f6-0fa77a9e3798 from etiene32
[20:28:01][DEBUG] : Saving 1 scenario modules from etiene32
[20:28:04][DEBUG] : etiene32 released lock update-a1231ccc-4248-4799-93f6-0fa77a9e3798
[20:28:04][DEBUG] : etiene32 released lock control-a1231ccc-4248-4799-93f6-0fa77a9e3798
[20:34:13][DEBUG] : Create subspace
[20:34:13][DEBUG] : Sending Nanshue to subspace 66
[20:34:16][DEBUG] : Nanshue acquired lock control-72c8960e-e29c-4346-927e-2dbbafc3cba3
[20:34:16][DEBUG] : Nanshue acquired lock update-72c8960e-e29c-4346-927e-2dbbafc3cba3
[20:34:16][DEBUG] : Saving vessel 72c8960e-e29c-4346-927e-2dbbafc3cba3 from Nanshue
[20:34:29][DEBUG] : Saving vessel d2bf7590-a6cf-49e2-9af3-6eca356d8c1e from etiene32
[20:34:35][DEBUG] : Saving 1 scenario modules from Nanshue
[20:34:36][DEBUG] : Relaying FLYING vessel 72c8960e-e29c-4346-927e-2dbbafc3cba3 from Nanshue
[20:34:36][DEBUG] : Nanshue acquired lock update-1e27a81a-8a04-441f-a2cd-34991ed58718
[20:34:36][DEBUG] : Saving vessel 1e27a81a-8a04-441f-a2cd-34991ed58718 from Nanshue
[20:34:36][DEBUG] : Nanshue acquired lock update-a67f715f-8aaf-44b1-ba80-a54b198654ab
[20:34:36][DEBUG] : Saving vessel a67f715f-8aaf-44b1-ba80-a54b198654ab from Nanshue
[20:34:36][DEBUG] : Nanshue acquired lock update-94e8be9d-510e-4529-bd2f-52fce646309d
[20:34:36][DEBUG] : Saving vessel 94e8be9d-510e-4529-bd2f-52fce646309d from Nanshue
[20:34:36][DEBUG] : Nanshue acquired lock update-8e601377-d783-489d-be36-6e46793ca835
[20:34:36][DEBUG] : Saving vessel 8e601377-d783-489d-be36-6e46793ca835 from Nanshue
[20:34:49][DEBUG] : Saving vessel 94e8be9d-510e-4529-bd2f-52fce646309d from Nanshue
[20:34:49][DEBUG] : Nanshue released lock update-94e8be9d-510e-4529-bd2f-52fce646309d
[20:34:49][DEBUG] : Nanshue released lock update-1e27a81a-8a04-441f-a2cd-34991ed58718
[20:34:49][DEBUG] : Saving vessel 1e27a81a-8a04-441f-a2cd-34991ed58718 from Nanshue
[20:34:49][DEBUG] : Saving vessel 8e601377-d783-489d-be36-6e46793ca835 from Nanshue
[20:34:49][DEBUG] : Nanshue released lock update-8e601377-d783-489d-be36-6e46793ca835
[20:34:49][DEBUG] : Saving vessel a67f715f-8aaf-44b1-ba80-a54b198654ab from Nanshue
[20:34:49][DEBUG] : Nanshue released lock update-a67f715f-8aaf-44b1-ba80-a54b198654ab
[20:35:05][DEBUG] : Saving 2 scenario modules from Nanshue
[20:35:06][DEBUG] : Relaying FLYING vessel 72c8960e-e29c-4346-927e-2dbbafc3cba3 from Nanshue
[20:35:29][DEBUG] : Saving vessel 7cce2d9a-43f9-486b-918e-5b1a896fc065 from etiene32
[20:35:35][DEBUG] : Saving 1 scenario modules from Nanshue
[20:35:36][DEBUG] : Relaying FLYING vessel 72c8960e-e29c-4346-927e-2dbbafc3cba3 from Nanshue
[20:35:42][DEBUG] : Relaying FLYING vessel 72c8960e-e29c-4346-927e-2dbbafc3cba3 from Nanshue
[20:35:42][DEBUG] : Nanshue acquired lock update-a60be1ab-fb67-4726-a482-844eb4ebd1ce
[20:35:42][DEBUG] : Relaying FLYING vessel a60be1ab-fb67-4726-a482-844eb4ebd1ce from Nanshue
[20:35:42][DEBUG] : Nanshue acquired lock update-e5a4d025-57c8-4b42-ab7e-1485f2e5dbd7
[20:35:42][DEBUG] : Relaying FLYING vessel e5a4d025-57c8-4b42-ab7e-1485f2e5dbd7 from Nanshue
[20:35:42][DEBUG] : Nanshue acquired lock update-8be677b8-0c3d-40f1-9e15-32623885481c
[20:35:42][DEBUG] : Relaying FLYING vessel 8be677b8-0c3d-40f1-9e15-32623885481c from Nanshue
[20:35:42][DEBUG] : Nanshue acquired lock update-8a30009f-71cc-4054-94ed-711ddc57a076
[20:35:42][DEBUG] : Relaying FLYING vessel 8a30009f-71cc-4054-94ed-711ddc57a076 from Nanshue
[20:36:05][DEBUG] : Saving 1 scenario modules from Nanshue
[20:36:06][DEBUG] : Saving vessel 72c8960e-e29c-4346-927e-2dbbafc3cba3 from Nanshue
[20:36:06][DEBUG] : Create subspace
[20:36:06][DEBUG] : Sending Nanshue to subspace 67
[20:36:12][DEBUG] : Relaying FLYING vessel 8a30009f-71cc-4054-94ed-711ddc57a076 from Nanshue
[20:36:12][DEBUG] : Relaying FLYING vessel 8be677b8-0c3d-40f1-9e15-32623885481c from Nanshue
[20:36:12][DEBUG] : Relaying FLYING vessel a60be1ab-fb67-4726-a482-844eb4ebd1ce from Nanshue
[20:36:12][DEBUG] : Relaying FLYING vessel e5a4d025-57c8-4b42-ab7e-1485f2e5dbd7 from Nanshue
[20:36:19][DEBUG] : Nanshue released lock update-e5a4d025-57c8-4b42-ab7e-1485f2e5dbd7
[20:36:19][DEBUG] : Saving vessel e5a4d025-57c8-4b42-ab7e-1485f2e5dbd7 from Nanshue
[20:36:19][DEBUG] : Saving vessel 8a30009f-71cc-4054-94ed-711ddc57a076 from Nanshue
[20:36:19][DEBUG] : Nanshue released lock update-8a30009f-71cc-4054-94ed-711ddc57a076
[20:36:19][DEBUG] : Saving vessel a60be1ab-fb67-4726-a482-844eb4ebd1ce from Nanshue
[20:36:19][DEBUG] : Nanshue released lock update-a60be1ab-fb67-4726-a482-844eb4ebd1ce
[20:36:19][DEBUG] : Nanshue released lock update-8be677b8-0c3d-40f1-9e15-32623885481c
[20:36:19][DEBUG] : Saving vessel 8be677b8-0c3d-40f1-9e15-32623885481c from Nanshue
[20:36:19][DEBUG] : Nanshue released lock update-72c8960e-e29c-4346-927e-2dbbafc3cba3
[20:36:19][DEBUG] : Saving vessel 72c8960e-e29c-4346-927e-2dbbafc3cba3 from Nanshue
[20:36:24][DEBUG] : Create subspace
[20:36:24][DEBUG] : Sending Nanshue to subspace 68
[20:36:24][DEBUG] : Nanshue acquired lock update-72c8960e-e29c-4346-927e-2dbbafc3cba3
[20:36:29][DEBUG] : Saving vessel 2774ab9c-c70f-4456-bc8d-24e8e11c0e3d from etiene32
[20:36:35][DEBUG] : Saving 1 scenario modules from Nanshue
[20:36:36][DEBUG] : Saving vessel 72c8960e-e29c-4346-927e-2dbbafc3cba3 from Nanshue
[20:37:03][DEBUG] : Saving vessel 72c8960e-e29c-4346-927e-2dbbafc3cba3 from Nanshue
[20:37:03][DEBUG] : Nanshue acquired lock update-f8e64ec6-0f4f-46cb-ab3d-51407e43c791
[20:37:03][DEBUG] : Saving vessel f8e64ec6-0f4f-46cb-ab3d-51407e43c791 from Nanshue
[20:37:05][DEBUG] : Saving 1 scenario modules from Nanshue
[20:37:29][DEBUG] : Saving vessel ee6f7200-de4b-4cb2-a56d-e91d87d6fea2 from etiene32
[20:37:33][DEBUG] : Saving vessel 72c8960e-e29c-4346-927e-2dbbafc3cba3 from Nanshue
[20:37:33][DEBUG] : Nanshue released lock control-72c8960e-e29c-4346-927e-2dbbafc3cba3
[20:37:33][DEBUG] : Nanshue acquired lock control-f8e64ec6-0f4f-46cb-ab3d-51407e43c791
[20:37:34][DEBUG] : Saving vessel f8e64ec6-0f4f-46cb-ab3d-51407e43c791 from Nanshue
[20:37:35][DEBUG] : Saving 1 scenario modules from Nanshue
[20:37:38][DEBUG] : Nanshue released lock update-72c8960e-e29c-4346-927e-2dbbafc3cba3
[20:37:38][DEBUG] : Saving vessel 72c8960e-e29c-4346-927e-2dbbafc3cba3 from Nanshue
[20:38:04][DEBUG] : Saving vessel f8e64ec6-0f4f-46cb-ab3d-51407e43c791 from Nanshue
[20:38:05][DEBUG] : Saving 1 scenario modules from Nanshue
[20:38:21][DEBUG] : Removing vessel e5a4d025-57c8-4b42-ab7e-1485f2e5dbd7 from Nanshue
[20:38:22][DEBUG] : Removing vessel a60be1ab-fb67-4726-a482-844eb4ebd1ce from Nanshue
[20:38:22][DEBUG] : Removing vessel 8be677b8-0c3d-40f1-9e15-32623885481c from Nanshue
[20:38:23][DEBUG] : Removing vessel 8a30009f-71cc-4054-94ed-711ddc57a076 from Nanshue
[20:38:30][DEBUG] : Saving vessel 1a0c9ad8-b160-48bd-ad93-f383887f779e from etiene32
[20:38:34][DEBUG] : Saving vessel f8e64ec6-0f4f-46cb-ab3d-51407e43c791 from Nanshue
[20:38:35][DEBUG] : Saving 1 scenario modules from Nanshue
[20:39:04][DEBUG] : Saving vessel f8e64ec6-0f4f-46cb-ab3d-51407e43c791 from Nanshue
[20:39:05][DEBUG] : Saving 1 scenario modules from Nanshue
[20:39:11][DEBUG] : Saving screenshot from Nanshue
[20:39:14][DEBUG] : Removing vessel 8e601377-d783-489d-be36-6e46793ca835 from Nanshue
[20:39:14][DEBUG] : Removing vessel a67f715f-8aaf-44b1-ba80-a54b198654ab from Nanshue
[20:39:14][DEBUG] : Removing vessel 94e8be9d-510e-4529-bd2f-52fce646309d from Nanshue
[20:39:14][DEBUG] : Removing vessel 1e27a81a-8a04-441f-a2cd-34991ed58718 from Nanshue
[20:39:17][DEBUG] : Nanshue is watching screenshots from Nanshue
[20:39:25][DEBUG] : etiene32 is watching screenshots from Nanshue
[20:39:25][DEBUG] : Sending saved screenshot from Nanshue to etiene32
[20:39:25][DEBUG] : Optimizing etiene32 (371829 bytes queued)
[20:39:25][DEBUG] : Optimized 0 bytes in 0,501 ms.
[20:39:30][DEBUG] : Saving vessel c6cf1d30-d0d8-4a87-96e0-9554cc812788 from etiene32
[20:39:34][DEBUG] : Saving vessel f8e64ec6-0f4f-46cb-ab3d-51407e43c791 from Nanshue
[20:39:35][DEBUG] : Saving 1 scenario modules from Nanshue
[20:39:43][DEBUG] : etiene32 is no longer watching screenshots from Nanshue
[20:39:44][DEBUG] : Nanshue is no longer watching screenshots from Nanshue
[20:40:04][DEBUG] : Saving vessel f8e64ec6-0f4f-46cb-ab3d-51407e43c791 from Nanshue
[20:40:05][DEBUG] : Saving 1 scenario modules from Nanshue
[20:40:30][DEBUG] : Saving vessel 7b56ae44-0fa5-4d1f-8f5c-920d55d45522 from etiene32
[20:40:34][DEBUG] : Saving vessel f8e64ec6-0f4f-46cb-ab3d-51407e43c791 from Nanshue
[20:40:35][DEBUG] : Saving 1 scenario modules from Nanshue
[20:40:52][INFO] : Removing vessel: 018de2fb-d9d9-47f9-b5ee-cde5a020392f
[20:40:52][DEBUG] : Removed debris vessel 018de2fb-d9d9-47f9-b5ee-cde5a020392f
[20:40:52][INFO] : Removing vessel: 04d8b435-1003-444b-b498-02a1970a48e4
[20:40:52][DEBUG] : Removed debris vessel 04d8b435-1003-444b-b498-02a1970a48e4
[20:40:52][INFO] : Removing vessel: 07aa9a1b-e38e-4687-9de4-09d919f0074c
[20:40:52][DEBUG] : Removed debris vessel 07aa9a1b-e38e-4687-9de4-09d919f0074c
[20:40:52][INFO] : Removing vessel: 2f48549b-55e8-49ec-9e4f-c52a055968b0
[20:40:52][DEBUG] : Removed debris vessel 2f48549b-55e8-49ec-9e4f-c52a055968b0
[20:40:52][INFO] : Removing vessel: 76bfb6ae-db49-45e7-866d-3a8e14e21268
[20:40:52][DEBUG] : Removed debris vessel 76bfb6ae-db49-45e7-866d-3a8e14e21268
[20:40:52][INFO] : Removing vessel: 93e834e1-7ba8-44f9-8fcb-3ee0b939fb2a
[20:40:52][DEBUG] : Removed debris vessel 93e834e1-7ba8-44f9-8fcb-3ee0b939fb2a
[20:40:52][INFO] : Removing vessel: a955489a-db40-4779-9056-ae6e5c07da2b
[20:40:52][DEBUG] : Removed debris vessel a955489a-db40-4779-9056-ae6e5c07da2b
[20:40:52][INFO] : Removing vessel: a9f85afa-ccd5-412e-841c-b440e1db987e
[20:40:52][DEBUG] : Removed debris vessel a9f85afa-ccd5-412e-841c-b440e1db987e
[20:40:52][INFO] : Removing vessel: ab431328-24f2-45d1-ae5f-3c945450a839
[20:40:52][DEBUG] : Removed debris vessel ab431328-24f2-45d1-ae5f-3c945450a839
[20:40:52][INFO] : Removing vessel: abae0531-db52-4d34-9f2e-e40dbcf9fbb1
[20:40:52][DEBUG] : Removed debris vessel abae0531-db52-4d34-9f2e-e40dbcf9fbb1
[20:40:52][INFO] : Removing vessel: b49d1f1c-20ed-4aef-b650-79c7288fc507
[20:40:52][DEBUG] : Removed debris vessel b49d1f1c-20ed-4aef-b650-79c7288fc507
[20:40:52][INFO] : Removing vessel: c66e963e-4827-43eb-bab4-068125b510b6
[20:40:52][DEBUG] : Removed debris vessel c66e963e-4827-43eb-bab4-068125b510b6
[20:40:52][INFO] : Removing vessel: f5c68c6e-780d-420f-9808-8c2f91ea8638
[20:40:52][DEBUG] : Removed debris vessel f5c68c6e-780d-420f-9808-8c2f91ea8638
[20:40:52][INFO] : Removing vessel: f98f01fd-48a7-4e08-afb4-0c64679edaa0
[20:40:52][DEBUG] : Removed debris vessel f98f01fd-48a7-4e08-afb4-0c64679edaa0
[20:40:52][INFO] : Removed 14 debris
[20:40:59][DEBUG] : Removing vessel 72c8960e-e29c-4346-927e-2dbbafc3cba3 from Nanshue
[20:40:59][DEBUG] : Create subspace
[20:40:59][DEBUG] : Sending Nanshue to subspace 69
[20:41:00][DEBUG] : Relaying FLYING vessel f8e64ec6-0f4f-46cb-ab3d-51407e43c791 from Nanshue
[20:41:05][DEBUG] : Saving 2 scenario modules from Nanshue
[20:41:10][DEBUG] : Create subspace
[20:41:10][DEBUG] : Sending Nanshue to subspace 70
[20:41:30][DEBUG] : Saving vessel 4d6c6481-d543-41c5-b35b-5e78386dd7ed from etiene32
[20:41:30][DEBUG] : Relaying FLYING vessel f8e64ec6-0f4f-46cb-ab3d-51407e43c791 from Nanshue
[20:41:35][DEBUG] : Saving 1 scenario modules from Nanshue
[20:42:02][DEBUG] : Nanshue released lock update-f8e64ec6-0f4f-46cb-ab3d-51407e43c791
[20:42:02][DEBUG] : Nanshue released lock control-f8e64ec6-0f4f-46cb-ab3d-51407e43c791
[20:42:05][DEBUG] : Saving 1 scenario modules from Nanshue
[20:42:30][DEBUG] : Saving vessel cb5b90ac-0535-4036-acf2-e37aa032e0af from etiene32
[20:43:30][DEBUG] : Saving vessel d9aa9fdc-fc49-4e84-b953-338450ddd861 from etiene32
[20:44:30][DEBUG] : Saving vessel d208635e-59f3-4bb1-a058-155b9a9c2293 from etiene32
[20:45:30][DEBUG] : Saving vessel b33b7755-83e4-4089-9fb0-ab6e61d115c0 from etiene32
[20:46:30][DEBUG] : Saving vessel 1c0da1b9-0f54-4c95-a5b7-740afb8cb3dd from etiene32
[20:47:30][DEBUG] : Saving vessel 9f5802a0-603f-47a0-b4ad-7df8e943f257 from etiene32
[20:48:05][DEBUG] : Create subspace
[20:48:05][DEBUG] : Sending Nanshue to subspace 71
[20:48:06][DEBUG] : Saving 2 scenario modules from Nanshue
[20:48:07][DEBUG] : Nanshue acquired lock control-f5ecb778-19c3-4c8d-94e5-63e7574a1261
[20:48:07][DEBUG] : Nanshue acquired lock update-f5ecb778-19c3-4c8d-94e5-63e7574a1261
[20:48:07][DEBUG] : Saving vessel f5ecb778-19c3-4c8d-94e5-63e7574a1261 from Nanshue
[20:48:30][DEBUG] : Saving vessel ee9fed05-6a18-4c50-be21-a7dafd53a6c2 from etiene32
[20:48:36][DEBUG] : Saving 1 scenario modules from Nanshue
[20:48:37][DEBUG] : Saving vessel f5ecb778-19c3-4c8d-94e5-63e7574a1261 from Nanshue
[20:49:06][DEBUG] : Saving 1 scenario modules from Nanshue
[20:49:08][DEBUG] : Saving vessel f5ecb778-19c3-4c8d-94e5-63e7574a1261 from Nanshue
[20:49:30][DEBUG] : Saving vessel 9e11a451-f1d9-42c8-ba41-18209afef35d from etiene32
[20:49:36][DEBUG] : Saving 1 scenario modules from Nanshue
[20:49:38][DEBUG] : Saving vessel f5ecb778-19c3-4c8d-94e5-63e7574a1261 from Nanshue
[20:49:52][DEBUG] : Removing vessel f5ecb778-19c3-4c8d-94e5-63e7574a1261 from Nanshue
[20:49:53][DEBUG] : Nanshue released lock update-f5ecb778-19c3-4c8d-94e5-63e7574a1261
[20:49:53][DEBUG] : Nanshue released lock control-f5ecb778-19c3-4c8d-94e5-63e7574a1261
[20:50:11][DEBUG] : Nanshue acquired lock control-8e512111-3f55-4f1e-9b57-5df62ca7844d
[20:50:11][DEBUG] : Nanshue acquired lock update-8e512111-3f55-4f1e-9b57-5df62ca7844d
[20:50:11][DEBUG] : Saving kerbal Jonbro Kerman from Nanshue
[20:50:11][DEBUG] : Saving vessel 8e512111-3f55-4f1e-9b57-5df62ca7844d from Nanshue
[20:50:20][DEBUG] : Saving kerbal Jonbro Kerman from Nanshue
[20:50:20][DEBUG] : Removing vessel 8e512111-3f55-4f1e-9b57-5df62ca7844d from Nanshue
[20:50:21][DEBUG] : Nanshue released lock update-8e512111-3f55-4f1e-9b57-5df62ca7844d
[20:50:21][DEBUG] : Nanshue released lock control-8e512111-3f55-4f1e-9b57-5df62ca7844d
[20:50:30][DEBUG] : Saving vessel abc3c62b-7796-4646-a509-7a3da279467e from etiene32
[20:50:36][DEBUG] : Saving 1 scenario modules from Nanshue
[20:51:30][DEBUG] : Saving vessel 3247c111-18b9-4134-9ab5-fec07e638b30 from etiene32
[20:52:45][DEBUG] : Create subspace
[20:52:45][DEBUG] : Sending etiene32 to subspace 72
[20:52:52][DEBUG] : etiene32 acquired lock control-1d765eac-6b75-4cab-8132-6bd9ff5ab647
[20:52:53][DEBUG] : etiene32 acquired lock update-1d765eac-6b75-4cab-8132-6bd9ff5ab647
[20:52:53][DEBUG] : etiene32 acquired lock update-c5f99541-7bf5-4b00-938d-7c79fe90b55f
[20:52:53][DEBUG] : Saving vessel 1d765eac-6b75-4cab-8132-6bd9ff5ab647 from etiene32
[20:52:53][DEBUG] : Saving vessel c5f99541-7bf5-4b00-938d-7c79fe90b55f from etiene32
[20:53:04][DEBUG] : Saving 2 scenario modules from etiene32
[20:53:16][DEBUG] : Relaying FLYING vessel 1d765eac-6b75-4cab-8132-6bd9ff5ab647 from etiene32
[20:53:16][DEBUG] : etiene32 acquired lock update-88d5b496-0fdf-4af9-8631-9a9fb1b869a2
[20:53:16][DEBUG] : Relaying FLYING vessel 88d5b496-0fdf-4af9-8631-9a9fb1b869a2 from etiene32
[20:53:16][DEBUG] : etiene32 acquired lock update-d6d6f9d1-8470-4ad1-9095-c07237823734
[20:53:16][DEBUG] : Relaying FLYING vessel d6d6f9d1-8470-4ad1-9095-c07237823734 from etiene32
[20:53:16][DEBUG] : etiene32 acquired lock update-ab791232-1711-4b9d-91c5-3b08265da926
[20:53:16][DEBUG] : Relaying FLYING vessel ab791232-1711-4b9d-91c5-3b08265da926 from etiene32
[20:53:16][DEBUG] : etiene32 acquired lock update-c62f6dde-34e8-463b-b618-82437dd1aac5
[20:53:16][DEBUG] : Relaying FLYING vessel c62f6dde-34e8-463b-b618-82437dd1aac5 from etiene32
[20:53:16][DEBUG] : etiene32 acquired lock update-642fcd58-5eda-427f-87bd-e4d10e1eeee4
[20:53:16][DEBUG] : Saving vessel 642fcd58-5eda-427f-87bd-e4d10e1eeee4 from etiene32
[20:53:16][DEBUG] : etiene32 acquired lock update-e95efd76-ad23-4878-b9d6-9c2c3e458b55
[20:53:16][DEBUG] : Saving vessel e95efd76-ad23-4878-b9d6-9c2c3e458b55 from etiene32
[20:53:16][DEBUG] : etiene32 acquired lock update-7112c75c-13c4-4815-a51d-6fab49f0b8f1
[20:53:16][DEBUG] : Saving vessel 7112c75c-13c4-4815-a51d-6fab49f0b8f1 from etiene32
[20:53:16][DEBUG] : etiene32 acquired lock update-5f618ba2-c45e-49ab-b7fa-8e607d9ef13a
[20:53:16][DEBUG] : Saving vessel 5f618ba2-c45e-49ab-b7fa-8e607d9ef13a from etiene32
[20:53:17][DEBUG] : Relaying FLYING vessel 1d765eac-6b75-4cab-8132-6bd9ff5ab647 from etiene32
[20:53:18][DEBUG] : Relaying FLYING vessel 1d765eac-6b75-4cab-8132-6bd9ff5ab647 from etiene32
[20:53:24][DEBUG] : Relaying FLYING vessel 1d765eac-6b75-4cab-8132-6bd9ff5ab647 from etiene32
[20:53:24][DEBUG] : etiene32 acquired lock update-9784ff30-852f-4acd-a921-275d1e1bb4cf
[20:53:24][DEBUG] : Relaying FLYING vessel 9784ff30-852f-4acd-a921-275d1e1bb4cf from etiene32
[20:53:24][DEBUG] : etiene32 acquired lock update-9d29130a-4bc2-42bf-95ef-29d3341d6c01
[20:53:24][DEBUG] : Relaying FLYING vessel 9d29130a-4bc2-42bf-95ef-29d3341d6c01 from etiene32
[20:53:24][DEBUG] : etiene32 acquired lock update-9095ce68-4270-4d2c-aade-76fb6e8c020d
[20:53:24][DEBUG] : Relaying FLYING vessel 9095ce68-4270-4d2c-aade-76fb6e8c020d from etiene32
[20:53:24][DEBUG] : etiene32 acquired lock update-41b658fd-5512-4404-a262-7418b5518d65
[20:53:24][DEBUG] : Relaying FLYING vessel 41b658fd-5512-4404-a262-7418b5518d65 from etiene32
[20:53:24][DEBUG] : Saving vessel c5f99541-7bf5-4b00-938d-7c79fe90b55f from etiene32
[20:53:43][DEBUG] : Saving 1 scenario modules from etiene32
[20:53:45][DEBUG] : Create subspace
[20:53:45][DEBUG] : Sending etiene32 to subspace 73
[20:53:46][DEBUG] : etiene32 released lock update-7112c75c-13c4-4815-a51d-6fab49f0b8f1
[20:53:46][DEBUG] : etiene32 released lock update-c62f6dde-34e8-463b-b618-82437dd1aac5
[20:53:46][DEBUG] : etiene32 released lock update-e95efd76-ad23-4878-b9d6-9c2c3e458b55
[20:53:46][DEBUG] : etiene32 released lock update-642fcd58-5eda-427f-87bd-e4d10e1eeee4
[20:53:46][DEBUG] : etiene32 released lock update-ab791232-1711-4b9d-91c5-3b08265da926
[20:53:47][DEBUG] : etiene32 released lock update-1d765eac-6b75-4cab-8132-6bd9ff5ab647
[20:53:47][DEBUG] : etiene32 released lock update-d6d6f9d1-8470-4ad1-9095-c07237823734
[20:53:47][DEBUG] : etiene32 released lock update-5f618ba2-c45e-49ab-b7fa-8e607d9ef13a
[20:53:47][DEBUG] : etiene32 released lock update-88d5b496-0fdf-4af9-8631-9a9fb1b869a2
[20:53:47][DEBUG] : etiene32 released lock update-c5f99541-7bf5-4b00-938d-7c79fe90b55f
[20:53:47][DEBUG] : etiene32 released lock update-9784ff30-852f-4acd-a921-275d1e1bb4cf
[20:53:47][DEBUG] : etiene32 released lock update-9d29130a-4bc2-42bf-95ef-29d3341d6c01
[20:53:47][DEBUG] : etiene32 released lock update-9095ce68-4270-4d2c-aade-76fb6e8c020d
[20:53:47][DEBUG] : etiene32 released lock update-41b658fd-5512-4404-a262-7418b5518d65
[20:53:47][DEBUG] : Saving vessel 1d765eac-6b75-4cab-8132-6bd9ff5ab647 from etiene32
[20:53:47][DEBUG] : Saving vessel c5f99541-7bf5-4b00-938d-7c79fe90b55f from etiene32
[20:53:50][DEBUG] : etiene32 acquired lock update-1d765eac-6b75-4cab-8132-6bd9ff5ab647
[20:53:50][DEBUG] : etiene32 acquired lock update-c5f99541-7bf5-4b00-938d-7c79fe90b55f
[20:53:50][DEBUG] : Saving vessel 1d765eac-6b75-4cab-8132-6bd9ff5ab647 from etiene32
[20:53:54][DEBUG] : Saving vessel c5f99541-7bf5-4b00-938d-7c79fe90b55f from etiene32
[20:53:57][DEBUG] : Relaying FLYING vessel 1d765eac-6b75-4cab-8132-6bd9ff5ab647 from etiene32
[20:53:57][DEBUG] : etiene32 acquired lock update-4e96ffe9-026b-455a-9657-5f2b416ad643
[20:53:57][DEBUG] : Saving vessel 4e96ffe9-026b-455a-9657-5f2b416ad643 from etiene32
[20:53:57][DEBUG] : etiene32 acquired lock update-2ad978de-6320-427f-871d-44a7e2e39f05
[20:53:57][DEBUG] : Saving vessel 2ad978de-6320-427f-871d-44a7e2e39f05 from etiene32
[20:53:57][DEBUG] : etiene32 acquired lock update-02f0bd01-0408-4142-9374-d74935b288dd
[20:53:57][DEBUG] : Saving vessel 02f0bd01-0408-4142-9374-d74935b288dd from etiene32
[20:53:57][DEBUG] : etiene32 acquired lock update-ee0c4f58-6a16-4c50-b13f-6706bcfac668
[20:53:57][DEBUG] : Saving vessel ee0c4f58-6a16-4c50-b13f-6706bcfac668 from etiene32
[20:54:02][DEBUG] : Relaying FLYING vessel 1d765eac-6b75-4cab-8132-6bd9ff5ab647 from etiene32
[20:54:02][DEBUG] : etiene32 acquired lock update-b33866f9-d9dc-4459-aa46-65f94acf328c
[20:54:02][DEBUG] : Relaying FLYING vessel b33866f9-d9dc-4459-aa46-65f94acf328c from etiene32
[20:54:03][DEBUG] : Relaying FLYING vessel 1d765eac-6b75-4cab-8132-6bd9ff5ab647 from etiene32
[20:54:03][DEBUG] : etiene32 acquired lock update-988f850c-21d0-4f5b-a703-08605ae82a1c
[20:54:03][DEBUG] : Relaying FLYING vessel 988f850c-21d0-4f5b-a703-08605ae82a1c from etiene32
[20:54:05][DEBUG] : Relaying FLYING vessel 1d765eac-6b75-4cab-8132-6bd9ff5ab647 from etiene32
[20:54:05][DEBUG] : etiene32 acquired lock update-c958a63e-135c-40ce-92a4-63ccdd80baad
[20:54:05][DEBUG] : Relaying FLYING vessel c958a63e-135c-40ce-92a4-63ccdd80baad from etiene32
[20:54:13][DEBUG] : Saving 1 scenario modules from etiene32
[20:54:30][DEBUG] : etiene32 released lock update-c958a63e-135c-40ce-92a4-63ccdd80baad
[20:54:30][DEBUG] : etiene32 released lock update-988f850c-21d0-4f5b-a703-08605ae82a1c
[20:54:30][DEBUG] : etiene32 released lock update-b33866f9-d9dc-4459-aa46-65f94acf328c
[20:54:30][DEBUG] : etiene32 released lock update-ee0c4f58-6a16-4c50-b13f-6706bcfac668
[20:54:30][DEBUG] : etiene32 released lock update-02f0bd01-0408-4142-9374-d74935b288dd
[20:54:30][DEBUG] : etiene32 released lock update-2ad978de-6320-427f-871d-44a7e2e39f05
[20:54:30][DEBUG] : etiene32 released lock update-4e96ffe9-026b-455a-9657-5f2b416ad643
[20:54:30][DEBUG] : etiene32 released lock update-c5f99541-7bf5-4b00-938d-7c79fe90b55f
[20:54:30][DEBUG] : etiene32 released lock update-1d765eac-6b75-4cab-8132-6bd9ff5ab647
[20:54:30][DEBUG] : etiene32 released lock control-1d765eac-6b75-4cab-8132-6bd9ff5ab647
[20:54:33][DEBUG] : Removing vessel c66e963e-4827-43eb-bab4-068125b510b6 from Nanshue
[20:54:33][DEBUG] : Removing vessel a955489a-db40-4779-9056-ae6e5c07da2b from Nanshue
[20:54:33][DEBUG] : Removing vessel a9f85afa-ccd5-412e-841c-b440e1db987e from Nanshue
[20:54:33][DEBUG] : Removing vessel 93e834e1-7ba8-44f9-8fcb-3ee0b939fb2a from Nanshue
[20:54:33][DEBUG] : Removing vessel 07aa9a1b-e38e-4687-9de4-09d919f0074c from Nanshue
[20:54:33][DEBUG] : Removing vessel ab431328-24f2-45d1-ae5f-3c945450a839 from Nanshue
[20:54:33][DEBUG] : Removing vessel abae0531-db52-4d34-9f2e-e40dbcf9fbb1 from Nanshue
[20:54:33][DEBUG] : Removing vessel 76bfb6ae-db49-45e7-866d-3a8e14e21268 from Nanshue
[20:54:41][DEBUG] : Removing vessel 2f48549b-55e8-49ec-9e4f-c52a055968b0 from Nanshue
[20:54:41][DEBUG] : Removing vessel 04d8b435-1003-444b-b498-02a1970a48e4 from Nanshue
[20:54:41][DEBUG] : Removing vessel f98f01fd-48a7-4e08-afb4-0c64679edaa0 from Nanshue
[20:54:41][DEBUG] : Removing vessel 018de2fb-d9d9-47f9-b5ee-cde5a020392f from Nanshue
[20:54:42][DEBUG] : Nanshue acquired lock control-72efeb93-7da3-4bc1-929e-a326ad010fea
[20:54:42][DEBUG] : Nanshue acquired lock update-72efeb93-7da3-4bc1-929e-a326ad010fea
[20:54:42][DEBUG] : Saving vessel 72efeb93-7da3-4bc1-929e-a326ad010fea from Nanshue
[20:54:43][DEBUG] : Saving vessel 72efeb93-7da3-4bc1-929e-a326ad010fea from Nanshue
[20:54:43][DEBUG] : Nanshue acquired lock update-3f630e66-b420-4163-ba79-86c19eef996b
[20:54:43][DEBUG] : Saving vessel 3f630e66-b420-4163-ba79-86c19eef996b from Nanshue
[20:54:43][DEBUG] : Nanshue acquired lock update-15d85dfe-e8a9-4821-ac7a-dac0bed4c7d8
[20:54:43][DEBUG] : Saving vessel 15d85dfe-e8a9-4821-ac7a-dac0bed4c7d8 from Nanshue
[20:54:43][DEBUG] : Removing vessel 3f630e66-b420-4163-ba79-86c19eef996b from Nanshue
[20:54:43][DEBUG] : Saving vessel 72efeb93-7da3-4bc1-929e-a326ad010fea from Nanshue
[20:54:43][DEBUG] : Nanshue acquired lock update-846db2e1-6ee6-49fb-a76e-20ff594b4381
[20:54:43][DEBUG] : Saving vessel 846db2e1-6ee6-49fb-a76e-20ff594b4381 from Nanshue
[20:54:43][DEBUG] : Nanshue acquired lock update-b38e5365-379e-4f4a-8bd2-24e008189337
[20:54:43][DEBUG] : Saving vessel b38e5365-379e-4f4a-8bd2-24e008189337 from Nanshue
[20:54:43][DEBUG] : Nanshue acquired lock update-ee101dbc-7de3-446f-9696-543fbb0a6b52
[20:54:43][DEBUG] : Relaying FLYING vessel ee101dbc-7de3-446f-9696-543fbb0a6b52 from Nanshue
[20:54:43][DEBUG] : Nanshue acquired lock update-8c30097d-1b83-4f88-896a-47d1bfbc9318
[20:54:43][DEBUG] : Relaying FLYING vessel 8c30097d-1b83-4f88-896a-47d1bfbc9318 from Nanshue
[20:54:43][DEBUG] : Nanshue acquired lock update-10841e62-7389-4992-acdf-82fb9f7c72cc
[20:54:43][DEBUG] : Relaying FLYING vessel 10841e62-7389-4992-acdf-82fb9f7c72cc from Nanshue
[20:54:43][DEBUG] : Nanshue acquired lock update-549413e3-dee5-4171-b98d-d9ed85c378e1
[20:54:43][DEBUG] : Relaying FLYING vessel 549413e3-dee5-4171-b98d-d9ed85c378e1 from Nanshue
[20:54:43][DEBUG] : Nanshue acquired lock update-150a2ba9-498b-4d74-b611-76ae9908fdd6
[20:54:43][DEBUG] : Relaying FLYING vessel 150a2ba9-498b-4d74-b611-76ae9908fdd6 from Nanshue
[20:54:43][DEBUG] : Saving vessel 72efeb93-7da3-4bc1-929e-a326ad010fea from Nanshue
[20:54:43][DEBUG] : Nanshue acquired lock update-dfae1e54-1f56-4e7e-843b-4de97faacfe9
[20:54:43][DEBUG] : Saving vessel dfae1e54-1f56-4e7e-843b-4de97faacfe9 from Nanshue
[20:54:43][DEBUG] : Saving vessel 72efeb93-7da3-4bc1-929e-a326ad010fea from Nanshue
[20:54:43][DEBUG] : Saving vessel ee101dbc-7de3-446f-9696-543fbb0a6b52 from Nanshue
[20:54:43][DEBUG] : Saving 1 scenario modules from etiene32
[20:54:44][DEBUG] : Nanshue acquired lock update-ee0c4f58-6a16-4c50-b13f-6706bcfac668
[20:54:44][DEBUG] : Nanshue acquired lock update-2ad978de-6320-427f-871d-44a7e2e39f05
[20:54:44][DEBUG] : Nanshue acquired lock update-02f0bd01-0408-4142-9374-d74935b288dd
[20:54:44][DEBUG] : Nanshue acquired lock update-4e96ffe9-026b-455a-9657-5f2b416ad643
[20:54:44][DEBUG] : Nanshue acquired lock update-c5f99541-7bf5-4b00-938d-7c79fe90b55f
[20:54:44][DEBUG] : Relaying FLYING vessel 72efeb93-7da3-4bc1-929e-a326ad010fea from Nanshue
[20:54:44][DEBUG] : Nanshue acquired lock update-01f2722e-cacd-4f31-a3fc-8979934de42d
[20:54:44][DEBUG] : Relaying FLYING vessel 01f2722e-cacd-4f31-a3fc-8979934de42d from Nanshue
[20:54:44][DEBUG] : Nanshue acquired lock update-79f8cc1a-9b3d-41fe-8219-0741337ddaab
[20:54:44][DEBUG] : Relaying FLYING vessel 79f8cc1a-9b3d-41fe-8219-0741337ddaab from Nanshue
[20:54:44][DEBUG] : Removing vessel 8c30097d-1b83-4f88-896a-47d1bfbc9318 from Nanshue
[20:54:44][DEBUG] : Saving vessel 72efeb93-7da3-4bc1-929e-a326ad010fea from Nanshue
[20:54:44][DEBUG] : Removing vessel 10841e62-7389-4992-acdf-82fb9f7c72cc from Nanshue
[20:54:45][DEBUG] : Saving vessel 01f2722e-cacd-4f31-a3fc-8979934de42d from Nanshue
[20:54:45][DEBUG] : Saving vessel 79f8cc1a-9b3d-41fe-8219-0741337ddaab from Nanshue
[20:54:45][DEBUG] : Saving vessel 150a2ba9-498b-4d74-b611-76ae9908fdd6 from Nanshue
[20:54:45][DEBUG] : Saving vessel 549413e3-dee5-4171-b98d-d9ed85c378e1 from Nanshue
[20:54:46][DEBUG] : Removing vessel 150a2ba9-498b-4d74-b611-76ae9908fdd6 from Nanshue
[20:54:46][DEBUG] : Nanshue acquired lock update-1212fa08-7222-431d-88fe-12cebf138cf1
[20:54:46][DEBUG] : Relaying FLYING vessel 1212fa08-7222-431d-88fe-12cebf138cf1 from Nanshue
[20:54:46][DEBUG] : Nanshue acquired lock update-f176f0b3-6b15-43a3-8a11-f134b507c479
[20:54:46][DEBUG] : Relaying FLYING vessel f176f0b3-6b15-43a3-8a11-f134b507c479 from Nanshue
[20:54:46][DEBUG] : Nanshue acquired lock update-4de7a033-115b-4496-b72f-8bbd6e7c4d65
[20:54:46][DEBUG] : Relaying FLYING vessel 4de7a033-115b-4496-b72f-8bbd6e7c4d65 from Nanshue
[20:54:46][DEBUG] : Nanshue acquired lock update-c676c203-a1b5-4cf6-9f7f-dc2851908aaa
[20:54:46][DEBUG] : Relaying FLYING vessel c676c203-a1b5-4cf6-9f7f-dc2851908aaa from Nanshue
[20:54:46][DEBUG] : Saving vessel c676c203-a1b5-4cf6-9f7f-dc2851908aaa from Nanshue
[20:54:46][DEBUG] : Saving vessel 4de7a033-115b-4496-b72f-8bbd6e7c4d65 from Nanshue
[20:54:46][DEBUG] : Nanshue acquired lock update-0429bace-1d10-486f-af87-8ee31952758c
[20:54:46][DEBUG] : Relaying FLYING vessel 0429bace-1d10-486f-af87-8ee31952758c from Nanshue
[20:54:46][DEBUG] : Saving vessel f176f0b3-6b15-43a3-8a11-f134b507c479 from Nanshue
[20:54:48][DEBUG] : Nanshue released lock update-3f630e66-b420-4163-ba79-86c19eef996b
[20:54:49][DEBUG] : Nanshue released lock update-8c30097d-1b83-4f88-896a-47d1bfbc9318
[20:54:49][DEBUG] : Nanshue released lock update-10841e62-7389-4992-acdf-82fb9f7c72cc
[20:54:55][DEBUG] : Removing vessel 4e96ffe9-026b-455a-9657-5f2b416ad643 from Nanshue
[20:54:55][DEBUG] : Removing vessel 2ad978de-6320-427f-871d-44a7e2e39f05 from Nanshue
[20:54:55][DEBUG] : Removing vessel 02f0bd01-0408-4142-9374-d74935b288dd from Nanshue
[20:54:55][DEBUG] : Removing vessel ee0c4f58-6a16-4c50-b13f-6706bcfac668 from Nanshue
[20:54:55][DEBUG] : Removing vessel 15d85dfe-e8a9-4821-ac7a-dac0bed4c7d8 from Nanshue
[20:54:55][DEBUG] : Removing vessel ee101dbc-7de3-446f-9696-543fbb0a6b52 from Nanshue
[20:54:55][DEBUG] : Removing vessel b38e5365-379e-4f4a-8bd2-24e008189337 from Nanshue
[20:54:55][DEBUG] : Removing vessel 549413e3-dee5-4171-b98d-d9ed85c378e1 from Nanshue
[20:54:55][DEBUG] : Removing vessel 846db2e1-6ee6-49fb-a76e-20ff594b4381 from Nanshue
[20:54:55][DEBUG] : Removing vessel dfae1e54-1f56-4e7e-843b-4de97faacfe9 from Nanshue
[20:54:55][DEBUG] : Removing vessel 01f2722e-cacd-4f31-a3fc-8979934de42d from Nanshue
[20:54:55][DEBUG] : Removing vessel 79f8cc1a-9b3d-41fe-8219-0741337ddaab from Nanshue
[20:54:55][DEBUG] : Removing vessel 1212fa08-7222-431d-88fe-12cebf138cf1 from Nanshue
[20:54:55][DEBUG] : Removing vessel 4de7a033-115b-4496-b72f-8bbd6e7c4d65 from Nanshue
[20:54:55][DEBUG] : Removing vessel c676c203-a1b5-4cf6-9f7f-dc2851908aaa from Nanshue
[20:54:55][DEBUG] : Removing vessel f176f0b3-6b15-43a3-8a11-f134b507c479 from Nanshue
[20:54:56][DEBUG] : Removing vessel 72efeb93-7da3-4bc1-929e-a326ad010fea from Nanshue
[20:54:57][DEBUG] : Nanshue released lock update-ee101dbc-7de3-446f-9696-543fbb0a6b52
[20:54:57][DEBUG] : Nanshue released lock update-b38e5365-379e-4f4a-8bd2-24e008189337
[20:54:57][DEBUG] : Nanshue released lock update-150a2ba9-498b-4d74-b611-76ae9908fdd6
[20:54:57][DEBUG] : Nanshue released lock update-846db2e1-6ee6-49fb-a76e-20ff594b4381
[20:54:57][DEBUG] : Nanshue released lock update-15d85dfe-e8a9-4821-ac7a-dac0bed4c7d8
[20:54:57][DEBUG] : Nanshue released lock update-72efeb93-7da3-4bc1-929e-a326ad010fea
[20:54:57][DEBUG] : Nanshue released lock update-dfae1e54-1f56-4e7e-843b-4de97faacfe9
[20:54:57][DEBUG] : Nanshue released lock update-ee0c4f58-6a16-4c50-b13f-6706bcfac668
[20:54:57][DEBUG] : Nanshue released lock update-549413e3-dee5-4171-b98d-d9ed85c378e1
[20:54:57][DEBUG] : Nanshue released lock update-2ad978de-6320-427f-871d-44a7e2e39f05
[20:54:57][DEBUG] : Nanshue released lock update-02f0bd01-0408-4142-9374-d74935b288dd
[20:54:57][DEBUG] : Nanshue released lock update-4e96ffe9-026b-455a-9657-5f2b416ad643
[20:54:57][DEBUG] : Saving vessel c5f99541-7bf5-4b00-938d-7c79fe90b55f from Nanshue
[20:54:57][DEBUG] : Nanshue released lock update-c5f99541-7bf5-4b00-938d-7c79fe90b55f
[20:54:57][DEBUG] : Nanshue released lock update-01f2722e-cacd-4f31-a3fc-8979934de42d
[20:54:57][DEBUG] : Nanshue released lock update-79f8cc1a-9b3d-41fe-8219-0741337ddaab
[20:54:57][DEBUG] : Nanshue released lock update-1212fa08-7222-431d-88fe-12cebf138cf1
[20:54:57][DEBUG] : Nanshue released lock update-f176f0b3-6b15-43a3-8a11-f134b507c479
[20:54:57][DEBUG] : Nanshue released lock update-4de7a033-115b-4496-b72f-8bbd6e7c4d65
[20:54:57][DEBUG] : Nanshue released lock update-c676c203-a1b5-4cf6-9f7f-dc2851908aaa
[20:54:57][DEBUG] : Saving vessel 0429bace-1d10-486f-af87-8ee31952758c from Nanshue
[20:54:57][DEBUG] : Nanshue released lock update-0429bace-1d10-486f-af87-8ee31952758c
[20:54:57][DEBUG] : Nanshue released lock control-72efeb93-7da3-4bc1-929e-a326ad010fea
[20:55:06][DEBUG] : Saving 1 scenario modules from Nanshue
[20:55:54][DEBUG] : Removing vessel f5c68c6e-780d-420f-9808-8c2f91ea8638 from Nanshue
[20:56:04][DEBUG] : Removing vessel b49d1f1c-20ed-4aef-b650-79c7288fc507 from Nanshue
[20:56:47][INFO] : Command input: /nukeksc
[20:56:47][INFO] : Nuked 0 vessels around the KSC
[20:57:08][DEBUG] : Removing vessel c5f99541-7bf5-4b00-938d-7c79fe90b55f from Nanshue
[20:57:28][INFO] : Disconnecting client Nanshue, endpoint [::ffff:127.0.0.1]:50201, Connection timed out
[20:58:32][DEBUG] : Online players is now: 1, connected: 1
[20:58:32][DEBUG] : Error closing client connection: Cette opration n'est pas autorise sur des sockets non connects.
[20:58:52][INFO] : Client etiene32 disconnected in ReceiveCallback, endpoint [::ffff:85.171.152.193]:43165, error: Impossible de lire les donnes de la connexion de transport : Une connexion tablie a t abandonne par un logiciel de votre ordinateur hte. (Une connexion tablie a t abandonne par un logiciel de votre ordinateur hte)
[20:59:09][DEBUG] : Online players is now: 0, connected: 0
[20:59:09][DEBUG] : Error closing client connection: Cette opration n'est pas autorise sur des sockets non connects.
[20:59:10][INFO] : Command input: //quit
[20:59:10][INFO] : Unknown server command: /quit
[20:59:12][INFO] : Command input: /quit
[20:59:12][INFO] : Shutting down
[20:59:12][INFO] : Goodbye!
