[20:00:21][DEBUG] : Loading settings...
[20:00:22][DEBUG] : System.IO compression works: True, test time: 3 ms.
[20:00:22][DEBUG] : Loading plugins!
[20:00:22][DEBUG] : Done!
[20:00:22][INFO] : Starting DMPServer v0.2.4.5, protocol 45
[20:00:22][INFO] : Loading universe... 
[20:00:22][INFO] : Starting SUBSPACE server on port 6702... 
[20:00:22][INFO] : Removed 0 debris
[20:00:22][INFO] : Ready!
[20:00:30][DEBUG] : Online players is now: 0, connected: 1
[20:00:30][INFO] : New client connection from [::ffff:127.0.0.1]:63675
[20:00:30][DEBUG] : Loading admins
[20:00:30][INFO] : Client Nanshue handshook successfully, version: v0.2.4.5
[20:00:30][DEBUG] : Online players is now: 1, connected: 1
[20:00:30][DEBUG] : Sending Nanshue to subspace 2
[20:00:30][DEBUG] : Sending Nanshue 0 craft library entries
[20:00:30][DEBUG] : Sending Nanshue 20 kerbals...
[20:00:30][DEBUG] : Sending Nanshue 0 vessels, cached: 14...
[20:00:31][DEBUG] : Nanshue acquired lock asteroid-spawning
[20:00:55][DEBUG] : Nanshue acquired lock control-197b4edc-cae7-4a09-ac0c-d8b3862b6e80
[20:00:55][DEBUG] : Nanshue acquired lock update-197b4edc-cae7-4a09-ac0c-d8b3862b6e80
[20:00:55][DEBUG] : Saving kerbal Hademy Kerman from Nanshue
[20:00:55][DEBUG] : Saving vessel 197b4edc-cae7-4a09-ac0c-d8b3862b6e80 from Nanshue
[20:01:01][DEBUG] : Saving 12 scenario modules from Nanshue
[20:01:25][DEBUG] : Saving vessel 197b4edc-cae7-4a09-ac0c-d8b3862b6e80 from Nanshue
[20:01:31][DEBUG] : Saving 1 scenario modules from Nanshue
[20:01:31][DEBUG] : Saving vessel 3f97425a-17b5-41bb-b478-2d2fa6a21f88 from Nanshue
[20:01:55][DEBUG] : Saving vessel 197b4edc-cae7-4a09-ac0c-d8b3862b6e80 from Nanshue
[20:02:01][DEBUG] : Saving 1 scenario modules from Nanshue
[20:02:25][DEBUG] : Saving vessel 197b4edc-cae7-4a09-ac0c-d8b3862b6e80 from Nanshue
[20:02:31][DEBUG] : Saving 1 scenario modules from Nanshue
[20:02:31][DEBUG] : Saving vessel f2107148-1b10-47b3-8fda-060d5ac99d53 from Nanshue
[20:02:55][DEBUG] : Saving vessel 197b4edc-cae7-4a09-ac0c-d8b3862b6e80 from Nanshue
[20:03:01][DEBUG] : Saving 1 scenario modules from Nanshue
[20:03:25][DEBUG] : Saving vessel 197b4edc-cae7-4a09-ac0c-d8b3862b6e80 from Nanshue
[20:03:31][DEBUG] : Saving 1 scenario modules from Nanshue
[20:03:31][DEBUG] : Saving vessel 3fc8be57-8b27-4243-b173-d54116ec7050 from Nanshue
[20:03:55][DEBUG] : Saving vessel 197b4edc-cae7-4a09-ac0c-d8b3862b6e80 from Nanshue
[20:03:56][DEBUG] : Online players is now: 1, connected: 2
[20:03:56][INFO] : New client connection from [::ffff:81.67.40.192]:39779
[20:03:56][INFO] : Client etiene32 handshook successfully, version: v0.2.4.5
[20:03:56][DEBUG] : Online players is now: 2, connected: 2
[20:03:57][DEBUG] : Sending etiene32 to subspace 2
[20:03:57][DEBUG] : Sending etiene32 0 craft library entries
[20:03:57][DEBUG] : Sending etiene32 20 kerbals...
[20:03:58][DEBUG] : Sending etiene32 18 vessels, cached: 0...
[20:04:01][DEBUG] : Saving 1 scenario modules from Nanshue
[20:04:25][DEBUG] : Saving vessel 197b4edc-cae7-4a09-ac0c-d8b3862b6e80 from Nanshue
[20:04:26][CHAT] : etiene32 -> #Global: wesh ;)
[20:04:30][DEBUG] : Saving 12 scenario modules from etiene32
[20:04:31][DEBUG] : Saving 1 scenario modules from Nanshue
[20:04:31][DEBUG] : Saving vessel 22ee370d-18c3-4cf1-9ead-f27ee859d68f from Nanshue
[20:04:55][DEBUG] : Saving vessel 197b4edc-cae7-4a09-ac0c-d8b3862b6e80 from Nanshue
[20:05:01][DEBUG] : Saving 1 scenario modules from Nanshue
[20:05:25][DEBUG] : Saving vessel 197b4edc-cae7-4a09-ac0c-d8b3862b6e80 from Nanshue
[20:05:31][DEBUG] : Saving 1 scenario modules from Nanshue
[20:05:31][DEBUG] : Saving vessel 5d679e79-6721-42b2-abe6-0d3b04e296d2 from Nanshue
[20:05:38][DEBUG] : Removing DOCKED vessel 00000000-0000-0000-0000-000000000000 from etiene32
[20:05:39][DEBUG] : Removing DOCKED vessel 00000000-0000-0000-0000-000000000000 from etiene32
[20:05:39][DEBUG] : Removing DOCKED vessel 00000000-0000-0000-0000-000000000000 from etiene32
[20:05:40][DEBUG] : etiene32 acquired lock control-1e85baf1-c1f5-431c-8683-e9bb19e6b874
[20:05:40][DEBUG] : etiene32 acquired lock update-1e85baf1-c1f5-431c-8683-e9bb19e6b874
[20:05:41][DEBUG] : Saving vessel 1e85baf1-c1f5-431c-8683-e9bb19e6b874 from etiene32
[20:05:55][DEBUG] : Saving vessel 197b4edc-cae7-4a09-ac0c-d8b3862b6e80 from Nanshue
[20:06:00][DEBUG] : Saving 2 scenario modules from etiene32
[20:06:01][DEBUG] : Saving 1 scenario modules from Nanshue
[20:06:11][DEBUG] : Saving vessel 1e85baf1-c1f5-431c-8683-e9bb19e6b874 from etiene32
[20:06:13][DEBUG] : Nanshue released lock update-197b4edc-cae7-4a09-ac0c-d8b3862b6e80
[20:06:13][DEBUG] : Saving vessel 197b4edc-cae7-4a09-ac0c-d8b3862b6e80 from Nanshue
[20:06:13][DEBUG] : Nanshue released lock control-197b4edc-cae7-4a09-ac0c-d8b3862b6e80
[20:06:22][DEBUG] : Saving vessel 1e85baf1-c1f5-431c-8683-e9bb19e6b874 from etiene32
[20:06:22][DEBUG] : etiene32 released lock update-1e85baf1-c1f5-431c-8683-e9bb19e6b874
[20:06:22][DEBUG] : etiene32 released lock control-1e85baf1-c1f5-431c-8683-e9bb19e6b874
[20:06:32][DEBUG] : Saving 2 scenario modules from Nanshue
[20:06:32][DEBUG] : Saving vessel 34b808c8-bd00-42e3-a168-fa0e641c1696 from Nanshue
[20:06:41][DEBUG] : Nanshue acquired lock control-197b4edc-cae7-4a09-ac0c-d8b3862b6e80
[20:06:41][DEBUG] : Nanshue acquired lock update-197b4edc-cae7-4a09-ac0c-d8b3862b6e80
[20:06:41][DEBUG] : Saving vessel 197b4edc-cae7-4a09-ac0c-d8b3862b6e80 from Nanshue
[20:07:00][DEBUG] : Saving vessel 1e85baf1-c1f5-431c-8683-e9bb19e6b874 from etiene32
[20:07:00][DEBUG] : Relaying FLYING vessel 197b4edc-cae7-4a09-ac0c-d8b3862b6e80 from Nanshue
[20:07:02][DEBUG] : Saving 2 scenario modules from Nanshue
[20:07:24][DEBUG] : Saving screenshot from etiene32
[20:07:28][DEBUG] : Nanshue is watching screenshots from etiene32
[20:07:28][DEBUG] : Sending saved screenshot from etiene32 to Nanshue
[20:07:28][DEBUG] : Optimizing Nanshue (484272 bytes queued)
[20:07:28][DEBUG] : Optimized 0 bytes in 0,5 ms.
[20:07:30][DEBUG] : Saving 1 scenario modules from etiene32
[20:07:30][DEBUG] : Saving kerbal Hademy Kerman from Nanshue
[20:07:30][DEBUG] : Relaying FLYING vessel 197b4edc-cae7-4a09-ac0c-d8b3862b6e80 from Nanshue
[20:07:32][DEBUG] : Saving 2 scenario modules from Nanshue
[20:07:32][DEBUG] : Saving vessel ecd8e71a-353c-43c9-86fc-42750555e5c4 from Nanshue
[20:08:00][DEBUG] : Saving 1 scenario modules from etiene32
[20:08:00][DEBUG] : Relaying FLYING vessel 197b4edc-cae7-4a09-ac0c-d8b3862b6e80 from Nanshue
[20:08:02][DEBUG] : Saving 3 scenario modules from Nanshue
[20:08:30][DEBUG] : Saving 1 scenario modules from etiene32
[20:08:30][DEBUG] : Relaying FLYING vessel 197b4edc-cae7-4a09-ac0c-d8b3862b6e80 from Nanshue
[20:08:32][DEBUG] : Saving 1 scenario modules from Nanshue
[20:08:32][DEBUG] : Saving vessel c6fcff64-b689-4e5b-9027-28155f3fb952 from Nanshue
[20:09:00][DEBUG] : Relaying FLYING vessel 197b4edc-cae7-4a09-ac0c-d8b3862b6e80 from Nanshue
[20:09:02][DEBUG] : Saving 1 scenario modules from Nanshue
[20:09:30][DEBUG] : Saving 1 scenario modules from etiene32
[20:09:30][DEBUG] : Relaying FLYING vessel 197b4edc-cae7-4a09-ac0c-d8b3862b6e80 from Nanshue
[20:09:32][DEBUG] : Saving 2 scenario modules from Nanshue
[20:09:32][DEBUG] : Saving vessel cc38248a-5385-429c-af84-019be4b9779c from Nanshue
[20:09:45][DEBUG] : Saving vessel 197b4edc-cae7-4a09-ac0c-d8b3862b6e80 from Nanshue
[20:09:45][DEBUG] : Create subspace
[20:09:45][DEBUG] : Sending Nanshue to subspace 3
[20:09:54][DEBUG] : Saving kerbal Hademy Kerman from Nanshue
[20:09:54][DEBUG] : Removing vessel 197b4edc-cae7-4a09-ac0c-d8b3862b6e80 from Nanshue
[20:09:55][DEBUG] : Nanshue released lock update-197b4edc-cae7-4a09-ac0c-d8b3862b6e80
[20:09:55][DEBUG] : Nanshue released lock control-197b4edc-cae7-4a09-ac0c-d8b3862b6e80
[20:09:55][DEBUG] : etiene32 acquired lock control-197b4edc-cae7-4a09-ac0c-d8b3862b6e80
[20:09:55][DEBUG] : etiene32 acquired lock update-197b4edc-cae7-4a09-ac0c-d8b3862b6e80
[20:09:55][DEBUG] : Saving kerbal Hademy Kerman from etiene32
[20:09:55][DEBUG] : Saving vessel 197b4edc-cae7-4a09-ac0c-d8b3862b6e80 from etiene32
[20:10:00][DEBUG] : Saving 1 scenario modules from etiene32
[20:10:02][DEBUG] : Saving 3 scenario modules from Nanshue
[20:10:25][DEBUG] : Saving vessel 197b4edc-cae7-4a09-ac0c-d8b3862b6e80 from etiene32
[20:10:32][DEBUG] : Saving vessel cd0a45ad-884f-47db-82fe-b37052639ddc from Nanshue
[20:11:00][DEBUG] : Saving kerbal Hademy Kerman from etiene32
[20:11:00][DEBUG] : Removing vessel 197b4edc-cae7-4a09-ac0c-d8b3862b6e80 from etiene32
[20:11:00][DEBUG] : Saving 1 scenario modules from etiene32
[20:11:01][DEBUG] : etiene32 released lock update-197b4edc-cae7-4a09-ac0c-d8b3862b6e80
[20:11:01][DEBUG] : etiene32 released lock control-197b4edc-cae7-4a09-ac0c-d8b3862b6e80
[20:11:02][DEBUG] : Saving 1 scenario modules from Nanshue
[20:11:32][DEBUG] : Saving vessel dc8edeb3-cbbd-406a-b1c7-ac3798b4dc64 from Nanshue
[20:12:30][DEBUG] : Saving 1 scenario modules from etiene32
[20:12:32][DEBUG] : Saving vessel 5b35c8b5-49f8-468c-bfe0-8b3a87c9fc59 from Nanshue
[20:13:32][DEBUG] : Saving vessel 3e71a2cd-8b93-4498-abad-dc5c1c66827f from Nanshue
[20:14:02][DEBUG] : Saving 2 scenario modules from Nanshue
[20:14:34][DEBUG] : etiene32 sent connection end message, reason: Quit
[20:14:34][DEBUG] : Online players is now: 1, connected: 1
[20:14:48][DEBUG] : Nanshue sent connection end message, reason: Quit to main menu
[20:14:48][DEBUG] : Online players is now: 0, connected: 0
[20:17:19][DEBUG] : Terminal may be not attached or broken, Exiting out of command handler
[20:17:19][INFO] : Shutting down - Caught Ctrl+C
[20:17:19][INFO] : Goodbye!
