[22:24:42][DEBUG] : Loading settings...
[22:24:42][DEBUG] : System.IO compression works: True, test time: 5 ms.
[22:24:42][DEBUG] : Loading plugins!
[22:24:42][DEBUG] : Done!
[22:24:42][INFO] : Starting DMPServer v0.2.4.5, protocol 45
[22:24:42][INFO] : Loading universe... 
[22:24:42][INFO] : Starting SUBSPACE server on port 6702... 
[22:24:42][INFO] : Removing vessel: 051b6b36-2110-4fd9-89d9-7980e2d0fded
[22:24:42][DEBUG] : Removed debris vessel 051b6b36-2110-4fd9-89d9-7980e2d0fded
[22:24:42][INFO] : Removing vessel: 070c48a3-2946-4eed-8b28-27ac4c3ff256
[22:24:42][DEBUG] : Removed debris vessel 070c48a3-2946-4eed-8b28-27ac4c3ff256
[22:24:42][INFO] : Removing vessel: 1630ee16-6ac7-46fd-bfa7-ccb4a7491141
[22:24:42][DEBUG] : Removed debris vessel 1630ee16-6ac7-46fd-bfa7-ccb4a7491141
[22:24:42][INFO] : Removing vessel: 28917d6b-4edb-4532-8e03-3faa5425ded6
[22:24:42][DEBUG] : Removed debris vessel 28917d6b-4edb-4532-8e03-3faa5425ded6
[22:24:42][INFO] : Removing vessel: 29200c65-67b9-4940-9855-1f23d9d28c36
[22:24:42][DEBUG] : Removed debris vessel 29200c65-67b9-4940-9855-1f23d9d28c36
[22:24:42][INFO] : Removing vessel: 3511f11d-46fd-4c34-a309-8b4f15f5d1d3
[22:24:42][DEBUG] : Removed debris vessel 3511f11d-46fd-4c34-a309-8b4f15f5d1d3
[22:24:42][INFO] : Removing vessel: 351f76c4-3dff-4a74-81bb-6c3632ed124a
[22:24:42][DEBUG] : Removed debris vessel 351f76c4-3dff-4a74-81bb-6c3632ed124a
[22:24:42][INFO] : Removing vessel: 39e1723d-b2b2-4026-9a20-c33addb77f45
[22:24:42][DEBUG] : Removed debris vessel 39e1723d-b2b2-4026-9a20-c33addb77f45
[22:24:42][INFO] : Removing vessel: 417bdb5e-1309-4b89-b653-ec9a1b344f12
[22:24:42][DEBUG] : Removed debris vessel 417bdb5e-1309-4b89-b653-ec9a1b344f12
[22:24:42][INFO] : Removing vessel: 4722e8d9-3e75-48ac-9f0f-f967913a1261
[22:24:42][DEBUG] : Removed debris vessel 4722e8d9-3e75-48ac-9f0f-f967913a1261
[22:24:42][INFO] : Removing vessel: 4cf92f0e-0a6f-42aa-afec-e1b7f018963b
[22:24:42][DEBUG] : Removed debris vessel 4cf92f0e-0a6f-42aa-afec-e1b7f018963b
[22:24:42][INFO] : Removing vessel: 5378867d-d816-45f7-ac56-a8a2e4746d7c
[22:24:42][DEBUG] : Removed debris vessel 5378867d-d816-45f7-ac56-a8a2e4746d7c
[22:24:42][INFO] : Removing vessel: 54a374e2-5b5c-4c83-b1f0-5ff45a3d206e
[22:24:42][DEBUG] : Removed debris vessel 54a374e2-5b5c-4c83-b1f0-5ff45a3d206e
[22:24:42][INFO] : Removing vessel: 5e837c0d-713c-4e6f-bdc2-2e3910d2f876
[22:24:42][DEBUG] : Removed debris vessel 5e837c0d-713c-4e6f-bdc2-2e3910d2f876
[22:24:42][INFO] : Removing vessel: 788a549a-0b02-4b50-a5ff-2e0abeec65d6
[22:24:42][DEBUG] : Removed debris vessel 788a549a-0b02-4b50-a5ff-2e0abeec65d6
[22:24:42][INFO] : Removing vessel: 865dfdb8-d31d-490d-beb8-32bf22ae6dd1
[22:24:42][DEBUG] : Removed debris vessel 865dfdb8-d31d-490d-beb8-32bf22ae6dd1
[22:24:42][INFO] : Removing vessel: 8dfa0bc7-a902-41c4-9aed-fc4ac6a07286
[22:24:42][DEBUG] : Removed debris vessel 8dfa0bc7-a902-41c4-9aed-fc4ac6a07286
[22:24:42][INFO] : Removing vessel: 91b5c8ca-acb0-4e99-82e6-0aff2e64422f
[22:24:42][DEBUG] : Removed debris vessel 91b5c8ca-acb0-4e99-82e6-0aff2e64422f
[22:24:42][INFO] : Removing vessel: 9387ca3d-c345-4a3e-8442-23aa0ea78b27
[22:24:42][DEBUG] : Removed debris vessel 9387ca3d-c345-4a3e-8442-23aa0ea78b27
[22:24:42][INFO] : Removing vessel: a11a29ba-2d14-4d72-8999-194a89df4693
[22:24:42][DEBUG] : Removed debris vessel a11a29ba-2d14-4d72-8999-194a89df4693
[22:24:42][INFO] : Removing vessel: a5fb8460-1e74-42df-b4ff-5c2d2b229959
[22:24:42][DEBUG] : Removed debris vessel a5fb8460-1e74-42df-b4ff-5c2d2b229959
[22:24:42][INFO] : Removing vessel: b091fff2-222d-4a65-941c-8849f93327f5
[22:24:42][DEBUG] : Removed debris vessel b091fff2-222d-4a65-941c-8849f93327f5
[22:24:42][INFO] : Removing vessel: b1be2aa5-0243-404f-895c-cd7fd419558a
[22:24:42][DEBUG] : Removed debris vessel b1be2aa5-0243-404f-895c-cd7fd419558a
[22:24:42][INFO] : Removing vessel: be3fb869-6d48-4d88-b524-28b9d638226a
[22:24:42][DEBUG] : Removed debris vessel be3fb869-6d48-4d88-b524-28b9d638226a
[22:24:42][INFO] : Removing vessel: bf4d7bbb-625e-4e29-b2a3-c9474d3a7241
[22:24:42][DEBUG] : Removed debris vessel bf4d7bbb-625e-4e29-b2a3-c9474d3a7241
[22:24:42][INFO] : Removing vessel: dc0f1e44-f3f9-4617-81c3-209bc62ce3d4
[22:24:42][DEBUG] : Removed debris vessel dc0f1e44-f3f9-4617-81c3-209bc62ce3d4
[22:24:42][INFO] : Removing vessel: dfa35fb7-cbe2-42e6-ad6f-003be7d26244
[22:24:42][DEBUG] : Removed debris vessel dfa35fb7-cbe2-42e6-ad6f-003be7d26244
[22:24:42][INFO] : Removing vessel: e598f552-7791-44a5-a6c2-288a2dcabfb6
[22:24:42][DEBUG] : Removed debris vessel e598f552-7791-44a5-a6c2-288a2dcabfb6
[22:24:42][INFO] : Removing vessel: ea704464-783e-4dba-8c8b-b5f5d450924f
[22:24:42][DEBUG] : Removed debris vessel ea704464-783e-4dba-8c8b-b5f5d450924f
[22:24:42][INFO] : Removing vessel: fd66a2fa-846e-45d2-92f1-6377547aeb29
[22:24:42][DEBUG] : Removed debris vessel fd66a2fa-846e-45d2-92f1-6377547aeb29
[22:24:42][INFO] : Removed 30 debris
[22:24:42][INFO] : Ready!
[22:24:50][DEBUG] : Online players is now: 0, connected: 1
[22:24:50][INFO] : New client connection from [::ffff:127.0.0.1]:55156
[22:24:50][DEBUG] : Loading admins
[22:24:50][INFO] : Client Nanshue handshook successfully, version: v0.2.4.5
[22:24:50][DEBUG] : Online players is now: 1, connected: 1
[22:24:50][DEBUG] : Sending Nanshue to subspace 128
[22:24:50][DEBUG] : Sending Nanshue 6 craft library entries
[22:24:50][DEBUG] : Sending Nanshue 20 kerbals...
[22:24:50][DEBUG] : Sending Nanshue 0 vessels, cached: 83...
[22:24:52][DEBUG] : Nanshue acquired lock asteroid-spawning
[22:25:16][DEBUG] : Online players is now: 1, connected: 2
[22:25:16][INFO] : New client connection from [::ffff:81.67.222.35]:35785
[22:25:16][INFO] : Client etiene32 handshook successfully, version: v0.2.4.5
[22:25:16][DEBUG] : Online players is now: 2, connected: 2
[22:25:17][DEBUG] : Sending etiene32 to subspace 128
[22:25:17][DEBUG] : Sending etiene32 6 craft library entries
[22:25:17][DEBUG] : Sending etiene32 20 kerbals...
[22:25:19][DEBUG] : Sending etiene32 0 vessels, cached: 83...
[22:25:22][DEBUG] : Saving 7 scenario modules from Nanshue
[22:25:22][DEBUG] : Sending Nanshue OrbiSathuelitte from Nanshue
[22:25:22][DEBUG] : Optimizing Nanshue (136563 bytes queued)
[22:25:22][DEBUG] : Optimized 0 bytes in 0,502 ms.
[22:25:49][DEBUG] : Sending Nanshue OrbiSathuelitte from Nanshue
[22:25:49][DEBUG] : Optimizing Nanshue (136559 bytes queued)
[22:25:49][DEBUG] : Optimized 0 bytes in 0,502 ms.
[22:25:55][DEBUG] : Saving 11 scenario modules from etiene32
[22:26:06][DEBUG] : Sending etiene32 OrbiSathuelitte from Nanshue
[22:26:06][DEBUG] : Optimizing etiene32 (136563 bytes queued)
[22:26:06][DEBUG] : Optimized 0 bytes in 0,501 ms.
[22:26:13][DEBUG] : Saving OrbiSathuelitte, type: VAB from etiene32
[22:26:19][DEBUG] : Sending Nanshue OrbiSathuelitte from etiene32
[22:26:19][DEBUG] : Optimizing Nanshue (136556 bytes queued)
[22:26:19][DEBUG] : Optimized 0 bytes in 0,5 ms.
[22:34:11][DEBUG] : Removing vessel 0e1499e4-a290-414a-ad53-32977867ab0f from etiene32
[22:34:11][DEBUG] : Removing vessel 6605e8c4-1393-46e1-827c-2b5de7f56bc5 from etiene32
[22:34:11][DEBUG] : Removing vessel 999fa0eb-9af2-4c87-9558-2240b05d7b25 from etiene32
[22:34:11][DEBUG] : Removing vessel afb17294-ee65-4722-8e67-8afbb021ed02 from etiene32
[22:34:11][DEBUG] : Removing vessel e9741df2-e975-4da0-baf5-843dbc17e267 from etiene32
[22:34:11][DEBUG] : Removing vessel f9b777f2-4144-46c3-9934-51c76f372230 from etiene32
[22:34:31][DEBUG] : Saving 1 scenario modules from etiene32
[22:34:38][DEBUG] : etiene32 acquired lock control-99be3d9b-d1b2-45df-83d6-dc09355cafc4
[22:34:38][DEBUG] : etiene32 acquired lock update-99be3d9b-d1b2-45df-83d6-dc09355cafc4
[22:34:38][DEBUG] : Saving vessel 99be3d9b-d1b2-45df-83d6-dc09355cafc4 from etiene32
[22:34:56][DEBUG] : etiene32 released lock update-99be3d9b-d1b2-45df-83d6-dc09355cafc4
[22:34:56][DEBUG] : etiene32 released lock control-99be3d9b-d1b2-45df-83d6-dc09355cafc4
[22:35:30][DEBUG] : Create subspace
[22:35:30][DEBUG] : Sending etiene32 to subspace 129
[22:35:31][DEBUG] : Saving 1 scenario modules from etiene32
[22:35:34][DEBUG] : etiene32 acquired lock control-2919888e-0e8c-4196-9765-4149a2e7ddc5
[22:35:34][DEBUG] : etiene32 acquired lock update-2919888e-0e8c-4196-9765-4149a2e7ddc5
[22:35:34][DEBUG] : Saving vessel 2919888e-0e8c-4196-9765-4149a2e7ddc5 from etiene32
[22:35:42][DEBUG] : Saving vessel 2919888e-0e8c-4196-9765-4149a2e7ddc5 from etiene32
[22:35:42][DEBUG] : etiene32 acquired lock update-c1b7077b-d574-48ad-9f3a-b890612291ae
[22:35:42][DEBUG] : Saving vessel c1b7077b-d574-48ad-9f3a-b890612291ae from etiene32
[22:35:45][DEBUG] : Relaying FLYING vessel 2919888e-0e8c-4196-9765-4149a2e7ddc5 from etiene32
[22:35:45][DEBUG] : etiene32 acquired lock update-d1fe8679-a0ed-4f6d-a414-14464fd0d888
[22:35:45][DEBUG] : Saving vessel d1fe8679-a0ed-4f6d-a414-14464fd0d888 from etiene32
[22:36:01][DEBUG] : Saving 1 scenario modules from etiene32
[22:36:04][DEBUG] : Saving vessel d1fe8679-a0ed-4f6d-a414-14464fd0d888 from etiene32
[22:36:04][DEBUG] : etiene32 released lock update-d1fe8679-a0ed-4f6d-a414-14464fd0d888
[22:36:04][DEBUG] : etiene32 released lock update-c1b7077b-d574-48ad-9f3a-b890612291ae
[22:36:04][DEBUG] : Saving vessel c1b7077b-d574-48ad-9f3a-b890612291ae from etiene32
[22:36:16][DEBUG] : Relaying FLYING vessel 2919888e-0e8c-4196-9765-4149a2e7ddc5 from etiene32
[22:36:31][DEBUG] : Saving 1 scenario modules from etiene32
[22:36:46][DEBUG] : Relaying FLYING vessel 2919888e-0e8c-4196-9765-4149a2e7ddc5 from etiene32
[22:37:01][DEBUG] : Saving 1 scenario modules from etiene32
[22:37:16][DEBUG] : Relaying FLYING vessel 2919888e-0e8c-4196-9765-4149a2e7ddc5 from etiene32
[22:37:31][DEBUG] : Saving 1 scenario modules from etiene32
[22:37:47][DEBUG] : Relaying FLYING vessel 2919888e-0e8c-4196-9765-4149a2e7ddc5 from etiene32
[22:37:55][DEBUG] : Create subspace
[22:37:55][DEBUG] : Sending etiene32 to subspace 130
[22:38:01][DEBUG] : Saving 1 scenario modules from etiene32
[22:38:09][DEBUG] : Relaying FLYING vessel 2919888e-0e8c-4196-9765-4149a2e7ddc5 from etiene32
[22:38:09][DEBUG] : etiene32 acquired lock update-31aba1b4-a6df-4116-9d50-f8dc9024b526
[22:38:09][DEBUG] : Relaying FLYING vessel 31aba1b4-a6df-4116-9d50-f8dc9024b526 from etiene32
[22:38:09][DEBUG] : etiene32 acquired lock update-09238b12-746e-4fb8-91ef-6be4183a2dbb
[22:38:09][DEBUG] : Relaying FLYING vessel 09238b12-746e-4fb8-91ef-6be4183a2dbb from etiene32
[22:38:31][DEBUG] : Saving 1 scenario modules from etiene32
[22:38:39][DEBUG] : Relaying FLYING vessel 2919888e-0e8c-4196-9765-4149a2e7ddc5 from etiene32
[22:38:39][DEBUG] : Relaying FLYING vessel 09238b12-746e-4fb8-91ef-6be4183a2dbb from etiene32
[22:38:39][DEBUG] : Relaying FLYING vessel 31aba1b4-a6df-4116-9d50-f8dc9024b526 from etiene32
[22:39:04][DEBUG] : Saving 1 scenario modules from etiene32
[22:39:08][DEBUG] : etiene32 released lock update-2919888e-0e8c-4196-9765-4149a2e7ddc5
[22:39:08][DEBUG] : etiene32 released lock update-31aba1b4-a6df-4116-9d50-f8dc9024b526
[22:39:08][DEBUG] : etiene32 released lock update-09238b12-746e-4fb8-91ef-6be4183a2dbb
[22:39:08][DEBUG] : etiene32 released lock control-2919888e-0e8c-4196-9765-4149a2e7ddc5
[22:41:03][DEBUG] : Create subspace
[22:41:03][DEBUG] : Sending etiene32 to subspace 131
[22:41:05][DEBUG] : Saving 1 scenario modules from etiene32
[22:41:07][DEBUG] : etiene32 acquired lock control-8f86170a-ca1e-4231-9e2f-bcfdfd39cd08
[22:41:11][DEBUG] : etiene32 acquired lock update-146df519-3659-4973-b305-421ef48b2370
[22:41:11][DEBUG] : Saving vessel 146df519-3659-4973-b305-421ef48b2370 from etiene32
[22:41:13][DEBUG] : etiene32 acquired lock update-7035831c-6713-4af5-b38b-a628b4d4c852
[22:41:13][DEBUG] : Saving vessel 7035831c-6713-4af5-b38b-a628b4d4c852 from etiene32
[22:41:35][DEBUG] : Saving 1 scenario modules from etiene32
[22:41:35][DEBUG] : etiene32 released lock update-7035831c-6713-4af5-b38b-a628b4d4c852
[22:41:35][DEBUG] : Saving vessel 7035831c-6713-4af5-b38b-a628b4d4c852 from etiene32
[22:41:36][DEBUG] : etiene32 released lock update-146df519-3659-4973-b305-421ef48b2370
[22:41:36][DEBUG] : Saving vessel 146df519-3659-4973-b305-421ef48b2370 from etiene32
[22:42:05][DEBUG] : Saving 1 scenario modules from etiene32
[22:42:35][DEBUG] : Saving 1 scenario modules from etiene32
[22:43:05][DEBUG] : Saving 1 scenario modules from etiene32
[22:43:35][DEBUG] : Saving 1 scenario modules from etiene32
[22:43:52][DEBUG] : Saving 3 scenario modules from Nanshue
[22:43:53][DEBUG] : Nanshue sent connection end message, reason: Quit to main menu
[22:43:53][DEBUG] : Online players is now: 1, connected: 1
[22:44:05][DEBUG] : Saving 1 scenario modules from etiene32
[22:44:07][DEBUG] : etiene32 acquired lock update-e00426c3-a35d-4b22-94ee-eb874054b1b9
[22:44:07][DEBUG] : Relaying FLYING vessel e00426c3-a35d-4b22-94ee-eb874054b1b9 from etiene32
[22:44:07][DEBUG] : etiene32 acquired lock update-4f963fdb-8f1a-4a14-a29f-9820a5084102
[22:44:07][DEBUG] : Relaying FLYING vessel 4f963fdb-8f1a-4a14-a29f-9820a5084102 from etiene32
[22:44:07][DEBUG] : Removing vessel e00426c3-a35d-4b22-94ee-eb874054b1b9 from etiene32
[22:44:12][DEBUG] : etiene32 released lock update-e00426c3-a35d-4b22-94ee-eb874054b1b9
[22:44:31][DEBUG] : etiene32 acquired lock asteroid-spawning
[22:44:35][DEBUG] : Saving 1 scenario modules from etiene32
[22:44:37][DEBUG] : Relaying FLYING vessel 4f963fdb-8f1a-4a14-a29f-9820a5084102 from etiene32
[22:45:05][DEBUG] : Saving 1 scenario modules from etiene32
[22:45:07][DEBUG] : Relaying FLYING vessel 4f963fdb-8f1a-4a14-a29f-9820a5084102 from etiene32
[22:45:35][DEBUG] : Saving 1 scenario modules from etiene32
[22:45:37][DEBUG] : Relaying FLYING vessel 4f963fdb-8f1a-4a14-a29f-9820a5084102 from etiene32
[22:46:05][DEBUG] : Saving 1 scenario modules from etiene32
[22:46:09][DEBUG] : etiene32 released lock update-4f963fdb-8f1a-4a14-a29f-9820a5084102
[22:46:09][DEBUG] : Relaying FLYING vessel 4f963fdb-8f1a-4a14-a29f-9820a5084102 from etiene32
[22:46:35][DEBUG] : Saving 1 scenario modules from etiene32
[22:47:05][DEBUG] : Saving 1 scenario modules from etiene32
[22:47:35][DEBUG] : Saving 1 scenario modules from etiene32
[22:47:48][DEBUG] : etiene32 released lock control-8f86170a-ca1e-4231-9e2f-bcfdfd39cd08
[22:48:05][DEBUG] : Saving 1 scenario modules from etiene32
[22:48:54][DEBUG] : Create subspace
[22:48:54][DEBUG] : Sending etiene32 to subspace 132
[22:49:03][DEBUG] : etiene32 acquired lock control-2983664c-9d5b-46a7-9c90-45ffcf9e6bb9
[22:49:03][DEBUG] : etiene32 acquired lock update-2983664c-9d5b-46a7-9c90-45ffcf9e6bb9
[22:49:03][DEBUG] : Saving vessel 2983664c-9d5b-46a7-9c90-45ffcf9e6bb9 from etiene32
[22:49:19][DEBUG] : etiene32 released lock update-2983664c-9d5b-46a7-9c90-45ffcf9e6bb9
[22:49:19][DEBUG] : etiene32 released lock control-2983664c-9d5b-46a7-9c90-45ffcf9e6bb9
[22:50:14][DEBUG] : Create subspace
[22:50:14][DEBUG] : Sending etiene32 to subspace 133
[22:50:16][DEBUG] : Saving 1 scenario modules from etiene32
[22:50:17][DEBUG] : etiene32 acquired lock control-601e2a44-4ae0-4cea-a05a-1a5b7832afd6
[22:50:18][DEBUG] : etiene32 acquired lock update-601e2a44-4ae0-4cea-a05a-1a5b7832afd6
[22:50:18][DEBUG] : Saving vessel 601e2a44-4ae0-4cea-a05a-1a5b7832afd6 from etiene32
[22:50:35][DEBUG] : Saving vessel 601e2a44-4ae0-4cea-a05a-1a5b7832afd6 from etiene32
[22:50:35][DEBUG] : etiene32 acquired lock update-54832f15-8464-4f12-ae78-fa72f9d023df
[22:50:35][DEBUG] : Saving vessel 54832f15-8464-4f12-ae78-fa72f9d023df from etiene32
[22:50:38][DEBUG] : Relaying FLYING vessel 601e2a44-4ae0-4cea-a05a-1a5b7832afd6 from etiene32
[22:50:38][DEBUG] : etiene32 acquired lock update-d2a853ce-56a7-496e-8888-1588ce294915
[22:50:38][DEBUG] : Saving vessel d2a853ce-56a7-496e-8888-1588ce294915 from etiene32
[22:50:47][DEBUG] : Saving 1 scenario modules from etiene32
[22:51:00][DEBUG] : Saving vessel d2a853ce-56a7-496e-8888-1588ce294915 from etiene32
[22:51:00][DEBUG] : etiene32 released lock update-d2a853ce-56a7-496e-8888-1588ce294915
[22:51:00][DEBUG] : etiene32 released lock update-54832f15-8464-4f12-ae78-fa72f9d023df
[22:51:00][DEBUG] : Saving vessel 54832f15-8464-4f12-ae78-fa72f9d023df from etiene32
[22:51:08][DEBUG] : Relaying FLYING vessel 601e2a44-4ae0-4cea-a05a-1a5b7832afd6 from etiene32
[22:51:17][DEBUG] : Saving 1 scenario modules from etiene32
[22:51:38][DEBUG] : Relaying FLYING vessel 601e2a44-4ae0-4cea-a05a-1a5b7832afd6 from etiene32
[22:51:47][DEBUG] : Saving 1 scenario modules from etiene32
[22:52:09][DEBUG] : Relaying FLYING vessel 601e2a44-4ae0-4cea-a05a-1a5b7832afd6 from etiene32
[22:52:17][DEBUG] : Saving 1 scenario modules from etiene32
[22:52:39][DEBUG] : Relaying FLYING vessel 601e2a44-4ae0-4cea-a05a-1a5b7832afd6 from etiene32
[22:52:47][DEBUG] : Saving 1 scenario modules from etiene32
[22:53:09][DEBUG] : Relaying FLYING vessel 601e2a44-4ae0-4cea-a05a-1a5b7832afd6 from etiene32
[22:53:17][DEBUG] : Saving 1 scenario modules from etiene32
[22:53:40][DEBUG] : Relaying FLYING vessel 601e2a44-4ae0-4cea-a05a-1a5b7832afd6 from etiene32
[22:53:41][DEBUG] : Relaying FLYING vessel 601e2a44-4ae0-4cea-a05a-1a5b7832afd6 from etiene32
[22:53:41][DEBUG] : etiene32 acquired lock update-9f4e5ceb-b4de-4007-a8dd-54283e7a1ff1
[22:53:41][DEBUG] : Relaying FLYING vessel 9f4e5ceb-b4de-4007-a8dd-54283e7a1ff1 from etiene32
[22:53:41][DEBUG] : etiene32 acquired lock update-afab5e8b-f893-4414-beb0-0eadfcc21866
[22:53:41][DEBUG] : Relaying FLYING vessel afab5e8b-f893-4414-beb0-0eadfcc21866 from etiene32
[22:53:47][DEBUG] : Saving 1 scenario modules from etiene32
[22:53:50][DEBUG] : Relaying FLYING vessel 601e2a44-4ae0-4cea-a05a-1a5b7832afd6 from etiene32
[22:53:50][DEBUG] : etiene32 acquired lock update-ed56776f-bccf-40bb-8045-1f5361d593eb
[22:53:50][DEBUG] : Relaying FLYING vessel ed56776f-bccf-40bb-8045-1f5361d593eb from etiene32
[22:53:50][DEBUG] : Removing vessel ed56776f-bccf-40bb-8045-1f5361d593eb from etiene32
[22:53:55][DEBUG] : etiene32 released lock update-ed56776f-bccf-40bb-8045-1f5361d593eb
[22:54:19][DEBUG] : Saving 1 scenario modules from etiene32
[22:54:22][DEBUG] : etiene32 released lock update-afab5e8b-f893-4414-beb0-0eadfcc21866
[22:54:22][DEBUG] : etiene32 released lock update-601e2a44-4ae0-4cea-a05a-1a5b7832afd6
[22:54:22][DEBUG] : etiene32 released lock update-9f4e5ceb-b4de-4007-a8dd-54283e7a1ff1
[22:54:22][DEBUG] : etiene32 released lock control-601e2a44-4ae0-4cea-a05a-1a5b7832afd6
[22:54:42][INFO] : Removing vessel: 146df519-3659-4973-b305-421ef48b2370
[22:54:42][DEBUG] : Removed debris vessel 146df519-3659-4973-b305-421ef48b2370
[22:54:42][INFO] : Removing vessel: 54832f15-8464-4f12-ae78-fa72f9d023df
[22:54:42][DEBUG] : Removed debris vessel 54832f15-8464-4f12-ae78-fa72f9d023df
[22:54:42][INFO] : Removing vessel: 7035831c-6713-4af5-b38b-a628b4d4c852
[22:54:42][DEBUG] : Removed debris vessel 7035831c-6713-4af5-b38b-a628b4d4c852
[22:54:42][INFO] : Removing vessel: c1b7077b-d574-48ad-9f3a-b890612291ae
[22:54:42][DEBUG] : Removed debris vessel c1b7077b-d574-48ad-9f3a-b890612291ae
[22:54:42][INFO] : Removing vessel: d1fe8679-a0ed-4f6d-a414-14464fd0d888
[22:54:42][DEBUG] : Removed debris vessel d1fe8679-a0ed-4f6d-a414-14464fd0d888
[22:54:42][INFO] : Removing vessel: d2a853ce-56a7-496e-8888-1588ce294915
[22:54:42][DEBUG] : Removed debris vessel d2a853ce-56a7-496e-8888-1588ce294915
[22:54:42][INFO] : Removed 6 debris
[22:56:10][DEBUG] : Create subspace
[22:56:10][DEBUG] : Sending etiene32 to subspace 134
[22:56:14][DEBUG] : etiene32 acquired lock control-ca2c5515-4205-44bf-8fda-8b65c4916bb6
[22:56:14][DEBUG] : etiene32 acquired lock update-ca2c5515-4205-44bf-8fda-8b65c4916bb6
[22:56:16][DEBUG] : Saving vessel ca2c5515-4205-44bf-8fda-8b65c4916bb6 from etiene32
[22:56:20][DEBUG] : Saving vessel ca2c5515-4205-44bf-8fda-8b65c4916bb6 from etiene32
[22:56:20][DEBUG] : etiene32 acquired lock update-ca394896-a8b0-40b9-ae91-de8d17bd1d21
[22:56:20][DEBUG] : Saving vessel ca394896-a8b0-40b9-ae91-de8d17bd1d21 from etiene32
[22:56:24][DEBUG] : Relaying FLYING vessel ca2c5515-4205-44bf-8fda-8b65c4916bb6 from etiene32
[22:56:24][DEBUG] : etiene32 acquired lock update-85f629be-106e-4a92-9d11-b6d34f69e241
[22:56:24][DEBUG] : Saving vessel 85f629be-106e-4a92-9d11-b6d34f69e241 from etiene32
[22:56:25][DEBUG] : Saving 1 scenario modules from etiene32
[22:56:31][DEBUG] : etiene32 released lock update-85f629be-106e-4a92-9d11-b6d34f69e241
[22:56:31][DEBUG] : Saving vessel 85f629be-106e-4a92-9d11-b6d34f69e241 from etiene32
[22:56:33][DEBUG] : etiene32 acquired lock update-85f629be-106e-4a92-9d11-b6d34f69e241
[22:56:48][DEBUG] : etiene32 released lock update-85f629be-106e-4a92-9d11-b6d34f69e241
[22:56:48][DEBUG] : Saving vessel 85f629be-106e-4a92-9d11-b6d34f69e241 from etiene32
[22:56:48][DEBUG] : etiene32 released lock update-ca394896-a8b0-40b9-ae91-de8d17bd1d21
[22:56:48][DEBUG] : Saving vessel ca394896-a8b0-40b9-ae91-de8d17bd1d21 from etiene32
[22:56:55][DEBUG] : Relaying FLYING vessel ca2c5515-4205-44bf-8fda-8b65c4916bb6 from etiene32
[22:56:55][DEBUG] : Saving 1 scenario modules from etiene32
[22:57:25][DEBUG] : Relaying FLYING vessel ca2c5515-4205-44bf-8fda-8b65c4916bb6 from etiene32
[22:57:25][DEBUG] : Saving 1 scenario modules from etiene32
[22:57:55][DEBUG] : Relaying FLYING vessel ca2c5515-4205-44bf-8fda-8b65c4916bb6 from etiene32
[22:57:55][DEBUG] : Saving 1 scenario modules from etiene32
[22:58:26][DEBUG] : Relaying FLYING vessel ca2c5515-4205-44bf-8fda-8b65c4916bb6 from etiene32
[22:58:26][DEBUG] : Saving 1 scenario modules from etiene32
[22:58:56][DEBUG] : Relaying FLYING vessel ca2c5515-4205-44bf-8fda-8b65c4916bb6 from etiene32
[22:58:56][DEBUG] : Saving 1 scenario modules from etiene32
[22:59:13][DEBUG] : etiene32 acquired lock update-b9f9a478-5021-4a07-bee0-8ff2facf6caf
[22:59:13][DEBUG] : Relaying FLYING vessel ca2c5515-4205-44bf-8fda-8b65c4916bb6 from etiene32
[22:59:13][DEBUG] : Relaying FLYING vessel b9f9a478-5021-4a07-bee0-8ff2facf6caf from etiene32
[22:59:13][DEBUG] : etiene32 acquired lock update-09d1c59f-8bff-43df-b345-b78a367a4cb9
[22:59:13][DEBUG] : Relaying FLYING vessel 09d1c59f-8bff-43df-b345-b78a367a4cb9 from etiene32
[22:59:13][DEBUG] : Removing vessel b9f9a478-5021-4a07-bee0-8ff2facf6caf from etiene32
[22:59:18][DEBUG] : etiene32 released lock update-b9f9a478-5021-4a07-bee0-8ff2facf6caf
[22:59:26][DEBUG] : Saving 1 scenario modules from etiene32
[22:59:35][DEBUG] : Create subspace
[22:59:35][DEBUG] : Sending etiene32 to subspace 135
[22:59:43][DEBUG] : Relaying FLYING vessel ca2c5515-4205-44bf-8fda-8b65c4916bb6 from etiene32
[22:59:43][DEBUG] : Relaying FLYING vessel 09d1c59f-8bff-43df-b345-b78a367a4cb9 from etiene32
[22:59:56][DEBUG] : Saving 1 scenario modules from etiene32
[23:00:14][DEBUG] : Relaying FLYING vessel ca2c5515-4205-44bf-8fda-8b65c4916bb6 from etiene32
[23:00:14][DEBUG] : Relaying FLYING vessel 09d1c59f-8bff-43df-b345-b78a367a4cb9 from etiene32
[23:00:23][DEBUG] : Relaying FLYING vessel 09d1c59f-8bff-43df-b345-b78a367a4cb9 from etiene32
[23:00:23][DEBUG] : etiene32 released lock update-09d1c59f-8bff-43df-b345-b78a367a4cb9
[23:00:26][DEBUG] : Saving 1 scenario modules from etiene32
[23:00:44][DEBUG] : Relaying FLYING vessel ca2c5515-4205-44bf-8fda-8b65c4916bb6 from etiene32
[23:00:54][DEBUG] : Saving vessel ca2c5515-4205-44bf-8fda-8b65c4916bb6 from etiene32
[23:00:55][DEBUG] : Create subspace
[23:00:55][DEBUG] : Sending etiene32 to subspace 136
[23:00:56][DEBUG] : Saving 1 scenario modules from etiene32
[23:01:13][DEBUG] : Removing vessel 09d1c59f-8bff-43df-b345-b78a367a4cb9 from etiene32
[23:01:13][DEBUG] : etiene32 released lock update-ca2c5515-4205-44bf-8fda-8b65c4916bb6
[23:01:13][DEBUG] : Saving vessel ca2c5515-4205-44bf-8fda-8b65c4916bb6 from etiene32
[23:01:15][DEBUG] : etiene32 acquired lock update-ca2c5515-4205-44bf-8fda-8b65c4916bb6
[23:01:15][DEBUG] : Create subspace
[23:01:15][DEBUG] : Sending etiene32 to subspace 137
[23:01:24][DEBUG] : Saving vessel ca2c5515-4205-44bf-8fda-8b65c4916bb6 from etiene32
[23:01:26][DEBUG] : Saving 1 scenario modules from etiene32
[23:01:55][DEBUG] : Saving vessel ca2c5515-4205-44bf-8fda-8b65c4916bb6 from etiene32
[23:01:56][DEBUG] : Saving 1 scenario modules from etiene32
[23:02:21][DEBUG] : Saving vessel ca2c5515-4205-44bf-8fda-8b65c4916bb6 from etiene32
[23:02:26][DEBUG] : Saving 1 scenario modules from etiene32
[23:02:51][DEBUG] : Saving vessel ca2c5515-4205-44bf-8fda-8b65c4916bb6 from etiene32
[23:02:56][DEBUG] : Saving 1 scenario modules from etiene32
[23:03:24][DEBUG] : etiene32 released lock update-ca2c5515-4205-44bf-8fda-8b65c4916bb6
[23:03:24][DEBUG] : Saving vessel ca2c5515-4205-44bf-8fda-8b65c4916bb6 from etiene32
[23:03:26][DEBUG] : Saving 1 scenario modules from etiene32
[23:03:52][DEBUG] : Create subspace
[23:03:52][DEBUG] : Sending etiene32 to subspace 138
[23:03:52][DEBUG] : etiene32 acquired lock update-ca2c5515-4205-44bf-8fda-8b65c4916bb6
[23:03:52][DEBUG] : Saving vessel ca2c5515-4205-44bf-8fda-8b65c4916bb6 from etiene32
[23:03:56][DEBUG] : Saving 1 scenario modules from etiene32
[23:04:07][DEBUG] : Removing vessel ca394896-a8b0-40b9-ae91-de8d17bd1d21 from etiene32
[23:04:07][DEBUG] : Removing vessel 85f629be-106e-4a92-9d11-b6d34f69e241 from etiene32
[23:04:22][DEBUG] : Saving vessel ca2c5515-4205-44bf-8fda-8b65c4916bb6 from etiene32
[23:04:26][DEBUG] : Saving 1 scenario modules from etiene32
[23:04:53][DEBUG] : Saving vessel ca2c5515-4205-44bf-8fda-8b65c4916bb6 from etiene32
[23:04:56][DEBUG] : Saving 3 scenario modules from etiene32
[23:05:33][DEBUG] : Saving 2 scenario modules from etiene32
[23:05:37][DEBUG] : etiene32 released lock update-ca2c5515-4205-44bf-8fda-8b65c4916bb6
[23:05:37][DEBUG] : etiene32 released lock control-ca2c5515-4205-44bf-8fda-8b65c4916bb6
[23:09:10][DEBUG] : Saving 1 scenario modules from etiene32
[23:09:15][DEBUG] : Create subspace
[23:09:15][DEBUG] : Sending etiene32 to subspace 139
[23:09:20][DEBUG] : etiene32 acquired lock control-10ea6ea8-e252-49c9-8bb6-39bbfefc81ad
[23:09:20][DEBUG] : etiene32 acquired lock update-10ea6ea8-e252-49c9-8bb6-39bbfefc81ad
[23:09:20][DEBUG] : Saving vessel 10ea6ea8-e252-49c9-8bb6-39bbfefc81ad from etiene32
[23:09:35][DEBUG] : Saving vessel 10ea6ea8-e252-49c9-8bb6-39bbfefc81ad from etiene32
[23:09:35][DEBUG] : etiene32 acquired lock update-7b62b332-02f5-4b11-9525-d9f9cd6993ab
[23:09:35][DEBUG] : Saving vessel 7b62b332-02f5-4b11-9525-d9f9cd6993ab from etiene32
[23:09:40][DEBUG] : Relaying FLYING vessel 10ea6ea8-e252-49c9-8bb6-39bbfefc81ad from etiene32
[23:09:40][DEBUG] : etiene32 acquired lock update-75e675f6-506f-4b6b-bcfb-f5a8def9eb25
[23:09:40][DEBUG] : Saving vessel 75e675f6-506f-4b6b-bcfb-f5a8def9eb25 from etiene32
[23:09:40][DEBUG] : Saving 1 scenario modules from etiene32
[23:09:59][DEBUG] : Saving vessel 75e675f6-506f-4b6b-bcfb-f5a8def9eb25 from etiene32
[23:09:59][DEBUG] : etiene32 released lock update-75e675f6-506f-4b6b-bcfb-f5a8def9eb25
[23:09:59][DEBUG] : Saving vessel 7b62b332-02f5-4b11-9525-d9f9cd6993ab from etiene32
[23:09:59][DEBUG] : etiene32 released lock update-7b62b332-02f5-4b11-9525-d9f9cd6993ab
[23:10:09][DEBUG] : Relaying FLYING vessel 10ea6ea8-e252-49c9-8bb6-39bbfefc81ad from etiene32
[23:10:10][DEBUG] : Saving 1 scenario modules from etiene32
[23:10:40][DEBUG] : Relaying FLYING vessel 10ea6ea8-e252-49c9-8bb6-39bbfefc81ad from etiene32
[23:10:40][DEBUG] : Saving 1 scenario modules from etiene32
[23:11:11][DEBUG] : Relaying FLYING vessel 10ea6ea8-e252-49c9-8bb6-39bbfefc81ad from etiene32
[23:11:11][DEBUG] : Saving 1 scenario modules from etiene32
[23:11:41][DEBUG] : Relaying FLYING vessel 10ea6ea8-e252-49c9-8bb6-39bbfefc81ad from etiene32
[23:11:41][DEBUG] : Saving 1 scenario modules from etiene32
[23:12:12][DEBUG] : Relaying FLYING vessel 10ea6ea8-e252-49c9-8bb6-39bbfefc81ad from etiene32
[23:12:12][DEBUG] : Saving 1 scenario modules from etiene32
[23:12:30][DEBUG] : Relaying FLYING vessel 10ea6ea8-e252-49c9-8bb6-39bbfefc81ad from etiene32
[23:12:30][DEBUG] : etiene32 acquired lock update-c7a22757-2ba3-4b7b-9ab7-29201f594d45
[23:12:30][DEBUG] : Relaying FLYING vessel c7a22757-2ba3-4b7b-9ab7-29201f594d45 from etiene32
[23:12:30][DEBUG] : etiene32 acquired lock update-eeba9a5a-ed50-4f62-a839-adccff1e7dc7
[23:12:30][DEBUG] : Relaying FLYING vessel eeba9a5a-ed50-4f62-a839-adccff1e7dc7 from etiene32
[23:12:41][DEBUG] : Create subspace
[23:12:41][DEBUG] : Sending etiene32 to subspace 140
[23:12:42][DEBUG] : Saving 1 scenario modules from etiene32
[23:13:02][DEBUG] : Relaying FLYING vessel c7a22757-2ba3-4b7b-9ab7-29201f594d45 from etiene32
[23:13:02][DEBUG] : etiene32 released lock update-c7a22757-2ba3-4b7b-9ab7-29201f594d45
[23:13:02][DEBUG] : Relaying FLYING vessel eeba9a5a-ed50-4f62-a839-adccff1e7dc7 from etiene32
[23:13:02][DEBUG] : etiene32 released lock update-eeba9a5a-ed50-4f62-a839-adccff1e7dc7
[23:13:24][DEBUG] : etiene32 released lock update-10ea6ea8-e252-49c9-8bb6-39bbfefc81ad
[23:13:24][DEBUG] : Relaying FLYING vessel 10ea6ea8-e252-49c9-8bb6-39bbfefc81ad from etiene32
[23:13:24][DEBUG] : etiene32 acquired lock update-10ea6ea8-e252-49c9-8bb6-39bbfefc81ad
[23:13:29][DEBUG] : etiene32 acquired lock update-c7a22757-2ba3-4b7b-9ab7-29201f594d45
[23:13:29][DEBUG] : Relaying FLYING vessel 10ea6ea8-e252-49c9-8bb6-39bbfefc81ad from etiene32
[23:13:29][DEBUG] : Relaying FLYING vessel c7a22757-2ba3-4b7b-9ab7-29201f594d45 from etiene32
[23:13:29][DEBUG] : etiene32 acquired lock update-eeba9a5a-ed50-4f62-a839-adccff1e7dc7
[23:13:29][DEBUG] : Relaying FLYING vessel eeba9a5a-ed50-4f62-a839-adccff1e7dc7 from etiene32
[23:13:32][DEBUG] : Saving 1 scenario modules from etiene32
[23:13:34][DEBUG] : Relaying FLYING vessel c7a22757-2ba3-4b7b-9ab7-29201f594d45 from etiene32
[23:13:35][DEBUG] : etiene32 released lock update-c7a22757-2ba3-4b7b-9ab7-29201f594d45
[23:13:35][DEBUG] : Relaying FLYING vessel eeba9a5a-ed50-4f62-a839-adccff1e7dc7 from etiene32
[23:13:35][DEBUG] : etiene32 released lock update-eeba9a5a-ed50-4f62-a839-adccff1e7dc7
[23:13:58][DEBUG] : Relaying FLYING vessel 10ea6ea8-e252-49c9-8bb6-39bbfefc81ad from etiene32
[23:14:02][DEBUG] : Saving 1 scenario modules from etiene32
[23:14:08][DEBUG] : Saving vessel 10ea6ea8-e252-49c9-8bb6-39bbfefc81ad from etiene32
[23:14:32][DEBUG] : Saving 1 scenario modules from etiene32
[23:14:39][DEBUG] : Saving vessel 10ea6ea8-e252-49c9-8bb6-39bbfefc81ad from etiene32
[23:15:02][DEBUG] : Saving 1 scenario modules from etiene32
[23:15:10][DEBUG] : Saving vessel 10ea6ea8-e252-49c9-8bb6-39bbfefc81ad from etiene32
[23:15:32][DEBUG] : Saving 1 scenario modules from etiene32
[23:15:40][DEBUG] : Saving vessel 10ea6ea8-e252-49c9-8bb6-39bbfefc81ad from etiene32
[23:16:02][DEBUG] : Saving 1 scenario modules from etiene32
[23:16:09][DEBUG] : Saving vessel 10ea6ea8-e252-49c9-8bb6-39bbfefc81ad from etiene32
[23:16:32][DEBUG] : etiene32 released lock update-10ea6ea8-e252-49c9-8bb6-39bbfefc81ad
[23:16:32][DEBUG] : Saving vessel 10ea6ea8-e252-49c9-8bb6-39bbfefc81ad from etiene32
[23:16:32][DEBUG] : Saving 1 scenario modules from etiene32
[23:16:38][DEBUG] : etiene32 acquired lock update-10ea6ea8-e252-49c9-8bb6-39bbfefc81ad
[23:16:38][DEBUG] : Create subspace
[23:16:38][DEBUG] : Sending etiene32 to subspace 141
[23:16:40][DEBUG] : Saving vessel 10ea6ea8-e252-49c9-8bb6-39bbfefc81ad from etiene32
[23:17:00][DEBUG] : Saving vessel 10ea6ea8-e252-49c9-8bb6-39bbfefc81ad from etiene32
[23:17:00][DEBUG] : etiene32 acquired lock update-da2483bc-29b5-42f2-b4e1-1be4e72a4a36
[23:17:00][DEBUG] : Saving vessel da2483bc-29b5-42f2-b4e1-1be4e72a4a36 from etiene32
[23:17:00][DEBUG] : etiene32 acquired lock update-0b7b4165-0f41-4c71-b9d8-f0ac8a2e4348
[23:17:00][DEBUG] : Saving vessel 0b7b4165-0f41-4c71-b9d8-f0ac8a2e4348 from etiene32
[23:17:00][DEBUG] : Removing vessel 0b7b4165-0f41-4c71-b9d8-f0ac8a2e4348 from etiene32
[23:17:00][DEBUG] : etiene32 acquired lock update-49600b51-4718-4689-85aa-ca999e9df7f7
[23:17:00][DEBUG] : Saving vessel 49600b51-4718-4689-85aa-ca999e9df7f7 from etiene32
[23:17:00][DEBUG] : Removing vessel 49600b51-4718-4689-85aa-ca999e9df7f7 from etiene32
[23:17:03][DEBUG] : Saving 1 scenario modules from etiene32
[23:17:05][DEBUG] : etiene32 released lock update-0b7b4165-0f41-4c71-b9d8-f0ac8a2e4348
[23:17:05][DEBUG] : etiene32 released lock update-49600b51-4718-4689-85aa-ca999e9df7f7
[23:17:30][DEBUG] : Saving vessel 10ea6ea8-e252-49c9-8bb6-39bbfefc81ad from etiene32
[23:17:30][DEBUG] : Saving vessel da2483bc-29b5-42f2-b4e1-1be4e72a4a36 from etiene32
[23:17:33][DEBUG] : Saving 1 scenario modules from etiene32
[23:17:38][DEBUG] : etiene32 released lock update-da2483bc-29b5-42f2-b4e1-1be4e72a4a36
[23:17:38][DEBUG] : Saving vessel da2483bc-29b5-42f2-b4e1-1be4e72a4a36 from etiene32
[23:17:51][DEBUG] : Saving vessel 10ea6ea8-e252-49c9-8bb6-39bbfefc81ad from etiene32
[23:18:03][DEBUG] : Saving 1 scenario modules from etiene32
[23:18:16][DEBUG] : Saving vessel 10ea6ea8-e252-49c9-8bb6-39bbfefc81ad from etiene32
[23:18:16][DEBUG] : etiene32 acquired lock update-673f4d98-8a08-4297-826e-8dadd56a01bb
[23:18:16][DEBUG] : Saving vessel 673f4d98-8a08-4297-826e-8dadd56a01bb from etiene32
[23:18:16][DEBUG] : etiene32 acquired lock update-7b6cf6c7-6053-40de-950b-25b54a08f1a3
[23:18:16][DEBUG] : Saving vessel 7b6cf6c7-6053-40de-950b-25b54a08f1a3 from etiene32
[23:18:33][DEBUG] : Saving 1 scenario modules from etiene32
[23:18:47][DEBUG] : Saving vessel 10ea6ea8-e252-49c9-8bb6-39bbfefc81ad from etiene32
[23:18:47][DEBUG] : Saving vessel 673f4d98-8a08-4297-826e-8dadd56a01bb from etiene32
[23:18:47][DEBUG] : Saving vessel 7b6cf6c7-6053-40de-950b-25b54a08f1a3 from etiene32
[23:18:58][DEBUG] : etiene32 released lock update-673f4d98-8a08-4297-826e-8dadd56a01bb
[23:18:58][DEBUG] : Saving vessel 673f4d98-8a08-4297-826e-8dadd56a01bb from etiene32
[23:18:58][DEBUG] : Saving vessel 10ea6ea8-e252-49c9-8bb6-39bbfefc81ad from etiene32
[23:18:58][DEBUG] : etiene32 released lock update-10ea6ea8-e252-49c9-8bb6-39bbfefc81ad
[23:18:58][DEBUG] : Saving vessel 7b6cf6c7-6053-40de-950b-25b54a08f1a3 from etiene32
[23:18:58][DEBUG] : etiene32 released lock update-7b6cf6c7-6053-40de-950b-25b54a08f1a3
[23:18:58][DEBUG] : etiene32 acquired lock update-10ea6ea8-e252-49c9-8bb6-39bbfefc81ad
[23:18:58][DEBUG] : etiene32 acquired lock update-673f4d98-8a08-4297-826e-8dadd56a01bb
[23:18:58][DEBUG] : etiene32 acquired lock update-7b6cf6c7-6053-40de-950b-25b54a08f1a3
[23:19:03][DEBUG] : Saving 1 scenario modules from etiene32
[23:19:12][DEBUG] : Removing vessel 7b62b332-02f5-4b11-9525-d9f9cd6993ab from etiene32
[23:19:12][DEBUG] : Removing vessel 75e675f6-506f-4b6b-bcfb-f5a8def9eb25 from etiene32
[23:19:18][DEBUG] : Saving vessel 10ea6ea8-e252-49c9-8bb6-39bbfefc81ad from etiene32
[23:19:18][DEBUG] : Saving vessel 673f4d98-8a08-4297-826e-8dadd56a01bb from etiene32
[23:19:18][DEBUG] : Saving vessel 7b6cf6c7-6053-40de-950b-25b54a08f1a3 from etiene32
[23:19:25][DEBUG] : Removing vessel eeba9a5a-ed50-4f62-a839-adccff1e7dc7 from etiene32
[23:19:47][DEBUG] : Saving vessel 7b6cf6c7-6053-40de-950b-25b54a08f1a3 from etiene32
[23:19:47][DEBUG] : etiene32 released lock update-7b6cf6c7-6053-40de-950b-25b54a08f1a3
[23:19:47][DEBUG] : Saving vessel 673f4d98-8a08-4297-826e-8dadd56a01bb from etiene32
[23:19:47][DEBUG] : etiene32 released lock update-673f4d98-8a08-4297-826e-8dadd56a01bb
[23:19:47][DEBUG] : Saving vessel 10ea6ea8-e252-49c9-8bb6-39bbfefc81ad from etiene32
[23:19:47][DEBUG] : etiene32 released lock update-10ea6ea8-e252-49c9-8bb6-39bbfefc81ad
[23:19:47][DEBUG] : etiene32 released lock control-10ea6ea8-e252-49c9-8bb6-39bbfefc81ad
[23:19:52][DEBUG] : Removing vessel c7a22757-2ba3-4b7b-9ab7-29201f594d45 from etiene32
[23:20:31][DEBUG] : etiene32 acquired lock control-10ea6ea8-e252-49c9-8bb6-39bbfefc81ad
[23:20:31][DEBUG] : etiene32 acquired lock update-673f4d98-8a08-4297-826e-8dadd56a01bb
[23:20:31][DEBUG] : Saving vessel 673f4d98-8a08-4297-826e-8dadd56a01bb from etiene32
[23:20:31][DEBUG] : etiene32 acquired lock update-10ea6ea8-e252-49c9-8bb6-39bbfefc81ad
[23:20:32][DEBUG] : Saving vessel 10ea6ea8-e252-49c9-8bb6-39bbfefc81ad from etiene32
[23:20:51][DEBUG] : Saving vessel 10ea6ea8-e252-49c9-8bb6-39bbfefc81ad from etiene32
[23:20:51][DEBUG] : etiene32 released lock update-10ea6ea8-e252-49c9-8bb6-39bbfefc81ad
[23:20:51][DEBUG] : Saving vessel 673f4d98-8a08-4297-826e-8dadd56a01bb from etiene32
[23:20:51][DEBUG] : etiene32 released lock update-673f4d98-8a08-4297-826e-8dadd56a01bb
[23:20:51][DEBUG] : etiene32 released lock control-10ea6ea8-e252-49c9-8bb6-39bbfefc81ad
[23:20:53][DEBUG] : Removing vessel 10ea6ea8-e252-49c9-8bb6-39bbfefc81ad from etiene32
[23:21:10][DEBUG] : Saving 1 scenario modules from etiene32
[23:21:15][DEBUG] : etiene32 acquired lock control-7b6cf6c7-6053-40de-950b-25b54a08f1a3
[23:21:15][DEBUG] : etiene32 acquired lock update-7b6cf6c7-6053-40de-950b-25b54a08f1a3
[23:21:15][DEBUG] : Saving vessel 7b6cf6c7-6053-40de-950b-25b54a08f1a3 from etiene32
[23:21:40][DEBUG] : Saving 1 scenario modules from etiene32
[23:21:42][DEBUG] : etiene32 released lock update-7b6cf6c7-6053-40de-950b-25b54a08f1a3
[23:21:42][DEBUG] : Saving vessel 7b6cf6c7-6053-40de-950b-25b54a08f1a3 from etiene32
[23:21:44][DEBUG] : Removing vessel da2483bc-29b5-42f2-b4e1-1be4e72a4a36 from etiene32
[23:22:10][DEBUG] : Saving 1 scenario modules from etiene32
[23:22:37][DEBUG] : Create subspace
[23:22:37][DEBUG] : Sending etiene32 to subspace 142
[23:22:37][DEBUG] : etiene32 acquired lock update-7b6cf6c7-6053-40de-950b-25b54a08f1a3
[23:22:37][DEBUG] : Saving vessel 7b6cf6c7-6053-40de-950b-25b54a08f1a3 from etiene32
[23:22:40][DEBUG] : Saving 1 scenario modules from etiene32
[23:23:08][DEBUG] : Saving vessel 7b6cf6c7-6053-40de-950b-25b54a08f1a3 from etiene32
[23:23:08][DEBUG] : etiene32 released lock update-7b6cf6c7-6053-40de-950b-25b54a08f1a3
[23:23:09][DEBUG] : Create subspace
[23:23:09][DEBUG] : Sending etiene32 to subspace 143
[23:23:09][DEBUG] : etiene32 acquired lock update-7b6cf6c7-6053-40de-950b-25b54a08f1a3
[23:23:09][DEBUG] : Saving vessel 7b6cf6c7-6053-40de-950b-25b54a08f1a3 from etiene32
[23:23:10][DEBUG] : Saving 1 scenario modules from etiene32
[23:23:39][DEBUG] : Saving vessel 7b6cf6c7-6053-40de-950b-25b54a08f1a3 from etiene32
[23:23:41][DEBUG] : Saving 1 scenario modules from etiene32
[23:24:09][DEBUG] : Create subspace
[23:24:09][DEBUG] : Sending etiene32 to subspace 144
[23:24:09][DEBUG] : Saving vessel 7b6cf6c7-6053-40de-950b-25b54a08f1a3 from etiene32
[23:24:11][DEBUG] : Saving 1 scenario modules from etiene32
[23:24:39][DEBUG] : Saving vessel 7b6cf6c7-6053-40de-950b-25b54a08f1a3 from etiene32
[23:24:41][DEBUG] : Saving 1 scenario modules from etiene32
[23:24:42][INFO] : Removing vessel: 673f4d98-8a08-4297-826e-8dadd56a01bb
[23:24:42][DEBUG] : Removed debris vessel 673f4d98-8a08-4297-826e-8dadd56a01bb
[23:24:42][INFO] : Removed 1 debris
[23:24:45][DEBUG] : Saving SAT1, type: VAB from etiene32
[23:25:15][DEBUG] : etiene32 released lock update-7b6cf6c7-6053-40de-950b-25b54a08f1a3
[23:25:15][DEBUG] : etiene32 released lock control-7b6cf6c7-6053-40de-950b-25b54a08f1a3
[23:25:19][DEBUG] : Create subspace
[23:25:19][DEBUG] : Sending etiene32 to subspace 145
[23:25:45][DEBUG] : Saving 1 scenario modules from etiene32
[23:31:17][DEBUG] : Saving 1 scenario modules from etiene32
[23:31:19][DEBUG] : etiene32 acquired lock control-7061636e-1308-48ba-b754-cc7b7f7d58de
[23:31:19][DEBUG] : etiene32 acquired lock update-7061636e-1308-48ba-b754-cc7b7f7d58de
[23:31:20][DEBUG] : Saving vessel 7061636e-1308-48ba-b754-cc7b7f7d58de from etiene32
[23:31:39][DEBUG] : Saving vessel 7061636e-1308-48ba-b754-cc7b7f7d58de from etiene32
[23:31:39][DEBUG] : etiene32 acquired lock update-2f07caa2-5950-4f08-902d-de2573a823cb
[23:31:39][DEBUG] : Saving vessel 2f07caa2-5950-4f08-902d-de2573a823cb from etiene32
[23:31:41][DEBUG] : Relaying FLYING vessel 7061636e-1308-48ba-b754-cc7b7f7d58de from etiene32
[23:31:41][DEBUG] : etiene32 acquired lock update-052ce6c9-59ed-4b07-a2ad-bdf41d9ab266
[23:31:41][DEBUG] : Saving vessel 052ce6c9-59ed-4b07-a2ad-bdf41d9ab266 from etiene32
[23:31:47][DEBUG] : Saving 1 scenario modules from etiene32
[23:32:00][DEBUG] : etiene32 released lock update-052ce6c9-59ed-4b07-a2ad-bdf41d9ab266
[23:32:00][DEBUG] : Saving vessel 052ce6c9-59ed-4b07-a2ad-bdf41d9ab266 from etiene32
[23:32:01][DEBUG] : Saving vessel 2f07caa2-5950-4f08-902d-de2573a823cb from etiene32
[23:32:01][DEBUG] : etiene32 released lock update-2f07caa2-5950-4f08-902d-de2573a823cb
[23:32:11][DEBUG] : Relaying FLYING vessel 7061636e-1308-48ba-b754-cc7b7f7d58de from etiene32
[23:32:17][DEBUG] : Saving 1 scenario modules from etiene32
[23:32:41][DEBUG] : Relaying FLYING vessel 7061636e-1308-48ba-b754-cc7b7f7d58de from etiene32
[23:32:47][DEBUG] : Saving 1 scenario modules from etiene32
[23:33:12][DEBUG] : Relaying FLYING vessel 7061636e-1308-48ba-b754-cc7b7f7d58de from etiene32
[23:33:17][DEBUG] : Saving 1 scenario modules from etiene32
[23:33:43][DEBUG] : Relaying FLYING vessel 7061636e-1308-48ba-b754-cc7b7f7d58de from etiene32
[23:33:44][DEBUG] : Relaying FLYING vessel 7061636e-1308-48ba-b754-cc7b7f7d58de from etiene32
[23:33:44][DEBUG] : etiene32 acquired lock update-c56593f0-f3c6-4bfe-85b9-02ad7ab05084
[23:33:44][DEBUG] : Relaying FLYING vessel c56593f0-f3c6-4bfe-85b9-02ad7ab05084 from etiene32
[23:33:44][DEBUG] : etiene32 acquired lock update-e681b849-bb1b-4d2b-9fd6-b5a429e62937
[23:33:44][DEBUG] : Relaying FLYING vessel e681b849-bb1b-4d2b-9fd6-b5a429e62937 from etiene32
[23:33:47][DEBUG] : Saving 1 scenario modules from etiene32
[23:34:15][DEBUG] : Relaying FLYING vessel 7061636e-1308-48ba-b754-cc7b7f7d58de from etiene32
[23:34:15][DEBUG] : Relaying FLYING vessel c56593f0-f3c6-4bfe-85b9-02ad7ab05084 from etiene32
[23:34:15][DEBUG] : Relaying FLYING vessel e681b849-bb1b-4d2b-9fd6-b5a429e62937 from etiene32
[23:34:16][DEBUG] : Relaying FLYING vessel 7061636e-1308-48ba-b754-cc7b7f7d58de from etiene32
[23:34:16][DEBUG] : etiene32 acquired lock update-58d95f51-cd43-4eae-97d3-6fa9abbae19e
[23:34:16][DEBUG] : Relaying FLYING vessel 58d95f51-cd43-4eae-97d3-6fa9abbae19e from etiene32
[23:34:16][DEBUG] : etiene32 acquired lock update-00e0f632-fe4c-4d9b-b468-2db1bab2dd41
[23:34:16][DEBUG] : Relaying FLYING vessel 00e0f632-fe4c-4d9b-b468-2db1bab2dd41 from etiene32
[23:34:16][DEBUG] : Removing vessel 00e0f632-fe4c-4d9b-b468-2db1bab2dd41 from etiene32
[23:34:16][DEBUG] : etiene32 acquired lock update-37fe4a33-e26e-4883-b813-c796938a1183
[23:34:16][DEBUG] : Relaying FLYING vessel 37fe4a33-e26e-4883-b813-c796938a1183 from etiene32
[23:34:16][DEBUG] : Removing vessel 37fe4a33-e26e-4883-b813-c796938a1183 from etiene32
[23:34:17][DEBUG] : Saving 1 scenario modules from etiene32
[23:34:21][DEBUG] : etiene32 released lock update-00e0f632-fe4c-4d9b-b468-2db1bab2dd41
[23:34:21][DEBUG] : etiene32 released lock update-37fe4a33-e26e-4883-b813-c796938a1183
[23:34:26][DEBUG] : Saving vessel 7061636e-1308-48ba-b754-cc7b7f7d58de from etiene32
[23:34:26][DEBUG] : Saving vessel 58d95f51-cd43-4eae-97d3-6fa9abbae19e from etiene32
[23:34:27][DEBUG] : Saving vessel e681b849-bb1b-4d2b-9fd6-b5a429e62937 from etiene32
[23:34:28][DEBUG] : Saving vessel c56593f0-f3c6-4bfe-85b9-02ad7ab05084 from etiene32
[23:34:35][DEBUG] : etiene32 released lock update-e681b849-bb1b-4d2b-9fd6-b5a429e62937
[23:34:35][DEBUG] : Saving vessel e681b849-bb1b-4d2b-9fd6-b5a429e62937 from etiene32
[23:34:36][DEBUG] : Saving vessel c56593f0-f3c6-4bfe-85b9-02ad7ab05084 from etiene32
[23:34:36][DEBUG] : etiene32 released lock update-c56593f0-f3c6-4bfe-85b9-02ad7ab05084
[23:34:47][DEBUG] : Saving 1 scenario modules from etiene32
[23:34:56][DEBUG] : Saving vessel 7061636e-1308-48ba-b754-cc7b7f7d58de from etiene32
[23:35:01][DEBUG] : etiene32 released lock update-58d95f51-cd43-4eae-97d3-6fa9abbae19e
[23:35:01][DEBUG] : Saving vessel 58d95f51-cd43-4eae-97d3-6fa9abbae19e from etiene32
[23:35:17][DEBUG] : Saving 1 scenario modules from etiene32
[23:35:27][DEBUG] : Saving vessel 7061636e-1308-48ba-b754-cc7b7f7d58de from etiene32
[23:35:47][DEBUG] : Saving 1 scenario modules from etiene32
[23:35:56][DEBUG] : Saving vessel 7061636e-1308-48ba-b754-cc7b7f7d58de from etiene32
[23:36:03][DEBUG] : etiene32 released lock update-7061636e-1308-48ba-b754-cc7b7f7d58de
[23:36:03][DEBUG] : Saving vessel 7061636e-1308-48ba-b754-cc7b7f7d58de from etiene32
[23:36:10][DEBUG] : Removing vessel c56593f0-f3c6-4bfe-85b9-02ad7ab05084 from etiene32
[23:36:10][DEBUG] : Removing vessel e681b849-bb1b-4d2b-9fd6-b5a429e62937 from etiene32
[23:36:16][DEBUG] : Removing vessel 58d95f51-cd43-4eae-97d3-6fa9abbae19e from etiene32
[23:36:17][DEBUG] : Saving 1 scenario modules from etiene32
[23:36:22][DEBUG] : Create subspace
[23:36:22][DEBUG] : Sending etiene32 to subspace 146
[23:36:22][DEBUG] : etiene32 acquired lock update-7061636e-1308-48ba-b754-cc7b7f7d58de
[23:36:27][DEBUG] : Saving vessel 7061636e-1308-48ba-b754-cc7b7f7d58de from etiene32
[23:36:47][DEBUG] : Saving 1 scenario modules from etiene32
[23:36:57][DEBUG] : Saving vessel 7061636e-1308-48ba-b754-cc7b7f7d58de from etiene32
[23:37:17][DEBUG] : Saving 1 scenario modules from etiene32
[23:37:33][DEBUG] : etiene32 released lock update-7061636e-1308-48ba-b754-cc7b7f7d58de
[23:37:33][DEBUG] : etiene32 released lock control-7061636e-1308-48ba-b754-cc7b7f7d58de
[23:37:47][DEBUG] : Saving 1 scenario modules from etiene32
[23:39:44][DEBUG] : Create subspace
[23:39:44][DEBUG] : Sending etiene32 to subspace 147
[23:39:50][DEBUG] : etiene32 acquired lock control-20b4d365-1d4d-4c2f-9d63-ebf30ce734c3
[23:39:50][DEBUG] : etiene32 acquired lock update-20b4d365-1d4d-4c2f-9d63-ebf30ce734c3
[23:39:50][DEBUG] : Saving vessel 20b4d365-1d4d-4c2f-9d63-ebf30ce734c3 from etiene32
[23:39:55][DEBUG] : Saving 1 scenario modules from etiene32
[23:40:22][DEBUG] : etiene32 released lock update-20b4d365-1d4d-4c2f-9d63-ebf30ce734c3
[23:40:22][DEBUG] : etiene32 released lock control-20b4d365-1d4d-4c2f-9d63-ebf30ce734c3
[23:40:25][DEBUG] : Saving 1 scenario modules from etiene32
[23:41:15][DEBUG] : Create subspace
[23:41:15][DEBUG] : Sending etiene32 to subspace 148
[23:41:20][DEBUG] : etiene32 acquired lock control-ce3000e3-c87e-458c-ad88-f2c4f0021eef
[23:41:20][DEBUG] : etiene32 acquired lock update-ce3000e3-c87e-458c-ad88-f2c4f0021eef
[23:41:21][DEBUG] : Saving vessel ce3000e3-c87e-458c-ad88-f2c4f0021eef from etiene32
[23:41:26][DEBUG] : Saving 1 scenario modules from etiene32
[23:41:53][DEBUG] : etiene32 released lock update-ce3000e3-c87e-458c-ad88-f2c4f0021eef
[23:41:53][DEBUG] : etiene32 released lock control-ce3000e3-c87e-458c-ad88-f2c4f0021eef
[23:41:56][DEBUG] : Saving 1 scenario modules from etiene32
[23:46:21][DEBUG] : Create subspace
[23:46:21][DEBUG] : Sending etiene32 to subspace 149
[23:46:27][DEBUG] : etiene32 acquired lock control-70d32f61-c74c-4b41-9d3b-dc4bc4b2b0b1
[23:46:27][DEBUG] : etiene32 acquired lock update-70d32f61-c74c-4b41-9d3b-dc4bc4b2b0b1
[23:46:27][DEBUG] : Saving vessel 70d32f61-c74c-4b41-9d3b-dc4bc4b2b0b1 from etiene32
[23:46:30][DEBUG] : Saving 1 scenario modules from etiene32
[23:46:51][DEBUG] : etiene32 released lock update-70d32f61-c74c-4b41-9d3b-dc4bc4b2b0b1
[23:46:51][DEBUG] : etiene32 released lock control-70d32f61-c74c-4b41-9d3b-dc4bc4b2b0b1
[23:47:00][DEBUG] : Saving 1 scenario modules from etiene32
[23:47:59][DEBUG] : Create subspace
[23:47:59][DEBUG] : Sending etiene32 to subspace 150
[23:48:03][DEBUG] : Saving 1 scenario modules from etiene32
[23:48:08][DEBUG] : etiene32 acquired lock control-93fc9458-5f2a-48ef-ba9d-96a41e248050
[23:48:08][DEBUG] : etiene32 acquired lock update-93fc9458-5f2a-48ef-ba9d-96a41e248050
[23:48:09][DEBUG] : Saving vessel 93fc9458-5f2a-48ef-ba9d-96a41e248050 from etiene32
[23:48:33][DEBUG] : Saving 1 scenario modules from etiene32
[23:48:39][DEBUG] : Saving vessel 93fc9458-5f2a-48ef-ba9d-96a41e248050 from etiene32
[23:48:55][DEBUG] : Saving vessel 93fc9458-5f2a-48ef-ba9d-96a41e248050 from etiene32
[23:48:55][DEBUG] : etiene32 acquired lock update-fbef4da1-01ec-4568-9125-a04951785826
[23:48:55][DEBUG] : Saving vessel fbef4da1-01ec-4568-9125-a04951785826 from etiene32
[23:48:57][DEBUG] : Saving vessel 93fc9458-5f2a-48ef-ba9d-96a41e248050 from etiene32
[23:48:57][DEBUG] : etiene32 acquired lock update-32505d6f-39d7-4760-96a5-b540aa80f243
[23:48:57][DEBUG] : Saving vessel 32505d6f-39d7-4760-96a5-b540aa80f243 from etiene32
[23:49:03][DEBUG] : Saving 1 scenario modules from etiene32
[23:49:08][DEBUG] : Relaying FLYING vessel 93fc9458-5f2a-48ef-ba9d-96a41e248050 from etiene32
[23:49:18][DEBUG] : etiene32 released lock update-32505d6f-39d7-4760-96a5-b540aa80f243
[23:49:18][DEBUG] : Saving vessel 32505d6f-39d7-4760-96a5-b540aa80f243 from etiene32
[23:49:19][DEBUG] : etiene32 released lock update-fbef4da1-01ec-4568-9125-a04951785826
[23:49:19][DEBUG] : Saving vessel fbef4da1-01ec-4568-9125-a04951785826 from etiene32
[23:49:33][DEBUG] : Saving 1 scenario modules from etiene32
[23:49:38][DEBUG] : Relaying FLYING vessel 93fc9458-5f2a-48ef-ba9d-96a41e248050 from etiene32
[23:50:03][DEBUG] : Saving 1 scenario modules from etiene32
[23:50:08][DEBUG] : Relaying FLYING vessel 93fc9458-5f2a-48ef-ba9d-96a41e248050 from etiene32
[23:50:33][DEBUG] : Saving 1 scenario modules from etiene32
[23:50:38][DEBUG] : Relaying FLYING vessel 93fc9458-5f2a-48ef-ba9d-96a41e248050 from etiene32
[23:51:03][DEBUG] : Saving 1 scenario modules from etiene32
[23:51:09][DEBUG] : Relaying FLYING vessel 93fc9458-5f2a-48ef-ba9d-96a41e248050 from etiene32
[23:51:16][DEBUG] : Relaying FLYING vessel 93fc9458-5f2a-48ef-ba9d-96a41e248050 from etiene32
[23:51:16][DEBUG] : etiene32 acquired lock update-18b4007f-3ccf-4090-a389-92e4d4101ccf
[23:51:18][DEBUG] : Relaying FLYING vessel 18b4007f-3ccf-4090-a389-92e4d4101ccf from etiene32
[23:51:18][DEBUG] : etiene32 acquired lock update-ac92a7d9-543d-4e6f-84c8-3c51999d99f3
[23:51:18][DEBUG] : Relaying FLYING vessel ac92a7d9-543d-4e6f-84c8-3c51999d99f3 from etiene32
[23:51:33][DEBUG] : Saving 1 scenario modules from etiene32
[23:51:47][DEBUG] : Relaying FLYING vessel 93fc9458-5f2a-48ef-ba9d-96a41e248050 from etiene32
[23:51:47][DEBUG] : Relaying FLYING vessel 18b4007f-3ccf-4090-a389-92e4d4101ccf from etiene32
[23:51:48][DEBUG] : Relaying FLYING vessel ac92a7d9-543d-4e6f-84c8-3c51999d99f3 from etiene32
[23:51:57][DEBUG] : Relaying FLYING vessel 93fc9458-5f2a-48ef-ba9d-96a41e248050 from etiene32
[23:51:57][DEBUG] : etiene32 acquired lock update-5792dfb7-fd91-4ff9-afcb-7a92c13ab7e4
[23:51:57][DEBUG] : Relaying FLYING vessel 5792dfb7-fd91-4ff9-afcb-7a92c13ab7e4 from etiene32
[23:51:57][DEBUG] : etiene32 acquired lock update-84982286-704c-440c-a916-14ca92bd23d3
[23:51:57][DEBUG] : Relaying FLYING vessel 84982286-704c-440c-a916-14ca92bd23d3 from etiene32
[23:51:57][DEBUG] : Removing vessel 84982286-704c-440c-a916-14ca92bd23d3 from etiene32
[23:51:57][DEBUG] : etiene32 acquired lock update-316bd81e-8999-4bd6-8f5e-91f7d5241307
[23:51:57][DEBUG] : Relaying FLYING vessel 316bd81e-8999-4bd6-8f5e-91f7d5241307 from etiene32
[23:51:58][DEBUG] : Removing vessel 5792dfb7-fd91-4ff9-afcb-7a92c13ab7e4 from etiene32
[23:52:02][DEBUG] : etiene32 released lock update-84982286-704c-440c-a916-14ca92bd23d3
[23:52:02][DEBUG] : etiene32 released lock update-5792dfb7-fd91-4ff9-afcb-7a92c13ab7e4
[23:52:03][DEBUG] : Saving 1 scenario modules from etiene32
[23:52:17][DEBUG] : Relaying FLYING vessel 18b4007f-3ccf-4090-a389-92e4d4101ccf from etiene32
[23:52:18][DEBUG] : Relaying FLYING vessel ac92a7d9-543d-4e6f-84c8-3c51999d99f3 from etiene32
[23:52:21][DEBUG] : Saving vessel 93fc9458-5f2a-48ef-ba9d-96a41e248050 from etiene32
[23:52:21][DEBUG] : Saving vessel 316bd81e-8999-4bd6-8f5e-91f7d5241307 from etiene32
[23:52:33][DEBUG] : Saving 1 scenario modules from etiene32
[23:52:38][DEBUG] : Saving vessel ac92a7d9-543d-4e6f-84c8-3c51999d99f3 from etiene32
[23:52:39][DEBUG] : Saving vessel 18b4007f-3ccf-4090-a389-92e4d4101ccf from etiene32
[23:52:43][DEBUG] : etiene32 released lock update-ac92a7d9-543d-4e6f-84c8-3c51999d99f3
[23:52:43][DEBUG] : Saving vessel ac92a7d9-543d-4e6f-84c8-3c51999d99f3 from etiene32
[23:52:44][DEBUG] : etiene32 released lock update-18b4007f-3ccf-4090-a389-92e4d4101ccf
[23:52:44][DEBUG] : Saving vessel 18b4007f-3ccf-4090-a389-92e4d4101ccf from etiene32
[23:52:51][DEBUG] : Saving vessel 93fc9458-5f2a-48ef-ba9d-96a41e248050 from etiene32
[23:52:51][DEBUG] : Saving vessel 316bd81e-8999-4bd6-8f5e-91f7d5241307 from etiene32
[23:53:05][DEBUG] : Saving 1 scenario modules from etiene32
[23:53:12][DEBUG] : etiene32 released lock update-316bd81e-8999-4bd6-8f5e-91f7d5241307
[23:53:12][DEBUG] : Saving vessel 316bd81e-8999-4bd6-8f5e-91f7d5241307 from etiene32
[23:53:24][DEBUG] : Saving vessel 93fc9458-5f2a-48ef-ba9d-96a41e248050 from etiene32
[23:53:35][DEBUG] : Saving 1 scenario modules from etiene32
[23:53:52][DEBUG] : Saving vessel 93fc9458-5f2a-48ef-ba9d-96a41e248050 from etiene32
[23:54:05][DEBUG] : Saving 1 scenario modules from etiene32
[23:54:22][DEBUG] : etiene32 released lock update-93fc9458-5f2a-48ef-ba9d-96a41e248050
[23:54:22][DEBUG] : Saving vessel 93fc9458-5f2a-48ef-ba9d-96a41e248050 from etiene32
[23:54:24][DEBUG] : Removing vessel 18b4007f-3ccf-4090-a389-92e4d4101ccf from etiene32
[23:54:24][DEBUG] : Removing vessel ac92a7d9-543d-4e6f-84c8-3c51999d99f3 from etiene32
[23:54:28][DEBUG] : Removing vessel 316bd81e-8999-4bd6-8f5e-91f7d5241307 from etiene32
[23:54:35][DEBUG] : Saving 1 scenario modules from etiene32
[23:54:40][DEBUG] : Create subspace
[23:54:40][DEBUG] : Sending etiene32 to subspace 151
[23:54:40][DEBUG] : etiene32 acquired lock update-93fc9458-5f2a-48ef-ba9d-96a41e248050
[23:54:40][DEBUG] : Saving vessel 93fc9458-5f2a-48ef-ba9d-96a41e248050 from etiene32
[23:54:42][INFO] : Removing vessel: 052ce6c9-59ed-4b07-a2ad-bdf41d9ab266
[23:54:42][DEBUG] : Removed debris vessel 052ce6c9-59ed-4b07-a2ad-bdf41d9ab266
[23:54:42][INFO] : Removing vessel: 2f07caa2-5950-4f08-902d-de2573a823cb
[23:54:42][DEBUG] : Removed debris vessel 2f07caa2-5950-4f08-902d-de2573a823cb
[23:54:42][INFO] : Removing vessel: 32505d6f-39d7-4760-96a5-b540aa80f243
[23:54:42][DEBUG] : Removed debris vessel 32505d6f-39d7-4760-96a5-b540aa80f243
[23:54:42][INFO] : Removing vessel: fbef4da1-01ec-4568-9125-a04951785826
[23:54:42][DEBUG] : Removed debris vessel fbef4da1-01ec-4568-9125-a04951785826
[23:54:42][INFO] : Removed 4 debris
[23:55:06][DEBUG] : Saving 1 scenario modules from etiene32
[23:55:10][DEBUG] : etiene32 released lock update-93fc9458-5f2a-48ef-ba9d-96a41e248050
[23:55:10][DEBUG] : etiene32 released lock control-93fc9458-5f2a-48ef-ba9d-96a41e248050
[23:55:45][DEBUG] : Create subspace
[23:55:45][DEBUG] : Sending etiene32 to subspace 152
[23:57:20][DEBUG] : Saving 1 scenario modules from etiene32
[23:57:24][DEBUG] : etiene32 acquired lock control-e785c04e-98a4-4163-a735-c8bb035e3bfd
[23:57:24][DEBUG] : etiene32 acquired lock update-e785c04e-98a4-4163-a735-c8bb035e3bfd
[23:57:25][DEBUG] : Saving vessel e785c04e-98a4-4163-a735-c8bb035e3bfd from etiene32
[23:57:37][DEBUG] : etiene32 released lock update-e785c04e-98a4-4163-a735-c8bb035e3bfd
[23:57:37][DEBUG] : Saving vessel e785c04e-98a4-4163-a735-c8bb035e3bfd from etiene32
[23:57:43][DEBUG] : Create subspace
[23:57:43][DEBUG] : Sending etiene32 to subspace 153
[23:57:43][DEBUG] : etiene32 acquired lock update-e785c04e-98a4-4163-a735-c8bb035e3bfd
[23:57:46][DEBUG] : Saving vessel e785c04e-98a4-4163-a735-c8bb035e3bfd from etiene32
[23:57:46][DEBUG] : etiene32 acquired lock update-b7c97913-c6ac-48f1-b253-f0b16f44c328
[23:57:46][DEBUG] : Saving vessel b7c97913-c6ac-48f1-b253-f0b16f44c328 from etiene32
[23:57:50][DEBUG] : Saving 1 scenario modules from etiene32
[23:57:55][DEBUG] : Relaying FLYING vessel e785c04e-98a4-4163-a735-c8bb035e3bfd from etiene32
[23:57:55][DEBUG] : etiene32 acquired lock update-025714ac-4380-49a9-8463-d8e372d38107
[23:57:55][DEBUG] : Saving vessel 025714ac-4380-49a9-8463-d8e372d38107 from etiene32
[23:57:55][DEBUG] : Relaying FLYING vessel e785c04e-98a4-4163-a735-c8bb035e3bfd from etiene32
[23:57:55][DEBUG] : etiene32 acquired lock update-66c1432f-12ae-4092-81c0-2260f41b1a31
[23:57:55][DEBUG] : Relaying FLYING vessel 66c1432f-12ae-4092-81c0-2260f41b1a31 from etiene32
[23:57:58][DEBUG] : Relaying FLYING vessel e785c04e-98a4-4163-a735-c8bb035e3bfd from etiene32
[23:58:00][DEBUG] : Relaying FLYING vessel e785c04e-98a4-4163-a735-c8bb035e3bfd from etiene32
[23:58:01][DEBUG] : Relaying FLYING vessel e785c04e-98a4-4163-a735-c8bb035e3bfd from etiene32
[23:58:22][DEBUG] : Saving 1 scenario modules from etiene32
[23:58:26][DEBUG] : etiene32 released lock update-025714ac-4380-49a9-8463-d8e372d38107
[23:58:26][DEBUG] : etiene32 released lock update-66c1432f-12ae-4092-81c0-2260f41b1a31
[23:58:26][DEBUG] : etiene32 released lock update-e785c04e-98a4-4163-a735-c8bb035e3bfd
[23:58:26][DEBUG] : etiene32 released lock update-b7c97913-c6ac-48f1-b253-f0b16f44c328
[23:58:26][DEBUG] : etiene32 released lock control-e785c04e-98a4-4163-a735-c8bb035e3bfd
[23:59:19][DEBUG] : Create subspace
[23:59:19][DEBUG] : Sending etiene32 to subspace 154
[23:59:23][DEBUG] : Saving 1 scenario modules from etiene32
[23:59:27][DEBUG] : etiene32 acquired lock control-68eaaa16-827f-499a-8aeb-6f3b2712f2c8
[23:59:27][DEBUG] : etiene32 acquired lock update-68eaaa16-827f-499a-8aeb-6f3b2712f2c8
[23:59:27][DEBUG] : Saving vessel 68eaaa16-827f-499a-8aeb-6f3b2712f2c8 from etiene32
[23:59:40][DEBUG] : etiene32 released lock update-68eaaa16-827f-499a-8aeb-6f3b2712f2c8
[23:59:40][DEBUG] : Saving vessel 68eaaa16-827f-499a-8aeb-6f3b2712f2c8 from etiene32
[23:59:46][DEBUG] : Create subspace
[23:59:46][DEBUG] : Sending etiene32 to subspace 155
[23:59:46][DEBUG] : etiene32 acquired lock update-68eaaa16-827f-499a-8aeb-6f3b2712f2c8
[23:59:52][DEBUG] : Saving vessel 68eaaa16-827f-499a-8aeb-6f3b2712f2c8 from etiene32
[23:59:52][DEBUG] : etiene32 acquired lock update-89a3609b-1767-4401-9758-20eebd5a55aa
[23:59:52][DEBUG] : Saving vessel 89a3609b-1767-4401-9758-20eebd5a55aa from etiene32
[23:59:53][DEBUG] : Saving 1 scenario modules from etiene32
[23:59:55][DEBUG] : Saving vessel 68eaaa16-827f-499a-8aeb-6f3b2712f2c8 from etiene32
[23:59:55][DEBUG] : etiene32 acquired lock update-5234f11d-fc0c-4679-a0e6-0f060817f5fc
[23:59:55][DEBUG] : Saving vessel 5234f11d-fc0c-4679-a0e6-0f060817f5fc from etiene32
[00:00:05][DEBUG] : Relaying FLYING vessel 68eaaa16-827f-499a-8aeb-6f3b2712f2c8 from etiene32
[00:00:12][DEBUG] : Saving vessel 5234f11d-fc0c-4679-a0e6-0f060817f5fc from etiene32
[00:00:12][DEBUG] : etiene32 released lock update-5234f11d-fc0c-4679-a0e6-0f060817f5fc
[00:00:12][DEBUG] : etiene32 released lock update-89a3609b-1767-4401-9758-20eebd5a55aa
[00:00:12][DEBUG] : Saving vessel 89a3609b-1767-4401-9758-20eebd5a55aa from etiene32
[00:00:23][DEBUG] : Saving 1 scenario modules from etiene32
[00:00:35][DEBUG] : Relaying FLYING vessel 68eaaa16-827f-499a-8aeb-6f3b2712f2c8 from etiene32
