[18:53:27][DEBUG] : Loading settings...
[18:53:27][DEBUG] : System.IO compression works: True, test time: 4 ms.
[18:53:27][DEBUG] : Loading plugins!
[18:53:27][DEBUG] : Done!
[18:53:27][INFO] : Starting DMPServer v0.2.4.5, protocol 45
[18:53:27][INFO] : Loading universe... 
[18:53:27][INFO] : Starting SUBSPACE server on port 6702... 
[18:53:27][INFO] : Removed 0 debris
[18:53:27][INFO] : Ready!
[18:53:29][DEBUG] : Online players is now: 0, connected: 1
[18:53:29][INFO] : New client connection from [::ffff:85.171.152.193]:44207
[18:53:29][DEBUG] : Loading admins
[18:53:29][INFO] : Client etiene32 handshook successfully, version: v0.2.4.5
[18:53:29][DEBUG] : Online players is now: 1, connected: 1
[18:53:30][DEBUG] : Sending etiene32 to subspace 47
[18:53:30][DEBUG] : Sending etiene32 5 craft library entries
[18:53:30][DEBUG] : Sending etiene32 20 kerbals...
[18:53:31][DEBUG] : Sending etiene32 38 vessels, cached: 0...
[18:53:33][DEBUG] : Online players is now: 1, connected: 2
[18:53:33][INFO] : New client connection from [::ffff:127.0.0.1]:50169
[18:53:33][INFO] : Client Nanshue handshook successfully, version: v0.2.4.5
[18:53:33][DEBUG] : Online players is now: 2, connected: 2
[18:53:33][DEBUG] : Sending Nanshue to subspace 47
[18:53:33][DEBUG] : Sending Nanshue 5 craft library entries
[18:53:33][DEBUG] : Sending Nanshue 20 kerbals...
[18:53:34][DEBUG] : etiene32 acquired lock asteroid-spawning
[18:53:34][DEBUG] : Sending Nanshue 1 vessels, cached: 37...
[18:53:52][DEBUG] : Removing vessel e6ea6bdc-510c-47bd-bec8-b448a662c6fe from etiene32
[18:53:54][DEBUG] : Removing vessel a08c6f18-8170-423d-b481-ca03f054e2de from Nanshue
[18:54:04][DEBUG] : Saving 12 scenario modules from etiene32
[18:54:04][DEBUG] : Saving 12 scenario modules from Nanshue
[18:54:09][DEBUG] : Removing vessel 864b553d-b0f2-424d-8a7e-8d082fc3b1f3 from Nanshue
[18:54:12][DEBUG] : Removing vessel 1eac68ff-38cd-4b6f-bea7-cf83425500d3 from etiene32
[18:54:34][DEBUG] : Saving vessel 65c19325-9315-4967-8a48-002fdeb85cc9 from etiene32
[18:54:50][INFO] : Client etiene32 disconnected in ReceiveCallback, endpoint [::ffff:85.171.152.193]:44207, error: Impossible de lire les données de la connexion de transport : Une connexion établie a été abandonnée par un logiciel de votre ordinateur hôte. (Une connexion établie a été abandonnée par un logiciel de votre ordinateur hôte)
[18:54:50][DEBUG] : Online players is now: 1, connected: 1
[18:54:50][DEBUG] : Error closing client connection: Cette opération n'est pas autorisée sur des sockets non connectés.
[18:55:34][DEBUG] : Nanshue acquired lock asteroid-spawning
[18:56:35][DEBUG] : Saving vessel 1c766a11-94d0-4d85-9ef7-5939004778fc from Nanshue
[18:58:51][DEBUG] : Online players is now: 1, connected: 2
[18:58:51][INFO] : Client etiene32 handshook successfully, version: v0.2.4.5
[18:59:11][INFO] : Disconnecting client etiene32, endpoint [::ffff:85.171.152.193]:42811, Connection timed out
[18:59:15][DEBUG] : Removing vessel 29e5678c-559c-41b1-bf9a-f90bfb9e460b from Nanshue
[19:00:03][INFO] : New client connection from [::ffff:85.171.152.193]:42811
[19:00:03][DEBUG] : Online players is now: 1, connected: 1
[19:00:03][DEBUG] : Online players is now: 2, connected: 2
[19:00:03][INFO] : Client Nanshue disconnected in ReceiveCallback, endpoint [::ffff:127.0.0.1]:50169, error: Impossible de lire les données de la connexion de transport : Une connexion existante a dû être fermée par l’hôte distant. (Une connexion existante a dû être fermée par l’hôte distant)
[19:00:03][DEBUG] : Online players is now: 1, connected: 2
[19:00:03][DEBUG] : Online players is now: 0, connected: 1
[19:00:03][INFO] : New client connection from [::ffff:85.171.152.193]:40465
[19:00:03][DEBUG] : Unknown sent connection end message, reason: Quit during initial sync
[19:00:03][DEBUG] : Error closing client connection: Cette opération n'est pas autorisée sur des sockets non connectés.
[19:00:03][DEBUG] : Online players is now: 0, connected: 0
[19:00:11][INFO] : Command input: //reboot
[19:00:11][INFO] : Unknown server command: /reboot
[19:00:16][INFO] : Command input: /reboot
[19:00:16][INFO] : Unknown server command: reboot
[19:00:19][INFO] : Command input: /quit
[19:00:19][INFO] : Shutting down
[19:00:19][INFO] : Goodbye!
