[23:06:34][DEBUG] : Loading settings...
[23:06:34][DEBUG] : System.IO compression works: True, test time: 9 ms.
[23:06:34][DEBUG] : Loading plugins!
[23:06:34][DEBUG] : Done!
[23:06:34][INFO] : Starting DMPServer v0.2.4.5, protocol 45
[23:06:34][INFO] : Loading universe... 
[23:06:34][INFO] : Starting SUBSPACE server on port 6702... 
[23:06:34][INFO] : Removed 0 debris
[23:06:34][INFO] : Ready!
[23:06:38][DEBUG] : Online players is now: 0, connected: 1
[23:06:38][INFO] : New client connection from [::ffff:127.0.0.1]:59489
[23:06:38][DEBUG] : Loading admins
[23:06:38][INFO] : Client Nanshue handshook successfully, version: v0.2.4.5
[23:06:38][DEBUG] : Online players is now: 1, connected: 1
[23:06:38][DEBUG] : Sending Nanshue to subspace 120
[23:06:38][DEBUG] : Sending Nanshue 6 craft library entries
[23:06:38][DEBUG] : Sending Nanshue 20 kerbals...
[23:06:39][DEBUG] : Sending Nanshue 1 vessels, cached: 55...
[23:06:40][DEBUG] : Nanshue acquired lock asteroid-spawning
[23:06:42][DEBUG] : Online players is now: 1, connected: 2
[23:06:42][INFO] : New client connection from [::ffff:81.67.41.62]:37779
[23:06:42][INFO] : Client etiene32 handshook successfully, version: v0.2.4.5
[23:06:42][DEBUG] : Online players is now: 2, connected: 2
[23:06:43][DEBUG] : Sending etiene32 to subspace 120
[23:06:43][DEBUG] : Sending etiene32 6 craft library entries
[23:06:43][DEBUG] : Sending etiene32 20 kerbals...
[23:06:43][DEBUG] : Sending etiene32 56 vessels, cached: 0...
[23:07:10][DEBUG] : Saving 7 scenario modules from Nanshue
[23:07:18][DEBUG] : Saving 7 scenario modules from etiene32
[23:27:25][DEBUG] : Nanshue sent connection end message, reason: Quit to main menu
[23:27:25][DEBUG] : Online players is now: 1, connected: 1
[23:27:47][DEBUG] : etiene32 acquired lock asteroid-spawning
[23:28:19][DEBUG] : Saving 3 scenario modules from etiene32
[23:29:02][DEBUG] : Saving Kerboum3, type: VAB from etiene32
[23:29:18][DEBUG] : Removing KerminR1, type: VAB from etiene32
[23:29:19][DEBUG] : Removing KerminR2, type: VAB from etiene32
[23:29:19][DEBUG] : Removing KerminR3, type: VAB from etiene32
[23:29:20][DEBUG] : Removing KerminR4, type: VAB from etiene32
[23:29:26][DEBUG] : etiene32 sent connection end message, reason: Quit to main menu
[23:29:26][DEBUG] : Online players is now: 0, connected: 0
[23:30:56][INFO] : Command input: /quit
[23:30:56][INFO] : Shutting down
[23:30:56][INFO] : Goodbye!
