[14:57:25][DEBUG] : Loading settings...
[14:57:25][DEBUG] : System.IO compression works: True, test time: 3 ms.
[14:57:25][DEBUG] : Loading plugins!
[14:57:25][DEBUG] : Done!
[14:57:25][INFO] : Starting DMPServer v0.2.4.5, protocol 45
[14:57:25][INFO] : Loading universe... 
[14:57:25][INFO] : Starting SUBSPACE server on port 6702... 
[14:57:25][INFO] : Nuked 0 vessels around the KSC
[14:57:25][INFO] : Removed 0 debris
[14:57:26][INFO] : Ready!
[14:58:25][INFO] : Nuked 0 vessels around the KSC
[14:58:25][INFO] : Removed 0 debris
[14:59:25][INFO] : Nuked 0 vessels around the KSC
[14:59:25][INFO] : Removed 0 debris
[15:00:25][INFO] : Nuked 0 vessels around the KSC
[15:00:25][INFO] : Removed 0 debris
[15:01:25][INFO] : Nuked 0 vessels around the KSC
[15:01:25][INFO] : Removed 0 debris
[15:02:22][INFO] : Nuked 0 vessels around the KSC
[15:02:22][INFO] : Removed 0 debris
[15:03:22][INFO] : Nuked 0 vessels around the KSC
[15:03:22][INFO] : Removed 0 debris
[15:04:22][INFO] : Nuked 0 vessels around the KSC
[15:04:22][INFO] : Removed 0 debris
[15:05:22][INFO] : Nuked 0 vessels around the KSC
[15:05:22][INFO] : Removed 0 debris
[15:06:22][INFO] : Nuked 0 vessels around the KSC
[15:06:22][INFO] : Removed 0 debris
[15:07:22][INFO] : Nuked 0 vessels around the KSC
[15:07:22][INFO] : Removed 0 debris
[15:08:22][INFO] : Nuked 0 vessels around the KSC
[15:08:22][INFO] : Removed 0 debris
[15:09:22][INFO] : Nuked 0 vessels around the KSC
[15:09:22][INFO] : Removed 0 debris
[15:10:22][INFO] : Nuked 0 vessels around the KSC
[15:10:22][INFO] : Removed 0 debris
[15:11:22][INFO] : Nuked 0 vessels around the KSC
[15:11:22][INFO] : Removed 0 debris
[15:12:11][DEBUG] : Online players is now: 0, connected: 1
[15:12:11][INFO] : New client connection from [::ffff:127.0.0.1]:56404
[15:12:11][DEBUG] : Loading admins
[15:12:11][INFO] : Client Nanshue handshook successfully, version: v0.2.4.5
[15:12:11][DEBUG] : Online players is now: 1, connected: 1
[15:12:11][DEBUG] : Sending Nanshue to subspace 228
[15:12:11][DEBUG] : Sending Nanshue 14 craft library entries
[15:12:11][DEBUG] : Sending Nanshue 20 kerbals...
[15:12:12][DEBUG] : Sending Nanshue 73 vessels, cached: 19...
[15:12:13][DEBUG] : Nanshue acquired lock asteroid-spawning
[15:12:22][INFO] : Nuked 0 vessels around the KSC
[15:12:22][INFO] : Removed 0 debris
[15:12:43][DEBUG] : Saving 9 scenario modules from Nanshue
[15:13:13][DEBUG] : Create subspace
[15:13:13][DEBUG] : Sending Nanshue to subspace 229
[15:13:13][DEBUG] : Saving 2 scenario modules from Nanshue
[15:13:14][DEBUG] : Nanshue acquired lock control-5913105d-2ec7-4b69-b825-71330a805d30
[15:13:14][DEBUG] : Nanshue acquired lock update-5913105d-2ec7-4b69-b825-71330a805d30
[15:13:14][DEBUG] : Saving vessel 5913105d-2ec7-4b69-b825-71330a805d30 from Nanshue
[15:13:22][INFO] : Nuked 0 vessels around the KSC
[15:13:22][INFO] : Removed 0 debris
[15:13:43][DEBUG] : Saving 1 scenario modules from Nanshue
[15:13:44][DEBUG] : Saving vessel 5913105d-2ec7-4b69-b825-71330a805d30 from Nanshue
[15:14:09][DEBUG] : Saving vessel 5913105d-2ec7-4b69-b825-71330a805d30 from Nanshue
[15:14:09][DEBUG] : Nanshue released lock update-5913105d-2ec7-4b69-b825-71330a805d30
[15:14:13][DEBUG] : Saving 1 scenario modules from Nanshue
[15:14:22][DEBUG] : Create subspace
[15:14:22][DEBUG] : Sending Nanshue to subspace 230
[15:14:22][INFO] : Nuked 0 vessels around the KSC
[15:14:22][INFO] : Removed 0 debris
[15:14:23][DEBUG] : Nanshue released lock control-5913105d-2ec7-4b69-b825-71330a805d30
[15:14:34][DEBUG] : Nanshue acquired lock control-3c924e74-78ed-4e34-9d1b-9a077e7b04bc
[15:14:34][DEBUG] : Nanshue acquired lock update-3c924e74-78ed-4e34-9d1b-9a077e7b04bc
[15:14:34][DEBUG] : Saving vessel 3c924e74-78ed-4e34-9d1b-9a077e7b04bc from Nanshue
[15:14:43][DEBUG] : Saving 1 scenario modules from Nanshue
[15:14:56][DEBUG] : Create subspace
[15:14:56][DEBUG] : Sending Nanshue to subspace 231
[15:15:03][DEBUG] : Saving vessel 3c924e74-78ed-4e34-9d1b-9a077e7b04bc from Nanshue
[15:15:03][DEBUG] : Nanshue released lock update-3c924e74-78ed-4e34-9d1b-9a077e7b04bc
[15:15:07][DEBUG] : Create subspace
[15:15:07][DEBUG] : Sending Nanshue to subspace 232
[15:15:07][DEBUG] : Nanshue acquired lock update-3c924e74-78ed-4e34-9d1b-9a077e7b04bc
[15:15:07][DEBUG] : Saving vessel 3c924e74-78ed-4e34-9d1b-9a077e7b04bc from Nanshue
[15:15:13][DEBUG] : Saving 1 scenario modules from Nanshue
[15:15:22][INFO] : Nuked 0 vessels around the KSC
[15:15:22][INFO] : Removed 0 debris
[15:15:37][DEBUG] : Saving vessel 3c924e74-78ed-4e34-9d1b-9a077e7b04bc from Nanshue
[15:15:43][DEBUG] : Saving 1 scenario modules from Nanshue
[15:15:53][DEBUG] : Nanshue released lock update-3c924e74-78ed-4e34-9d1b-9a077e7b04bc
[15:15:53][DEBUG] : Saving vessel 3c924e74-78ed-4e34-9d1b-9a077e7b04bc from Nanshue
[15:15:53][DEBUG] : Nanshue released lock control-3c924e74-78ed-4e34-9d1b-9a077e7b04bc
[15:16:00][DEBUG] : Nanshue sent connection end message, reason: Quit to main menu
[15:16:00][DEBUG] : Online players is now: 0, connected: 0
[15:16:00][DEBUG] : Error closing client connection: Cette opération n'est pas autorisée sur des sockets non connectés.
[15:16:22][INFO] : Nuked 0 vessels around the KSC
[15:16:22][INFO] : Removed 0 debris
[15:17:22][INFO] : Nuked 0 vessels around the KSC
[15:17:22][INFO] : Removed 0 debris
[15:18:22][INFO] : Nuked 0 vessels around the KSC
[15:18:22][INFO] : Removed 0 debris
