[18:57:50][DEBUG] : Loading settings...
[18:57:50][DEBUG] : System.IO compression works: True, test time: 3 ms.
[18:57:50][DEBUG] : Loading plugins!
[18:57:50][DEBUG] : Done!
[18:57:50][INFO] : Starting DMPServer v0.2.4.5, protocol 45
[18:57:50][INFO] : Loading universe... 
[18:57:50][INFO] : Starting SUBSPACE server on port 6702... 
[18:57:50][INFO] : Removed 0 debris
[18:57:50][INFO] : Ready!
[18:58:29][DEBUG] : Online players is now: 0, connected: 1
[18:58:29][INFO] : New client connection from [::ffff:127.0.0.1]:63231
[18:58:29][DEBUG] : Client Nanshue registered!
[18:58:29][DEBUG] : Loading admins
[18:58:29][INFO] : Client Nanshue handshook successfully, version: v0.2.4.5
[18:58:29][DEBUG] : Online players is now: 1, connected: 1
[18:58:29][DEBUG] : Sending Nanshue to subspace 0
[18:58:29][DEBUG] : Sending Nanshue 0 craft library entries
[18:58:29][DEBUG] : Sending Nanshue 20 kerbals...
[18:58:29][DEBUG] : Sending Nanshue 1 vessels, cached: 0...
[18:58:30][DEBUG] : Nanshue acquired lock asteroid-spawning
[18:58:34][DEBUG] : Saving vessel 1eac68ff-38cd-4b6f-bea7-cf83425500d3 from Nanshue
[18:58:52][DEBUG] : Nanshue sent connection end message, reason: Quit to main menu
[18:58:52][DEBUG] : Online players is now: 0, connected: 0
[18:59:14][DEBUG] : Terminal may be not attached or broken, Exiting out of command handler
[18:59:14][INFO] : Shutting down - Caught Ctrl+C
[18:59:14][INFO] : Goodbye!
