[00:00:45][INFO] : Continued from logfile 2018-02-07 00-00-45.log
[00:00:54][DEBUG] : Saving vessel 2380ae21-61bb-4be9-896b-cd5057f966fd from etiene32
[00:01:19][DEBUG] : Removing vessel 15be553e-d716-4279-b338-7709c5faf022 from Nanshue
[00:01:19][DEBUG] : Removing vessel 760fbc7b-fa67-4f97-80dc-ee62f1baf11b from Nanshue
[00:01:28][DEBUG] : etiene32 released lock update-2380ae21-61bb-4be9-896b-cd5057f966fd
[00:01:28][DEBUG] : etiene32 released lock control-2380ae21-61bb-4be9-896b-cd5057f966fd
[00:01:28][DEBUG] : Saving vessel 2380ae21-61bb-4be9-896b-cd5057f966fd from etiene32
[00:01:31][DEBUG] : Removing vessel a0f6e85a-febb-45f1-97e2-d56a59c9c575 from etiene32
[00:01:34][DEBUG] : Removing vessel 086a920f-9410-4f71-a5f5-56c215690cee from etiene32
[00:01:37][DEBUG] : Nanshue acquired lock control-011aecfa-f895-404d-bc6f-3be2f69c1716
[00:01:37][DEBUG] : Nanshue acquired lock update-011aecfa-f895-404d-bc6f-3be2f69c1716
[00:01:37][DEBUG] : Saving vessel 011aecfa-f895-404d-bc6f-3be2f69c1716 from Nanshue
[00:01:58][DEBUG] : Saving 1 scenario modules from Nanshue
[00:02:07][DEBUG] : Saving vessel 011aecfa-f895-404d-bc6f-3be2f69c1716 from Nanshue
[00:02:28][DEBUG] : Saving 1 scenario modules from Nanshue
[00:02:45][DEBUG] : Create subspace
[00:02:45][DEBUG] : Sending Nanshue to subspace 202
[00:02:51][DEBUG] : Saving vessel 011aecfa-f895-404d-bc6f-3be2f69c1716 from Nanshue
[00:02:51][DEBUG] : Nanshue released lock update-011aecfa-f895-404d-bc6f-3be2f69c1716
[00:02:51][DEBUG] : Nanshue released lock control-011aecfa-f895-404d-bc6f-3be2f69c1716
[00:03:28][DEBUG] : Saving 1 scenario modules from Nanshue
[00:03:29][DEBUG] : Nanshue sent connection end message, reason: Quit to main menu
[00:03:29][DEBUG] : Online players is now: 1, connected: 1
[00:03:43][DEBUG] : Saving 1 scenario modules from etiene32
[00:04:59][DEBUG] : Saving 1 scenario modules from etiene32
[00:05:04][DEBUG] : etiene32 acquired lock control-c9ef0e35-71fc-4abf-b183-9c4081b89b4b
[00:05:04][DEBUG] : etiene32 acquired lock update-c9ef0e35-71fc-4abf-b183-9c4081b89b4b
[00:05:05][DEBUG] : Saving vessel c9ef0e35-71fc-4abf-b183-9c4081b89b4b from etiene32
[00:05:25][DEBUG] : Saving vessel c9ef0e35-71fc-4abf-b183-9c4081b89b4b from etiene32
[00:05:25][DEBUG] : etiene32 acquired lock update-8efafe37-0d92-407c-ba7d-8f71606e73bb
[00:05:25][DEBUG] : Saving vessel 8efafe37-0d92-407c-ba7d-8f71606e73bb from etiene32
[00:05:28][DEBUG] : Relaying FLYING vessel c9ef0e35-71fc-4abf-b183-9c4081b89b4b from etiene32
[00:05:28][DEBUG] : etiene32 acquired lock update-6553b800-0ed5-487e-801a-195e38979404
[00:05:28][DEBUG] : Saving vessel 6553b800-0ed5-487e-801a-195e38979404 from etiene32
[00:05:29][DEBUG] : Saving 1 scenario modules from etiene32
[00:05:47][DEBUG] : etiene32 released lock update-6553b800-0ed5-487e-801a-195e38979404
[00:05:47][DEBUG] : Saving vessel 6553b800-0ed5-487e-801a-195e38979404 from etiene32
[00:05:47][DEBUG] : etiene32 released lock update-8efafe37-0d92-407c-ba7d-8f71606e73bb
[00:05:47][DEBUG] : Saving vessel 8efafe37-0d92-407c-ba7d-8f71606e73bb from etiene32
[00:05:58][DEBUG] : Relaying FLYING vessel c9ef0e35-71fc-4abf-b183-9c4081b89b4b from etiene32
[00:05:59][DEBUG] : Saving 1 scenario modules from etiene32
[00:06:28][DEBUG] : Relaying FLYING vessel c9ef0e35-71fc-4abf-b183-9c4081b89b4b from etiene32
[00:06:29][DEBUG] : Saving 1 scenario modules from etiene32
[00:06:59][DEBUG] : Relaying FLYING vessel c9ef0e35-71fc-4abf-b183-9c4081b89b4b from etiene32
[00:06:59][DEBUG] : Saving 1 scenario modules from etiene32
[00:07:28][DEBUG] : Relaying FLYING vessel c9ef0e35-71fc-4abf-b183-9c4081b89b4b from etiene32
[00:07:28][DEBUG] : etiene32 acquired lock update-83953e03-412e-4d87-b5a9-1fd0f53d00e6
[00:07:28][DEBUG] : Relaying FLYING vessel 83953e03-412e-4d87-b5a9-1fd0f53d00e6 from etiene32
[00:07:28][DEBUG] : etiene32 acquired lock update-b797714d-9c71-43cc-bff8-23ddb1fce329
[00:07:28][DEBUG] : Relaying FLYING vessel b797714d-9c71-43cc-bff8-23ddb1fce329 from etiene32
[00:07:29][DEBUG] : Saving 1 scenario modules from etiene32
[00:07:40][INFO] : Removing vessel: 6553b800-0ed5-487e-801a-195e38979404
[00:07:40][DEBUG] : Removed debris vessel 6553b800-0ed5-487e-801a-195e38979404
[00:07:40][INFO] : Removing vessel: 8efafe37-0d92-407c-ba7d-8f71606e73bb
[00:07:40][DEBUG] : Removed debris vessel 8efafe37-0d92-407c-ba7d-8f71606e73bb
[00:07:40][INFO] : Removing vessel: 995768cb-b886-43da-844b-28bd4c0b3ca4
[00:07:40][DEBUG] : Removed debris vessel 995768cb-b886-43da-844b-28bd4c0b3ca4
[00:07:40][INFO] : Removing vessel: a9127667-8ded-46d2-a8e8-f36a4ba5003c
[00:07:40][DEBUG] : Removed debris vessel a9127667-8ded-46d2-a8e8-f36a4ba5003c
[00:07:40][INFO] : Removed 4 debris
[00:07:58][DEBUG] : etiene32 acquired lock update-8ad69b77-41b0-415c-9b91-afadb7d73f69
[00:07:58][DEBUG] : Relaying FLYING vessel c9ef0e35-71fc-4abf-b183-9c4081b89b4b from etiene32
[00:07:58][DEBUG] : Relaying FLYING vessel 8ad69b77-41b0-415c-9b91-afadb7d73f69 from etiene32
[00:07:58][DEBUG] : etiene32 acquired lock update-d3f52c45-adfc-4a1f-85b5-701194967291
[00:07:58][DEBUG] : Relaying FLYING vessel d3f52c45-adfc-4a1f-85b5-701194967291 from etiene32
[00:07:58][DEBUG] : Relaying FLYING vessel b797714d-9c71-43cc-bff8-23ddb1fce329 from etiene32
[00:07:58][DEBUG] : Relaying FLYING vessel 83953e03-412e-4d87-b5a9-1fd0f53d00e6 from etiene32
[00:07:58][DEBUG] : Removing vessel 8ad69b77-41b0-415c-9b91-afadb7d73f69 from etiene32
[00:07:59][DEBUG] : Saving 1 scenario modules from etiene32
[00:08:03][DEBUG] : etiene32 released lock update-8ad69b77-41b0-415c-9b91-afadb7d73f69
[00:08:28][DEBUG] : Relaying FLYING vessel c9ef0e35-71fc-4abf-b183-9c4081b89b4b from etiene32
[00:08:28][DEBUG] : Relaying FLYING vessel d3f52c45-adfc-4a1f-85b5-701194967291 from etiene32
[00:08:28][DEBUG] : Relaying FLYING vessel b797714d-9c71-43cc-bff8-23ddb1fce329 from etiene32
[00:08:28][DEBUG] : Relaying FLYING vessel 83953e03-412e-4d87-b5a9-1fd0f53d00e6 from etiene32
[00:08:29][DEBUG] : Saving 1 scenario modules from etiene32
[00:08:42][DEBUG] : etiene32 released lock update-b797714d-9c71-43cc-bff8-23ddb1fce329
[00:08:42][DEBUG] : Relaying FLYING vessel b797714d-9c71-43cc-bff8-23ddb1fce329 from etiene32
[00:08:42][DEBUG] : etiene32 released lock update-83953e03-412e-4d87-b5a9-1fd0f53d00e6
[00:08:42][DEBUG] : Relaying FLYING vessel 83953e03-412e-4d87-b5a9-1fd0f53d00e6 from etiene32
[00:08:56][DEBUG] : Saving vessel c9ef0e35-71fc-4abf-b183-9c4081b89b4b from etiene32
[00:08:58][DEBUG] : Relaying FLYING vessel d3f52c45-adfc-4a1f-85b5-701194967291 from etiene32
[00:08:59][DEBUG] : Saving 1 scenario modules from etiene32
[00:09:05][DEBUG] : Saving vessel d3f52c45-adfc-4a1f-85b5-701194967291 from etiene32
[00:09:05][DEBUG] : etiene32 released lock update-d3f52c45-adfc-4a1f-85b5-701194967291
[00:09:27][DEBUG] : Saving vessel c9ef0e35-71fc-4abf-b183-9c4081b89b4b from etiene32
[00:09:29][DEBUG] : Saving 1 scenario modules from etiene32
[00:09:59][DEBUG] : Saving vessel c9ef0e35-71fc-4abf-b183-9c4081b89b4b from etiene32
[00:09:59][DEBUG] : Saving 1 scenario modules from etiene32
[00:10:29][DEBUG] : Saving vessel c9ef0e35-71fc-4abf-b183-9c4081b89b4b from etiene32
[00:10:29][DEBUG] : Saving 1 scenario modules from etiene32
[00:10:59][DEBUG] : Saving vessel c9ef0e35-71fc-4abf-b183-9c4081b89b4b from etiene32
[00:10:59][DEBUG] : Saving 1 scenario modules from etiene32
[00:11:16][DEBUG] : etiene32 released lock update-c9ef0e35-71fc-4abf-b183-9c4081b89b4b
[00:11:16][DEBUG] : Saving vessel c9ef0e35-71fc-4abf-b183-9c4081b89b4b from etiene32
[00:11:21][DEBUG] : Removing vessel b797714d-9c71-43cc-bff8-23ddb1fce329 from etiene32
[00:11:21][DEBUG] : Removing vessel 83953e03-412e-4d87-b5a9-1fd0f53d00e6 from etiene32
[00:11:24][DEBUG] : Removing vessel d3f52c45-adfc-4a1f-85b5-701194967291 from etiene32
[00:11:30][DEBUG] : Saving 1 scenario modules from etiene32
[00:11:48][DEBUG] : etiene32 acquired lock update-c9ef0e35-71fc-4abf-b183-9c4081b89b4b
[00:11:48][DEBUG] : Saving vessel c9ef0e35-71fc-4abf-b183-9c4081b89b4b from etiene32
[00:11:48][DEBUG] : Create subspace
[00:11:48][DEBUG] : Sending etiene32 to subspace 203
[00:12:00][DEBUG] : Saving 1 scenario modules from etiene32
[00:12:06][DEBUG] : Saving vessel c9ef0e35-71fc-4abf-b183-9c4081b89b4b from etiene32
[00:12:30][DEBUG] : Saving 1 scenario modules from etiene32
[00:12:37][DEBUG] : Saving vessel c9ef0e35-71fc-4abf-b183-9c4081b89b4b from etiene32
[00:12:58][DEBUG] : Saving vessel c9ef0e35-71fc-4abf-b183-9c4081b89b4b from etiene32
[00:13:18][INFO] : Disconnecting client etiene32, endpoint [::ffff:81.67.222.35]:33815, Connection timed out
[00:14:30][DEBUG] : Online players is now: 1, connected: 2
[00:14:32][INFO] : Client etiene32 failed to handshake: Client already connected
[00:19:52][DEBUG] : Online players is now: 0, connected: 1
[00:19:52][INFO] : Disconnecting client etiene32, sent HANDSHAKE_REPLY (Client already connected) to endpoint [::ffff:81.67.222.35]:37379
[00:19:52][INFO] : New client connection from [::ffff:81.67.222.35]:37379
[00:19:52][DEBUG] : Online players is now: 0, connected: 0
[00:19:52][DEBUG] : Unknown sent connection end message, reason: Quit during initial sync
[00:19:53][DEBUG] : Online players is now: 0, connected: 1
[00:19:53][DEBUG] : Error closing client connection: Cette opération n'est pas autorisée sur des sockets non connectés.
[00:19:53][INFO] : Error accepting client!
[00:19:53][DEBUG] : Unknown sent connection end message, reason: Quit during initial sync
[00:19:53][DEBUG] : Online players is now: 0, connected: 2
[00:19:53][DEBUG] : Online players is now: 0, connected: 1
[00:19:53][INFO] : New client connection from [::ffff:81.67.222.35]:36315
[00:19:53][DEBUG] : Online players is now: 0, connected: 2
[00:19:53][INFO] : New client connection from [::ffff:81.67.222.35]:41489
[00:19:53][DEBUG] : Online players is now: 0, connected: 3
[00:19:53][INFO] : New client connection from [::ffff:81.67.222.35]:40511
[00:19:53][INFO] : Client etiene32 handshook successfully, version: v0.2.4.5
[00:19:53][DEBUG] : Online players is now: 1, connected: 3
[00:19:53][DEBUG] : Sending etiene32 to subspace 203
[00:19:53][DEBUG] : Sending etiene32 10 craft library entries
[00:19:53][DEBUG] : Sending etiene32 20 kerbals...
[00:19:54][DEBUG] : Sending etiene32 85 vessels, cached: 0...
[00:19:58][DEBUG] : etiene32 acquired lock asteroid-spawning
[00:20:12][INFO] : Client Unknown disconnected in ReceiveCallback, endpoint [::ffff:81.67.222.35]:41489, error: Impossible de lire les données de la connexion de transport : Une connexion établie a été abandonnée par un logiciel de votre ordinateur hôte. (Une connexion établie a été abandonnée par un logiciel de votre ordinateur hôte)
[00:20:12][DEBUG] : Online players is now: 1, connected: 2
[00:20:12][DEBUG] : Error closing client connection: Cette opération n'est pas autorisée sur des sockets non connectés.
[00:20:13][INFO] : Disconnecting client Unknown, endpoint [::ffff:81.67.222.35]:45435, Connection timed out
[00:20:13][DEBUG] : Online players is now: 1, connected: 1
[00:20:28][DEBUG] : Saving 11 scenario modules from etiene32
[00:21:37][DEBUG] : Saving 1 scenario modules from etiene32
[00:21:49][DEBUG] : Removing vessel 011aecfa-f895-404d-bc6f-3be2f69c1716 from etiene32
[00:22:06][DEBUG] : etiene32 acquired lock control-c9ef0e35-71fc-4abf-b183-9c4081b89b4b
[00:22:07][DEBUG] : etiene32 acquired lock update-c9ef0e35-71fc-4abf-b183-9c4081b89b4b
[00:22:07][DEBUG] : Saving vessel c9ef0e35-71fc-4abf-b183-9c4081b89b4b from etiene32
[00:22:37][DEBUG] : Saving vessel c9ef0e35-71fc-4abf-b183-9c4081b89b4b from etiene32
[00:22:37][DEBUG] : Saving 1 scenario modules from etiene32
[00:23:07][DEBUG] : Saving vessel c9ef0e35-71fc-4abf-b183-9c4081b89b4b from etiene32
[00:23:07][DEBUG] : Saving 1 scenario modules from etiene32
[00:23:38][DEBUG] : Saving vessel c9ef0e35-71fc-4abf-b183-9c4081b89b4b from etiene32
[00:23:38][DEBUG] : Saving 1 scenario modules from etiene32
[00:24:07][DEBUG] : etiene32 released lock update-c9ef0e35-71fc-4abf-b183-9c4081b89b4b
[00:24:07][DEBUG] : Saving vessel c9ef0e35-71fc-4abf-b183-9c4081b89b4b from etiene32
[00:24:07][DEBUG] : etiene32 released lock control-c9ef0e35-71fc-4abf-b183-9c4081b89b4b
[00:24:24][DEBUG] : etiene32 acquired lock control-c9ef0e35-71fc-4abf-b183-9c4081b89b4b
[00:24:24][DEBUG] : etiene32 acquired lock update-c9ef0e35-71fc-4abf-b183-9c4081b89b4b
[00:24:24][DEBUG] : Saving vessel c9ef0e35-71fc-4abf-b183-9c4081b89b4b from etiene32
[00:24:38][DEBUG] : Saving 1 scenario modules from etiene32
[00:24:52][DEBUG] : etiene32 released lock update-c9ef0e35-71fc-4abf-b183-9c4081b89b4b
[00:24:52][DEBUG] : etiene32 released lock control-c9ef0e35-71fc-4abf-b183-9c4081b89b4b
[00:24:52][DEBUG] : Saving vessel c9ef0e35-71fc-4abf-b183-9c4081b89b4b from etiene32
[00:24:55][DEBUG] : Removing vessel c9ef0e35-71fc-4abf-b183-9c4081b89b4b from etiene32
[00:25:21][DEBUG] : etiene32 sent connection end message, reason: Quit to main menu
[00:25:21][DEBUG] : Online players is now: 0, connected: 0
[00:25:27][INFO] : Command input: //quit
[00:25:27][INFO] : Unknown server command: /quit
[00:25:30][INFO] : Command input: /quit
[00:25:30][INFO] : Shutting down
[00:25:30][INFO] : Goodbye!
