[19:43:11][DEBUG] : Loading settings...
[19:43:11][DEBUG] : System.IO compression works: True, test time: 3 ms.
[19:43:11][DEBUG] : Loading plugins!
[19:43:11][DEBUG] : Done!
[19:43:11][INFO] : Starting DMPServer v0.2.4.5, protocol 45
[19:43:11][INFO] : Loading universe... 
[19:43:11][INFO] : Starting SUBSPACE server on port 6702... 
[19:43:11][INFO] : Removed 0 debris
[19:43:12][INFO] : Ready!
[19:44:31][DEBUG] : Online players is now: 0, connected: 1
[19:44:31][INFO] : New client connection from [::ffff:127.0.0.1]:63580
[19:44:31][DEBUG] : Loading admins
[19:44:31][INFO] : Client Nanshue handshook successfully, version: v0.2.4.5
[19:44:31][DEBUG] : Online players is now: 1, connected: 1
[19:44:31][DEBUG] : Sending Nanshue to subspace 0
[19:44:31][DEBUG] : Sending Nanshue 0 craft library entries
[19:44:31][DEBUG] : Sending Nanshue 20 kerbals...
[19:44:31][DEBUG] : Sending Nanshue 0 vessels, cached: 3...
[19:44:32][DEBUG] : Nanshue acquired lock asteroid-spawning
[19:44:35][DEBUG] : Saving vessel 864b553d-b0f2-424d-8a7e-8d082fc3b1f3 from Nanshue
[19:44:37][DEBUG] : Online players is now: 1, connected: 2
[19:44:37][INFO] : New client connection from [::ffff:81.67.40.192]:38643
[19:44:53][INFO] : Client etiene32 handshook successfully, version: v0.2.4.5
[19:44:53][DEBUG] : Online players is now: 2, connected: 2
[19:44:54][DEBUG] : Sending etiene32 to subspace 0
[19:44:54][DEBUG] : Sending etiene32 0 craft library entries
[19:44:54][DEBUG] : Sending etiene32 20 kerbals...
[19:44:55][DEBUG] : Sending etiene32 1 vessels, cached: 3...
[19:45:02][DEBUG] : Saving 12 scenario modules from Nanshue
[19:45:08][CHAT] : Nanshue -> #Global: WESH
[19:45:20][CHAT] : etiene32 -> #Global: ahah ;)
[19:45:28][DEBUG] : Saving 11 scenario modules from etiene32
[19:45:32][DEBUG] : Saving vessel 4ab4e48e-a14a-486c-880e-1b95f949da75 from Nanshue
[19:45:51][DEBUG] : etiene32 is watching screenshots from etiene32
[19:45:57][DEBUG] : Saving screenshot from etiene32
[19:46:03][DEBUG] : Nanshue is watching screenshots from etiene32
[19:46:03][DEBUG] : Sending saved screenshot from etiene32 to Nanshue
[19:46:03][DEBUG] : Optimizing Nanshue (547455 bytes queued)
[19:46:03][DEBUG] : Optimized 0 bytes in 1,001 ms.
[19:46:10][DEBUG] : Nanshue is watching screenshots from Nanshue
[19:46:10][DEBUG] : Nanshue is watching screenshots from etiene32
[19:46:12][DEBUG] : Saving screenshot from Nanshue
[19:46:17][DEBUG] : Nanshue is watching screenshots from Nanshue
[19:46:17][DEBUG] : etiene32 is watching screenshots from Nanshue
[19:46:17][DEBUG] : Sending saved screenshot from Nanshue to etiene32
[19:46:17][DEBUG] : Optimizing etiene32 (558689 bytes queued)
[19:46:17][DEBUG] : Optimized 0 bytes in 1,001 ms.
[19:46:29][DEBUG] : Nanshue is no longer watching screenshots from Nanshue
[19:46:31][DEBUG] : Nanshue is watching screenshots from etiene32
[19:46:32][DEBUG] : Nanshue is watching screenshots from Nanshue
[19:46:32][DEBUG] : Saving vessel b57c878d-e05f-49c7-8b1d-cd7fed661542 from Nanshue
[19:46:35][DEBUG] : Nanshue is no longer watching screenshots from Nanshue
[19:46:41][DEBUG] : Nanshue is watching screenshots from etiene32
[19:46:58][DEBUG] : Saving 2 scenario modules from etiene32
[19:47:32][DEBUG] : Saving 1 scenario modules from Nanshue
[19:47:33][DEBUG] : Saving screenshot from etiene32
[19:47:33][DEBUG] : Sending screenshot from etiene32 to Nanshue
[19:47:33][DEBUG] : Optimizing Nanshue (1242246 bytes queued)
[19:47:33][DEBUG] : Optimized 0 bytes in 2,001 ms.
[19:47:43][DEBUG] : Nanshue is watching screenshots from Nanshue
[19:47:44][DEBUG] : Nanshue is watching screenshots from etiene32
[19:50:15][DEBUG] : Nanshue acquired lock control-2fdc4585-407a-4dfc-81dd-6be01083032a
[19:50:32][DEBUG] : Saving vessel ad8e7727-cd7a-43da-a978-bda9c6c13e58 from Nanshue
[19:50:32][DEBUG] : Saving 2 scenario modules from Nanshue
[19:51:02][DEBUG] : Saving 1 scenario modules from Nanshue
[19:51:07][DEBUG] : Nanshue released lock control-2fdc4585-407a-4dfc-81dd-6be01083032a
[19:51:31][CHAT] : Nanshue -> #Global: vgbfd
[19:51:32][DEBUG] : Saving 1 scenario modules from Nanshue
[19:51:44][DEBUG] : Create subspace
[19:51:44][DEBUG] : Sending etiene32 to subspace 1
[19:51:52][DEBUG] : Nanshue acquired lock control-2856e538-581f-41bb-8001-0e75a2a11004
[19:52:02][DEBUG] : Saving 1 scenario modules from Nanshue
[19:52:37][DEBUG] : Nanshue released lock control-2856e538-581f-41bb-8001-0e75a2a11004
[19:53:02][DEBUG] : Saving 1 scenario modules from Nanshue
[19:53:21][DEBUG] : Saving 1 scenario modules from etiene32
[19:53:29][DEBUG] : etiene32 acquired lock control-5d51f697-b18f-4e16-8c2d-94fe9a8ca7d2
[19:53:32][DEBUG] : Saving vessel deda9a2c-834a-46ae-bcd3-f33f8aec9581 from Nanshue
[19:53:51][DEBUG] : Saving 1 scenario modules from etiene32
[19:53:56][DEBUG] : etiene32 acquired lock update-5d51f697-b18f-4e16-8c2d-94fe9a8ca7d2
[19:53:56][DEBUG] : Saving kerbal Hademy Kerman from etiene32
[19:53:56][DEBUG] : Relaying FLYING vessel 5d51f697-b18f-4e16-8c2d-94fe9a8ca7d2 from etiene32
[19:54:21][DEBUG] : Saving 3 scenario modules from etiene32
[19:54:26][DEBUG] : Relaying FLYING vessel 5d51f697-b18f-4e16-8c2d-94fe9a8ca7d2 from etiene32
[19:54:32][DEBUG] : Saving vessel 4e221681-f77a-43c5-b91e-3f5415586367 from Nanshue
[19:54:36][DEBUG] : Create subspace
[19:54:36][DEBUG] : Sending etiene32 to subspace 2
[19:54:36][DEBUG] : Saving vessel 5d51f697-b18f-4e16-8c2d-94fe9a8ca7d2 from etiene32
[19:54:57][DEBUG] : Saving 2 scenario modules from etiene32
[19:55:00][DEBUG] : Saving kerbal Hademy Kerman from etiene32
[19:55:00][DEBUG] : Removing vessel 5d51f697-b18f-4e16-8c2d-94fe9a8ca7d2 from etiene32
[19:55:00][DEBUG] : etiene32 released lock update-5d51f697-b18f-4e16-8c2d-94fe9a8ca7d2
[19:55:01][DEBUG] : etiene32 released lock control-5d51f697-b18f-4e16-8c2d-94fe9a8ca7d2
[19:55:28][DEBUG] : Saving 2 scenario modules from etiene32
[19:55:32][DEBUG] : Saving vessel 1e85baf1-c1f5-431c-8683-e9bb19e6b874 from Nanshue
[19:56:32][DEBUG] : Saving vessel 18b8ee9e-3a9c-4828-b317-9799020e40f3 from Nanshue
[19:57:32][DEBUG] : Saving vessel 18e1fc56-954c-4777-a465-55101ee1ff9a from Nanshue
[19:58:32][DEBUG] : Saving vessel cde05258-90c7-4dd2-ac27-89c906fc41d4 from Nanshue
[19:58:37][INFO] : Client etiene32 disconnected in ReceiveCallback, endpoint [::ffff:81.67.40.192]:38643, error: Impossible de lire les données de la connexion de transport : Une connexion établie a été abandonnée par un logiciel de votre ordinateur hôte. (Une connexion établie a été abandonnée par un logiciel de votre ordinateur hôte)
[19:58:37][DEBUG] : Online players is now: 1, connected: 1
[19:58:37][DEBUG] : Error closing client connection: Cette opération n'est pas autorisée sur des sockets non connectés.
[19:59:32][DEBUG] : Saving vessel df7471ec-fae0-4e4a-ab97-bf7e78201c68 from Nanshue
[20:00:17][DEBUG] : Terminal may be not attached or broken, Exiting out of command handler
[20:00:17][INFO] : Shutting down - Caught Ctrl+C
[20:00:17][INFO] : Disconnecting client Nanshue, sent CONNECTION_END (Server is shutting down - Caught Ctrl+C) to endpoint [::ffff:127.0.0.1]:63580
[20:00:17][DEBUG] : Online players is now: 0, connected: 0
[20:00:17][INFO] : Goodbye!
